1     0000              MODULE game_zx_c
2     0000              
3     0000              ;--------------------------------------------------------
4     0000              ; File Created by SDCC : free open source ANSI-C Compiler
5     0000              ; Version 3.6.5 #9958 (Mac OS X i386)
6     0000              ;--------------------------------------------------------
7     0000              ; Processed by Z88DK
8     0000              ;--------------------------------------------------------
9     0000              
10    0000              	EXTERN __divschar
11    0000              	EXTERN __divschar_callee
12    0000              	EXTERN __divsint
13    0000              	EXTERN __divsint_callee
14    0000              	EXTERN __divslong
15    0000              	EXTERN __divslong_callee
16    0000              	EXTERN __divslonglong
17    0000              	EXTERN __divslonglong_callee
18    0000              	EXTERN __divsuchar
19    0000              	EXTERN __divsuchar_callee
20    0000              	EXTERN __divuchar
21    0000              	EXTERN __divuchar_callee
22    0000              	EXTERN __divuint
23    0000              	EXTERN __divuint_callee
24    0000              	EXTERN __divulong
25    0000              	EXTERN __divulong_callee
26    0000              	EXTERN __divulonglong
27    0000              	EXTERN __divulonglong_callee
28    0000              	EXTERN __divuschar
29    0000              	EXTERN __divuschar_callee
30    0000              	EXTERN __modschar
31    0000              	EXTERN __modschar_callee
32    0000              	EXTERN __modsint
33    0000              	EXTERN __modsint_callee
34    0000              	EXTERN __modslong
35    0000              	EXTERN __modslong_callee
36    0000              	EXTERN __modslonglong
37    0000              	EXTERN __modslonglong_callee
38    0000              	EXTERN __modsuchar
39    0000              	EXTERN __modsuchar_callee
40    0000              	EXTERN __moduchar
41    0000              	EXTERN __moduchar_callee
42    0000              	EXTERN __moduint
43    0000              	EXTERN __moduint_callee
44    0000              	EXTERN __modulong
45    0000              	EXTERN __modulong_callee
46    0000              	EXTERN __modulonglong
47    0000              	EXTERN __modulonglong_callee
48    0000              	EXTERN __moduschar
49    0000              	EXTERN __moduschar_callee
50    0000              	EXTERN __mulint
51    0000              	EXTERN __mulint_callee
52    0000              	EXTERN __mullong
53    0000              	EXTERN __mullong_callee
54    0000              	EXTERN __mullonglong
55    0000              	EXTERN __mullonglong_callee
56    0000              	EXTERN __mulschar
57    0000              	EXTERN __mulschar_callee
58    0000              	EXTERN __mulsuchar
59    0000              	EXTERN __mulsuchar_callee
60    0000              	EXTERN __muluschar
61    0000              	EXTERN __muluschar_callee
62    0000              	EXTERN __rlslonglong
63    0000              	EXTERN __rlslonglong_callee
64    0000              	EXTERN __rlulonglong
65    0000              	EXTERN __rlulonglong_callee
66    0000              	EXTERN __rrslonglong
67    0000              	EXTERN __rrslonglong_callee
68    0000              	EXTERN __rrulonglong
69    0000              	EXTERN __rrulonglong_callee
70    0000              	EXTERN ___sdcc_call_hl
71    0000              	EXTERN ___sdcc_call_iy
72    0000              	EXTERN ___sdcc_enter_ix
73    0000              	EXTERN _banked_call
74    0000              	EXTERN _banked_ret
75    0000              	EXTERN ___fs2schar
76    0000              	EXTERN ___fs2schar_callee
77    0000              	EXTERN ___fs2sint
78    0000              	EXTERN ___fs2sint_callee
79    0000              	EXTERN ___fs2slong
80    0000              	EXTERN ___fs2slong_callee
81    0000              	EXTERN ___fs2slonglong
82    0000              	EXTERN ___fs2slonglong_callee
83    0000              	EXTERN ___fs2uchar
84    0000              	EXTERN ___fs2uchar_callee
85    0000              	EXTERN ___fs2uint
86    0000              	EXTERN ___fs2uint_callee
87    0000              	EXTERN ___fs2ulong
88    0000              	EXTERN ___fs2ulong_callee
89    0000              	EXTERN ___fs2ulonglong
90    0000              	EXTERN ___fs2ulonglong_callee
91    0000              	EXTERN ___fsadd
92    0000              	EXTERN ___fsadd_callee
93    0000              	EXTERN ___fsdiv
94    0000              	EXTERN ___fsdiv_callee
95    0000              	EXTERN ___fseq
96    0000              	EXTERN ___fseq_callee
97    0000              	EXTERN ___fsgt
98    0000              	EXTERN ___fsgt_callee
99    0000              	EXTERN ___fslt
100   0000              	EXTERN ___fslt_callee
101   0000              	EXTERN ___fsmul
102   0000              	EXTERN ___fsmul_callee
103   0000              	EXTERN ___fsneq
104   0000              	EXTERN ___fsneq_callee
105   0000              	EXTERN ___fssub
106   0000              	EXTERN ___fssub_callee
107   0000              	EXTERN ___schar2fs
108   0000              	EXTERN ___schar2fs_callee
109   0000              	EXTERN ___sint2fs
110   0000              	EXTERN ___sint2fs_callee
111   0000              	EXTERN ___slong2fs
112   0000              	EXTERN ___slong2fs_callee
113   0000              	EXTERN ___slonglong2fs
114   0000              	EXTERN ___slonglong2fs_callee
115   0000              	EXTERN ___uchar2fs
116   0000              	EXTERN ___uchar2fs_callee
117   0000              	EXTERN ___uint2fs
118   0000              	EXTERN ___uint2fs_callee
119   0000              	EXTERN ___ulong2fs
120   0000              	EXTERN ___ulong2fs_callee
121   0000              	EXTERN ___ulonglong2fs
122   0000              	EXTERN ___ulonglong2fs_callee
123   0000              	EXTERN ____sdcc_2_copy_src_mhl_dst_deix
124   0000              	EXTERN ____sdcc_2_copy_src_mhl_dst_bcix
125   0000              	EXTERN ____sdcc_4_copy_src_mhl_dst_deix
126   0000              	EXTERN ____sdcc_4_copy_src_mhl_dst_bcix
127   0000              	EXTERN ____sdcc_4_copy_src_mhl_dst_mbc
128   0000              	EXTERN ____sdcc_4_ldi_nosave_bc
129   0000              	EXTERN ____sdcc_4_ldi_save_bc
130   0000              	EXTERN ____sdcc_4_push_hlix
131   0000              	EXTERN ____sdcc_4_push_mhl
132   0000              	EXTERN ____sdcc_lib_setmem_hl
133   0000              	EXTERN ____sdcc_ll_add_de_bc_hl
134   0000              	EXTERN ____sdcc_ll_add_de_bc_hlix
135   0000              	EXTERN ____sdcc_ll_add_de_hlix_bc
136   0000              	EXTERN ____sdcc_ll_add_de_hlix_bcix
137   0000              	EXTERN ____sdcc_ll_add_deix_bc_hl
138   0000              	EXTERN ____sdcc_ll_add_deix_hlix
139   0000              	EXTERN ____sdcc_ll_add_hlix_bc_deix
140   0000              	EXTERN ____sdcc_ll_add_hlix_deix_bc
141   0000              	EXTERN ____sdcc_ll_add_hlix_deix_bcix
142   0000              	EXTERN ____sdcc_ll_asr_hlix_a
143   0000              	EXTERN ____sdcc_ll_asr_mbc_a
144   0000              	EXTERN ____sdcc_ll_copy_src_de_dst_hlix
145   0000              	EXTERN ____sdcc_ll_copy_src_de_dst_hlsp
146   0000              	EXTERN ____sdcc_ll_copy_src_deix_dst_hl
147   0000              	EXTERN ____sdcc_ll_copy_src_deix_dst_hlix
148   0000              	EXTERN ____sdcc_ll_copy_src_deixm_dst_hlsp
149   0000              	EXTERN ____sdcc_ll_copy_src_desp_dst_hlsp
150   0000              	EXTERN ____sdcc_ll_copy_src_hl_dst_de
151   0000              	EXTERN ____sdcc_ll_copy_src_hlsp_dst_de
152   0000              	EXTERN ____sdcc_ll_copy_src_hlsp_dst_deixm
153   0000              	EXTERN ____sdcc_ll_lsl_hlix_a
154   0000              	EXTERN ____sdcc_ll_lsl_mbc_a
155   0000              	EXTERN ____sdcc_ll_lsr_hlix_a
156   0000              	EXTERN ____sdcc_ll_lsr_mbc_a
157   0000              	EXTERN ____sdcc_ll_push_hlix
158   0000              	EXTERN ____sdcc_ll_push_mhl
159   0000              	EXTERN ____sdcc_ll_sub_de_bc_hl
160   0000              	EXTERN ____sdcc_ll_sub_de_bc_hlix
161   0000              	EXTERN ____sdcc_ll_sub_de_hlix_bc
162   0000              	EXTERN ____sdcc_ll_sub_de_hlix_bcix
163   0000              	EXTERN ____sdcc_ll_sub_deix_bc_hl
164   0000              	EXTERN ____sdcc_ll_sub_deix_hlix
165   0000              	EXTERN ____sdcc_ll_sub_hlix_bc_deix
166   0000              	EXTERN ____sdcc_ll_sub_hlix_deix_bc
167   0000              	EXTERN ____sdcc_ll_sub_hlix_deix_bcix
168   0000              	EXTERN ____sdcc_load_debc_deix
169   0000              	EXTERN ____sdcc_load_dehl_deix
170   0000              	EXTERN ____sdcc_load_debc_mhl
171   0000              	EXTERN ____sdcc_load_hlde_mhl
172   0000              	EXTERN ____sdcc_store_dehl_bcix
173   0000              	EXTERN ____sdcc_store_debc_hlix
174   0000              	EXTERN ____sdcc_store_debc_mhl
175   0000              	EXTERN ____sdcc_cpu_pop_ei
176   0000              	EXTERN ____sdcc_cpu_pop_ei_jp
177   0000              	EXTERN ____sdcc_cpu_push_di
178   0000              	EXTERN ____sdcc_outi
179   0000              	EXTERN ____sdcc_outi_128
180   0000              	EXTERN ____sdcc_outi_256
181   0000              	EXTERN ____sdcc_ldi
182   0000              	EXTERN ____sdcc_ldi_128
183   0000              	EXTERN ____sdcc_ldi_256
184   0000              
185   0000              ;--------------------------------------------------------
186   0000              ; Public variables in this module
187   0000              ;--------------------------------------------------------
188   0000              ;--------------------------------------------------------
189   0000              ; Externals used
190   0000              ;--------------------------------------------------------
191   0000              	GLOBAL _control_method
192   0000              	GLOBAL _world1_h
193   0000              	GLOBAL _world1_w
194   0000              	GLOBAL _world1
195   0000              	GLOBAL _paper1
196   0000              	GLOBAL _lenght1
197   0000              	GLOBAL _start_scr1
198   0000              	GLOBAL _world0_h
199   0000              	GLOBAL _world0_w
200   0000              	GLOBAL _world0
201   0000              	GLOBAL _paper0
202   0000              	GLOBAL _lenght0
203   0000              	GLOBAL _start_scr0
204   0000              	GLOBAL _debug3
205   0000              	GLOBAL _debug2
206   0000              	GLOBAL _debug
207   0000              	GLOBAL _zx_print_str
208   0000              	GLOBAL _zx_print_int
209   0000              	GLOBAL _zx_print_chr
210   0000              	GLOBAL _zx_print_bonus_time
211   0000              	GLOBAL _zx_isr
212   0000              	GLOBAL _z80_otdr_callee
213   0000              	GLOBAL _z80_otdr
214   0000              	GLOBAL _z80_otir_callee
215   0000              	GLOBAL _z80_otir
216   0000              	GLOBAL _z80_outp_callee
217   0000              	GLOBAL _z80_outp
218   0000              	GLOBAL _z80_indr_callee
219   0000              	GLOBAL _z80_indr
220   0000              	GLOBAL _z80_inir_callee
221   0000              	GLOBAL _z80_inir
222   0000              	GLOBAL _z80_inp_fastcall
223   0000              	GLOBAL _z80_inp
224   0000              	GLOBAL _z80_set_int_state_fastcall
225   0000              	GLOBAL _z80_set_int_state
226   0000              	GLOBAL _z80_get_int_state
227   0000              	GLOBAL _z80_delay_tstate_fastcall
228   0000              	GLOBAL _z80_delay_tstate
229   0000              	GLOBAL _z80_delay_ms_fastcall
230   0000              	GLOBAL _z80_delay_ms
231   0000              	GLOBAL _im2_remove_generic_callback_callee
232   0000              	GLOBAL _im2_remove_generic_callback
233   0000              	GLOBAL _im2_prepend_generic_callback_callee
234   0000              	GLOBAL _im2_prepend_generic_callback
235   0000              	GLOBAL _im2_append_generic_callback_callee
236   0000              	GLOBAL _im2_append_generic_callback
237   0000              	GLOBAL _im2_create_generic_isr_8080_callee
238   0000              	GLOBAL _im2_create_generic_isr_8080
239   0000              	GLOBAL _im2_create_generic_isr_callee
240   0000              	GLOBAL _im2_create_generic_isr
241   0000              	GLOBAL _im2_install_isr_callee
242   0000              	GLOBAL _im2_install_isr
243   0000              	GLOBAL _im2_init_fastcall
244   0000              	GLOBAL _im2_init
245   0000              	GLOBAL _intrinsic_swap_word_32_fastcall
246   0000              	GLOBAL _intrinsic_swap_word_32
247   0000              	GLOBAL _intrinsic_swap_endian_32_fastcall
248   0000              	GLOBAL _intrinsic_swap_endian_32
249   0000              	GLOBAL _intrinsic_swap_endian_16_fastcall
250   0000              	GLOBAL _intrinsic_swap_endian_16
251   0000              	GLOBAL _intrinsic_return_de
252   0000              	GLOBAL _intrinsic_return_bc
253   0000              	GLOBAL _intrinsic_exx
254   0000              	GLOBAL _intrinsic_ex_de_hl
255   0000              	GLOBAL _intrinsic_nop
256   0000              	GLOBAL _intrinsic_im_2
257   0000              	GLOBAL _intrinsic_im_1
258   0000              	GLOBAL _intrinsic_im_0
259   0000              	GLOBAL _intrinsic_retn
260   0000              	GLOBAL _intrinsic_reti
261   0000              	GLOBAL _intrinsic_halt
262   0000              	GLOBAL _intrinsic_ei
263   0000              	GLOBAL _intrinsic_di
264   0000              	GLOBAL _intrinsic_stub
265   0000              	GLOBAL _intrinsic_outi
266   0000              	GLOBAL _intrinsic_ldi
267   0000              	GLOBAL _test_func
268   0000              	GLOBAL _test_proc
269   0000              	GLOBAL _in_mouse_kempston_wheel_delta
270   0000              	GLOBAL _in_mouse_kempston_wheel
271   0000              	GLOBAL _in_mouse_kempston_callee
272   0000              	GLOBAL _in_mouse_kempston
273   0000              	GLOBAL _in_mouse_kempston_setpos_callee
274   0000              	GLOBAL _in_mouse_kempston_setpos
275   0000              	GLOBAL _in_mouse_kempston_reset
276   0000              	GLOBAL _in_mouse_kempston_init
277   0000              	GLOBAL _in_mouse_amx_wheel_delta
278   0000              	GLOBAL _in_mouse_amx_wheel
279   0000              	GLOBAL _in_mouse_amx_callee
280   0000              	GLOBAL _in_mouse_amx
281   0000              	GLOBAL _in_mouse_amx_setpos_callee
282   0000              	GLOBAL _in_mouse_amx_setpos
283   0000              	GLOBAL _in_mouse_amx_reset
284   0000              	GLOBAL _in_mouse_amx_init_callee
285   0000              	GLOBAL _in_mouse_amx_init
286   0000              	GLOBAL _in_stick_sinclair2
287   0000              	GLOBAL _in_stick_sinclair1
288   0000              	GLOBAL _in_stick_kempston
289   0000              	GLOBAL _in_stick_fuller
290   0000              	GLOBAL _in_stick_cursor
291   0000              	GLOBAL _in_stick_keyboard_fastcall
292   0000              	GLOBAL _in_stick_keyboard
293   0000              	GLOBAL _in_wait_nokey
294   0000              	GLOBAL _in_wait_key
295   0000              	GLOBAL _in_test_key
296   0000              	GLOBAL _in_pause_fastcall
297   0000              	GLOBAL _in_pause
298   0000              	GLOBAL _in_key_scancode_fastcall
299   0000              	GLOBAL _in_key_scancode
300   0000              	GLOBAL _in_key_pressed_fastcall
301   0000              	GLOBAL _in_key_pressed
302   0000              	GLOBAL _in_inkey
303   0000              	GLOBAL _zx_pattern_fill_callee
304   0000              	GLOBAL _zx_pattern_fill
305   0000              	GLOBAL _zx_saddrpup_fastcall
306   0000              	GLOBAL _zx_saddrpup
307   0000              	GLOBAL _zx_saddrpright_callee
308   0000              	GLOBAL _zx_saddrpright
309   0000              	GLOBAL _zx_saddrpleft_callee
310   0000              	GLOBAL _zx_saddrpleft
311   0000              	GLOBAL _zx_saddrpdown_fastcall
312   0000              	GLOBAL _zx_saddrpdown
313   0000              	GLOBAL _zx_saddrcup_fastcall
314   0000              	GLOBAL _zx_saddrcup
315   0000              	GLOBAL _zx_saddrcright_fastcall
316   0000              	GLOBAL _zx_saddrcright
317   0000              	GLOBAL _zx_saddrcleft_fastcall
318   0000              	GLOBAL _zx_saddrcleft
319   0000              	GLOBAL _zx_saddrcdown_fastcall
320   0000              	GLOBAL _zx_saddrcdown
321   0000              	GLOBAL _zx_saddr2py_fastcall
322   0000              	GLOBAL _zx_saddr2py
323   0000              	GLOBAL _zx_saddr2px_fastcall
324   0000              	GLOBAL _zx_saddr2px
325   0000              	GLOBAL _zx_saddr2cy_fastcall
326   0000              	GLOBAL _zx_saddr2cy
327   0000              	GLOBAL _zx_saddr2cx_fastcall
328   0000              	GLOBAL _zx_saddr2cx
329   0000              	GLOBAL _zx_saddr2aaddr_fastcall
330   0000              	GLOBAL _zx_saddr2aaddr
331   0000              	GLOBAL _zx_py2saddr_fastcall
332   0000              	GLOBAL _zx_py2saddr
333   0000              	GLOBAL _zx_py2aaddr_fastcall
334   0000              	GLOBAL _zx_py2aaddr
335   0000              	GLOBAL _zx_pxy2saddr_callee
336   0000              	GLOBAL _zx_pxy2saddr
337   0000              	GLOBAL _zx_pxy2aaddr_callee
338   0000              	GLOBAL _zx_pxy2aaddr
339   0000              	GLOBAL _zx_px2bitmask_fastcall
340   0000              	GLOBAL _zx_px2bitmask
341   0000              	GLOBAL _zx_cy2saddr_fastcall
342   0000              	GLOBAL _zx_cy2saddr
343   0000              	GLOBAL _zx_cy2aaddr_fastcall
344   0000              	GLOBAL _zx_cy2aaddr
345   0000              	GLOBAL _zx_cxy2saddr_callee
346   0000              	GLOBAL _zx_cxy2saddr
347   0000              	GLOBAL _zx_cxy2aaddr_callee
348   0000              	GLOBAL _zx_cxy2aaddr
349   0000              	GLOBAL _zx_bitmask2px_fastcall
350   0000              	GLOBAL _zx_bitmask2px
351   0000              	GLOBAL _zx_aaddrcup_fastcall
352   0000              	GLOBAL _zx_aaddrcup
353   0000              	GLOBAL _zx_aaddrcright_fastcall
354   0000              	GLOBAL _zx_aaddrcright
355   0000              	GLOBAL _zx_aaddrcleft_fastcall
356   0000              	GLOBAL _zx_aaddrcleft
357   0000              	GLOBAL _zx_aaddrcdown_fastcall
358   0000              	GLOBAL _zx_aaddrcdown
359   0000              	GLOBAL _zx_aaddr2saddr_fastcall
360   0000              	GLOBAL _zx_aaddr2saddr
361   0000              	GLOBAL _zx_aaddr2py_fastcall
362   0000              	GLOBAL _zx_aaddr2py
363   0000              	GLOBAL _zx_aaddr2px_fastcall
364   0000              	GLOBAL _zx_aaddr2px
365   0000              	GLOBAL _zx_aaddr2cy_fastcall
366   0000              	GLOBAL _zx_aaddr2cy
367   0000              	GLOBAL _zx_aaddr2cx_fastcall
368   0000              	GLOBAL _zx_aaddr2cx
369   0000              	GLOBAL _zx_visit_wc_pix_callee
370   0000              	GLOBAL _zx_visit_wc_pix
371   0000              	GLOBAL _zx_visit_wc_attr_callee
372   0000              	GLOBAL _zx_visit_wc_attr
373   0000              	GLOBAL _zx_scroll_wc_up_pix_callee
374   0000              	GLOBAL _zx_scroll_wc_up_pix
375   0000              	GLOBAL _zx_scroll_wc_up_attr_callee
376   0000              	GLOBAL _zx_scroll_wc_up_attr
377   0000              	GLOBAL _zx_scroll_wc_up_callee
378   0000              	GLOBAL _zx_scroll_wc_up
379   0000              	GLOBAL _zx_scroll_up_pix_callee
380   0000              	GLOBAL _zx_scroll_up_pix
381   0000              	GLOBAL _zx_scroll_up_attr_callee
382   0000              	GLOBAL _zx_scroll_up_attr
383   0000              	GLOBAL _zx_scroll_up_callee
384   0000              	GLOBAL _zx_scroll_up
385   0000              	GLOBAL _zx_cls_wc_pix_callee
386   0000              	GLOBAL _zx_cls_wc_pix
387   0000              	GLOBAL _zx_cls_wc_attr_callee
388   0000              	GLOBAL _zx_cls_wc_attr
389   0000              	GLOBAL _zx_cls_wc_callee
390   0000              	GLOBAL _zx_cls_wc
391   0000              	GLOBAL _zx_cls_pix_fastcall
392   0000              	GLOBAL _zx_cls_pix
393   0000              	GLOBAL _zx_cls_attr_fastcall
394   0000              	GLOBAL _zx_cls_attr
395   0000              	GLOBAL _zx_cls_fastcall
396   0000              	GLOBAL _zx_cls
397   0000              	GLOBAL _zx_border_fastcall
398   0000              	GLOBAL _zx_border
399   0000              	GLOBAL _player_lvl_table
400   0000              	GLOBAL _map_paper_last
401   0000              	GLOBAL _map_paper_clr
402   0000              	GLOBAL _map_paper
403   0000              	GLOBAL _draw_count
404   0000              	GLOBAL _g_player_hit_right
405   0000              	GLOBAL _g_player_hit_left
406   0000              	GLOBAL _bullet_count
407   0000              	GLOBAL _spr_hack
408   0000              	GLOBAL _boss_stat
409   0000              	GLOBAL _boss_time_fire
410   0000              	GLOBAL _boss_time
411   0000              	GLOBAL _boss_tile
412   0000              	GLOBAL _boss_inc
413   0000              	GLOBAL _boss_col
414   0000              	GLOBAL _boss_lin
415   0000              	GLOBAL _bullet_vel
416   0000              	GLOBAL _bullet_frames
417   0000              	GLOBAL _bullet_colint
418   0000              	GLOBAL _bullet_dir
419   0000              	GLOBAL _bullet_tile
420   0000              	GLOBAL _bullet_col
421   0000              	GLOBAL _bullet_lin
422   0000              	GLOBAL _bullet_col0
423   0000              	GLOBAL _bullet_lin0
424   0000              	GLOBAL _bullet_max
425   0000              	GLOBAL _bullet_class
426   0000              	GLOBAL _mush_class
427   0000              	GLOBAL _mush_index
428   0000              	GLOBAL _anim_count
429   0000              	GLOBAL _anim_respanwn
430   0000              	GLOBAL _anim_loop
431   0000              	GLOBAL _anim_end
432   0000              	GLOBAL _anim_int
433   0000              	GLOBAL _anim_tile
434   0000              	GLOBAL _anim_col
435   0000              	GLOBAL _anim_lin
436   0000              	GLOBAL _map_heigth
437   0000              	GLOBAL _map_width
438   0000              	GLOBAL _scr_curr
439   0000              	GLOBAL _scr_obj1
440   0000              	GLOBAL _scr_obj0
441   0000              	GLOBAL _scr_map
442   0000              	GLOBAL _sprite_speed_alt
443   0000              	GLOBAL _sprite_frames
444   0000              	GLOBAL _sprite_speed
445   0000              	GLOBAL _screen_ink
446   0000              	GLOBAL _screen_paper
447   0000              	GLOBAL _player_onstair
448   0000              	GLOBAL _game_start_scr
449   0000              	GLOBAL _game_respawn_tile
450   0000              	GLOBAL _game_respawn_index
451   0000              	GLOBAL _game_respawn_time
452   0000              	GLOBAL _game_score_top
453   0000              	GLOBAL _player_coins
454   0000              	GLOBAL _player_lives
455   0000              	GLOBAL _game_over
456   0000              	GLOBAL _game_sound
457   0000              	GLOBAL _game_inmune
458   0000              	GLOBAL _game_god_mode
459   0000              	GLOBAL _sprite_curr_index
460   0000              	GLOBAL _spr_count
461   0000              	GLOBAL _bullet_time
462   0000              	GLOBAL _anim_time
463   0000              	GLOBAL _frame_time
464   0000              	GLOBAL _curr_time
465   0000              	GLOBAL _s_state
466   0000              	GLOBAL _attrib_osd
467   0000              	GLOBAL _attrib_hl
468   0000              	GLOBAL _attrib
469   0000              	GLOBAL _zx_val_asm
470   0000              	GLOBAL _enemies
471   0000              	GLOBAL _tmp_ui
472   0000              	GLOBAL _tmp_sc
473   0000              	GLOBAL _tmp_uc
474   0000              	GLOBAL _tmp1
475   0000              	GLOBAL _tmp0
476   0000              	GLOBAL _tmp
477   0000              	GLOBAL _index1
478   0000              	GLOBAL _index0
479   0000              	GLOBAL _loop_count
480   0000              	GLOBAL _s_col1
481   0000              	GLOBAL _s_col0
482   0000              	GLOBAL _s_lin1
483   0000              	GLOBAL _s_lin0
484   0000              	GLOBAL _s_tile1
485   0000              	GLOBAL _s_tile0
486   0000              	GLOBAL _player_brick_time
487   0000              	GLOBAL _player_hit_count
488   0000              	GLOBAL _sprite_horizontal_check
489   0000              	GLOBAL _sprite_on_air
490   0000              	GLOBAL _sprite
491   0000              	GLOBAL _fps
492   0000              	GLOBAL _game_respawn_curr_time
493   0000              	GLOBAL _game_worldup
494   0000              	GLOBAL _game_mush_count
495   0000              	GLOBAL _game_boss_fix
496   0000              	GLOBAL _game_boss_hit
497   0000              	GLOBAL _game_boss_alive
498   0000              	GLOBAL _game_boss
499   0000              	GLOBAL _game_world
500   0000              	GLOBAL _game_gravity
501   0000              	GLOBAL _player_anim_stair
502   0000              	GLOBAL _player_hit_time
503   0000              	GLOBAL _player_lin_scr
504   0000              	GLOBAL _player_col_scr
505   0000              	GLOBAL _player_lvl
506   0000              	GLOBAL _player_int
507   0000              	GLOBAL _player_str
508   0000              	GLOBAL _player_max_vita
509   0000              	GLOBAL _player_max_mana
510   0000              	GLOBAL _player_vita
511   0000              	GLOBAL _player_mana
512   0000              	GLOBAL _player_keys
513   0000              	GLOBAL _player_vel_inc
514   0000              	GLOBAL _player_vel_y1
515   0000              	GLOBAL _player_vel_y0
516   0000              	GLOBAL _player_vel_y
517   0000              	GLOBAL _player_vel_x
518   0000              	GLOBAL _player_joy
519   0000              	GLOBAL _player_score
520   0000              	GLOBAL _last_time
521   0000              	GLOBAL _player_slide
522   0000              	GLOBAL _spr_timer
523   0000              	GLOBAL _jump_lin
524   0000              	GLOBAL _player_hit_col
525   0000              	GLOBAL _player_hit_lin
526   0000              	GLOBAL _colint
527   0000              	GLOBAL _col
528   0000              	GLOBAL _lin
529   0000              	GLOBAL _tile
530   0000              	GLOBAL _state_a
531   0000              	GLOBAL _state
532   0000              	GLOBAL _class
533   0000              	GLOBAL _tbuffer
534   0000              	GLOBAL _dirs
535   0000              	GLOBAL _k1
536   0000              	GLOBAL _joyfunc1
537   0000              	GLOBAL _btiles
538   0000              	GLOBAL _spec128
539   0000              	GLOBAL _GLOBAL_ZX_PORT_7FFD
540   0000              	GLOBAL _GLOBAL_ZX_PORT_1FFD
541   0000              	GLOBAL _GLOBAL_ZX_PORT_FE
542   0000              ;--------------------------------------------------------
543   0000              ; special function registers
544   0000              ;--------------------------------------------------------
545   0000              defc _IO_FE	=	0x00fe
546   0000              defc _IO_1FFD	=	0x1ffd
547   0000              defc _IO_7FFD	=	0x7ffd
548   0000              ;--------------------------------------------------------
549   0000              ; ram data
550   0000              ;--------------------------------------------------------
551   0000              	SECTION bss_compiler
552   0000              ;--------------------------------------------------------
553   0000              ; ram data
554   0000              ;--------------------------------------------------------
555   0000              
556   0000              IF 0
557   0000              
558   0000              ; .area _INITIALIZED removed by z88dk
559   0000              
560   0000              
561   0000              ENDIF
562   0000              
563   0000              ;--------------------------------------------------------
564   0000              ; absolute external ram data
565   0000              ;--------------------------------------------------------
566   0000              	SECTION IGNORE
567   0000              ;--------------------------------------------------------
568   0000              ; global & static initialisations
569   0000              ;--------------------------------------------------------
570   0000              	SECTION code_crt_init
571   0000              ;--------------------------------------------------------
572   0000              ; Home
573   0000              ;--------------------------------------------------------
574   0000              	SECTION IGNORE
575   0000              ;--------------------------------------------------------
576   0000              ; code
577   0000              ;--------------------------------------------------------
578   0000              	SECTION IGNORE
579   0000              
