1     0000              MODULE game_menu_c
2     0000              LINE -1, "game_menu.c"
-1    0000              
0     0000              
1     0000              ;--------------------------------------------------------
2     0000              ; File Created by SDCC : free open source ANSI-C Compiler
3     0000              ; Version 3.6.5 #9958 (Mac OS X i386)
4     0000              ;--------------------------------------------------------
5     0000              ; Processed by Z88DK
6     0000              ;--------------------------------------------------------
7     0000              
8     0000              	EXTERN __divschar
9     0000              	EXTERN __divschar_callee
10    0000              	EXTERN __divsint
11    0000              	EXTERN __divsint_callee
12    0000              	EXTERN __divslong
13    0000              	EXTERN __divslong_callee
14    0000              	EXTERN __divslonglong
15    0000              	EXTERN __divslonglong_callee
16    0000              	EXTERN __divsuchar
17    0000              	EXTERN __divsuchar_callee
18    0000              	EXTERN __divuchar
19    0000              	EXTERN __divuchar_callee
20    0000              	EXTERN __divuint
21    0000              	EXTERN __divuint_callee
22    0000              	EXTERN __divulong
23    0000              	EXTERN __divulong_callee
24    0000              	EXTERN __divulonglong
25    0000              	EXTERN __divulonglong_callee
26    0000              	EXTERN __divuschar
27    0000              	EXTERN __divuschar_callee
28    0000              	EXTERN __modschar
29    0000              	EXTERN __modschar_callee
30    0000              	EXTERN __modsint
31    0000              	EXTERN __modsint_callee
32    0000              	EXTERN __modslong
33    0000              	EXTERN __modslong_callee
34    0000              	EXTERN __modslonglong
35    0000              	EXTERN __modslonglong_callee
36    0000              	EXTERN __modsuchar
37    0000              	EXTERN __modsuchar_callee
38    0000              	EXTERN __moduchar
39    0000              	EXTERN __moduchar_callee
40    0000              	EXTERN __moduint
41    0000              	EXTERN __moduint_callee
42    0000              	EXTERN __modulong
43    0000              	EXTERN __modulong_callee
44    0000              	EXTERN __modulonglong
45    0000              	EXTERN __modulonglong_callee
46    0000              	EXTERN __moduschar
47    0000              	EXTERN __moduschar_callee
48    0000              	EXTERN __mulint
49    0000              	EXTERN __mulint_callee
50    0000              	EXTERN __mullong
51    0000              	EXTERN __mullong_callee
52    0000              	EXTERN __mullonglong
53    0000              	EXTERN __mullonglong_callee
54    0000              	EXTERN __mulschar
55    0000              	EXTERN __mulschar_callee
56    0000              	EXTERN __mulsuchar
57    0000              	EXTERN __mulsuchar_callee
58    0000              	EXTERN __muluschar
59    0000              	EXTERN __muluschar_callee
60    0000              	EXTERN __rlslonglong
61    0000              	EXTERN __rlslonglong_callee
62    0000              	EXTERN __rlulonglong
63    0000              	EXTERN __rlulonglong_callee
64    0000              	EXTERN __rrslonglong
65    0000              	EXTERN __rrslonglong_callee
66    0000              	EXTERN __rrulonglong
67    0000              	EXTERN __rrulonglong_callee
68    0000              	EXTERN ___sdcc_call_hl
69    0000              	EXTERN ___sdcc_call_iy
70    0000              	EXTERN ___sdcc_enter_ix
71    0000              	EXTERN _banked_call
72    0000              	EXTERN _banked_ret
73    0000              	EXTERN ___fs2schar
74    0000              	EXTERN ___fs2schar_callee
75    0000              	EXTERN ___fs2sint
76    0000              	EXTERN ___fs2sint_callee
77    0000              	EXTERN ___fs2slong
78    0000              	EXTERN ___fs2slong_callee
79    0000              	EXTERN ___fs2slonglong
80    0000              	EXTERN ___fs2slonglong_callee
81    0000              	EXTERN ___fs2uchar
82    0000              	EXTERN ___fs2uchar_callee
83    0000              	EXTERN ___fs2uint
84    0000              	EXTERN ___fs2uint_callee
85    0000              	EXTERN ___fs2ulong
86    0000              	EXTERN ___fs2ulong_callee
87    0000              	EXTERN ___fs2ulonglong
88    0000              	EXTERN ___fs2ulonglong_callee
89    0000              	EXTERN ___fsadd
90    0000              	EXTERN ___fsadd_callee
91    0000              	EXTERN ___fsdiv
92    0000              	EXTERN ___fsdiv_callee
93    0000              	EXTERN ___fseq
94    0000              	EXTERN ___fseq_callee
95    0000              	EXTERN ___fsgt
96    0000              	EXTERN ___fsgt_callee
97    0000              	EXTERN ___fslt
98    0000              	EXTERN ___fslt_callee
99    0000              	EXTERN ___fsmul
100   0000              	EXTERN ___fsmul_callee
101   0000              	EXTERN ___fsneq
102   0000              	EXTERN ___fsneq_callee
103   0000              	EXTERN ___fssub
104   0000              	EXTERN ___fssub_callee
105   0000              	EXTERN ___schar2fs
106   0000              	EXTERN ___schar2fs_callee
107   0000              	EXTERN ___sint2fs
108   0000              	EXTERN ___sint2fs_callee
109   0000              	EXTERN ___slong2fs
110   0000              	EXTERN ___slong2fs_callee
111   0000              	EXTERN ___slonglong2fs
112   0000              	EXTERN ___slonglong2fs_callee
113   0000              	EXTERN ___uchar2fs
114   0000              	EXTERN ___uchar2fs_callee
115   0000              	EXTERN ___uint2fs
116   0000              	EXTERN ___uint2fs_callee
117   0000              	EXTERN ___ulong2fs
118   0000              	EXTERN ___ulong2fs_callee
119   0000              	EXTERN ___ulonglong2fs
120   0000              	EXTERN ___ulonglong2fs_callee
121   0000              	EXTERN ____sdcc_2_copy_src_mhl_dst_deix
122   0000              	EXTERN ____sdcc_2_copy_src_mhl_dst_bcix
123   0000              	EXTERN ____sdcc_4_copy_src_mhl_dst_deix
124   0000              	EXTERN ____sdcc_4_copy_src_mhl_dst_bcix
125   0000              	EXTERN ____sdcc_4_copy_src_mhl_dst_mbc
126   0000              	EXTERN ____sdcc_4_ldi_nosave_bc
127   0000              	EXTERN ____sdcc_4_ldi_save_bc
128   0000              	EXTERN ____sdcc_4_push_hlix
129   0000              	EXTERN ____sdcc_4_push_mhl
130   0000              	EXTERN ____sdcc_lib_setmem_hl
131   0000              	EXTERN ____sdcc_ll_add_de_bc_hl
132   0000              	EXTERN ____sdcc_ll_add_de_bc_hlix
133   0000              	EXTERN ____sdcc_ll_add_de_hlix_bc
134   0000              	EXTERN ____sdcc_ll_add_de_hlix_bcix
135   0000              	EXTERN ____sdcc_ll_add_deix_bc_hl
136   0000              	EXTERN ____sdcc_ll_add_deix_hlix
137   0000              	EXTERN ____sdcc_ll_add_hlix_bc_deix
138   0000              	EXTERN ____sdcc_ll_add_hlix_deix_bc
139   0000              	EXTERN ____sdcc_ll_add_hlix_deix_bcix
140   0000              	EXTERN ____sdcc_ll_asr_hlix_a
141   0000              	EXTERN ____sdcc_ll_asr_mbc_a
142   0000              	EXTERN ____sdcc_ll_copy_src_de_dst_hlix
143   0000              	EXTERN ____sdcc_ll_copy_src_de_dst_hlsp
144   0000              	EXTERN ____sdcc_ll_copy_src_deix_dst_hl
145   0000              	EXTERN ____sdcc_ll_copy_src_deix_dst_hlix
146   0000              	EXTERN ____sdcc_ll_copy_src_deixm_dst_hlsp
147   0000              	EXTERN ____sdcc_ll_copy_src_desp_dst_hlsp
148   0000              	EXTERN ____sdcc_ll_copy_src_hl_dst_de
149   0000              	EXTERN ____sdcc_ll_copy_src_hlsp_dst_de
150   0000              	EXTERN ____sdcc_ll_copy_src_hlsp_dst_deixm
151   0000              	EXTERN ____sdcc_ll_lsl_hlix_a
152   0000              	EXTERN ____sdcc_ll_lsl_mbc_a
153   0000              	EXTERN ____sdcc_ll_lsr_hlix_a
154   0000              	EXTERN ____sdcc_ll_lsr_mbc_a
155   0000              	EXTERN ____sdcc_ll_push_hlix
156   0000              	EXTERN ____sdcc_ll_push_mhl
157   0000              	EXTERN ____sdcc_ll_sub_de_bc_hl
158   0000              	EXTERN ____sdcc_ll_sub_de_bc_hlix
159   0000              	EXTERN ____sdcc_ll_sub_de_hlix_bc
160   0000              	EXTERN ____sdcc_ll_sub_de_hlix_bcix
161   0000              	EXTERN ____sdcc_ll_sub_deix_bc_hl
162   0000              	EXTERN ____sdcc_ll_sub_deix_hlix
163   0000              	EXTERN ____sdcc_ll_sub_hlix_bc_deix
164   0000              	EXTERN ____sdcc_ll_sub_hlix_deix_bc
165   0000              	EXTERN ____sdcc_ll_sub_hlix_deix_bcix
166   0000              	EXTERN ____sdcc_load_debc_deix
167   0000              	EXTERN ____sdcc_load_dehl_deix
168   0000              	EXTERN ____sdcc_load_debc_mhl
169   0000              	EXTERN ____sdcc_load_hlde_mhl
170   0000              	EXTERN ____sdcc_store_dehl_bcix
171   0000              	EXTERN ____sdcc_store_debc_hlix
172   0000              	EXTERN ____sdcc_store_debc_mhl
173   0000              	EXTERN ____sdcc_cpu_pop_ei
174   0000              	EXTERN ____sdcc_cpu_pop_ei_jp
175   0000              	EXTERN ____sdcc_cpu_push_di
176   0000              	EXTERN ____sdcc_outi
177   0000              	EXTERN ____sdcc_outi_128
178   0000              	EXTERN ____sdcc_outi_256
179   0000              	EXTERN ____sdcc_ldi
180   0000              	EXTERN ____sdcc_ldi_128
181   0000              	EXTERN ____sdcc_ldi_256
182   0000              	EXTERN ____sdcc_4_copy_srcd_hlix_dst_deix
183   0000              	EXTERN ____sdcc_4_and_src_mbc_mhl_dst_deix
184   0000              	EXTERN ____sdcc_4_or_src_mbc_mhl_dst_deix
185   0000              	EXTERN ____sdcc_4_xor_src_mbc_mhl_dst_deix
186   0000              	EXTERN ____sdcc_4_or_src_dehl_dst_bcix
187   0000              	EXTERN ____sdcc_4_xor_src_dehl_dst_bcix
188   0000              	EXTERN ____sdcc_4_and_src_dehl_dst_bcix
189   0000              	EXTERN ____sdcc_4_xor_src_mbc_mhl_dst_debc
190   0000              	EXTERN ____sdcc_4_or_src_mbc_mhl_dst_debc
191   0000              	EXTERN ____sdcc_4_and_src_mbc_mhl_dst_debc
192   0000              	EXTERN ____sdcc_4_cpl_src_mhl_dst_debc
193   0000              	EXTERN ____sdcc_4_xor_src_debc_mhl_dst_debc
194   0000              	EXTERN ____sdcc_4_or_src_debc_mhl_dst_debc
195   0000              	EXTERN ____sdcc_4_and_src_debc_mhl_dst_debc
196   0000              	EXTERN ____sdcc_4_and_src_debc_hlix_dst_debc
197   0000              	EXTERN ____sdcc_4_or_src_debc_hlix_dst_debc
198   0000              	EXTERN ____sdcc_4_xor_src_debc_hlix_dst_debc
199   0000              
200   0000              ;--------------------------------------------------------
201   0000              ; Public variables in this module
202   0000              ;--------------------------------------------------------
203   0000              	GLOBAL _menu_define_key
204   0000              	GLOBAL _menu_redefine
205   0000              	GLOBAL _menu_main_print
206   0000              	GLOBAL _menu_main
207   0000              ;--------------------------------------------------------
208   0000              ; Externals used
209   0000              ;--------------------------------------------------------
210   0000              	GLOBAL _ffsll_callee
211   0000              	GLOBAL _ffsll
212   0000              	GLOBAL _strxfrm_callee
213   0000              	GLOBAL _strxfrm
214   0000              	GLOBAL _strupr_fastcall
215   0000              	GLOBAL _strupr
216   0000              	GLOBAL _strtok_r_callee
217   0000              	GLOBAL _strtok_r
218   0000              	GLOBAL _strtok_callee
219   0000              	GLOBAL _strtok
220   0000              	GLOBAL _strstrip_fastcall
221   0000              	GLOBAL _strstrip
222   0000              	GLOBAL _strstr_callee
223   0000              	GLOBAL _strstr
224   0000              	GLOBAL _strspn_callee
225   0000              	GLOBAL _strspn
226   0000              	GLOBAL _strsep_callee
227   0000              	GLOBAL _strsep
228   0000              	GLOBAL _strrstrip_fastcall
229   0000              	GLOBAL _strrstrip
230   0000              	GLOBAL _strrstr_callee
231   0000              	GLOBAL _strrstr
232   0000              	GLOBAL _strrspn_callee
233   0000              	GLOBAL _strrspn
234   0000              	GLOBAL _strrev_fastcall
235   0000              	GLOBAL _strrev
236   0000              	GLOBAL _strrcspn_callee
237   0000              	GLOBAL _strrcspn
238   0000              	GLOBAL _strrchr_callee
239   0000              	GLOBAL _strrchr
240   0000              	GLOBAL _strpbrk_callee
241   0000              	GLOBAL _strpbrk
242   0000              	GLOBAL _strnlen_callee
243   0000              	GLOBAL _strnlen
244   0000              	GLOBAL _strnicmp_callee
245   0000              	GLOBAL _strnicmp
246   0000              	GLOBAL _strndup_callee
247   0000              	GLOBAL _strndup
248   0000              	GLOBAL _strncpy_callee
249   0000              	GLOBAL _strncpy
250   0000              	GLOBAL _strncmp_callee
251   0000              	GLOBAL _strncmp
252   0000              	GLOBAL _strnchr_callee
253   0000              	GLOBAL _strnchr
254   0000              	GLOBAL _strncat_callee
255   0000              	GLOBAL _strncat
256   0000              	GLOBAL _strncasecmp_callee
257   0000              	GLOBAL _strncasecmp
258   0000              	GLOBAL _strlwr_fastcall
259   0000              	GLOBAL _strlwr
260   0000              	GLOBAL _strlen_fastcall
261   0000              	GLOBAL _strlen
262   0000              	GLOBAL _strlcpy_callee
263   0000              	GLOBAL _strlcpy
264   0000              	GLOBAL _strlcat_callee
265   0000              	GLOBAL _strlcat
266   0000              	GLOBAL _stricmp_callee
267   0000              	GLOBAL _stricmp
268   0000              	GLOBAL _strerror_fastcall
269   0000              	GLOBAL _strerror
270   0000              	GLOBAL _strdup_fastcall
271   0000              	GLOBAL _strdup
272   0000              	GLOBAL _strcspn_callee
273   0000              	GLOBAL _strcspn
274   0000              	GLOBAL _strcpy_callee
275   0000              	GLOBAL _strcpy
276   0000              	GLOBAL _strcoll_callee
277   0000              	GLOBAL _strcoll
278   0000              	GLOBAL _strcmp_callee
279   0000              	GLOBAL _strcmp
280   0000              	GLOBAL _strchrnul_callee
281   0000              	GLOBAL _strchrnul
282   0000              	GLOBAL _strchr_callee
283   0000              	GLOBAL _strchr
284   0000              	GLOBAL _strcat_callee
285   0000              	GLOBAL _strcat
286   0000              	GLOBAL _strcasecmp_callee
287   0000              	GLOBAL _strcasecmp
288   0000              	GLOBAL _stpncpy_callee
289   0000              	GLOBAL _stpncpy
290   0000              	GLOBAL _stpcpy_callee
291   0000              	GLOBAL _stpcpy
292   0000              	GLOBAL _memswap_callee
293   0000              	GLOBAL _memswap
294   0000              	GLOBAL _memset_callee
295   0000              	GLOBAL _memset
296   0000              	GLOBAL _memrchr_callee
297   0000              	GLOBAL _memrchr
298   0000              	GLOBAL _memmove_callee
299   0000              	GLOBAL _memmove
300   0000              	GLOBAL _memmem_callee
301   0000              	GLOBAL _memmem
302   0000              	GLOBAL _memcpy_callee
303   0000              	GLOBAL _memcpy
304   0000              	GLOBAL _memcmp_callee
305   0000              	GLOBAL _memcmp
306   0000              	GLOBAL _memchr_callee
307   0000              	GLOBAL _memchr
308   0000              	GLOBAL _memccpy_callee
309   0000              	GLOBAL _memccpy
310   0000              	GLOBAL _ffsl_fastcall
311   0000              	GLOBAL _ffsl
312   0000              	GLOBAL _ffs_fastcall
313   0000              	GLOBAL _ffs
314   0000              	GLOBAL __strrstrip__fastcall
315   0000              	GLOBAL __strrstrip_
316   0000              	GLOBAL __memupr__callee
317   0000              	GLOBAL __memupr_
318   0000              	GLOBAL __memstrcpy__callee
319   0000              	GLOBAL __memstrcpy_
320   0000              	GLOBAL __memlwr__callee
321   0000              	GLOBAL __memlwr_
322   0000              	GLOBAL _rawmemchr_callee
323   0000              	GLOBAL _rawmemchr
324   0000              	GLOBAL _strnset_callee
325   0000              	GLOBAL _strnset
326   0000              	GLOBAL _strset_callee
327   0000              	GLOBAL _strset
328   0000              	GLOBAL _rindex_callee
329   0000              	GLOBAL _rindex
330   0000              	GLOBAL _index_callee
331   0000              	GLOBAL _index
332   0000              	GLOBAL _bzero_callee
333   0000              	GLOBAL _bzero
334   0000              	GLOBAL _bcopy_callee
335   0000              	GLOBAL _bcopy
336   0000              	GLOBAL _bcmp_callee
337   0000              	GLOBAL _bcmp
338   0000              	GLOBAL _ulltoa_callee
339   0000              	GLOBAL _ulltoa
340   0000              	GLOBAL _strtoull_callee
341   0000              	GLOBAL _strtoull
342   0000              	GLOBAL _strtoll_callee
343   0000              	GLOBAL _strtoll
344   0000              	GLOBAL _lltoa_callee
345   0000              	GLOBAL _lltoa
346   0000              	GLOBAL _llabs_callee
347   0000              	GLOBAL _llabs
348   0000              	GLOBAL __lldivu__callee
349   0000              	GLOBAL __lldivu_
350   0000              	GLOBAL __lldiv__callee
351   0000              	GLOBAL __lldiv_
352   0000              	GLOBAL _atoll_callee
353   0000              	GLOBAL _atoll
354   0000              	GLOBAL _realloc_unlocked_callee
355   0000              	GLOBAL _realloc_unlocked
356   0000              	GLOBAL _malloc_unlocked_fastcall
357   0000              	GLOBAL _malloc_unlocked
358   0000              	GLOBAL _free_unlocked_fastcall
359   0000              	GLOBAL _free_unlocked
360   0000              	GLOBAL _calloc_unlocked_callee
361   0000              	GLOBAL _calloc_unlocked
362   0000              	GLOBAL _aligned_alloc_unlocked_callee
363   0000              	GLOBAL _aligned_alloc_unlocked
364   0000              	GLOBAL _realloc_callee
365   0000              	GLOBAL _realloc
366   0000              	GLOBAL _malloc_fastcall
367   0000              	GLOBAL _malloc
368   0000              	GLOBAL _free_fastcall
369   0000              	GLOBAL _free
370   0000              	GLOBAL _calloc_callee
371   0000              	GLOBAL _calloc
372   0000              	GLOBAL _aligned_alloc_callee
373   0000              	GLOBAL _aligned_alloc
374   0000              	GLOBAL _utoa_callee
375   0000              	GLOBAL _utoa
376   0000              	GLOBAL _ultoa_callee
377   0000              	GLOBAL _ultoa
378   0000              	GLOBAL _system_fastcall
379   0000              	GLOBAL _system
380   0000              	GLOBAL _strtoul_callee
381   0000              	GLOBAL _strtoul
382   0000              	GLOBAL _strtol_callee
383   0000              	GLOBAL _strtol
384   0000              	GLOBAL _strtof_callee
385   0000              	GLOBAL _strtof
386   0000              	GLOBAL _strtod_callee
387   0000              	GLOBAL _strtod
388   0000              	GLOBAL _srand_fastcall
389   0000              	GLOBAL _srand
390   0000              	GLOBAL _rand
391   0000              	GLOBAL _quick_exit_fastcall
392   0000              	GLOBAL _quick_exit
393   0000              	GLOBAL _qsort_callee
394   0000              	GLOBAL _qsort
395   0000              	GLOBAL _ltoa_callee
396   0000              	GLOBAL _ltoa
397   0000              	GLOBAL _labs_fastcall
398   0000              	GLOBAL _labs
399   0000              	GLOBAL _itoa_callee
400   0000              	GLOBAL _itoa
401   0000              	GLOBAL _ftoh_callee
402   0000              	GLOBAL _ftoh
403   0000              	GLOBAL _ftog_callee
404   0000              	GLOBAL _ftog
405   0000              	GLOBAL _ftoe_callee
406   0000              	GLOBAL _ftoe
407   0000              	GLOBAL _ftoa_callee
408   0000              	GLOBAL _ftoa
409   0000              	GLOBAL _exit_fastcall
410   0000              	GLOBAL _exit
411   0000              	GLOBAL _dtoh_callee
412   0000              	GLOBAL _dtoh
413   0000              	GLOBAL _dtog_callee
414   0000              	GLOBAL _dtog
415   0000              	GLOBAL _dtoe_callee
416   0000              	GLOBAL _dtoe
417   0000              	GLOBAL _dtoa_callee
418   0000              	GLOBAL _dtoa
419   0000              	GLOBAL _bsearch_callee
420   0000              	GLOBAL _bsearch
421   0000              	GLOBAL _atol_fastcall
422   0000              	GLOBAL _atol
423   0000              	GLOBAL _atoi_fastcall
424   0000              	GLOBAL _atoi
425   0000              	GLOBAL _atof_fastcall
426   0000              	GLOBAL _atof
427   0000              	GLOBAL _atexit_fastcall
428   0000              	GLOBAL _atexit
429   0000              	GLOBAL _at_quick_exit_fastcall
430   0000              	GLOBAL _at_quick_exit
431   0000              	GLOBAL _abs_fastcall
432   0000              	GLOBAL _abs
433   0000              	GLOBAL _abort
434   0000              	GLOBAL __strtou__callee
435   0000              	GLOBAL __strtou_
436   0000              	GLOBAL __strtoi__callee
437   0000              	GLOBAL __strtoi_
438   0000              	GLOBAL __random_uniform_xor_8__fastcall
439   0000              	GLOBAL __random_uniform_xor_8_
440   0000              	GLOBAL __random_uniform_xor_32__fastcall
441   0000              	GLOBAL __random_uniform_xor_32_
442   0000              	GLOBAL __random_uniform_cmwc_8__fastcall
443   0000              	GLOBAL __random_uniform_cmwc_8_
444   0000              	GLOBAL __shellsort__callee
445   0000              	GLOBAL __shellsort_
446   0000              	GLOBAL __quicksort__callee
447   0000              	GLOBAL __quicksort_
448   0000              	GLOBAL __insertion_sort__callee
449   0000              	GLOBAL __insertion_sort_
450   0000              	GLOBAL __ldivu__callee
451   0000              	GLOBAL __ldivu_
452   0000              	GLOBAL __ldiv__callee
453   0000              	GLOBAL __ldiv_
454   0000              	GLOBAL __divu__callee
455   0000              	GLOBAL __divu_
456   0000              	GLOBAL __div__callee
457   0000              	GLOBAL __div_
458   0000              	GLOBAL _NIRVANAP_drawTW_raw_callee
459   0000              	GLOBAL _NIRVANAP_drawTW_raw
460   0000              	GLOBAL _NIRVANAP_drawTW_callee
461   0000              	GLOBAL _NIRVANAP_drawTW
462   0000              	GLOBAL _NIRVANAP_drawW_raw_callee
463   0000              	GLOBAL _NIRVANAP_drawW_raw
464   0000              	GLOBAL _NIRVANAP_drawW_callee
465   0000              	GLOBAL _NIRVANAP_drawW
466   0000              	GLOBAL _NIRVANAP_spriteT_callee
467   0000              	GLOBAL _NIRVANAP_spriteT
468   0000              	GLOBAL _NIRVANAP_fillC_callee
469   0000              	GLOBAL _NIRVANAP_fillC
470   0000              	GLOBAL _NIRVANAP_readC_callee
471   0000              	GLOBAL _NIRVANAP_readC
472   0000              	GLOBAL _NIRVANAP_paintC_callee
473   0000              	GLOBAL _NIRVANAP_paintC
474   0000              	GLOBAL _NIRVANAP_printC_callee
475   0000              	GLOBAL _NIRVANAP_printC
476   0000              	GLOBAL _NIRVANAP_fillT_raw_callee
477   0000              	GLOBAL _NIRVANAP_fillT_raw
478   0000              	GLOBAL _NIRVANAP_fillT_callee
479   0000              	GLOBAL _NIRVANAP_fillT
480   0000              	GLOBAL _NIRVANAP_drawT_raw_callee
481   0000              	GLOBAL _NIRVANAP_drawT_raw
482   0000              	GLOBAL _NIRVANAP_drawT_callee
483   0000              	GLOBAL _NIRVANAP_drawT
484   0000              	GLOBAL _NIRVANAP_stop
485   0000              	GLOBAL _NIRVANAP_start
486   0000              	GLOBAL _debug3
487   0000              	GLOBAL _debug2
488   0000              	GLOBAL _debug
489   0000              	GLOBAL _zx_print_str
490   0000              	GLOBAL _zx_print_int
491   0000              	GLOBAL _zx_print_chr
492   0000              	GLOBAL _zx_print_bonus_time
493   0000              	GLOBAL _zx_isr
494   0000              	GLOBAL _z80_otdr_callee
495   0000              	GLOBAL _z80_otdr
496   0000              	GLOBAL _z80_otir_callee
497   0000              	GLOBAL _z80_otir
498   0000              	GLOBAL _z80_outp_callee
499   0000              	GLOBAL _z80_outp
500   0000              	GLOBAL _z80_indr_callee
501   0000              	GLOBAL _z80_indr
502   0000              	GLOBAL _z80_inir_callee
503   0000              	GLOBAL _z80_inir
504   0000              	GLOBAL _z80_inp_fastcall
505   0000              	GLOBAL _z80_inp
506   0000              	GLOBAL _z80_set_int_state_fastcall
507   0000              	GLOBAL _z80_set_int_state
508   0000              	GLOBAL _z80_get_int_state
509   0000              	GLOBAL _z80_delay_tstate_fastcall
510   0000              	GLOBAL _z80_delay_tstate
511   0000              	GLOBAL _z80_delay_ms_fastcall
512   0000              	GLOBAL _z80_delay_ms
513   0000              	GLOBAL _im2_remove_generic_callback_callee
514   0000              	GLOBAL _im2_remove_generic_callback
515   0000              	GLOBAL _im2_prepend_generic_callback_callee
516   0000              	GLOBAL _im2_prepend_generic_callback
517   0000              	GLOBAL _im2_append_generic_callback_callee
518   0000              	GLOBAL _im2_append_generic_callback
519   0000              	GLOBAL _im2_create_generic_isr_8080_callee
520   0000              	GLOBAL _im2_create_generic_isr_8080
521   0000              	GLOBAL _im2_create_generic_isr_callee
522   0000              	GLOBAL _im2_create_generic_isr
523   0000              	GLOBAL _im2_install_isr_callee
524   0000              	GLOBAL _im2_install_isr
525   0000              	GLOBAL _im2_init_fastcall
526   0000              	GLOBAL _im2_init
527   0000              	GLOBAL _intrinsic_swap_word_32_fastcall
528   0000              	GLOBAL _intrinsic_swap_word_32
529   0000              	GLOBAL _intrinsic_swap_endian_32_fastcall
530   0000              	GLOBAL _intrinsic_swap_endian_32
531   0000              	GLOBAL _intrinsic_swap_endian_16_fastcall
532   0000              	GLOBAL _intrinsic_swap_endian_16
533   0000              	GLOBAL _intrinsic_return_de
534   0000              	GLOBAL _intrinsic_return_bc
535   0000              	GLOBAL _intrinsic_exx
536   0000              	GLOBAL _intrinsic_ex_de_hl
537   0000              	GLOBAL _intrinsic_nop
538   0000              	GLOBAL _intrinsic_im_2
539   0000              	GLOBAL _intrinsic_im_1
540   0000              	GLOBAL _intrinsic_im_0
541   0000              	GLOBAL _intrinsic_retn
542   0000              	GLOBAL _intrinsic_reti
543   0000              	GLOBAL _intrinsic_halt
544   0000              	GLOBAL _intrinsic_ei
545   0000              	GLOBAL _intrinsic_di
546   0000              	GLOBAL _intrinsic_stub
547   0000              	GLOBAL _intrinsic_outi
548   0000              	GLOBAL _intrinsic_ldi
549   0000              	GLOBAL _zx_pattern_fill_callee
550   0000              	GLOBAL _zx_pattern_fill
551   0000              	GLOBAL _zx_saddrpup_fastcall
552   0000              	GLOBAL _zx_saddrpup
553   0000              	GLOBAL _zx_saddrpright_callee
554   0000              	GLOBAL _zx_saddrpright
555   0000              	GLOBAL _zx_saddrpleft_callee
556   0000              	GLOBAL _zx_saddrpleft
557   0000              	GLOBAL _zx_saddrpdown_fastcall
558   0000              	GLOBAL _zx_saddrpdown
559   0000              	GLOBAL _zx_saddrcup_fastcall
560   0000              	GLOBAL _zx_saddrcup
561   0000              	GLOBAL _zx_saddrcright_fastcall
562   0000              	GLOBAL _zx_saddrcright
563   0000              	GLOBAL _zx_saddrcleft_fastcall
564   0000              	GLOBAL _zx_saddrcleft
565   0000              	GLOBAL _zx_saddrcdown_fastcall
566   0000              	GLOBAL _zx_saddrcdown
567   0000              	GLOBAL _zx_saddr2py_fastcall
568   0000              	GLOBAL _zx_saddr2py
569   0000              	GLOBAL _zx_saddr2px_fastcall
570   0000              	GLOBAL _zx_saddr2px
571   0000              	GLOBAL _zx_saddr2cy_fastcall
572   0000              	GLOBAL _zx_saddr2cy
573   0000              	GLOBAL _zx_saddr2cx_fastcall
574   0000              	GLOBAL _zx_saddr2cx
575   0000              	GLOBAL _zx_saddr2aaddr_fastcall
576   0000              	GLOBAL _zx_saddr2aaddr
577   0000              	GLOBAL _zx_py2saddr_fastcall
578   0000              	GLOBAL _zx_py2saddr
579   0000              	GLOBAL _zx_py2aaddr_fastcall
580   0000              	GLOBAL _zx_py2aaddr
581   0000              	GLOBAL _zx_pxy2saddr_callee
582   0000              	GLOBAL _zx_pxy2saddr
583   0000              	GLOBAL _zx_pxy2aaddr_callee
584   0000              	GLOBAL _zx_pxy2aaddr
585   0000              	GLOBAL _zx_px2bitmask_fastcall
586   0000              	GLOBAL _zx_px2bitmask
587   0000              	GLOBAL _zx_cy2saddr_fastcall
588   0000              	GLOBAL _zx_cy2saddr
589   0000              	GLOBAL _zx_cy2aaddr_fastcall
590   0000              	GLOBAL _zx_cy2aaddr
591   0000              	GLOBAL _zx_cxy2saddr_callee
592   0000              	GLOBAL _zx_cxy2saddr
593   0000              	GLOBAL _zx_cxy2aaddr_callee
594   0000              	GLOBAL _zx_cxy2aaddr
595   0000              	GLOBAL _zx_bitmask2px_fastcall
596   0000              	GLOBAL _zx_bitmask2px
597   0000              	GLOBAL _zx_aaddrcup_fastcall
598   0000              	GLOBAL _zx_aaddrcup
599   0000              	GLOBAL _zx_aaddrcright_fastcall
600   0000              	GLOBAL _zx_aaddrcright
601   0000              	GLOBAL _zx_aaddrcleft_fastcall
602   0000              	GLOBAL _zx_aaddrcleft
603   0000              	GLOBAL _zx_aaddrcdown_fastcall
604   0000              	GLOBAL _zx_aaddrcdown
605   0000              	GLOBAL _zx_aaddr2saddr_fastcall
606   0000              	GLOBAL _zx_aaddr2saddr
607   0000              	GLOBAL _zx_aaddr2py_fastcall
608   0000              	GLOBAL _zx_aaddr2py
609   0000              	GLOBAL _zx_aaddr2px_fastcall
610   0000              	GLOBAL _zx_aaddr2px
611   0000              	GLOBAL _zx_aaddr2cy_fastcall
612   0000              	GLOBAL _zx_aaddr2cy
613   0000              	GLOBAL _zx_aaddr2cx_fastcall
614   0000              	GLOBAL _zx_aaddr2cx
615   0000              	GLOBAL _zx_visit_wc_pix_callee
616   0000              	GLOBAL _zx_visit_wc_pix
617   0000              	GLOBAL _zx_visit_wc_attr_callee
618   0000              	GLOBAL _zx_visit_wc_attr
619   0000              	GLOBAL _zx_scroll_wc_up_pix_callee
620   0000              	GLOBAL _zx_scroll_wc_up_pix
621   0000              	GLOBAL _zx_scroll_wc_up_attr_callee
622   0000              	GLOBAL _zx_scroll_wc_up_attr
623   0000              	GLOBAL _zx_scroll_wc_up_callee
624   0000              	GLOBAL _zx_scroll_wc_up
625   0000              	GLOBAL _zx_scroll_up_pix_callee
626   0000              	GLOBAL _zx_scroll_up_pix
627   0000              	GLOBAL _zx_scroll_up_attr_callee
628   0000              	GLOBAL _zx_scroll_up_attr
629   0000              	GLOBAL _zx_scroll_up_callee
630   0000              	GLOBAL _zx_scroll_up
631   0000              	GLOBAL _zx_cls_wc_pix_callee
632   0000              	GLOBAL _zx_cls_wc_pix
633   0000              	GLOBAL _zx_cls_wc_attr_callee
634   0000              	GLOBAL _zx_cls_wc_attr
635   0000              	GLOBAL _zx_cls_wc_callee
636   0000              	GLOBAL _zx_cls_wc
637   0000              	GLOBAL _zx_cls_pix_fastcall
638   0000              	GLOBAL _zx_cls_pix
639   0000              	GLOBAL _zx_cls_attr_fastcall
640   0000              	GLOBAL _zx_cls_attr
641   0000              	GLOBAL _zx_cls_fastcall
642   0000              	GLOBAL _zx_cls
643   0000              	GLOBAL _zx_border_fastcall
644   0000              	GLOBAL _zx_border
645   0000              	GLOBAL _zx_tape_verify_block_callee
646   0000              	GLOBAL _zx_tape_verify_block
647   0000              	GLOBAL _zx_tape_save_block_callee
648   0000              	GLOBAL _zx_tape_save_block
649   0000              	GLOBAL _zx_tape_load_block_callee
650   0000              	GLOBAL _zx_tape_load_block
651   0000              	GLOBAL _spr_destroy
652   0000              	GLOBAL _spr_colision_boss
653   0000              	GLOBAL _spr_colision_b
654   0000              	GLOBAL _spr_unflattenP1
655   0000              	GLOBAL _spr_flatten
656   0000              	GLOBAL _spr_btile_paint_back
657   0000              	GLOBAL _spr_bullet_explode
658   0000              	GLOBAL _spr_init_effects
659   0000              	GLOBAL _spr_turn_horizontal
660   0000              	GLOBAL _spr_bullets_play
661   0000              	GLOBAL _spr_play_anim
662   0000              	GLOBAL _spr_add_anim
663   0000              	GLOBAL _spr_clear_scr
664   0000              	GLOBAL _spr_page_map
665   0000              	GLOBAL _spr_page_down
666   0000              	GLOBAL _spr_page_up
667   0000              	GLOBAL _spr_page_right
668   0000              	GLOBAL _spr_page_left
669   0000              	GLOBAL _spr_tile_paint
670   0000              	GLOBAL _spr_draw_index
671   0000              	GLOBAL _spr_brick_anim
672   0000              	GLOBAL _spr_back_repaint
673   0000              	GLOBAL _spr_tile_dir
674   0000              	GLOBAL _spr_tile
675   0000              	GLOBAL _spr_paint_player
676   0000              	GLOBAL _spr_paint
677   0000              	GLOBAL _spr_move_left
678   0000              	GLOBAL _spr_move_right
679   0000              	GLOBAL _spr_move_horizontal
680   0000              	GLOBAL _spr_move_down
681   0000              	GLOBAL _spr_move_up
682   0000              	GLOBAL _spr_set_right
683   0000              	GLOBAL _spr_set_left
684   0000              	GLOBAL _spr_set_down
685   0000              	GLOBAL _spr_set_up
686   0000              	GLOBAL _spr_calc_index
687   0000              	GLOBAL _spr_chktime
688   0000              	GLOBAL _player_fix_walk_lin
689   0000              	GLOBAL _player_gasta_brick
690   0000              	GLOBAL _player_lost_life
691   0000              	GLOBAL _player_damage
692   0000              	GLOBAL _player_open_door
693   0000              	GLOBAL _player_move_jump
694   0000              	GLOBAL _player_fire
695   0000              	GLOBAL _player_check_stairs_vertical
696   0000              	GLOBAL _player_check_stairs
697   0000              	GLOBAL _player_tile
698   0000              	GLOBAL _player_anim_stairs
699   0000              	GLOBAL _player_pick_item
700   0000              	GLOBAL _player_check_floor
701   0000              	GLOBAL _player_hit_platform_clear
702   0000              	GLOBAL _player_score_add
703   0000              	GLOBAL _player_hit_platform
704   0000              	GLOBAL _player_move_input
705   0000              	GLOBAL _player_turn
706   0000              	GLOBAL _player_move
707   0000              	GLOBAL _player_action_jump
708   0000              	GLOBAL _player_action_fire
709   0000              	GLOBAL _player_check_input
710   0000              	GLOBAL _player_pick_mushroom
711   0000              	GLOBAL _player_collision
712   0000              	GLOBAL _player_init
713   0000              	GLOBAL _game_match_back_strict
714   0000              	GLOBAL _game_match_back
715   0000              	GLOBAL _game_attribs
716   0000              	GLOBAL _game_boss_clear
717   0000              	GLOBAL _game_boss_kill
718   0000              	GLOBAL _game_obj_clear
719   0000              	GLOBAL _game_obj_chk
720   0000              	GLOBAL _game_obj_set
721   0000              	GLOBAL _game_shoot_fire_boss
722   0000              	GLOBAL _game_shoot_fire
723   0000              	GLOBAL _game_add_enemy
724   0000              	GLOBAL _game_print_header
725   0000              	GLOBAL _game_check_time
726   0000              	GLOBAL _game_rotate_attrib_osd
727   0000              	GLOBAL _game_rotate_attrib
728   0000              	GLOBAL _game_colour_message
729   0000              	GLOBAL _game_paint_attrib
730   0000              	GLOBAL _game_print_score
731   0000              	GLOBAL _game_check_cell
732   0000              	GLOBAL _game_check_map
733   0000              	GLOBAL _game_loop
734   0000              	GLOBAL _game_round_init
735   0000              	GLOBAL _game_set_checkpoint
736   0000              	GLOBAL _game_start_timer
737   0000              	GLOBAL _game_update_stats
738   0000              	GLOBAL _game_print_footer
739   0000              	GLOBAL _game_fill_row
740   0000              	GLOBAL _game_cls
741   0000              	GLOBAL _game_fps
742   0000              	GLOBAL _game_respawn
743   0000              	GLOBAL _game_draw_screen
744   0000              	GLOBAL _boss_draw_frame
745   0000              	GLOBAL _boss_draw
746   0000              	GLOBAL _boss_turn
747   0000              	GLOBAL _enemy_avoid_dead
748   0000              	GLOBAL _enemy_avoid_fall
749   0000              	GLOBAL _enemy_kill
750   0000              	GLOBAL _enemy_respawn
751   0000              	GLOBAL _enemy_init
752   0000              	GLOBAL _enemy_move
753   0000              	GLOBAL _enemy_turn
754   0000              	GLOBAL _enemy_static
755   0000              	GLOBAL _enemy_walk
756   0000              	GLOBAL _enemy_horizontal
757   0000              	GLOBAL _enemy_vertical
758   0000              	GLOBAL _ay_reset
759   0000              	GLOBAL _ay_song_stop
760   0000              	GLOBAL _ay_song_play
761   0000              	GLOBAL _ay_fx_stop
762   0000              	GLOBAL _ay_fx_play
763   0000              	GLOBAL _ay_is_playing
764   0000              	GLOBAL _audio_levelup
765   0000              	GLOBAL _audio_checkpoint
766   0000              	GLOBAL _audio_menu
767   0000              	GLOBAL _audio_game_end
768   0000              	GLOBAL _audio_level_complete
769   0000              	GLOBAL _audio_level_start
770   0000              	GLOBAL _audio_lotr_lose_a_life
771   0000              	GLOBAL _audio_mushroom
772   0000              	GLOBAL _audio_puerta
773   0000              	GLOBAL _audio_sin_mana
774   0000              	GLOBAL _audio_magic1
775   0000              	GLOBAL _audio_coin
776   0000              	GLOBAL _audio_golpe
777   0000              	GLOBAL _audio_salto
778   0000              	GLOBAL _audio_efecto
779   0000              	GLOBAL _audio_disparo_fire
780   0000              	GLOBAL _audio_disparo_axe
781   0000              	GLOBAL _audio_disparo2
782   0000              	GLOBAL _audio_disparo1
783   0000              	GLOBAL _audio_respawn
784   0000              	GLOBAL _audio_explosion1
785   0000              	GLOBAL _audio_explosion
786   0000              	GLOBAL _audio_ingame
787   0000              	GLOBAL _test_func
788   0000              	GLOBAL _test_proc
789   0000              	GLOBAL _in_mouse_kempston_wheel_delta
790   0000              	GLOBAL _in_mouse_kempston_wheel
791   0000              	GLOBAL _in_mouse_kempston_callee
792   0000              	GLOBAL _in_mouse_kempston
793   0000              	GLOBAL _in_mouse_kempston_setpos_callee
794   0000              	GLOBAL _in_mouse_kempston_setpos
795   0000              	GLOBAL _in_mouse_kempston_reset
796   0000              	GLOBAL _in_mouse_kempston_init
797   0000              	GLOBAL _in_mouse_amx_wheel_delta
798   0000              	GLOBAL _in_mouse_amx_wheel
799   0000              	GLOBAL _in_mouse_amx_callee
800   0000              	GLOBAL _in_mouse_amx
801   0000              	GLOBAL _in_mouse_amx_setpos_callee
802   0000              	GLOBAL _in_mouse_amx_setpos
803   0000              	GLOBAL _in_mouse_amx_reset
804   0000              	GLOBAL _in_mouse_amx_init_callee
805   0000              	GLOBAL _in_mouse_amx_init
806   0000              	GLOBAL _in_stick_sinclair2
807   0000              	GLOBAL _in_stick_sinclair1
808   0000              	GLOBAL _in_stick_kempston
809   0000              	GLOBAL _in_stick_fuller
810   0000              	GLOBAL _in_stick_cursor
811   0000              	GLOBAL _in_stick_keyboard_fastcall
812   0000              	GLOBAL _in_stick_keyboard
813   0000              	GLOBAL _in_wait_nokey
814   0000              	GLOBAL _in_wait_key
815   0000              	GLOBAL _in_test_key
816   0000              	GLOBAL _in_pause_fastcall
817   0000              	GLOBAL _in_pause
818   0000              	GLOBAL _in_key_scancode_fastcall
819   0000              	GLOBAL _in_key_scancode
820   0000              	GLOBAL _in_key_pressed_fastcall
821   0000              	GLOBAL _in_key_pressed
822   0000              	GLOBAL _in_inkey
823   0000              	GLOBAL _NIRVANAP_CHAR_TABLE
824   0000              	GLOBAL _NIRVANAP_WIDE_IMAGES
825   0000              	GLOBAL _NIRVANAP_TILE_IMAGES
826   0000              	GLOBAL _NIRVANAP_HOLE
827   0000              	GLOBAL _NIRVANAP_ISR_HOOK
828   0000              	GLOBAL _scan_map
829   0000              	GLOBAL _key_map
830   0000              	GLOBAL _player_lvl_table
831   0000              	GLOBAL _stp_row
832   0000              	GLOBAL _stp_col
833   0000              	GLOBAL _stp_tile
834   0000              	GLOBAL _map_paper_last_a
835   0000              	GLOBAL _map_paper_last
836   0000              	GLOBAL _map_paper_clr
837   0000              	GLOBAL _map_paper
838   0000              	GLOBAL _draw_count
839   0000              	GLOBAL _g_player_hit_right
840   0000              	GLOBAL _g_player_hit_left
841   0000              	GLOBAL _bullet_count
842   0000              	GLOBAL _boss_stat
843   0000              	GLOBAL _boss_time_fire
844   0000              	GLOBAL _boss_time
845   0000              	GLOBAL _boss_tile
846   0000              	GLOBAL _boss_inc
847   0000              	GLOBAL _boss_col
848   0000              	GLOBAL _boss_lin
849   0000              	GLOBAL _bullet
850   0000              	GLOBAL _bullet_vel
851   0000              	GLOBAL _bullet_frames
852   0000              	GLOBAL _bullet_colint
853   0000              	GLOBAL _bullet_dir
854   0000              	GLOBAL _bullet_tile
855   0000              	GLOBAL _bullet_col
856   0000              	GLOBAL _bullet_lin
857   0000              	GLOBAL _bullet_col0
858   0000              	GLOBAL _bullet_lin0
859   0000              	GLOBAL _bullet_max
860   0000              	GLOBAL _bullet_class
861   0000              	GLOBAL _mush_class
862   0000              	GLOBAL _mush_index
863   0000              	GLOBAL _anim_count
864   0000              	GLOBAL _anim_respanwn
865   0000              	GLOBAL _anim_loop
866   0000              	GLOBAL _anim_end
867   0000              	GLOBAL _anim_int
868   0000              	GLOBAL _anim_tile
869   0000              	GLOBAL _anim_col
870   0000              	GLOBAL _anim_lin
871   0000              	GLOBAL _map_heigth
872   0000              	GLOBAL _map_width
873   0000              	GLOBAL _scr_curr
874   0000              	GLOBAL _sprite_kind
875   0000              	GLOBAL _scr_obj1
876   0000              	GLOBAL _scr_obj0
877   0000              	GLOBAL _scr_map
878   0000              	GLOBAL _spr_init
879   0000              	GLOBAL _spr_map_tile
880   0000              	GLOBAL _sprite_frames
881   0000              	GLOBAL _sprite_base_speed
882   0000              	GLOBAL _sprite_speed
883   0000              	GLOBAL _screen_ink
884   0000              	GLOBAL _screen_paper
885   0000              	GLOBAL _player_onstair
886   0000              	GLOBAL _game_start_scr
887   0000              	GLOBAL _game_respawn_tile
888   0000              	GLOBAL _game_respawn_index
889   0000              	GLOBAL _game_respawn_time
890   0000              	GLOBAL _game_score_top
891   0000              	GLOBAL _player_coins
892   0000              	GLOBAL _player_lives
893   0000              	GLOBAL _game_over
894   0000              	GLOBAL _game_sound
895   0000              	GLOBAL _game_inf_lives
896   0000              	GLOBAL _game_inmune
897   0000              	GLOBAL _sprite_curr_index
898   0000              	GLOBAL _spr_count
899   0000              	GLOBAL _bullet_time
900   0000              	GLOBAL _anim_time
901   0000              	GLOBAL _frame_time
902   0000              	GLOBAL _curr_time
903   0000              	GLOBAL _s_state
904   0000              	GLOBAL _attrib_osd
905   0000              	GLOBAL _attrib_hl
906   0000              	GLOBAL _attrib
907   0000              	GLOBAL _zx_val_asm
908   0000              	GLOBAL _enemies
909   0000              	GLOBAL _tmp_ui
910   0000              	GLOBAL _tmp_sc
911   0000              	GLOBAL _tmp_uc
912   0000              	GLOBAL _tmp1
913   0000              	GLOBAL _tmp0
914   0000              	GLOBAL _tmp
915   0000              	GLOBAL _index1
916   0000              	GLOBAL _index0
917   0000              	GLOBAL _loop_count
918   0000              	GLOBAL _s_class
919   0000              	GLOBAL _s_col1
920   0000              	GLOBAL _s_col0
921   0000              	GLOBAL _s_lin1
922   0000              	GLOBAL _s_lin0
923   0000              	GLOBAL _s_tile1
924   0000              	GLOBAL _s_tile0
925   0000              	GLOBAL _player_brick_time
926   0000              	GLOBAL _player_hit_count
927   0000              	GLOBAL _game_debug
928   0000              	GLOBAL _sprite_horizontal_check
929   0000              	GLOBAL _sprite_on_air
930   0000              	GLOBAL _sprite
931   0000              	GLOBAL _fps
932   0000              	GLOBAL _menu_curr_sel
933   0000              	GLOBAL _game_control_jump_lock
934   0000              	GLOBAL _game_control_fire_lock
935   0000              	GLOBAL _game_control_mode
936   0000              	GLOBAL _game_respawn_curr_time
937   0000              	GLOBAL _game_round_up
938   0000              	GLOBAL _game_mush_count
939   0000              	GLOBAL _game_song_play_start
940   0000              	GLOBAL _game_song_play
941   0000              	GLOBAL _game_boss_fix
942   0000              	GLOBAL _game_boss_hit
943   0000              	GLOBAL _game_boss_alive
944   0000              	GLOBAL _game_boss
945   0000              	GLOBAL _game_world
946   0000              	GLOBAL _game_gravity
947   0000              	GLOBAL _player_onfire
948   0000              	GLOBAL _player_anim_stair
949   0000              	GLOBAL _player_hit
950   0000              	GLOBAL _player_hit_time
951   0000              	GLOBAL _game_checkpoint_scr
952   0000              	GLOBAL _game_checkpoint_lin
953   0000              	GLOBAL _game_checkpoint_col
954   0000              	GLOBAL _player_jump_check
955   0000              	GLOBAL _player_lin_scr
956   0000              	GLOBAL _player_col_scr
957   0000              	GLOBAL _player_lvl
958   0000              	GLOBAL _player_int
959   0000              	GLOBAL _player_str
960   0000              	GLOBAL _player_max_vita
961   0000              	GLOBAL _player_max_mana
962   0000              	GLOBAL _player_vita
963   0000              	GLOBAL _player_mana
964   0000              	GLOBAL _player_keys
965   0000              	GLOBAL _player_vel_inc
966   0000              	GLOBAL _player_vel_y1
967   0000              	GLOBAL _player_vel_y0
968   0000              	GLOBAL _player_vel_y
969   0000              	GLOBAL _player_vel_x
970   0000              	GLOBAL _player_score
971   0000              	GLOBAL _last_time
972   0000              	GLOBAL _spr_timer
973   0000              	GLOBAL _jump_lin
974   0000              	GLOBAL _player_hit_col
975   0000              	GLOBAL _player_hit_lin
976   0000              	GLOBAL _colint
977   0000              	GLOBAL _col
978   0000              	GLOBAL _tbuffer
979   0000              	GLOBAL _lin
980   0000              	GLOBAL _tile
981   0000              	GLOBAL _state_a
982   0000              	GLOBAL _state
983   0000              	GLOBAL _class
984   0000              	GLOBAL _dirs_alt
985   0000              	GLOBAL _dirs
986   0000              	GLOBAL _k2
987   0000              	GLOBAL _k1
988   0000              	GLOBAL _joyfunc2
989   0000              	GLOBAL _joyfunc1
990   0000              	GLOBAL _btiles
991   0000              	GLOBAL _spec128
992   0000              	GLOBAL _GLOBAL_ZX_PORT_7FFD
993   0000              	GLOBAL _GLOBAL_ZX_PORT_1FFD
994   0000              	GLOBAL _GLOBAL_ZX_PORT_FE
995   0000              	GLOBAL _ay_fx_06_disparo_fire
996   0000              	GLOBAL _ay_fx_06_disparo_axe
997   0000              	GLOBAL _ay_fx_06_respawn
998   0000              	GLOBAL _ay_fx_06_explosion1
999   0000              	GLOBAL _ay_fx_06_efecto
1000  0000              	GLOBAL _ay_fx_06_disparo2
1001  0000              	GLOBAL _ay_fx_06_disparo1
1002  0000              	GLOBAL _ay_fx_06_checkpoint
1003  0000              	GLOBAL _ay_fx_06_levelup
1004  0000              	GLOBAL _ay_fx_06_mushroom
1005  0000              	GLOBAL _ay_fx_06_magic
1006  0000              	GLOBAL _ay_fx_06_sin_mana
1007  0000              	GLOBAL _ay_fx_06_salto
1008  0000              	GLOBAL _ay_fx_06_puerta
1009  0000              	GLOBAL _ay_fx_06_magic1
1010  0000              	GLOBAL _ay_fx_06_golpe
1011  0000              	GLOBAL _ay_fx_06_explosion
1012  0000              	GLOBAL _ay_fx_06_dano_por_toque
1013  0000              	GLOBAL _ay_fx_06_coin
1014  0000              	GLOBAL _ay_song_06_lotr_level_start
1015  0000              	GLOBAL _ay_song_06_lotr_level_complete
1016  0000              	GLOBAL _ay_song_06_lotr_lose_a_life
1017  0000              	GLOBAL _ay_song_04_doom
1018  0000              	GLOBAL _ay_song_04_luna
1019  0000              	GLOBAL _ay_song_04_ciel
1020  0000              	GLOBAL _ay_song_04_hope
1021  0000              	GLOBAL _ay_song_03_regis
1022  0000              	GLOBAL _ay_song_03_sunflower
1023  0000              	GLOBAL _ay_song_03_lotr
1024  0000              	GLOBAL _world0_h
1025  0000              	GLOBAL _world0_w
1026  0000              	GLOBAL _world0
1027  0000              	GLOBAL _paper0
1028  0000              	GLOBAL _lenght0
1029  0000              	GLOBAL _start_scr0
1030  0000              ;--------------------------------------------------------
1031  0000              ; special function registers
1032  0000              ;--------------------------------------------------------
1033  0000              defc _IO_FE	=	0x00fe
1034  0000              defc _IO_1FFD	=	0x1ffd
1035  0000              defc _IO_7FFD	=	0x7ffd
1036  0000              ;--------------------------------------------------------
1037  0000              ; ram data
1038  0000              ;--------------------------------------------------------
1039  0000              	SECTION bss_compiler
1040  0000              ;--------------------------------------------------------
1041  0000              ; ram data
1042  0000              ;--------------------------------------------------------
1043  0000              
1044  0000              IF 0
1045  0000              
1046  0000              ; .area _INITIALIZED removed by z88dk
1047  0000              
1048  0000              
1049  0000              ENDIF
1050  0000              
1051  0000              ;--------------------------------------------------------
1052  0000              ; absolute external ram data
1053  0000              ;--------------------------------------------------------
1054  0000              	SECTION IGNORE
1055  0000              ;--------------------------------------------------------
1056  0000              ; global & static initialisations
1057  0000              ;--------------------------------------------------------
1058  0000              	SECTION code_crt_init
1059  0000              ;--------------------------------------------------------
1060  0000              ; Home
1061  0000              ;--------------------------------------------------------
1062  0000              	SECTION IGNORE
1063  0000              ;--------------------------------------------------------
1064  0000              ; code
1065  0000              ;--------------------------------------------------------
1066  0000              	SECTION code_compiler
1067  0000              ;	---------------------------------
1068  0000              ; Function menu_main
1069  0000              ; ---------------------------------
1070  0000              _menu_main:
1071  0000  CD 00 00    	call	___sdcc_enter_ix
1072  0003  3B          	dec	sp
1073  0004  DD 36 FF 01 	ld	(ix-1),0x01
1074  0008  21 00 00    	ld	hl,_map_paper
1075  000B  36 00       	ld	(hl),0x00
1076  000D  CD 00 00    	call	_audio_menu
1077  0010  CD F9 00    	call	_menu_main_print
1078  0013              l_menu_main_00114:
1079  0013  DD 7E FF    	ld	a,(ix-1)
1080  0016  B7          	or	a, a
1081  0017  CA F5 00    	jp	Z, l_menu_main_00117
1082  001A  21 28 00    	ld	hl,0x0028
1083  001D  CD 00 00    	call	_z80_delay_ms_fastcall
1084  0020  CD 00 00    	call	_in_inkey
1085  0023  E5          	push	hl
1086  0024  CD 00 00    	call	_game_rotate_attrib
1087  0027  C1          	pop	bc
1088  0028  3A 00 00    	ld	a,(_menu_curr_sel)
1089  002B  C6 06       	add	a,0x06
1090  002D  07          	rlca
1091  002E  07          	rlca
1092  002F  07          	rlca
1093  0030  E6 F8       	and	a,0xf8
1094  0032  C6 08       	add	a,0x08
1095  0034  47          	ld	b, a
1096  0035  C5          	push	bc
1097  0036  C5          	push	bc
1098  0037  33          	inc	sp
1099  0038  21 0B 16    	ld	hl,0x160b
1100  003B  E5          	push	hl
1101  003C  21 00 00    	ld	hl,_attrib_hl
1102  003F  E5          	push	hl
1103  0040  CD 00 00    	call	_game_paint_attrib
1104  0043  F1          	pop	af
1105  0044  F1          	pop	af
1106  0045  33          	inc	sp
1107  0046  C1          	pop	bc
1108  0047  79          	ld	a, c
1109  0048  C6 D0       	add	a,0xd0
1110  004A  4F          	ld	c, a
1111  004B  3E 06       	ld	a,0x06
1112  004D  91          	sub	a, c
1113  004E  DA D8 00    	jp	C, l_menu_main_00110
1114  0051  59          	ld	e, c
1115  0052  16 00       	ld	d,0x00
1116  0054  21 5A 00    	ld	hl,l_menu_main_00143
1117  0057  19          	add	hl, de
1118  0058  19          	add	hl, de
1119  0059  E9          	jp	(hl)
1120  005A              l_menu_main_00143:
1121  005A  18 64       	jr	l_menu_main_00109
1122  005C  18 0A       	jr	l_menu_main_00101
1123  005E  18 15       	jr	l_menu_main_00102
1124  0060  18 20       	jr	l_menu_main_00103
1125  0062  18 2B       	jr	l_menu_main_00104
1126  0064  18 36       	jr	l_menu_main_00105
1127  0066  18 46       	jr	l_menu_main_00106
1128  0068              l_menu_main_00101:
1129  0068  21 00 00    	ld	hl,_in_stick_sinclair1
1130  006B  22 00 00    	ld	(_joyfunc1),hl
1131  006E  21 00 00    	ld	hl,_menu_curr_sel
1132  0071  36 01       	ld	(hl),0x01
1133  0073  18 63       	jr	l_menu_main_00110
1134  0075              l_menu_main_00102:
1135  0075  21 00 00    	ld	hl,_in_stick_keyboard
1136  0078  22 00 00    	ld	(_joyfunc1),hl
1137  007B  21 00 00    	ld	hl,_menu_curr_sel
1138  007E  36 02       	ld	(hl),0x02
1139  0080  18 56       	jr	l_menu_main_00110
1140  0082              l_menu_main_00103:
1141  0082  21 00 00    	ld	hl,_in_stick_kempston
1142  0085  22 00 00    	ld	(_joyfunc1),hl
1143  0088  21 00 00    	ld	hl,_menu_curr_sel
1144  008B  36 03       	ld	(hl),0x03
1145  008D  18 49       	jr	l_menu_main_00110
1146  008F              l_menu_main_00104:
1147  008F  21 00 00    	ld	hl,_in_stick_cursor
1148  0092  22 00 00    	ld	(_joyfunc1),hl
1149  0095  21 00 00    	ld	hl,_menu_curr_sel
1150  0098  36 04       	ld	(hl),0x04
1151  009A  18 3C       	jr	l_menu_main_00110
1152  009C              l_menu_main_00105:
1153  009C  C5          	push	bc
1154  009D  CD 6F 02    	call	_menu_redefine
1155  00A0  C1          	pop	bc
1156  00A1  21 00 00    	ld	hl,_in_stick_keyboard
1157  00A4  22 00 00    	ld	(_joyfunc1),hl
1158  00A7  21 00 00    	ld	hl,_menu_curr_sel
1159  00AA  36 02       	ld	(hl),0x02
1160  00AC  18 2A       	jr	l_menu_main_00110
1161  00AE              l_menu_main_00106:
1162  00AE  21 00 00    	ld	hl,_game_control_mode
1163  00B1  34          	inc	(hl)
1164  00B2  3E 02       	ld	a,0x02
1165  00B4  96          	sub	a, (hl)
1166  00B5  30 02       	jr	NC,l_menu_main_00108
1167  00B7  36 00       	ld	(hl),0x00
1168  00B9              l_menu_main_00108:
1169  00B9  C5          	push	bc
1170  00BA  CD F9 00    	call	_menu_main_print
1171  00BD  C1          	pop	bc
1172  00BE  18 18       	jr	l_menu_main_00110
1173  00C0              l_menu_main_00109:
1174  00C0  76          	halt
1175  00C1  C5          	push	bc
1176  00C2  CD 00 00    	call	_game_cls
1177  00C5  C1          	pop	bc
1178  00C6  CD 00 00    	call	_ay_reset
1179  00C9  C5          	push	bc
1180  00CA  CD 00 00    	call	_audio_coin
1181  00CD  21 2C 01    	ld	hl,0x012c
1182  00D0  CD 00 00    	call	_z80_delay_ms_fastcall
1183  00D3  C1          	pop	bc
1184  00D4  DD 36 FF 00 	ld	(ix-1),0x00
1185  00D8              l_menu_main_00110:
1186  00D8  79          	ld	a,c
1187  00D9  B7          	or	a, a
1188  00DA  CA 13 00    	jp	Z,l_menu_main_00114
1189  00DD  D6 05       	sub	a,0x05
1190  00DF  D2 13 00    	jp	NC, l_menu_main_00114
1191  00E2  C5          	push	bc
1192  00E3  33          	inc	sp
1193  00E4  21 0A 16    	ld	hl,0x160a
1194  00E7  E5          	push	hl
1195  00E8  21 00 00    	ld	hl,_attrib
1196  00EB  E5          	push	hl
1197  00EC  CD 00 00    	call	_game_paint_attrib
1198  00EF  F1          	pop	af
1199  00F0  F1          	pop	af
1200  00F1  33          	inc	sp
1201  00F2  C3 13 00    	jp	l_menu_main_00114
1202  00F5              l_menu_main_00117:
1203  00F5  33          	inc	sp
1204  00F6  DD E1       	pop	ix
1205  00F8  C9          	ret
1206  00F9              	SECTION code_compiler
1207  00F9              ;	---------------------------------
1208  00F9              ; Function menu_main_print
1209  00F9              ; ---------------------------------
1210  00F9              _menu_main_print:
1211  00F9  CD 00 00    	call	_game_cls
1212  00FC  21 20 0B    	ld	hl,0x0b20
1213  00FF  E5          	push	hl
1214  0100  21 00 CC    	ld	hl,0xcc00
1215  0103  E5          	push	hl
1216  0104  CD 00 00    	call	_NIRVANAP_spriteT_callee
1217  0107  21 20 0D    	ld	hl,0x0d20
1218  010A  E5          	push	hl
1219  010B  21 01 CD    	ld	hl,0xcd01
1220  010E  E5          	push	hl
1221  010F  CD 00 00    	call	_NIRVANAP_spriteT_callee
1222  0112  21 20 0F    	ld	hl,0x0f20
1223  0115  E5          	push	hl
1224  0116  21 02 CE    	ld	hl,0xce02
1225  0119  E5          	push	hl
1226  011A  CD 00 00    	call	_NIRVANAP_spriteT_callee
1227  011D  21 20 11    	ld	hl,0x1120
1228  0120  E5          	push	hl
1229  0121  21 03 CF    	ld	hl,0xcf03
1230  0124  E5          	push	hl
1231  0125  CD 00 00    	call	_NIRVANAP_spriteT_callee
1232  0128  CD 00 00    	call	_game_attribs
1233  012B  21 00 00    	ld	hl,___str_0
1234  012E  E5          	push	hl
1235  012F  21 07 0A    	ld	hl,0x0a07
1236  0132  E5          	push	hl
1237  0133  CD 00 00    	call	_zx_print_str
1238  0136  21 14 40    	ld	hl,0x4014
1239  0139  E5          	push	hl
1240  013A  3E 0A       	ld	a,0x0a
1241  013C  F5          	push	af
1242  013D  33          	inc	sp
1243  013E  21 00 00    	ld	hl,_attrib
1244  0141  E5          	push	hl
1245  0142  CD 00 00    	call	_game_paint_attrib
1246  0145  F1          	pop	af
1247  0146  33          	inc	sp
1248  0147  21 0B 00    	ld	hl,___str_1
1249  014A  E3          	ex	(sp),hl
1250  014B  21 08 0A    	ld	hl,0x0a08
1251  014E  E5          	push	hl
1252  014F  CD 00 00    	call	_zx_print_str
1253  0152  21 14 48    	ld	hl,0x4814
1254  0155  E5          	push	hl
1255  0156  3E 0A       	ld	a,0x0a
1256  0158  F5          	push	af
1257  0159  33          	inc	sp
1258  015A  21 00 00    	ld	hl,_attrib
1259  015D  E5          	push	hl
1260  015E  CD 00 00    	call	_game_paint_attrib
1261  0161  F1          	pop	af
1262  0162  33          	inc	sp
1263  0163  21 16 00    	ld	hl,___str_2
1264  0166  E3          	ex	(sp),hl
1265  0167  21 09 0A    	ld	hl,0x0a09
1266  016A  E5          	push	hl
1267  016B  CD 00 00    	call	_zx_print_str
1268  016E  21 14 50    	ld	hl,0x5014
1269  0171  E5          	push	hl
1270  0172  3E 0A       	ld	a,0x0a
1271  0174  F5          	push	af
1272  0175  33          	inc	sp
1273  0176  21 00 00    	ld	hl,_attrib
1274  0179  E5          	push	hl
1275  017A  CD 00 00    	call	_game_paint_attrib
1276  017D  F1          	pop	af
1277  017E  33          	inc	sp
1278  017F  21 21 00    	ld	hl,___str_3
1279  0182  E3          	ex	(sp),hl
1280  0183  21 0A 0A    	ld	hl,0x0a0a
1281  0186  E5          	push	hl
1282  0187  CD 00 00    	call	_zx_print_str
1283  018A  21 14 58    	ld	hl,0x5814
1284  018D  E5          	push	hl
1285  018E  3E 0A       	ld	a,0x0a
1286  0190  F5          	push	af
1287  0191  33          	inc	sp
1288  0192  21 00 00    	ld	hl,_attrib
1289  0195  E5          	push	hl
1290  0196  CD 00 00    	call	_game_paint_attrib
1291  0199  F1          	pop	af
1292  019A  33          	inc	sp
1293  019B  21 2A 00    	ld	hl,___str_4
1294  019E  E3          	ex	(sp),hl
1295  019F  21 0B 0A    	ld	hl,0x0a0b
1296  01A2  E5          	push	hl
1297  01A3  CD 00 00    	call	_zx_print_str
1298  01A6  21 14 60    	ld	hl,0x6014
1299  01A9  E5          	push	hl
1300  01AA  3E 0A       	ld	a,0x0a
1301  01AC  F5          	push	af
1302  01AD  33          	inc	sp
1303  01AE  21 00 00    	ld	hl,_attrib
1304  01B1  E5          	push	hl
1305  01B2  CD 00 00    	call	_game_paint_attrib
1306  01B5  F1          	pop	af
1307  01B6  33          	inc	sp
1308  01B7  21 33 00    	ld	hl,___str_5
1309  01BA  E3          	ex	(sp),hl
1310  01BB  21 0C 0A    	ld	hl,0x0a0c
1311  01BE  E5          	push	hl
1312  01BF  CD 00 00    	call	_zx_print_str
1313  01C2  3A 00 00    	ld	a,(_game_control_mode)
1314  01C5  B7          	or	a, a
1315  01C6  28 0C       	jr	Z,l_menu_main_print_00101
1316  01C8  3D          	dec	a
1317  01C9  28 16       	jr	Z,l_menu_main_print_00102
1318  01CB  3A 00 00    	ld	a,(_game_control_mode)
1319  01CE  D6 02       	sub	a,0x02
1320  01D0  28 1C       	jr	Z,l_menu_main_print_00103
1321  01D2  18 25       	jr	l_menu_main_print_00104
1322  01D4              l_menu_main_print_00101:
1323  01D4  21 3D 00    	ld	hl,___str_6
1324  01D7  E5          	push	hl
1325  01D8  21 0C 14    	ld	hl,0x140c
1326  01DB  E5          	push	hl
1327  01DC  CD 00 00    	call	_zx_print_str
1328  01DF  18 18       	jr	l_menu_main_print_00104
1329  01E1              l_menu_main_print_00102:
1330  01E1  21 41 00    	ld	hl,___str_7
1331  01E4  E5          	push	hl
1332  01E5  21 0C 14    	ld	hl,0x140c
1333  01E8  E5          	push	hl
1334  01E9  CD 00 00    	call	_zx_print_str
1335  01EC  18 0B       	jr	l_menu_main_print_00104
1336  01EE              l_menu_main_print_00103:
1337  01EE  21 45 00    	ld	hl,___str_8
1338  01F1  E5          	push	hl
1339  01F2  21 0C 14    	ld	hl,0x140c
1340  01F5  E5          	push	hl
1341  01F6  CD 00 00    	call	_zx_print_str
1342  01F9              l_menu_main_print_00104:
1343  01F9  21 18 68    	ld	hl,0x6818
1344  01FC  E5          	push	hl
1345  01FD  3E 0A       	ld	a,0x0a
1346  01FF  F5          	push	af
1347  0200  33          	inc	sp
1348  0201  21 00 00    	ld	hl,_attrib
1349  0204  E5          	push	hl
1350  0205  CD 00 00    	call	_game_paint_attrib
1351  0208  F1          	pop	af
1352  0209  33          	inc	sp
1353  020A  21 49 00    	ld	hl,___str_9
1354  020D  E3          	ex	(sp),hl
1355  020E  21 0E 0A    	ld	hl,0x0a0e
1356  0211  E5          	push	hl
1357  0212  CD 00 00    	call	_zx_print_str
1358  0215  21 14 78    	ld	hl,0x7814
1359  0218  E5          	push	hl
1360  0219  3E 0A       	ld	a,0x0a
1361  021B  F5          	push	af
1362  021C  33          	inc	sp
1363  021D  21 00 00    	ld	hl,_attrib
1364  0220  E5          	push	hl
1365  0221  CD 00 00    	call	_game_paint_attrib
1366  0224  F1          	pop	af
1367  0225  F1          	pop	af
1368  0226  33          	inc	sp
1369  0227  21 00 00    	ld	hl,_screen_ink
1370  022A  36 01       	ld	(hl),0x01
1371  022C  21 51 00    	ld	hl,___str_10
1372  022F  E5          	push	hl
1373  0230  21 13 02    	ld	hl,0x0213
1374  0233  E5          	push	hl
1375  0234  CD 00 00    	call	_zx_print_str
1376  0237  21 6C 00    	ld	hl,___str_11
1377  023A  E5          	push	hl
1378  023B  21 14 04    	ld	hl,0x0414
1379  023E  E5          	push	hl
1380  023F  CD 00 00    	call	_zx_print_str
1381  0242  21 82 00    	ld	hl,___str_12
1382  0245  E5          	push	hl
1383  0246  21 15 01    	ld	hl,0x0115
1384  0249  E5          	push	hl
1385  024A  CD 00 00    	call	_zx_print_str
1386  024D  21 00 00    	ld	hl,_screen_ink
1387  0250  36 05       	ld	(hl),0x05
1388  0252  21 9F 00    	ld	hl,___str_13
1389  0255  E5          	push	hl
1390  0256  21 17 08    	ld	hl,0x0817
1391  0259  E5          	push	hl
1392  025A  CD 00 00    	call	_zx_print_str
1393  025D  21 1F C0    	ld	hl,0xc01f
1394  0260  E5          	push	hl
1395  0261  AF          	xor	a, a
1396  0262  F5          	push	af
1397  0263  33          	inc	sp
1398  0264  21 00 00    	ld	hl,_attrib
1399  0267  E5          	push	hl
1400  0268  CD 00 00    	call	_game_paint_attrib
1401  026B  F1          	pop	af
1402  026C  F1          	pop	af
1403  026D  33          	inc	sp
1404  026E  C9          	ret
1405  026F              	SECTION rodata_compiler
1406  0000              ___str_0:
1407  0000  31 20 53 49 4E 43 4C 41 49 52 
                        	DEFM "1 SINCLAIR"
1408  000A  00          	DEFB 0x00
1409  000B              	SECTION rodata_compiler
1410  000B              ___str_1:
1411  000B  32 20 4B 45 59 42 4F 41 52 44 
                        	DEFM "2 KEYBOARD"
1412  0015  00          	DEFB 0x00
1413  0016              	SECTION rodata_compiler
1414  0016              ___str_2:
1415  0016  33 20 4B 45 4D 50 53 54 4F 4E 
                        	DEFM "3 KEMPSTON"
1416  0020  00          	DEFB 0x00
1417  0021              	SECTION rodata_compiler
1418  0021              ___str_3:
1419  0021  34 20 43 55 52 53 4F 52 
                        	DEFM "4 CURSOR"
1420  0029  00          	DEFB 0x00
1421  002A              	SECTION rodata_compiler
1422  002A              ___str_4:
1423  002A  35 20 44 45 46 49 4E 45 
                        	DEFM "5 DEFINE"
1424  0032  00          	DEFB 0x00
1425  0033              	SECTION rodata_compiler
1426  0033              ___str_5:
1427  0033  36 20 43 4F 4E 54 52 4F 4C 
                        	DEFM "6 CONTROL"
1428  003C  00          	DEFB 0x00
1429  003D              	SECTION rodata_compiler
1430  003D              ___str_6:
1431  003D  32 42 20    	DEFM "2B "
1432  0040  00          	DEFB 0x00
1433  0041              	SECTION rodata_compiler
1434  0041              ___str_7:
1435  0041  31 42 41    	DEFM "1BA"
1436  0044  00          	DEFB 0x00
1437  0045              	SECTION rodata_compiler
1438  0045              ___str_8:
1439  0045  31 42 42    	DEFM "1BB"
1440  0048  00          	DEFB 0x00
1441  0049              	SECTION rodata_compiler
1442  0049              ___str_9:
1443  0049  30 20 53 54 41 52 54 
                        	DEFM "0 START"
1444  0050  00          	DEFB 0x00
1445  0051              	SECTION rodata_compiler
1446  0051              ___str_10:
1447  0051  43 4F 44 45 20 43 2E 47 4F 4E 5A 41 4C 45 5A 20 41 2E 41 4C 42 52 45 43 48 54 
                        	DEFM "CODE C.GONZALEZ A.ALBRECHT"
1448  006B  00          	DEFB 0x00
1449  006C              	SECTION rodata_compiler
1450  006C              ___str_11:
1451  006C  4D 55 53 49 43 20 53 39 20 2F 20 42 45 59 4B 45 52 53 4F 46 54 
                        	DEFM "MUSIC S9 / BEYKERSOFT"
1452  0081  00          	DEFB 0x00
1453  0082              	SECTION rodata_compiler
1454  0082              ___str_12:
1455  0082  54 45 53 54 20 41 42 55 20 53 49 4D 42 45 4C 20 20 56 45 52 20 31 2E 30 34 44 4C 58 
                        	DEFM "TEST ABU SIMBEL  VER 1.04DLX"
1456  009E  00          	DEFB 0x00
1457  009F              	SECTION rodata_compiler
1458  009F              ___str_13:
1459  009F  32 30 31 38 20 4E 4F 45 4E 54 49 45 4E 44 4F 
                        	DEFM "2018 NOENTIENDO"
1460  00AE  00          	DEFB 0x00
1461  00AF              	SECTION code_compiler
1462  026F              ;	---------------------------------
1463  026F              ; Function menu_redefine
1464  026F              ; ---------------------------------
1465  026F              _menu_redefine:
1466  026F  76          	halt
1467  0270  2E 00       	ld	l,0x00
1468  0272  CD 00 00    	call	_zx_cls_fastcall
1469  0275  21 00 00    	ld	hl,_tmp0
1470  0278  36 08       	ld	(hl),0x08
1471  027A              l_menu_redefine_00105:
1472  027A  3A 00 00    	ld	a,(_tmp0)
1473  027D  07          	rlca
1474  027E  07          	rlca
1475  027F  07          	rlca
1476  0280  E6 F8       	and	a,0xf8
1477  0282  C6 08       	add	a,0x08
1478  0284  F5          	push	af
1479  0285  33          	inc	sp
1480  0286  21 0A 10    	ld	hl,0x100a
1481  0289  E5          	push	hl
1482  028A  21 00 00    	ld	hl,_attrib
1483  028D  E5          	push	hl
1484  028E  CD 00 00    	call	_game_paint_attrib
1485  0291  F1          	pop	af
1486  0292  F1          	pop	af
1487  0293  33          	inc	sp
1488  0294  21 00 00    	ld	hl,_tmp0
1489  0297  7E          	ld	a,(hl)
1490  0298  3C          	inc	a
1491  0299  77          	ld	(hl),a
1492  029A  D6 0E       	sub	a,0x0e
1493  029C  38 DC       	jr	C,l_menu_redefine_00105
1494  029E  21 AF 00    	ld	hl,___str_14
1495  02A1  E5          	push	hl
1496  02A2  21 08 0A    	ld	hl,0x0a08
1497  02A5  E5          	push	hl
1498  02A6  CD 00 00    	call	_zx_print_str
1499  02A9  CD 28 03    	call	_menu_define_key
1500  02AC  22 08 00    	ld	(_k1 + 0x0008),hl
1501  02AF  21 B2 00    	ld	hl,___str_15
1502  02B2  E5          	push	hl
1503  02B3  21 09 0A    	ld	hl,0x0a09
1504  02B6  E5          	push	hl
1505  02B7  CD 00 00    	call	_zx_print_str
1506  02BA  CD 28 03    	call	_menu_define_key
1507  02BD  22 06 00    	ld	(_k1 + 0x0006),hl
1508  02C0  21 B7 00    	ld	hl,___str_16
1509  02C3  E5          	push	hl
1510  02C4  21 0A 0A    	ld	hl,0x0a0a
1511  02C7  E5          	push	hl
1512  02C8  CD 00 00    	call	_zx_print_str
1513  02CB  CD 28 03    	call	_menu_define_key
1514  02CE  22 04 00    	ld	(_k1 + 0x0004),hl
1515  02D1  21 BC 00    	ld	hl,___str_17
1516  02D4  E5          	push	hl
1517  02D5  21 0B 0A    	ld	hl,0x0a0b
1518  02D8  E5          	push	hl
1519  02D9  CD 00 00    	call	_zx_print_str
1520  02DC  CD 28 03    	call	_menu_define_key
1521  02DF  22 02 00    	ld	(_k1 + 0x0002),hl
1522  02E2  3A 00 00    	ld	a,(_game_control_mode)
1523  02E5  B7          	or	a, a
1524  02E6  20 24       	jr	NZ,l_menu_redefine_00103
1525  02E8  21 C2 00    	ld	hl,___str_18
1526  02EB  E5          	push	hl
1527  02EC  21 0C 0A    	ld	hl,0x0a0c
1528  02EF  E5          	push	hl
1529  02F0  CD 00 00    	call	_zx_print_str
1530  02F3  CD 28 03    	call	_menu_define_key
1531  02F6  22 00 00    	ld	(_k1),hl
1532  02F9  21 C7 00    	ld	hl,___str_19
1533  02FC  E5          	push	hl
1534  02FD  21 0D 0A    	ld	hl,0x0a0d
1535  0300  E5          	push	hl
1536  0301  CD 00 00    	call	_zx_print_str
1537  0304  CD 28 03    	call	_menu_define_key
1538  0307  22 00 00    	ld	(_k2),hl
1539  030A  18 11       	jr	l_menu_redefine_00104
1540  030C              l_menu_redefine_00103:
1541  030C  21 C7 00    	ld	hl,___str_19
1542  030F  E5          	push	hl
1543  0310  21 0C 0A    	ld	hl,0x0a0c
1544  0313  E5          	push	hl
1545  0314  CD 00 00    	call	_zx_print_str
1546  0317  CD 28 03    	call	_menu_define_key
1547  031A  22 00 00    	ld	(_k1),hl
1548  031D              l_menu_redefine_00104:
1549  031D  21 0C 20    	ld	hl,0x200c
1550  0320  E5          	push	hl
1551  0321  CD 00 00    	call	_game_fill_row
1552  0324  CD F9 00    	call	_menu_main_print
1553  0327  C9          	ret
1554  0328              	SECTION rodata_compiler
1555  00AF              ___str_14:
1556  00AF  55 50       	DEFM "UP"
1557  00B1  00          	DEFB 0x00
1558  00B2              	SECTION rodata_compiler
1559  00B2              ___str_15:
1560  00B2  44 4F 57 4E 	DEFM "DOWN"
1561  00B6  00          	DEFB 0x00
1562  00B7              	SECTION rodata_compiler
1563  00B7              ___str_16:
1564  00B7  4C 45 46 54 	DEFM "LEFT"
1565  00BB  00          	DEFB 0x00
1566  00BC              	SECTION rodata_compiler
1567  00BC              ___str_17:
1568  00BC  52 49 47 48 54 
                        	DEFM "RIGHT"
1569  00C1  00          	DEFB 0x00
1570  00C2              	SECTION rodata_compiler
1571  00C2              ___str_18:
1572  00C2  4A 55 4D 50 	DEFM "JUMP"
1573  00C6  00          	DEFB 0x00
1574  00C7              	SECTION rodata_compiler
1575  00C7              ___str_19:
1576  00C7  46 49 52 45 	DEFM "FIRE"
1577  00CB  00          	DEFB 0x00
1578  00CC              	SECTION code_compiler
1579  0328              ;	---------------------------------
1580  0328              ; Function menu_define_key
1581  0328              ; ---------------------------------
1582  0328              _menu_define_key:
1583  0328              l_menu_define_key_00107:
1584  0328  CD 00 00    	call	_in_wait_key
1585  032B  CD 00 00    	call	_in_inkey
1586  032E  7D          	ld	a,l
1587  032F  32 00 00    	ld	(_tmp1),a
1588  0332  CD 00 00    	call	_in_wait_nokey
1589  0335  21 00 00    	ld	hl,_tmp0
1590  0338  36 00       	ld	(hl),0x00
1591  033A              l_menu_define_key_00103:
1592  033A  21 00 00    	ld	hl,_tmp0
1593  033D  7E          	ld	a, (hl)
1594  033E  D6 26       	sub	a,0x26
1595  0340  30 E6       	jr	NC,l_menu_define_key_00107
1596  0342  4E          	ld	c,(hl)
1597  0343  06 00       	ld	b,0x00
1598  0345  21 00 00    	ld	hl,_key_map
1599  0348  09          	add	hl,bc
1600  0349  4E          	ld	c, (hl)
1601  034A  3A 00 00    	ld	a,(_tmp1)
1602  034D  91          	sub	a, c
1603  034E  20 10       	jr	NZ,l_menu_define_key_00102
1604  0350  01 00 00    	ld	bc,_scan_map+0
1605  0353  2A 00 00    	ld	hl,(_tmp0)
1606  0356  26 00       	ld	h,0x00
1607  0358  29          	add	hl, hl
1608  0359  09          	add	hl, bc
1609  035A  4E          	ld	c, (hl)
1610  035B  23          	inc	hl
1611  035C  66          	ld	h, (hl)
1612  035D  69          	ld	l, c
1613  035E  18 06       	jr	l_menu_define_key_00109
1614  0360              l_menu_define_key_00102:
1615  0360  21 00 00    	ld	hl,_tmp0
1616  0363  34          	inc	(hl)
1617  0364  18 D4       	jr	l_menu_define_key_00103
1618  0366              l_menu_define_key_00109:
1619  0366  C9          	ret
1620  0367              	SECTION IGNORE
1621  0000              
