1     0000              MODULE game_engine_c
2     0000              
3     0000              ;--------------------------------------------------------
4     0000              ; File Created by SDCC : free open source ANSI-C Compiler
5     0000              ; Version 3.6.5 #9958 (Mac OS X i386)
6     0000              ;--------------------------------------------------------
7     0000              ; Processed by Z88DK
8     0000              ;--------------------------------------------------------
9     0000              
10    0000              	EXTERN __divschar
11    0000              	EXTERN __divschar_callee
12    0000              	EXTERN __divsint
13    0000              	EXTERN __divsint_callee
14    0000              	EXTERN __divslong
15    0000              	EXTERN __divslong_callee
16    0000              	EXTERN __divslonglong
17    0000              	EXTERN __divslonglong_callee
18    0000              	EXTERN __divsuchar
19    0000              	EXTERN __divsuchar_callee
20    0000              	EXTERN __divuchar
21    0000              	EXTERN __divuchar_callee
22    0000              	EXTERN __divuint
23    0000              	EXTERN __divuint_callee
24    0000              	EXTERN __divulong
25    0000              	EXTERN __divulong_callee
26    0000              	EXTERN __divulonglong
27    0000              	EXTERN __divulonglong_callee
28    0000              	EXTERN __divuschar
29    0000              	EXTERN __divuschar_callee
30    0000              	EXTERN __modschar
31    0000              	EXTERN __modschar_callee
32    0000              	EXTERN __modsint
33    0000              	EXTERN __modsint_callee
34    0000              	EXTERN __modslong
35    0000              	EXTERN __modslong_callee
36    0000              	EXTERN __modslonglong
37    0000              	EXTERN __modslonglong_callee
38    0000              	EXTERN __modsuchar
39    0000              	EXTERN __modsuchar_callee
40    0000              	EXTERN __moduchar
41    0000              	EXTERN __moduchar_callee
42    0000              	EXTERN __moduint
43    0000              	EXTERN __moduint_callee
44    0000              	EXTERN __modulong
45    0000              	EXTERN __modulong_callee
46    0000              	EXTERN __modulonglong
47    0000              	EXTERN __modulonglong_callee
48    0000              	EXTERN __moduschar
49    0000              	EXTERN __moduschar_callee
50    0000              	EXTERN __mulint
51    0000              	EXTERN __mulint_callee
52    0000              	EXTERN __mullong
53    0000              	EXTERN __mullong_callee
54    0000              	EXTERN __mullonglong
55    0000              	EXTERN __mullonglong_callee
56    0000              	EXTERN __mulschar
57    0000              	EXTERN __mulschar_callee
58    0000              	EXTERN __mulsuchar
59    0000              	EXTERN __mulsuchar_callee
60    0000              	EXTERN __muluschar
61    0000              	EXTERN __muluschar_callee
62    0000              	EXTERN __rlslonglong
63    0000              	EXTERN __rlslonglong_callee
64    0000              	EXTERN __rlulonglong
65    0000              	EXTERN __rlulonglong_callee
66    0000              	EXTERN __rrslonglong
67    0000              	EXTERN __rrslonglong_callee
68    0000              	EXTERN __rrulonglong
69    0000              	EXTERN __rrulonglong_callee
70    0000              	EXTERN ___sdcc_call_hl
71    0000              	EXTERN ___sdcc_call_iy
72    0000              	EXTERN ___sdcc_enter_ix
73    0000              	EXTERN _banked_call
74    0000              	EXTERN _banked_ret
75    0000              	EXTERN ___fs2schar
76    0000              	EXTERN ___fs2schar_callee
77    0000              	EXTERN ___fs2sint
78    0000              	EXTERN ___fs2sint_callee
79    0000              	EXTERN ___fs2slong
80    0000              	EXTERN ___fs2slong_callee
81    0000              	EXTERN ___fs2slonglong
82    0000              	EXTERN ___fs2slonglong_callee
83    0000              	EXTERN ___fs2uchar
84    0000              	EXTERN ___fs2uchar_callee
85    0000              	EXTERN ___fs2uint
86    0000              	EXTERN ___fs2uint_callee
87    0000              	EXTERN ___fs2ulong
88    0000              	EXTERN ___fs2ulong_callee
89    0000              	EXTERN ___fs2ulonglong
90    0000              	EXTERN ___fs2ulonglong_callee
91    0000              	EXTERN ___fsadd
92    0000              	EXTERN ___fsadd_callee
93    0000              	EXTERN ___fsdiv
94    0000              	EXTERN ___fsdiv_callee
95    0000              	EXTERN ___fseq
96    0000              	EXTERN ___fseq_callee
97    0000              	EXTERN ___fsgt
98    0000              	EXTERN ___fsgt_callee
99    0000              	EXTERN ___fslt
100   0000              	EXTERN ___fslt_callee
101   0000              	EXTERN ___fsmul
102   0000              	EXTERN ___fsmul_callee
103   0000              	EXTERN ___fsneq
104   0000              	EXTERN ___fsneq_callee
105   0000              	EXTERN ___fssub
106   0000              	EXTERN ___fssub_callee
107   0000              	EXTERN ___schar2fs
108   0000              	EXTERN ___schar2fs_callee
109   0000              	EXTERN ___sint2fs
110   0000              	EXTERN ___sint2fs_callee
111   0000              	EXTERN ___slong2fs
112   0000              	EXTERN ___slong2fs_callee
113   0000              	EXTERN ___slonglong2fs
114   0000              	EXTERN ___slonglong2fs_callee
115   0000              	EXTERN ___uchar2fs
116   0000              	EXTERN ___uchar2fs_callee
117   0000              	EXTERN ___uint2fs
118   0000              	EXTERN ___uint2fs_callee
119   0000              	EXTERN ___ulong2fs
120   0000              	EXTERN ___ulong2fs_callee
121   0000              	EXTERN ___ulonglong2fs
122   0000              	EXTERN ___ulonglong2fs_callee
123   0000              	EXTERN ____sdcc_2_copy_src_mhl_dst_deix
124   0000              	EXTERN ____sdcc_2_copy_src_mhl_dst_bcix
125   0000              	EXTERN ____sdcc_4_copy_src_mhl_dst_deix
126   0000              	EXTERN ____sdcc_4_copy_src_mhl_dst_bcix
127   0000              	EXTERN ____sdcc_4_copy_src_mhl_dst_mbc
128   0000              	EXTERN ____sdcc_4_ldi_nosave_bc
129   0000              	EXTERN ____sdcc_4_ldi_save_bc
130   0000              	EXTERN ____sdcc_4_push_hlix
131   0000              	EXTERN ____sdcc_4_push_mhl
132   0000              	EXTERN ____sdcc_lib_setmem_hl
133   0000              	EXTERN ____sdcc_ll_add_de_bc_hl
134   0000              	EXTERN ____sdcc_ll_add_de_bc_hlix
135   0000              	EXTERN ____sdcc_ll_add_de_hlix_bc
136   0000              	EXTERN ____sdcc_ll_add_de_hlix_bcix
137   0000              	EXTERN ____sdcc_ll_add_deix_bc_hl
138   0000              	EXTERN ____sdcc_ll_add_deix_hlix
139   0000              	EXTERN ____sdcc_ll_add_hlix_bc_deix
140   0000              	EXTERN ____sdcc_ll_add_hlix_deix_bc
141   0000              	EXTERN ____sdcc_ll_add_hlix_deix_bcix
142   0000              	EXTERN ____sdcc_ll_asr_hlix_a
143   0000              	EXTERN ____sdcc_ll_asr_mbc_a
144   0000              	EXTERN ____sdcc_ll_copy_src_de_dst_hlix
145   0000              	EXTERN ____sdcc_ll_copy_src_de_dst_hlsp
146   0000              	EXTERN ____sdcc_ll_copy_src_deix_dst_hl
147   0000              	EXTERN ____sdcc_ll_copy_src_deix_dst_hlix
148   0000              	EXTERN ____sdcc_ll_copy_src_deixm_dst_hlsp
149   0000              	EXTERN ____sdcc_ll_copy_src_desp_dst_hlsp
150   0000              	EXTERN ____sdcc_ll_copy_src_hl_dst_de
151   0000              	EXTERN ____sdcc_ll_copy_src_hlsp_dst_de
152   0000              	EXTERN ____sdcc_ll_copy_src_hlsp_dst_deixm
153   0000              	EXTERN ____sdcc_ll_lsl_hlix_a
154   0000              	EXTERN ____sdcc_ll_lsl_mbc_a
155   0000              	EXTERN ____sdcc_ll_lsr_hlix_a
156   0000              	EXTERN ____sdcc_ll_lsr_mbc_a
157   0000              	EXTERN ____sdcc_ll_push_hlix
158   0000              	EXTERN ____sdcc_ll_push_mhl
159   0000              	EXTERN ____sdcc_ll_sub_de_bc_hl
160   0000              	EXTERN ____sdcc_ll_sub_de_bc_hlix
161   0000              	EXTERN ____sdcc_ll_sub_de_hlix_bc
162   0000              	EXTERN ____sdcc_ll_sub_de_hlix_bcix
163   0000              	EXTERN ____sdcc_ll_sub_deix_bc_hl
164   0000              	EXTERN ____sdcc_ll_sub_deix_hlix
165   0000              	EXTERN ____sdcc_ll_sub_hlix_bc_deix
166   0000              	EXTERN ____sdcc_ll_sub_hlix_deix_bc
167   0000              	EXTERN ____sdcc_ll_sub_hlix_deix_bcix
168   0000              	EXTERN ____sdcc_load_debc_deix
169   0000              	EXTERN ____sdcc_load_dehl_deix
170   0000              	EXTERN ____sdcc_load_debc_mhl
171   0000              	EXTERN ____sdcc_load_hlde_mhl
172   0000              	EXTERN ____sdcc_store_dehl_bcix
173   0000              	EXTERN ____sdcc_store_debc_hlix
174   0000              	EXTERN ____sdcc_store_debc_mhl
175   0000              	EXTERN ____sdcc_cpu_pop_ei
176   0000              	EXTERN ____sdcc_cpu_pop_ei_jp
177   0000              	EXTERN ____sdcc_cpu_push_di
178   0000              	EXTERN ____sdcc_outi
179   0000              	EXTERN ____sdcc_outi_128
180   0000              	EXTERN ____sdcc_outi_256
181   0000              	EXTERN ____sdcc_ldi
182   0000              	EXTERN ____sdcc_ldi_128
183   0000              	EXTERN ____sdcc_ldi_256
184   0000              
185   0000              ;--------------------------------------------------------
186   0000              ; Public variables in this module
187   0000              ;--------------------------------------------------------
188   0000              	GLOBAL _game_print_phase
189   0000              	GLOBAL _game_print_footer
190   0000              	GLOBAL _game_phase_print_score_back
191   0000              	GLOBAL _game_print_lives
192   0000              	GLOBAL _game_tick
193   0000              	GLOBAL _game_start_timer
194   0000              	GLOBAL _game_phase_init
195   0000              	GLOBAL _game_print_header
196   0000              	GLOBAL _game_loop
197   0000              	GLOBAL _game_check_maze
198   0000              	GLOBAL _game_check_maze_floor
199   0000              	GLOBAL _game_enemy_add_get_index
200   0000              	GLOBAL _game_print_score
201   0000              	GLOBAL _game_paint_attrib
202   0000              	GLOBAL _game_paint_attrib_lin
203   0000              	GLOBAL _game_paint_attrib_lin_h
204   0000              	GLOBAL _game_joystick_change
205   0000              	GLOBAL _game_joystick_set_menu
206   0000              	GLOBAL _game_joystick_set
207   0000              	GLOBAL _game_end
208   0000              	GLOBAL _game_rotate_attrib
209   0000              	GLOBAL _game_colour_message
210   0000              	GLOBAL _game_check_time
211   0000              ;--------------------------------------------------------
212   0000              ; Externals used
213   0000              ;--------------------------------------------------------
214   0000              	GLOBAL _debug3
215   0000              	GLOBAL _debug2
216   0000              	GLOBAL _debug
217   0000              	GLOBAL _zx_print_str
218   0000              	GLOBAL _zx_print_int
219   0000              	GLOBAL _zx_print_chr
220   0000              	GLOBAL _zx_print_bonus_time
221   0000              	GLOBAL _zx_isr
222   0000              	GLOBAL _spr_play_anim
223   0000              	GLOBAL _spr_add_anim
224   0000              	GLOBAL _spr_page_map
225   0000              	GLOBAL _spr_page_right
226   0000              	GLOBAL _spr_page_left
227   0000              	GLOBAL _spr_tile_paint
228   0000              	GLOBAL _spr_kill_all
229   0000              	GLOBAL _spr_collision_check
230   0000              	GLOBAL _spr_calc_hor
231   0000              	GLOBAL _spr_draw_row
232   0000              	GLOBAL _spr_draw_index
233   0000              	GLOBAL _spr_draw_clear
234   0000              	GLOBAL _spr_draw_background
235   0000              	GLOBAL _spr_brick_anim
236   0000              	GLOBAL _spr_back_paint
237   0000              	GLOBAL _spr_back_clr
238   0000              	GLOBAL _spr_tile
239   0000              	GLOBAL _spr_set_fall
240   0000              	GLOBAL _spr_destroy
241   0000              	GLOBAL _spr_tile_dir
242   0000              	GLOBAL _spr_anim_kill
243   0000              	GLOBAL _spr_killed
244   0000              	GLOBAL _spr_redraw
245   0000              	GLOBAL _spr_move_left
246   0000              	GLOBAL _spr_move_right
247   0000              	GLOBAL _spr_move_horizontal
248   0000              	GLOBAL _spr_move_down
249   0000              	GLOBAL _spr_move_jump
250   0000              	GLOBAL _spr_move_up
251   0000              	GLOBAL _spr_check_map_fall
252   0000              	GLOBAL _spr_check_map
253   0000              	GLOBAL _spr_calc_index
254   0000              	GLOBAL _spr_chktime
255   0000              	GLOBAL _sound_hit_brick
256   0000              	GLOBAL _sound_hit_enemy
257   0000              	GLOBAL _sound_kill
258   0000              	GLOBAL _sound_enter_enemy
259   0000              	GLOBAL _sound_coin
260   0000              	GLOBAL _sound_jump
261   0000              	GLOBAL _sound_slide
262   0000              	GLOBAL _player_pick_item
263   0000              	GLOBAL _player_check_floor
264   0000              	GLOBAL _player_hit_platform_clear
265   0000              	GLOBAL _player_lost_life
266   0000              	GLOBAL _player_score_add
267   0000              	GLOBAL _player_player_hit_pow
268   0000              	GLOBAL _player_hit_platform
269   0000              	GLOBAL _player_move_input
270   0000              	GLOBAL _player_turn
271   0000              	GLOBAL _player_move
272   0000              	GLOBAL _player_restart
273   0000              	GLOBAL _player_kill
274   0000              	GLOBAL _player_check_input
275   0000              	GLOBAL _player_collision
276   0000              	GLOBAL _player_init
277   0000              	GLOBAL _game_unfreeze_all
278   0000              	GLOBAL _game_freeze_all
279   0000              	GLOBAL _game_freeze
280   0000              	GLOBAL _game_fill_row
281   0000              	GLOBAL _enemy_ugly_fix
282   0000              	GLOBAL _enemy_kill
283   0000              	GLOBAL _enemy_init
284   0000              	GLOBAL _enemy_walk
285   0000              	GLOBAL _enemy_upgrade
286   0000              	GLOBAL _enemy_evolve
287   0000              	GLOBAL _enemy_standard_hit
288   0000              	GLOBAL _enemy_fighterfly
289   0000              	GLOBAL _enemy_fireball_green
290   0000              	GLOBAL _enemy_fireball_red
291   0000              	GLOBAL _enemy_slipice
292   0000              	GLOBAL _enemy_standard
293   0000              	GLOBAL _enemy_turn
294   0000              	GLOBAL _enemy_flip_sidestepper
295   0000              	GLOBAL _enemy_flip
296   0000              	GLOBAL _enemy_flip_change_dir
297   0000              	GLOBAL _enemy_hit
298   0000              	GLOBAL _enemy_collision_turn_dir
299   0000              	GLOBAL _enemy_collision
300   0000              	GLOBAL _enemy_coin1
301   0000              	GLOBAL _ay_fx_play
302   0000              	GLOBAL _ay_midi_play
303   0000              	GLOBAL _ay_is_playing
304   0000              	GLOBAL _ay_reset
305   0000              	GLOBAL _test_func
306   0000              	GLOBAL _in_mouse_kempston_wheel_delta
307   0000              	GLOBAL _in_mouse_kempston_wheel
308   0000              	GLOBAL _in_mouse_kempston_callee
309   0000              	GLOBAL _in_mouse_kempston
310   0000              	GLOBAL _in_mouse_kempston_setpos_callee
311   0000              	GLOBAL _in_mouse_kempston_setpos
312   0000              	GLOBAL _in_mouse_kempston_reset
313   0000              	GLOBAL _in_mouse_kempston_init
314   0000              	GLOBAL _in_mouse_amx_wheel_delta
315   0000              	GLOBAL _in_mouse_amx_wheel
316   0000              	GLOBAL _in_mouse_amx_callee
317   0000              	GLOBAL _in_mouse_amx
318   0000              	GLOBAL _in_mouse_amx_setpos_callee
319   0000              	GLOBAL _in_mouse_amx_setpos
320   0000              	GLOBAL _in_mouse_amx_reset
321   0000              	GLOBAL _in_mouse_amx_init_callee
322   0000              	GLOBAL _in_mouse_amx_init
323   0000              	GLOBAL _in_stick_sinclair2
324   0000              	GLOBAL _in_stick_sinclair1
325   0000              	GLOBAL _in_stick_kempston
326   0000              	GLOBAL _in_stick_fuller
327   0000              	GLOBAL _in_stick_cursor
328   0000              	GLOBAL _in_stick_keyboard_fastcall
329   0000              	GLOBAL _in_stick_keyboard
330   0000              	GLOBAL _in_wait_nokey
331   0000              	GLOBAL _in_wait_key
332   0000              	GLOBAL _in_test_key
333   0000              	GLOBAL _in_pause_fastcall
334   0000              	GLOBAL _in_pause
335   0000              	GLOBAL _in_key_scancode_fastcall
336   0000              	GLOBAL _in_key_scancode
337   0000              	GLOBAL _in_key_pressed_fastcall
338   0000              	GLOBAL _in_key_pressed
339   0000              	GLOBAL _in_inkey
340   0000              	GLOBAL _NIRVANAP_drawTW_raw_callee
341   0000              	GLOBAL _NIRVANAP_drawTW_raw
342   0000              	GLOBAL _NIRVANAP_drawTW_callee
343   0000              	GLOBAL _NIRVANAP_drawTW
344   0000              	GLOBAL _NIRVANAP_drawW_raw_callee
345   0000              	GLOBAL _NIRVANAP_drawW_raw
346   0000              	GLOBAL _NIRVANAP_drawW_callee
347   0000              	GLOBAL _NIRVANAP_drawW
348   0000              	GLOBAL _NIRVANAP_spriteT_callee
349   0000              	GLOBAL _NIRVANAP_spriteT
350   0000              	GLOBAL _NIRVANAP_fillC_callee
351   0000              	GLOBAL _NIRVANAP_fillC
352   0000              	GLOBAL _NIRVANAP_readC_callee
353   0000              	GLOBAL _NIRVANAP_readC
354   0000              	GLOBAL _NIRVANAP_paintC_callee
355   0000              	GLOBAL _NIRVANAP_paintC
356   0000              	GLOBAL _NIRVANAP_printC_callee
357   0000              	GLOBAL _NIRVANAP_printC
358   0000              	GLOBAL _NIRVANAP_fillT_raw_callee
359   0000              	GLOBAL _NIRVANAP_fillT_raw
360   0000              	GLOBAL _NIRVANAP_fillT_callee
361   0000              	GLOBAL _NIRVANAP_fillT
362   0000              	GLOBAL _NIRVANAP_drawT_raw_callee
363   0000              	GLOBAL _NIRVANAP_drawT_raw
364   0000              	GLOBAL _NIRVANAP_drawT_callee
365   0000              	GLOBAL _NIRVANAP_drawT
366   0000              	GLOBAL _NIRVANAP_stop
367   0000              	GLOBAL _NIRVANAP_start
368   0000              	GLOBAL _z80_otdr_callee
369   0000              	GLOBAL _z80_otdr
370   0000              	GLOBAL _z80_otir_callee
371   0000              	GLOBAL _z80_otir
372   0000              	GLOBAL _z80_outp_callee
373   0000              	GLOBAL _z80_outp
374   0000              	GLOBAL _z80_indr_callee
375   0000              	GLOBAL _z80_indr
376   0000              	GLOBAL _z80_inir_callee
377   0000              	GLOBAL _z80_inir
378   0000              	GLOBAL _z80_inp_fastcall
379   0000              	GLOBAL _z80_inp
380   0000              	GLOBAL _z80_set_int_state_fastcall
381   0000              	GLOBAL _z80_set_int_state
382   0000              	GLOBAL _z80_get_int_state
383   0000              	GLOBAL _z80_delay_tstate_fastcall
384   0000              	GLOBAL _z80_delay_tstate
385   0000              	GLOBAL _z80_delay_ms_fastcall
386   0000              	GLOBAL _z80_delay_ms
387   0000              	GLOBAL _im2_remove_generic_callback_callee
388   0000              	GLOBAL _im2_remove_generic_callback
389   0000              	GLOBAL _im2_prepend_generic_callback_callee
390   0000              	GLOBAL _im2_prepend_generic_callback
391   0000              	GLOBAL _im2_append_generic_callback_callee
392   0000              	GLOBAL _im2_append_generic_callback
393   0000              	GLOBAL _im2_create_generic_isr_8080_callee
394   0000              	GLOBAL _im2_create_generic_isr_8080
395   0000              	GLOBAL _im2_create_generic_isr_callee
396   0000              	GLOBAL _im2_create_generic_isr
397   0000              	GLOBAL _im2_install_isr_callee
398   0000              	GLOBAL _im2_install_isr
399   0000              	GLOBAL _im2_init_fastcall
400   0000              	GLOBAL _im2_init
401   0000              	GLOBAL _ffsll_callee
402   0000              	GLOBAL _ffsll
403   0000              	GLOBAL _strxfrm_callee
404   0000              	GLOBAL _strxfrm
405   0000              	GLOBAL _strupr_fastcall
406   0000              	GLOBAL _strupr
407   0000              	GLOBAL _strtok_r_callee
408   0000              	GLOBAL _strtok_r
409   0000              	GLOBAL _strtok_callee
410   0000              	GLOBAL _strtok
411   0000              	GLOBAL _strstrip_fastcall
412   0000              	GLOBAL _strstrip
413   0000              	GLOBAL _strstr_callee
414   0000              	GLOBAL _strstr
415   0000              	GLOBAL _strspn_callee
416   0000              	GLOBAL _strspn
417   0000              	GLOBAL _strsep_callee
418   0000              	GLOBAL _strsep
419   0000              	GLOBAL _strrstrip_fastcall
420   0000              	GLOBAL _strrstrip
421   0000              	GLOBAL _strrspn_callee
422   0000              	GLOBAL _strrspn
423   0000              	GLOBAL _strrev_fastcall
424   0000              	GLOBAL _strrev
425   0000              	GLOBAL _strrcspn_callee
426   0000              	GLOBAL _strrcspn
427   0000              	GLOBAL _strrchr_callee
428   0000              	GLOBAL _strrchr
429   0000              	GLOBAL _strpbrk_callee
430   0000              	GLOBAL _strpbrk
431   0000              	GLOBAL _strnlen_callee
432   0000              	GLOBAL _strnlen
433   0000              	GLOBAL _strnicmp_callee
434   0000              	GLOBAL _strnicmp
435   0000              	GLOBAL _strndup_callee
436   0000              	GLOBAL _strndup
437   0000              	GLOBAL _strncpy_callee
438   0000              	GLOBAL _strncpy
439   0000              	GLOBAL _strncmp_callee
440   0000              	GLOBAL _strncmp
441   0000              	GLOBAL _strnchr_callee
442   0000              	GLOBAL _strnchr
443   0000              	GLOBAL _strncat_callee
444   0000              	GLOBAL _strncat
445   0000              	GLOBAL _strncasecmp_callee
446   0000              	GLOBAL _strncasecmp
447   0000              	GLOBAL _strlwr_fastcall
448   0000              	GLOBAL _strlwr
449   0000              	GLOBAL _strlen_fastcall
450   0000              	GLOBAL _strlen
451   0000              	GLOBAL _strlcpy_callee
452   0000              	GLOBAL _strlcpy
453   0000              	GLOBAL _strlcat_callee
454   0000              	GLOBAL _strlcat
455   0000              	GLOBAL _stricmp_callee
456   0000              	GLOBAL _stricmp
457   0000              	GLOBAL _strerror_fastcall
458   0000              	GLOBAL _strerror
459   0000              	GLOBAL _strdup_fastcall
460   0000              	GLOBAL _strdup
461   0000              	GLOBAL _strcspn_callee
462   0000              	GLOBAL _strcspn
463   0000              	GLOBAL _strcpy_callee
464   0000              	GLOBAL _strcpy
465   0000              	GLOBAL _strcoll_callee
466   0000              	GLOBAL _strcoll
467   0000              	GLOBAL _strcmp_callee
468   0000              	GLOBAL _strcmp
469   0000              	GLOBAL _strchrnul_callee
470   0000              	GLOBAL _strchrnul
471   0000              	GLOBAL _strchr_callee
472   0000              	GLOBAL _strchr
473   0000              	GLOBAL _strcat_callee
474   0000              	GLOBAL _strcat
475   0000              	GLOBAL _strcasecmp_callee
476   0000              	GLOBAL _strcasecmp
477   0000              	GLOBAL _stpncpy_callee
478   0000              	GLOBAL _stpncpy
479   0000              	GLOBAL _stpcpy_callee
480   0000              	GLOBAL _stpcpy
481   0000              	GLOBAL _memswap_callee
482   0000              	GLOBAL _memswap
483   0000              	GLOBAL _memset_callee
484   0000              	GLOBAL _memset
485   0000              	GLOBAL _memrchr_callee
486   0000              	GLOBAL _memrchr
487   0000              	GLOBAL _memmove_callee
488   0000              	GLOBAL _memmove
489   0000              	GLOBAL _memmem_callee
490   0000              	GLOBAL _memmem
491   0000              	GLOBAL _memcpy_callee
492   0000              	GLOBAL _memcpy
493   0000              	GLOBAL _memcmp_callee
494   0000              	GLOBAL _memcmp
495   0000              	GLOBAL _memchr_callee
496   0000              	GLOBAL _memchr
497   0000              	GLOBAL _memccpy_callee
498   0000              	GLOBAL _memccpy
499   0000              	GLOBAL _ffsl_fastcall
500   0000              	GLOBAL _ffsl
501   0000              	GLOBAL _ffs_fastcall
502   0000              	GLOBAL _ffs
503   0000              	GLOBAL __strrstrip__fastcall
504   0000              	GLOBAL __strrstrip_
505   0000              	GLOBAL __memupr__callee
506   0000              	GLOBAL __memupr_
507   0000              	GLOBAL __memstrcpy__callee
508   0000              	GLOBAL __memstrcpy_
509   0000              	GLOBAL __memlwr__callee
510   0000              	GLOBAL __memlwr_
511   0000              	GLOBAL _rawmemchr_callee
512   0000              	GLOBAL _rawmemchr
513   0000              	GLOBAL _strnset_callee
514   0000              	GLOBAL _strnset
515   0000              	GLOBAL _strset_callee
516   0000              	GLOBAL _strset
517   0000              	GLOBAL _rindex_callee
518   0000              	GLOBAL _rindex
519   0000              	GLOBAL _index_callee
520   0000              	GLOBAL _index
521   0000              	GLOBAL _bzero_callee
522   0000              	GLOBAL _bzero
523   0000              	GLOBAL _bcopy_callee
524   0000              	GLOBAL _bcopy
525   0000              	GLOBAL _bcmp_callee
526   0000              	GLOBAL _bcmp
527   0000              	GLOBAL _ulltoa_callee
528   0000              	GLOBAL _ulltoa
529   0000              	GLOBAL _strtoull_callee
530   0000              	GLOBAL _strtoull
531   0000              	GLOBAL _strtoll_callee
532   0000              	GLOBAL _strtoll
533   0000              	GLOBAL _lltoa_callee
534   0000              	GLOBAL _lltoa
535   0000              	GLOBAL _llabs_callee
536   0000              	GLOBAL _llabs
537   0000              	GLOBAL __lldivu__callee
538   0000              	GLOBAL __lldivu_
539   0000              	GLOBAL __lldiv__callee
540   0000              	GLOBAL __lldiv_
541   0000              	GLOBAL _atoll_callee
542   0000              	GLOBAL _atoll
543   0000              	GLOBAL _realloc_unlocked_callee
544   0000              	GLOBAL _realloc_unlocked
545   0000              	GLOBAL _malloc_unlocked_fastcall
546   0000              	GLOBAL _malloc_unlocked
547   0000              	GLOBAL _free_unlocked_fastcall
548   0000              	GLOBAL _free_unlocked
549   0000              	GLOBAL _calloc_unlocked_callee
550   0000              	GLOBAL _calloc_unlocked
551   0000              	GLOBAL _aligned_alloc_unlocked_callee
552   0000              	GLOBAL _aligned_alloc_unlocked
553   0000              	GLOBAL _realloc_callee
554   0000              	GLOBAL _realloc
555   0000              	GLOBAL _malloc_fastcall
556   0000              	GLOBAL _malloc
557   0000              	GLOBAL _free_fastcall
558   0000              	GLOBAL _free
559   0000              	GLOBAL _calloc_callee
560   0000              	GLOBAL _calloc
561   0000              	GLOBAL _aligned_alloc_callee
562   0000              	GLOBAL _aligned_alloc
563   0000              	GLOBAL _utoa_callee
564   0000              	GLOBAL _utoa
565   0000              	GLOBAL _ultoa_callee
566   0000              	GLOBAL _ultoa
567   0000              	GLOBAL _system_fastcall
568   0000              	GLOBAL _system
569   0000              	GLOBAL _strtoul_callee
570   0000              	GLOBAL _strtoul
571   0000              	GLOBAL _strtol_callee
572   0000              	GLOBAL _strtol
573   0000              	GLOBAL _strtof_callee
574   0000              	GLOBAL _strtof
575   0000              	GLOBAL _strtod_callee
576   0000              	GLOBAL _strtod
577   0000              	GLOBAL _srand_fastcall
578   0000              	GLOBAL _srand
579   0000              	GLOBAL _rand
580   0000              	GLOBAL _quick_exit_fastcall
581   0000              	GLOBAL _quick_exit
582   0000              	GLOBAL _qsort_callee
583   0000              	GLOBAL _qsort
584   0000              	GLOBAL _ltoa_callee
585   0000              	GLOBAL _ltoa
586   0000              	GLOBAL _labs_fastcall
587   0000              	GLOBAL _labs
588   0000              	GLOBAL _itoa_callee
589   0000              	GLOBAL _itoa
590   0000              	GLOBAL _ftoh_callee
591   0000              	GLOBAL _ftoh
592   0000              	GLOBAL _ftog_callee
593   0000              	GLOBAL _ftog
594   0000              	GLOBAL _ftoe_callee
595   0000              	GLOBAL _ftoe
596   0000              	GLOBAL _ftoa_callee
597   0000              	GLOBAL _ftoa
598   0000              	GLOBAL _exit_fastcall
599   0000              	GLOBAL _exit
600   0000              	GLOBAL _dtoh_callee
601   0000              	GLOBAL _dtoh
602   0000              	GLOBAL _dtog_callee
603   0000              	GLOBAL _dtog
604   0000              	GLOBAL _dtoe_callee
605   0000              	GLOBAL _dtoe
606   0000              	GLOBAL _dtoa_callee
607   0000              	GLOBAL _dtoa
608   0000              	GLOBAL _bsearch_callee
609   0000              	GLOBAL _bsearch
610   0000              	GLOBAL _atol_fastcall
611   0000              	GLOBAL _atol
612   0000              	GLOBAL _atoi_fastcall
613   0000              	GLOBAL _atoi
614   0000              	GLOBAL _atof_fastcall
615   0000              	GLOBAL _atof
616   0000              	GLOBAL _atexit_fastcall
617   0000              	GLOBAL _atexit
618   0000              	GLOBAL _at_quick_exit_fastcall
619   0000              	GLOBAL _at_quick_exit
620   0000              	GLOBAL _abs_fastcall
621   0000              	GLOBAL _abs
622   0000              	GLOBAL _abort
623   0000              	GLOBAL __strtou__callee
624   0000              	GLOBAL __strtou_
625   0000              	GLOBAL __strtoi__callee
626   0000              	GLOBAL __strtoi_
627   0000              	GLOBAL __random_uniform_xor_8__fastcall
628   0000              	GLOBAL __random_uniform_xor_8_
629   0000              	GLOBAL __random_uniform_xor_32__fastcall
630   0000              	GLOBAL __random_uniform_xor_32_
631   0000              	GLOBAL __random_uniform_cmwc_8__fastcall
632   0000              	GLOBAL __random_uniform_cmwc_8_
633   0000              	GLOBAL __shellsort__callee
634   0000              	GLOBAL __shellsort_
635   0000              	GLOBAL __quicksort__callee
636   0000              	GLOBAL __quicksort_
637   0000              	GLOBAL __insertion_sort__callee
638   0000              	GLOBAL __insertion_sort_
639   0000              	GLOBAL __ldivu__callee
640   0000              	GLOBAL __ldivu_
641   0000              	GLOBAL __ldiv__callee
642   0000              	GLOBAL __ldiv_
643   0000              	GLOBAL __divu__callee
644   0000              	GLOBAL __divu_
645   0000              	GLOBAL __div__callee
646   0000              	GLOBAL __div_
647   0000              	GLOBAL _intrinsic_swap_word_32_fastcall
648   0000              	GLOBAL _intrinsic_swap_word_32
649   0000              	GLOBAL _intrinsic_swap_endian_32_fastcall
650   0000              	GLOBAL _intrinsic_swap_endian_32
651   0000              	GLOBAL _intrinsic_swap_endian_16_fastcall
652   0000              	GLOBAL _intrinsic_swap_endian_16
653   0000              	GLOBAL _intrinsic_return_de
654   0000              	GLOBAL _intrinsic_return_bc
655   0000              	GLOBAL _intrinsic_exx
656   0000              	GLOBAL _intrinsic_ex_de_hl
657   0000              	GLOBAL _intrinsic_nop
658   0000              	GLOBAL _intrinsic_im_2
659   0000              	GLOBAL _intrinsic_im_1
660   0000              	GLOBAL _intrinsic_im_0
661   0000              	GLOBAL _intrinsic_retn
662   0000              	GLOBAL _intrinsic_reti
663   0000              	GLOBAL _intrinsic_halt
664   0000              	GLOBAL _intrinsic_ei
665   0000              	GLOBAL _intrinsic_di
666   0000              	GLOBAL _intrinsic_stub
667   0000              	GLOBAL _intrinsic_outi
668   0000              	GLOBAL _intrinsic_ldi
669   0000              	GLOBAL _zx_pattern_fill_callee
670   0000              	GLOBAL _zx_pattern_fill
671   0000              	GLOBAL _zx_saddrpup_fastcall
672   0000              	GLOBAL _zx_saddrpup
673   0000              	GLOBAL _zx_saddrpright_callee
674   0000              	GLOBAL _zx_saddrpright
675   0000              	GLOBAL _zx_saddrpleft_callee
676   0000              	GLOBAL _zx_saddrpleft
677   0000              	GLOBAL _zx_saddrpdown_fastcall
678   0000              	GLOBAL _zx_saddrpdown
679   0000              	GLOBAL _zx_saddrcup_fastcall
680   0000              	GLOBAL _zx_saddrcup
681   0000              	GLOBAL _zx_saddrcright_fastcall
682   0000              	GLOBAL _zx_saddrcright
683   0000              	GLOBAL _zx_saddrcleft_fastcall
684   0000              	GLOBAL _zx_saddrcleft
685   0000              	GLOBAL _zx_saddrcdown_fastcall
686   0000              	GLOBAL _zx_saddrcdown
687   0000              	GLOBAL _zx_saddr2py_fastcall
688   0000              	GLOBAL _zx_saddr2py
689   0000              	GLOBAL _zx_saddr2px_fastcall
690   0000              	GLOBAL _zx_saddr2px
691   0000              	GLOBAL _zx_saddr2cy_fastcall
692   0000              	GLOBAL _zx_saddr2cy
693   0000              	GLOBAL _zx_saddr2cx_fastcall
694   0000              	GLOBAL _zx_saddr2cx
695   0000              	GLOBAL _zx_saddr2aaddr_fastcall
696   0000              	GLOBAL _zx_saddr2aaddr
697   0000              	GLOBAL _zx_py2saddr_fastcall
698   0000              	GLOBAL _zx_py2saddr
699   0000              	GLOBAL _zx_py2aaddr_fastcall
700   0000              	GLOBAL _zx_py2aaddr
701   0000              	GLOBAL _zx_pxy2saddr_callee
702   0000              	GLOBAL _zx_pxy2saddr
703   0000              	GLOBAL _zx_pxy2aaddr_callee
704   0000              	GLOBAL _zx_pxy2aaddr
705   0000              	GLOBAL _zx_px2bitmask_fastcall
706   0000              	GLOBAL _zx_px2bitmask
707   0000              	GLOBAL _zx_cy2saddr_fastcall
708   0000              	GLOBAL _zx_cy2saddr
709   0000              	GLOBAL _zx_cy2aaddr_fastcall
710   0000              	GLOBAL _zx_cy2aaddr
711   0000              	GLOBAL _zx_cxy2saddr_callee
712   0000              	GLOBAL _zx_cxy2saddr
713   0000              	GLOBAL _zx_cxy2aaddr_callee
714   0000              	GLOBAL _zx_cxy2aaddr
715   0000              	GLOBAL _zx_bitmask2px_fastcall
716   0000              	GLOBAL _zx_bitmask2px
717   0000              	GLOBAL _zx_aaddrcup_fastcall
718   0000              	GLOBAL _zx_aaddrcup
719   0000              	GLOBAL _zx_aaddrcright_fastcall
720   0000              	GLOBAL _zx_aaddrcright
721   0000              	GLOBAL _zx_aaddrcleft_fastcall
722   0000              	GLOBAL _zx_aaddrcleft
723   0000              	GLOBAL _zx_aaddrcdown_fastcall
724   0000              	GLOBAL _zx_aaddrcdown
725   0000              	GLOBAL _zx_aaddr2saddr_fastcall
726   0000              	GLOBAL _zx_aaddr2saddr
727   0000              	GLOBAL _zx_aaddr2py_fastcall
728   0000              	GLOBAL _zx_aaddr2py
729   0000              	GLOBAL _zx_aaddr2px_fastcall
730   0000              	GLOBAL _zx_aaddr2px
731   0000              	GLOBAL _zx_aaddr2cy_fastcall
732   0000              	GLOBAL _zx_aaddr2cy
733   0000              	GLOBAL _zx_aaddr2cx_fastcall
734   0000              	GLOBAL _zx_aaddr2cx
735   0000              	GLOBAL _zx_visit_wc_pix_callee
736   0000              	GLOBAL _zx_visit_wc_pix
737   0000              	GLOBAL _zx_visit_wc_attr_callee
738   0000              	GLOBAL _zx_visit_wc_attr
739   0000              	GLOBAL _zx_scroll_wc_up_pix_callee
740   0000              	GLOBAL _zx_scroll_wc_up_pix
741   0000              	GLOBAL _zx_scroll_wc_up_attr_callee
742   0000              	GLOBAL _zx_scroll_wc_up_attr
743   0000              	GLOBAL _zx_scroll_wc_up_callee
744   0000              	GLOBAL _zx_scroll_wc_up
745   0000              	GLOBAL _zx_scroll_up_pix_callee
746   0000              	GLOBAL _zx_scroll_up_pix
747   0000              	GLOBAL _zx_scroll_up_attr_callee
748   0000              	GLOBAL _zx_scroll_up_attr
749   0000              	GLOBAL _zx_scroll_up_callee
750   0000              	GLOBAL _zx_scroll_up
751   0000              	GLOBAL _zx_cls_wc_pix_callee
752   0000              	GLOBAL _zx_cls_wc_pix
753   0000              	GLOBAL _zx_cls_wc_attr_callee
754   0000              	GLOBAL _zx_cls_wc_attr
755   0000              	GLOBAL _zx_cls_wc_callee
756   0000              	GLOBAL _zx_cls_wc
757   0000              	GLOBAL _zx_cls_pix_fastcall
758   0000              	GLOBAL _zx_cls_pix
759   0000              	GLOBAL _zx_cls_attr_fastcall
760   0000              	GLOBAL _zx_cls_attr
761   0000              	GLOBAL _zx_cls_fastcall
762   0000              	GLOBAL _zx_cls
763   0000              	GLOBAL _zx_border_fastcall
764   0000              	GLOBAL _zx_border
765   0000              	GLOBAL _g_player_hit_right
766   0000              	GLOBAL _g_player_hit_left
767   0000              	GLOBAL _joynames
768   0000              	GLOBAL _initials
769   0000              	GLOBAL _anim_end
770   0000              	GLOBAL _anim_int
771   0000              	GLOBAL _anim_tile
772   0000              	GLOBAL _anim_col
773   0000              	GLOBAL _anim_lin
774   0000              	GLOBAL _phase_angry
775   0000              	GLOBAL _phase_curr
776   0000              	GLOBAL _phase_end
777   0000              	GLOBAL _phase_coins
778   0000              	GLOBAL _phase_pop
779   0000              	GLOBAL _phase_tot
780   0000              	GLOBAL _map_heigth
781   0000              	GLOBAL _map_width
782   0000              	GLOBAL _scr_curr
783   0000              	GLOBAL _scr_7
784   0000              	GLOBAL _scr_6
785   0000              	GLOBAL _scr_5
786   0000              	GLOBAL _scr_4
787   0000              	GLOBAL _scr_3
788   0000              	GLOBAL _scr_2
789   0000              	GLOBAL _scr_1
790   0000              	GLOBAL _scr_0
791   0000              	GLOBAL _scr_map
792   0000              	GLOBAL _sprite_speed_alt
793   0000              	GLOBAL _sprite_speed
794   0000              	GLOBAL _screen_ink
795   0000              	GLOBAL _screen_paper
796   0000              	GLOBAL _game_menu_sel
797   0000              	GLOBAL _game_type
798   0000              	GLOBAL _game_osd
799   0000              	GLOBAL _game_score_top
800   0000              	GLOBAL _player_lives
801   0000              	GLOBAL _game_over
802   0000              	GLOBAL _game_sound
803   0000              	GLOBAL _game_inmune
804   0000              	GLOBAL _game_god_mode
805   0000              	GLOBAL _game_start_phase
806   0000              	GLOBAL _game_two_player
807   0000              	GLOBAL _game_brick_tile
808   0000              	GLOBAL _sprite_curr_index
809   0000              	GLOBAL _spr_count
810   0000              	GLOBAL _osd_show_time
811   0000              	GLOBAL _osd_update_time
812   0000              	GLOBAL _frame_time
813   0000              	GLOBAL _entry_time
814   0000              	GLOBAL _curr_time
815   0000              	GLOBAL _s_state
816   0000              	GLOBAL _attrib_hl
817   0000              	GLOBAL _attrib
818   0000              	GLOBAL _zx_val_asm
819   0000              	GLOBAL _enemies
820   0000              	GLOBAL _tmp_ui
821   0000              	GLOBAL _tmp_sc
822   0000              	GLOBAL _tmp_uc
823   0000              	GLOBAL _tmp1
824   0000              	GLOBAL _tmp0
825   0000              	GLOBAL _tmp
826   0000              	GLOBAL _index1
827   0000              	GLOBAL _loop_count
828   0000              	GLOBAL _sprite_lin_inc_mul
829   0000              	GLOBAL _s_col1
830   0000              	GLOBAL _s_col0
831   0000              	GLOBAL _s_lin1
832   0000              	GLOBAL _s_lin0
833   0000              	GLOBAL _s_tile1
834   0000              	GLOBAL _s_tile0
835   0000              	GLOBAL _player_hit_count
836   0000              	GLOBAL _sprite
837   0000              	GLOBAL _game_gravity
838   0000              	GLOBAL _player_vel_y0
839   0000              	GLOBAL _player_vel_y
840   0000              	GLOBAL _player_vel_x
841   0000              	GLOBAL _player_joy
842   0000              	GLOBAL _player_score
843   0000              	GLOBAL _last_time
844   0000              	GLOBAL _player_slide
845   0000              	GLOBAL _spr_timer
846   0000              	GLOBAL _jump_lin
847   0000              	GLOBAL _player_hit_col
848   0000              	GLOBAL _player_hit_lin
849   0000              	GLOBAL _colint
850   0000              	GLOBAL _col
851   0000              	GLOBAL _lin
852   0000              	GLOBAL _tile
853   0000              	GLOBAL _state_a
854   0000              	GLOBAL _state
855   0000              	GLOBAL _class
856   0000              	GLOBAL _tbuffer
857   0000              	GLOBAL _dirs
858   0000              	GLOBAL _k1
859   0000              	GLOBAL _joyfunc1
860   0000              	GLOBAL _btiles
861   0000              	GLOBAL _spec128
862   0000              	GLOBAL _ay_effect_20
863   0000              	GLOBAL _ay_effect_19
864   0000              	GLOBAL _ay_effect_18
865   0000              	GLOBAL _ay_effect_17
866   0000              	GLOBAL _ay_effect_16
867   0000              	GLOBAL _ay_effect_15
868   0000              	GLOBAL _ay_effect_14
869   0000              	GLOBAL _ay_effect_13
870   0000              	GLOBAL _ay_effect_12
871   0000              	GLOBAL _ay_effect_11
872   0000              	GLOBAL _ay_effect_10
873   0000              	GLOBAL _ay_effect_09
874   0000              	GLOBAL _ay_effect_08
875   0000              	GLOBAL _ay_effect_07
876   0000              	GLOBAL _ay_effect_06
877   0000              	GLOBAL _ay_effect_05
878   0000              	GLOBAL _ay_effect_04
879   0000              	GLOBAL _ay_effect_03
880   0000              	GLOBAL _ay_effect_02
881   0000              	GLOBAL _ay_effect_01
882   0000              	GLOBAL _pb_midi_phase_1
883   0000              	GLOBAL _pb_midi_title
884   0000              	GLOBAL _NIRVANAP_CHAR_TABLE
885   0000              	GLOBAL _NIRVANAP_WIDE_IMAGES
886   0000              	GLOBAL _NIRVANAP_TILE_IMAGES
887   0000              	GLOBAL _NIRVANAP_HOLE
888   0000              	GLOBAL _NIRVANAP_ISR_HOOK
889   0000              	GLOBAL _GLOBAL_ZX_PORT_7FFD
890   0000              	GLOBAL _GLOBAL_ZX_PORT_1FFD
891   0000              	GLOBAL _GLOBAL_ZX_PORT_FE
892   0000              	GLOBAL _control_method
893   0000              ;--------------------------------------------------------
894   0000              ; special function registers
895   0000              ;--------------------------------------------------------
896   0000              defc _IO_FE	=	0x00fe
897   0000              defc _IO_1FFD	=	0x1ffd
898   0000              defc _IO_7FFD	=	0x7ffd
899   0000              ;--------------------------------------------------------
900   0000              ; ram data
901   0000              ;--------------------------------------------------------
902   0000              	SECTION bss_compiler
903   0000              ;--------------------------------------------------------
904   0000              ; ram data
905   0000              ;--------------------------------------------------------
906   0000              
907   0000              IF 0
908   0000              
909   0000              ; .area _INITIALIZED removed by z88dk
910   0000              
911   0000              
912   0000              ENDIF
913   0000              
914   0000              ;--------------------------------------------------------
915   0000              ; absolute external ram data
916   0000              ;--------------------------------------------------------
917   0000              	SECTION IGNORE
918   0000              ;--------------------------------------------------------
919   0000              ; global & static initialisations
920   0000              ;--------------------------------------------------------
921   0000              	SECTION code_crt_init
922   0000              ;--------------------------------------------------------
923   0000              ; Home
924   0000              ;--------------------------------------------------------
925   0000              	SECTION IGNORE
926   0000              ;--------------------------------------------------------
927   0000              ; code
928   0000              ;--------------------------------------------------------
929   0000              	SECTION code_compiler
930   0000              ;	---------------------------------
931   0000              ; Function game_print_footer
932   0000              ; ---------------------------------
933   0000              _game_print_footer:
934   0000  21 00 00    	ld	hl,___str_0
935   0003  E5          	push	hl
936   0004  21 16 01    	ld	hl,0x0116
937   0007  E5          	push	hl
938   0008  CD 00 00    	call	_zx_print_str
939   000B  21 00 00    	ld	hl,___str_0
940   000E  E5          	push	hl
941   000F  21 16 1E    	ld	hl,0x1e16
942   0012  E5          	push	hl
943   0013  CD 00 00    	call	_zx_print_str
944   0016  21 02 00    	ld	hl,___str_1
945   0019  E5          	push	hl
946   001A  21 17 01    	ld	hl,0x0117
947   001D  E5          	push	hl
948   001E  CD 00 00    	call	_zx_print_str
949   0021  21 02 00    	ld	hl,___str_1
950   0024  E5          	push	hl
951   0025  21 17 1E    	ld	hl,0x1e17
952   0028  E5          	push	hl
953   0029  CD 00 00    	call	_zx_print_str
954   002C  21 00 00    	ld	hl,_screen_ink
955   002F  36 02       	ld	(hl),0x02
956   0031  21 08 00    	ld	hl,___str_2
957   0034  E5          	push	hl
958   0035  21 16 01    	ld	hl,0x0116
959   0038  E5          	push	hl
960   0039  CD 00 00    	call	_zx_print_str
961   003C  21 00 00    	ld	hl,_screen_ink
962   003F  36 06       	ld	(hl),0x06
963   0041  21 0A 00    	ld	hl,___str_3
964   0044  E5          	push	hl
965   0045  21 17 01    	ld	hl,0x0117
966   0048  E5          	push	hl
967   0049  CD 00 00    	call	_zx_print_str
968   004C  CD 71 00    	call	_game_print_lives
969   004F  C9          	ret
970   0050              	SECTION rodata_compiler
971   0000              ___str_0:
972   0000  20          	DEFM " "
973   0001  00          	DEFB 0x00
974   0002              	SECTION rodata_compiler
975   0002              ___str_1:
976   0002  20 20 20 20 20 
                        	DEFM "     "
977   0007  00          	DEFB 0x00
978   0008              	SECTION rodata_compiler
979   0008              ___str_2:
980   0008  3C          	DEFM "<"
981   0009  00          	DEFB 0x00
982   000A              	SECTION rodata_compiler
983   000A              ___str_3:
984   000A  5C          	DEFB 0x5c
985   000B  00          	DEFB 0x00
986   000C              	SECTION code_compiler
987   0050              ;	---------------------------------
988   0050              ; Function game_phase_print_score_back
989   0050              ; ---------------------------------
990   0050              _game_phase_print_score_back:
991   0050  21 00 00    	ld	hl,_screen_ink
992   0053  36 02       	ld	(hl),0x02
993   0055  21 0C 00    	ld	hl,___str_4
994   0058  E5          	push	hl
995   0059  21 00 0B    	ld	hl,0x0b00
996   005C  E5          	push	hl
997   005D  CD 00 00    	call	_zx_print_str
998   0060  21 00 00    	ld	hl,_screen_ink
999   0063  36 01       	ld	(hl),0x01
1000  0065  21 10 00    	ld	hl,___str_5
1001  0068  E5          	push	hl
1002  0069  21 00 01    	ld	hl,0x0100
1003  006C  E5          	push	hl
1004  006D  CD 00 00    	call	_zx_print_str
1005  0070  C9          	ret
1006  0071              	SECTION rodata_compiler
1007  000C              ___str_4:
1008  000C  24 25 7C    	DEFM "$%|"
1009  000F  00          	DEFB 0x00
1010  0010              	SECTION rodata_compiler
1011  0010              ___str_5:
1012  0010  5B 7C       	DEFM "[|"
1013  0012  00          	DEFB 0x00
1014  0013              	SECTION code_compiler
1015  0071              ;	---------------------------------
1016  0071              ; Function game_print_lives
1017  0071              ; ---------------------------------
1018  0071              _game_print_lives:
1019  0071  21 00 00    	ld	hl,_screen_ink
1020  0074  36 07       	ld	(hl),0x07
1021  0076  3A 00 00    	ld	a,(_player_lives)
1022  0079  C6 FF       	add	a,0xff
1023  007B  21 00 00    	ld	hl,_tmp
1024  007E  77          	ld	(hl),a
1025  007F  D6 FF       	sub	a,0xff
1026  0081  D0          	ret	NC
1027  0082  7E          	ld	a, (hl)
1028  0083  F5          	push	af
1029  0084  33          	inc	sp
1030  0085  21 17 03    	ld	hl,0x0317
1031  0088  E5          	push	hl
1032  0089  CD 00 00    	call	_zx_print_chr
1033  008C  C9          	ret
1034  008D              	SECTION code_compiler
1035  008D              ;	---------------------------------
1036  008D              ; Function game_tick
1037  008D              ; ---------------------------------
1038  008D              _game_tick:
1039  008D  21 00 00    	ld	hl,_curr_time
1040  0090  34          	inc	(hl)
1041  0091  C2 00 00    	jp	NZ,_zx_isr
1042  0094  23          	inc	hl
1043  0095  34          	inc	(hl)
1044  0096  C3 00 00    	jp  _zx_isr
1045  0099              	SECTION code_compiler
1046  0099              ;	---------------------------------
1047  0099              ; Function game_start_timer
1048  0099              ; ---------------------------------
1049  0099              _game_start_timer:
1050  0099  21 00 00    	ld	hl,_NIRVANAP_ISR_HOOK+0
1051  009C  36 CD       	ld	(hl),0xcd
1052  009E  23          	inc	hl
1053  009F  11 8D 00    	ld	de,_game_tick
1054  00A2  73          	ld	(hl), e
1055  00A3  23          	inc	hl
1056  00A4  72          	ld	(hl), d
1057  00A5  C9          	ret
1058  00A6              	SECTION code_compiler
1059  00A6              ;	---------------------------------
1060  00A6              ; Function game_phase_init
1061  00A6              ; ---------------------------------
1062  00A6              _game_phase_init:
1063  00A6  21 00 00    	ld	hl,0x0000
1064  00A9  22 00 00    	ld	(_loop_count),hl
1065  00AC  21 00 00    	ld	hl,_phase_end
1066  00AF  36 00       	ld	(hl),0x00
1067  00B1  21 00 00    	ld	hl,_phase_angry
1068  00B4  36 00       	ld	(hl),0x00
1069  00B6  21 00 00    	ld	hl,_phase_coins
1070  00B9  36 00       	ld	(hl),0x00
1071  00BB  21 00 00    	ld	hl,_phase_pop
1072  00BE  36 00       	ld	(hl),0x00
1073  00C0  21 00 00    	ld	hl,0x0000
1074  00C3  22 00 00    	ld	(_entry_time),hl
1075  00C6  21 00 00    	ld	hl,0
1076  00C9  22 00 00    	ld	(_curr_time),hl
1077  00CC  21 00 00    	ld	hl,0x0000
1078  00CF  22 00 00    	ld	(_frame_time),hl
1079  00D2  21 00 00    	ld	hl,_spr_count
1080  00D5  36 00       	ld	(hl),0x00
1081  00D7  CD 00 00    	call	_ay_reset
1082  00DA  CD 00 00    	call	_spr_draw_clear
1083  00DD  CD 00 00    	call	_spr_draw_background
1084  00E0  CD 08 01    	call	_game_print_header
1085  00E3  CD 00 00    	call	_game_print_footer
1086  00E6  3A 00 00    	ld	a,(_player_lives)
1087  00E9  B7          	or	a, a
1088  00EA  28 0D       	jr	Z,l_game_phase_init_00102
1089  00EC  21 02 64    	ld	hl,0x6402
1090  00EF  E5          	push	hl
1091  00F0  21 07 80    	ld	hl,0x8007
1092  00F3  E5          	push	hl
1093  00F4  CD 00 00    	call	_player_init
1094  00F7  F1          	pop	af
1095  00F8  F1          	pop	af
1096  00F9              l_game_phase_init_00102:
1097  00F9  21 00 00    	ld	hl,_game_osd
1098  00FC  36 01       	ld	(hl),0x01
1099  00FE  2A 00 00    	ld	hl,(_curr_time)
1100  0101  22 00 00    	ld	(_osd_update_time),hl
1101  0104  22 00 00    	ld	(_osd_show_time),hl
1102  0107  C9          	ret
1103  0108              	SECTION code_compiler
1104  0108              ;	---------------------------------
1105  0108              ; Function game_print_header
1106  0108              ; ---------------------------------
1107  0108              _game_print_header:
1108  0108  CD 50 00    	call	_game_phase_print_score_back
1109  010B  21 00 00    	ld	hl,_screen_ink
1110  010E  36 07       	ld	(hl),0x07
1111  0110  C3 0F 02    	jp  _game_print_score
1112  0113              	SECTION code_compiler
1113  0113              ;	---------------------------------
1114  0113              ; Function game_loop
1115  0113              ; ---------------------------------
1116  0113              _game_loop:
1117  0113  21 00 00    	ld	hl,_ay_effect_10
1118  0116  CD 00 00    	call	_ay_fx_play
1119  0119  CD 00 00    	call	_sound_coin
1120  011C  21 C8 00    	ld	hl,0x00c8
1121  011F  CD 00 00    	call	_z80_delay_ms_fastcall
1122  0122  CD 00 00    	call	_ay_reset
1123  0125  21 00 00    	ld	hl,_player_lives
1124  0128  36 04       	ld	(hl),0x04
1125  012A  21 00 00    	ld	hl,0x0000
1126  012D  22 00 00    	ld	(_player_score),hl
1127  0130  21 00 00    	ld	hl,_game_over
1128  0133  36 00       	ld	(hl),0x00
1129  0135  3A 00 00    	ld	a,(_game_start_phase)
1130  0138  32 00 00    	ld	(_phase_curr),a
1131  013B  CD A6 00    	call	_game_phase_init
1132  013E  21 00 00    	ld	hl,_sprite_lin_inc_mul
1133  0141  36 00       	ld	(hl),0x00
1134  0143  21 00 00    	ld	hl,_dirs
1135  0146  36 00       	ld	(hl),0x00
1136  0148  CD C1 02    	call	_game_joystick_set
1137  014B              l_game_loop_00112:
1138  014B  3A 00 00    	ld	a,(_game_over)
1139  014E  B7          	or	a, a
1140  014F  20 63       	jr	NZ,l_game_loop_00115
1141  0151  3A 00 00    	ld	a,(_loop_count)
1142  0154  E6 2F       	and	a,0x2f
1143  0156  20 03       	jr	NZ,l_game_loop_00102
1144  0158  CD 00 00    	call	_spr_play_anim
1145  015B              l_game_loop_00102:
1146  015B  21 00 00    	ld	hl,_sprite
1147  015E  36 07       	ld	(hl),0x07
1148  0160  CD 00 00    	call	_player_turn
1149  0163  CD 00 00    	call	_enemy_turn
1150  0166  21 64 00    	ld	hl,0x0064
1151  0169  E5          	push	hl
1152  016A  2A 00 00    	ld	hl,(_frame_time)
1153  016D  E5          	push	hl
1154  016E  CD 70 03    	call	_game_check_time
1155  0171  F1          	pop	af
1156  0172  F1          	pop	af
1157  0173  7D          	ld	a, l
1158  0174  B7          	or	a, a
1159  0175  28 33       	jr	Z,l_game_loop_00111
1160  0177  2A 00 00    	ld	hl,(_curr_time)
1161  017A  22 00 00    	ld	(_frame_time),hl
1162  017D  3A 00 00    	ld	a,(_phase_end)
1163  0180  3D          	dec	a
1164  0181  20 27       	jr	NZ,l_game_loop_00111
1165  0183  CD 00 00    	call	_ay_is_playing
1166  0186  7D          	ld	a, l
1167  0187  D6 02       	sub	a,0x02
1168  0189  30 03       	jr	NC,l_game_loop_00104
1169  018B  CD 00 00    	call	_ay_reset
1170  018E              l_game_loop_00104:
1171  018E  21 00 00    	ld	hl,_phase_curr
1172  0191  34          	inc	(hl)
1173  0192  3E 1F       	ld	a,0x1f
1174  0194  96          	sub	a, (hl)
1175  0195  30 0A       	jr	NC,l_game_loop_00106
1176  0197  CD 00 00    	call	_game_end
1177  019A  21 00 00    	ld	hl,_game_over
1178  019D  36 01       	ld	(hl),0x01
1179  019F  18 09       	jr	l_game_loop_00111
1180  01A1              l_game_loop_00106:
1181  01A1  21 90 01    	ld	hl,0x0190
1182  01A4  CD 00 00    	call	_z80_delay_ms_fastcall
1183  01A7  CD A6 00    	call	_game_phase_init
1184  01AA              l_game_loop_00111:
1185  01AA  21 00 00    	ld	hl,_loop_count
1186  01AD  34          	inc	(hl)
1187  01AE  20 9B       	jr	NZ,l_game_loop_00112
1188  01B0  23          	inc	hl
1189  01B1  34          	inc	(hl)
1190  01B2  18 97       	jr	l_game_loop_00112
1191  01B4              l_game_loop_00115:
1192  01B4  C9          	ret
1193  01B5              	SECTION code_compiler
1194  01B5              ;	---------------------------------
1195  01B5              ; Function game_print_phase
1196  01B5              ; ---------------------------------
1197  01B5              _game_print_phase:
1198  01B5  21 13 00    	ld	hl,___str_6
1199  01B8  E5          	push	hl
1200  01B9  21 17 0B    	ld	hl,0x0b17
1201  01BC  E5          	push	hl
1202  01BD  CD 00 00    	call	_zx_print_str
1203  01C0  21 00 00    	ld	hl,_phase_curr
1204  01C3  46          	ld	b, (hl)
1205  01C4  04          	inc	b
1206  01C5  C5          	push	bc
1207  01C6  33          	inc	sp
1208  01C7  21 17 12    	ld	hl,0x1217
1209  01CA  E5          	push	hl
1210  01CB  CD 00 00    	call	_zx_print_chr
1211  01CE  C9          	ret
1212  01CF              	SECTION rodata_compiler
1213  0013              ___str_6:
1214  0013  50 48 41 53 45 
                        	DEFM "PHASE"
1215  0018  00          	DEFB 0x00
1216  0019              	SECTION code_compiler
1217  01CF              ;	---------------------------------
1218  01CF              ; Function game_check_maze
1219  01CF              ; ---------------------------------
1220  01CF              _game_check_maze:
1221  01CF  01 00 00    	ld	bc,_scr_map
1222  01D2  09          	add	hl,bc
1223  01D3  7E          	ld	a, (hl)
1224  01D4  D6 3C       	sub	a,0x3c
1225  01D6  3E 00       	ld	a,0x00
1226  01D8  17          	rla
1227  01D9  EE 01       	xor	a,0x01
1228  01DB  6F          	ld	l, a
1229  01DC  C9          	ret
1230  01DD              	SECTION code_compiler
1231  01DD              ;	---------------------------------
1232  01DD              ; Function game_check_maze_floor
1233  01DD              ; ---------------------------------
1234  01DD              _game_check_maze_floor:
1235  01DD  01 00 00    	ld	bc,_scr_map
1236  01E0  09          	add	hl,bc
1237  01E1  7E          	ld	a, (hl)
1238  01E2  D6 30       	sub	a,0x30
1239  01E4  3E 00       	ld	a,0x00
1240  01E6  17          	rla
1241  01E7  EE 01       	xor	a,0x01
1242  01E9  6F          	ld	l, a
1243  01EA  C9          	ret
1244  01EB              	SECTION code_compiler
1245  01EB              ;	---------------------------------
1246  01EB              ; Function game_enemy_add_get_index
1247  01EB              ; ---------------------------------
1248  01EB              _game_enemy_add_get_index:
1249  01EB  4D          	ld	c, l
1250  01EC  21 00 00    	ld	hl,_enemies
1251  01EF  36 00       	ld	(hl),0x00
1252  01F1              l_game_enemy_add_get_index_00104:
1253  01F1  2A 00 00    	ld	hl,(_enemies)
1254  01F4  26 00       	ld	h,0x00
1255  01F6  11 00 00    	ld	de,_class
1256  01F9  19          	add	hl,de
1257  01FA  7E          	ld	a,(hl)
1258  01FB  91          	sub	a,c
1259  01FC  20 05       	jr	NZ,l_game_enemy_add_get_index_00105
1260  01FE  2A 00 00    	ld	hl,(_enemies)
1261  0201  18 0B       	jr	l_game_enemy_add_get_index_00106
1262  0203              l_game_enemy_add_get_index_00105:
1263  0203  21 00 00    	ld	hl,_enemies
1264  0206  34          	inc	(hl)
1265  0207  3E 05       	ld	a,0x05
1266  0209  96          	sub	a, (hl)
1267  020A  30 E5       	jr	NC,l_game_enemy_add_get_index_00104
1268  020C  2E FF       	ld	l,0xff
1269  020E              l_game_enemy_add_get_index_00106:
1270  020E  C9          	ret
1271  020F              	SECTION code_compiler
1272  020F              ;	---------------------------------
1273  020F              ; Function game_print_score
1274  020F              ; ---------------------------------
1275  020F              _game_print_score:
1276  020F  21 00 00    	ld	hl,_screen_ink
1277  0212  36 07       	ld	(hl),0x07
1278  0214  21 00 00    	ld	hl,_screen_paper
1279  0217  36 00       	ld	(hl),0x00
1280  0219  2A 00 00    	ld	hl,(_player_score)
1281  021C  E5          	push	hl
1282  021D  21 00 03    	ld	hl,0x0300
1283  0220  E5          	push	hl
1284  0221  CD 00 00    	call	_zx_print_int
1285  0224  2A 00 00    	ld	hl,(_game_score_top)
1286  0227  E5          	push	hl
1287  0228  21 00 0E    	ld	hl,0x0e00
1288  022B  E5          	push	hl
1289  022C  CD 00 00    	call	_zx_print_int
1290  022F  C9          	ret
1291  0230              	SECTION code_compiler
1292  0230              ;	---------------------------------
1293  0230              ; Function game_paint_attrib
1294  0230              ; ---------------------------------
1295  0230              _game_paint_attrib:
1296  0230  7D          	ld	a,l
1297  0231  32 00 00    	ld	(_tmp0),a
1298  0234              l_game_paint_attrib_00103:
1299  0234  3E 13       	ld	a,0x13
1300  0236  21 00 00    	ld	hl,_tmp0
1301  0239  96          	sub	a, (hl)
1302  023A  D8          	ret	C
1303  023B  7E          	ld	a, (hl)
1304  023C  07          	rlca
1305  023D  07          	rlca
1306  023E  07          	rlca
1307  023F  E6 F8       	and	a,0xf8
1308  0241  C6 08       	add	a,0x08
1309  0243  F5          	push	af
1310  0244  33          	inc	sp
1311  0245  21 01 1F    	ld	hl,0x1f01
1312  0248  E5          	push	hl
1313  0249  CD 54 02    	call	_game_paint_attrib_lin
1314  024C  F1          	pop	af
1315  024D  33          	inc	sp
1316  024E  21 00 00    	ld	hl,_tmp0
1317  0251  34          	inc	(hl)
1318  0252  18 E0       	jr	l_game_paint_attrib_00103
1319  0254              	SECTION code_compiler
1320  0254              ;	---------------------------------
1321  0254              ; Function game_paint_attrib_lin
1322  0254              ; ---------------------------------
1323  0254              _game_paint_attrib_lin:
1324  0254  CD 00 00    	call	___sdcc_enter_ix
1325  0257  DD 7E 04    	ld	a,(ix+4)
1326  025A  32 00 00    	ld	(_tmp_uc),a
1327  025D              l_game_paint_attrib_lin_00103:
1328  025D  21 00 00    	ld	hl,_tmp_uc
1329  0260  7E          	ld	a, (hl)
1330  0261  DD 96 05    	sub	a,(ix+5)
1331  0264  30 12       	jr	NC,l_game_paint_attrib_lin_00105
1332  0266  66          	ld	h,(hl)
1333  0267  DD 6E 06    	ld	l,(ix+6)
1334  026A  E5          	push	hl
1335  026B  21 00 00    	ld	hl,_attrib
1336  026E  E5          	push	hl
1337  026F  CD 00 00    	call	_NIRVANAP_paintC_callee
1338  0272  21 00 00    	ld	hl,_tmp_uc
1339  0275  34          	inc	(hl)
1340  0276  18 E5       	jr	l_game_paint_attrib_lin_00103
1341  0278              l_game_paint_attrib_lin_00105:
1342  0278  DD E1       	pop	ix
1343  027A  C9          	ret
1344  027B              	SECTION code_compiler
1345  027B              ;	---------------------------------
1346  027B              ; Function game_paint_attrib_lin_h
1347  027B              ; ---------------------------------
1348  027B              _game_paint_attrib_lin_h:
1349  027B  CD 00 00    	call	___sdcc_enter_ix
1350  027E  DD 7E 04    	ld	a,(ix+4)
1351  0281  32 00 00    	ld	(_tmp_uc),a
1352  0284              l_game_paint_attrib_lin_h_00103:
1353  0284  21 00 00    	ld	hl,_tmp_uc
1354  0287  7E          	ld	a, (hl)
1355  0288  DD 96 05    	sub	a,(ix+5)
1356  028B  30 12       	jr	NC,l_game_paint_attrib_lin_h_00105
1357  028D  66          	ld	h,(hl)
1358  028E  DD 6E 06    	ld	l,(ix+6)
1359  0291  E5          	push	hl
1360  0292  21 00 00    	ld	hl,_attrib_hl
1361  0295  E5          	push	hl
1362  0296  CD 00 00    	call	_NIRVANAP_paintC_callee
1363  0299  21 00 00    	ld	hl,_tmp_uc
1364  029C  34          	inc	(hl)
1365  029D  18 E5       	jr	l_game_paint_attrib_lin_h_00103
1366  029F              l_game_paint_attrib_lin_h_00105:
1367  029F  DD E1       	pop	ix
1368  02A1  C9          	ret
1369  02A2              	SECTION code_compiler
1370  02A2              ;	---------------------------------
1371  02A2              ; Function game_joystick_change
1372  02A2              ; ---------------------------------
1373  02A2              _game_joystick_change:
1374  02A2  21 00 00    	ld	hl,_player_joy
1375  02A5  34          	inc	(hl)
1376  02A6  20 02       	jr	NZ,l_game_joystick_change_00109
1377  02A8  23          	inc	hl
1378  02A9  34          	inc	(hl)
1379  02AA              l_game_joystick_change_00109:
1380  02AA  21 00 00    	ld	hl,_player_joy
1381  02AD  7E          	ld	a, (hl)
1382  02AE  D6 07       	sub	a,0x07
1383  02B0  23          	inc	hl
1384  02B1  B6          	or	a, (hl)
1385  02B2  C0          	ret	NZ
1386  02B3  21 00 00    	ld	hl,0x0000
1387  02B6  22 00 00    	ld	(_player_joy),hl
1388  02B9  C9          	ret
1389  02BA              	SECTION code_compiler
1390  02BA              ;	---------------------------------
1391  02BA              ; Function game_joystick_set_menu
1392  02BA              ; ---------------------------------
1393  02BA              _game_joystick_set_menu:
1394  02BA  21 00 00    	ld	hl,_in_stick_sinclair1
1395  02BD  22 00 00    	ld	(_joyfunc1),hl
1396  02C0  C9          	ret
1397  02C1              	SECTION code_compiler
1398  02C1              ;	---------------------------------
1399  02C1              ; Function game_joystick_set
1400  02C1              ; ---------------------------------
1401  02C1              _game_joystick_set:
1402  02C1  2A 00 00    	ld	hl,(_player_joy)
1403  02C4  29          	add	hl,hl
1404  02C5  4D          	ld	c,l
1405  02C6  44          	ld	b,h
1406  02C7  21 00 00    	ld	hl,_control_method
1407  02CA  09          	add	hl,bc
1408  02CB  11 00 00    	ld	de,_joyfunc1
1409  02CE  ED A0       	ldi
1410  02D0  7E          	ld	a,(hl)
1411  02D1  12          	ld	(de),a
1412  02D2  C9          	ret
1413  02D3              	SECTION code_compiler
1414  02D3              ;	---------------------------------
1415  02D3              ; Function game_end
1416  02D3              ; ---------------------------------
1417  02D3              	defc _game_end	=	_spr_draw_clear
1418  02D3              	SECTION code_compiler
1419  02D3              ;	---------------------------------
1420  02D3              ; Function game_rotate_attrib
1421  02D3              ; ---------------------------------
1422  02D3              _game_rotate_attrib:
1423  02D3  01 03 00    	ld	bc,_attrib_hl + 3
1424  02D6  0A          	ld	a, (bc)
1425  02D7  32 00 00    	ld	(_tmp_uc),a
1426  02DA  11 02 00    	ld	de,_attrib_hl + 2
1427  02DD  1A          	ld	a, (de)
1428  02DE  02          	ld	(bc), a
1429  02DF  01 01 00    	ld	bc,_attrib_hl + 1
1430  02E2  0A          	ld	a, (bc)
1431  02E3  12          	ld	(de), a
1432  02E4  3A 00 00    	ld	a,(_attrib_hl)
1433  02E7  02          	ld	(bc), a
1434  02E8  3A 00 00    	ld	a,(_tmp_uc)
1435  02EB  32 00 00    	ld	(_attrib_hl),a
1436  02EE  C9          	ret
1437  02EF              	SECTION code_compiler
1438  02EF              ;	---------------------------------
1439  02EF              ; Function game_colour_message
1440  02EF              ; ---------------------------------
1441  02EF              _game_colour_message:
1442  02EF  CD 00 00    	call	___sdcc_enter_ix
1443  02F2  3B          	dec	sp
1444  02F3  21 00 00    	ld	hl,_tmp
1445  02F6  36 01       	ld	(hl),0x01
1446  02F8  2A 00 00    	ld	hl,(_curr_time)
1447  02FB  22 00 00    	ld	(_frame_time),hl
1448  02FE  2A 00 00    	ld	hl,(_curr_time)
1449  0301  22 00 00    	ld	(_entry_time),hl
1450  0304  DD 7E 04    	ld	a,(ix+4)
1451  0307  07          	rlca
1452  0308  07          	rlca
1453  0309  07          	rlca
1454  030A  E6 F8       	and	a,0xf8
1455  030C  C6 08       	add	a,0x08
1456  030E  DD 77 FF    	ld	(ix-1),a
1457  0311              l_game_colour_message_00107:
1458  0311  3A 00 00    	ld	a,(_tmp)
1459  0314  B7          	or	a, a
1460  0315  28 55       	jr	Z,l_game_colour_message_00110
1461  0317  DD 6E 07    	ld	l,(ix+7)
1462  031A  DD 66 08    	ld	h,(ix+8)
1463  031D  E5          	push	hl
1464  031E  2A 00 00    	ld	hl,(_entry_time)
1465  0321  E5          	push	hl
1466  0322  CD 70 03    	call	_game_check_time
1467  0325  F1          	pop	af
1468  0326  F1          	pop	af
1469  0327  7D          	ld	a, l
1470  0328  B7          	or	a, a
1471  0329  20 41       	jr	NZ,l_game_colour_message_00110
1472  032B  21 05 00    	ld	hl,0x0005
1473  032E  E5          	push	hl
1474  032F  2A 00 00    	ld	hl,(_frame_time)
1475  0332  E5          	push	hl
1476  0333  CD 70 03    	call	_game_check_time
1477  0336  F1          	pop	af
1478  0337  F1          	pop	af
1479  0338  7D          	ld	a, l
1480  0339  B7          	or	a, a
1481  033A  28 1A       	jr	Z,l_game_colour_message_00103
1482  033C  2A 00 00    	ld	hl,(_curr_time)
1483  033F  22 00 00    	ld	(_frame_time),hl
1484  0342  DD 66 FF    	ld	h,(ix-1)
1485  0345  DD 6E 06    	ld	l,(ix+6)
1486  0348  E5          	push	hl
1487  0349  DD 7E 05    	ld	a,(ix+5)
1488  034C  F5          	push	af
1489  034D  33          	inc	sp
1490  034E  CD 7B 02    	call	_game_paint_attrib_lin_h
1491  0351  F1          	pop	af
1492  0352  33          	inc	sp
1493  0353  CD D3 02    	call	_game_rotate_attrib
1494  0356              l_game_colour_message_00103:
1495  0356  21 00 00    	ld	hl,_k1
1496  0359  E5          	push	hl
1497  035A  2A 00 00    	ld	hl,(_joyfunc1)
1498  035D  CD 00 00    	call	___sdcc_call_hl
1499  0360  F1          	pop	af
1500  0361  7C          	ld	a,h
1501  0362  B5          	or	a,l
1502  0363  28 AC       	jr	Z,l_game_colour_message_00107
1503  0365  21 00 00    	ld	hl,_tmp
1504  0368  36 00       	ld	(hl),0x00
1505  036A  18 EA       	jr	l_game_colour_message_00103
1506  036C              l_game_colour_message_00110:
1507  036C  33          	inc	sp
1508  036D  DD E1       	pop	ix
1509  036F  C9          	ret
1510  0370              	SECTION code_compiler
1511  0370              ;	---------------------------------
1512  0370              ; Function game_check_time
1513  0370              ; ---------------------------------
1514  0370              _game_check_time:
1515  0370  CD 00 00    	call	___sdcc_enter_ix
1516  0373  2A 00 00    	ld	hl,(_curr_time)
1517  0376  7D          	ld	a,l
1518  0377  DD 96 04    	sub	a,(ix+4)
1519  037A  4F          	ld	c,a
1520  037B  7C          	ld	a,h
1521  037C  DD 9E 05    	sbc	a,(ix+5)
1522  037F  47          	ld	b, a
1523  0380  DD 7E 06    	ld	a,(ix+6)
1524  0383  91          	sub	a, c
1525  0384  DD 7E 07    	ld	a,(ix+7)
1526  0387  98          	sbc	a, b
1527  0388  30 04       	jr	NC,l_game_check_time_00102
1528  038A  2E 01       	ld	l,0x01
1529  038C  18 02       	jr	l_game_check_time_00104
1530  038E              l_game_check_time_00102:
1531  038E  2E 00       	ld	l,0x00
1532  0390              l_game_check_time_00104:
1533  0390  DD E1       	pop	ix
1534  0392  C9          	ret
1535  0393              	SECTION IGNORE
1536  0000              
