1     0000              MODULE game_enemies_c
2     0000              
3     0000              ;--------------------------------------------------------
4     0000              ; File Created by SDCC : free open source ANSI-C Compiler
5     0000              ; Version 3.6.5 #9958 (Mac OS X i386)
6     0000              ;--------------------------------------------------------
7     0000              ; Processed by Z88DK
8     0000              ;--------------------------------------------------------
9     0000              
10    0000              	EXTERN __divschar
11    0000              	EXTERN __divschar_callee
12    0000              	EXTERN __divsint
13    0000              	EXTERN __divsint_callee
14    0000              	EXTERN __divslong
15    0000              	EXTERN __divslong_callee
16    0000              	EXTERN __divslonglong
17    0000              	EXTERN __divslonglong_callee
18    0000              	EXTERN __divsuchar
19    0000              	EXTERN __divsuchar_callee
20    0000              	EXTERN __divuchar
21    0000              	EXTERN __divuchar_callee
22    0000              	EXTERN __divuint
23    0000              	EXTERN __divuint_callee
24    0000              	EXTERN __divulong
25    0000              	EXTERN __divulong_callee
26    0000              	EXTERN __divulonglong
27    0000              	EXTERN __divulonglong_callee
28    0000              	EXTERN __divuschar
29    0000              	EXTERN __divuschar_callee
30    0000              	EXTERN __modschar
31    0000              	EXTERN __modschar_callee
32    0000              	EXTERN __modsint
33    0000              	EXTERN __modsint_callee
34    0000              	EXTERN __modslong
35    0000              	EXTERN __modslong_callee
36    0000              	EXTERN __modslonglong
37    0000              	EXTERN __modslonglong_callee
38    0000              	EXTERN __modsuchar
39    0000              	EXTERN __modsuchar_callee
40    0000              	EXTERN __moduchar
41    0000              	EXTERN __moduchar_callee
42    0000              	EXTERN __moduint
43    0000              	EXTERN __moduint_callee
44    0000              	EXTERN __modulong
45    0000              	EXTERN __modulong_callee
46    0000              	EXTERN __modulonglong
47    0000              	EXTERN __modulonglong_callee
48    0000              	EXTERN __moduschar
49    0000              	EXTERN __moduschar_callee
50    0000              	EXTERN __mulint
51    0000              	EXTERN __mulint_callee
52    0000              	EXTERN __mullong
53    0000              	EXTERN __mullong_callee
54    0000              	EXTERN __mullonglong
55    0000              	EXTERN __mullonglong_callee
56    0000              	EXTERN __mulschar
57    0000              	EXTERN __mulschar_callee
58    0000              	EXTERN __mulsuchar
59    0000              	EXTERN __mulsuchar_callee
60    0000              	EXTERN __muluschar
61    0000              	EXTERN __muluschar_callee
62    0000              	EXTERN __rlslonglong
63    0000              	EXTERN __rlslonglong_callee
64    0000              	EXTERN __rlulonglong
65    0000              	EXTERN __rlulonglong_callee
66    0000              	EXTERN __rrslonglong
67    0000              	EXTERN __rrslonglong_callee
68    0000              	EXTERN __rrulonglong
69    0000              	EXTERN __rrulonglong_callee
70    0000              	EXTERN ___sdcc_call_hl
71    0000              	EXTERN ___sdcc_call_iy
72    0000              	EXTERN ___sdcc_enter_ix
73    0000              	EXTERN _banked_call
74    0000              	EXTERN _banked_ret
75    0000              	EXTERN ___fs2schar
76    0000              	EXTERN ___fs2schar_callee
77    0000              	EXTERN ___fs2sint
78    0000              	EXTERN ___fs2sint_callee
79    0000              	EXTERN ___fs2slong
80    0000              	EXTERN ___fs2slong_callee
81    0000              	EXTERN ___fs2slonglong
82    0000              	EXTERN ___fs2slonglong_callee
83    0000              	EXTERN ___fs2uchar
84    0000              	EXTERN ___fs2uchar_callee
85    0000              	EXTERN ___fs2uint
86    0000              	EXTERN ___fs2uint_callee
87    0000              	EXTERN ___fs2ulong
88    0000              	EXTERN ___fs2ulong_callee
89    0000              	EXTERN ___fs2ulonglong
90    0000              	EXTERN ___fs2ulonglong_callee
91    0000              	EXTERN ___fsadd
92    0000              	EXTERN ___fsadd_callee
93    0000              	EXTERN ___fsdiv
94    0000              	EXTERN ___fsdiv_callee
95    0000              	EXTERN ___fseq
96    0000              	EXTERN ___fseq_callee
97    0000              	EXTERN ___fsgt
98    0000              	EXTERN ___fsgt_callee
99    0000              	EXTERN ___fslt
100   0000              	EXTERN ___fslt_callee
101   0000              	EXTERN ___fsmul
102   0000              	EXTERN ___fsmul_callee
103   0000              	EXTERN ___fsneq
104   0000              	EXTERN ___fsneq_callee
105   0000              	EXTERN ___fssub
106   0000              	EXTERN ___fssub_callee
107   0000              	EXTERN ___schar2fs
108   0000              	EXTERN ___schar2fs_callee
109   0000              	EXTERN ___sint2fs
110   0000              	EXTERN ___sint2fs_callee
111   0000              	EXTERN ___slong2fs
112   0000              	EXTERN ___slong2fs_callee
113   0000              	EXTERN ___slonglong2fs
114   0000              	EXTERN ___slonglong2fs_callee
115   0000              	EXTERN ___uchar2fs
116   0000              	EXTERN ___uchar2fs_callee
117   0000              	EXTERN ___uint2fs
118   0000              	EXTERN ___uint2fs_callee
119   0000              	EXTERN ___ulong2fs
120   0000              	EXTERN ___ulong2fs_callee
121   0000              	EXTERN ___ulonglong2fs
122   0000              	EXTERN ___ulonglong2fs_callee
123   0000              	EXTERN ____sdcc_2_copy_src_mhl_dst_deix
124   0000              	EXTERN ____sdcc_2_copy_src_mhl_dst_bcix
125   0000              	EXTERN ____sdcc_4_copy_src_mhl_dst_deix
126   0000              	EXTERN ____sdcc_4_copy_src_mhl_dst_bcix
127   0000              	EXTERN ____sdcc_4_copy_src_mhl_dst_mbc
128   0000              	EXTERN ____sdcc_4_ldi_nosave_bc
129   0000              	EXTERN ____sdcc_4_ldi_save_bc
130   0000              	EXTERN ____sdcc_4_push_hlix
131   0000              	EXTERN ____sdcc_4_push_mhl
132   0000              	EXTERN ____sdcc_lib_setmem_hl
133   0000              	EXTERN ____sdcc_ll_add_de_bc_hl
134   0000              	EXTERN ____sdcc_ll_add_de_bc_hlix
135   0000              	EXTERN ____sdcc_ll_add_de_hlix_bc
136   0000              	EXTERN ____sdcc_ll_add_de_hlix_bcix
137   0000              	EXTERN ____sdcc_ll_add_deix_bc_hl
138   0000              	EXTERN ____sdcc_ll_add_deix_hlix
139   0000              	EXTERN ____sdcc_ll_add_hlix_bc_deix
140   0000              	EXTERN ____sdcc_ll_add_hlix_deix_bc
141   0000              	EXTERN ____sdcc_ll_add_hlix_deix_bcix
142   0000              	EXTERN ____sdcc_ll_asr_hlix_a
143   0000              	EXTERN ____sdcc_ll_asr_mbc_a
144   0000              	EXTERN ____sdcc_ll_copy_src_de_dst_hlix
145   0000              	EXTERN ____sdcc_ll_copy_src_de_dst_hlsp
146   0000              	EXTERN ____sdcc_ll_copy_src_deix_dst_hl
147   0000              	EXTERN ____sdcc_ll_copy_src_deix_dst_hlix
148   0000              	EXTERN ____sdcc_ll_copy_src_deixm_dst_hlsp
149   0000              	EXTERN ____sdcc_ll_copy_src_desp_dst_hlsp
150   0000              	EXTERN ____sdcc_ll_copy_src_hl_dst_de
151   0000              	EXTERN ____sdcc_ll_copy_src_hlsp_dst_de
152   0000              	EXTERN ____sdcc_ll_copy_src_hlsp_dst_deixm
153   0000              	EXTERN ____sdcc_ll_lsl_hlix_a
154   0000              	EXTERN ____sdcc_ll_lsl_mbc_a
155   0000              	EXTERN ____sdcc_ll_lsr_hlix_a
156   0000              	EXTERN ____sdcc_ll_lsr_mbc_a
157   0000              	EXTERN ____sdcc_ll_push_hlix
158   0000              	EXTERN ____sdcc_ll_push_mhl
159   0000              	EXTERN ____sdcc_ll_sub_de_bc_hl
160   0000              	EXTERN ____sdcc_ll_sub_de_bc_hlix
161   0000              	EXTERN ____sdcc_ll_sub_de_hlix_bc
162   0000              	EXTERN ____sdcc_ll_sub_de_hlix_bcix
163   0000              	EXTERN ____sdcc_ll_sub_deix_bc_hl
164   0000              	EXTERN ____sdcc_ll_sub_deix_hlix
165   0000              	EXTERN ____sdcc_ll_sub_hlix_bc_deix
166   0000              	EXTERN ____sdcc_ll_sub_hlix_deix_bc
167   0000              	EXTERN ____sdcc_ll_sub_hlix_deix_bcix
168   0000              	EXTERN ____sdcc_load_debc_deix
169   0000              	EXTERN ____sdcc_load_dehl_deix
170   0000              	EXTERN ____sdcc_load_debc_mhl
171   0000              	EXTERN ____sdcc_load_hlde_mhl
172   0000              	EXTERN ____sdcc_store_dehl_bcix
173   0000              	EXTERN ____sdcc_store_debc_hlix
174   0000              	EXTERN ____sdcc_store_debc_mhl
175   0000              	EXTERN ____sdcc_cpu_pop_ei
176   0000              	EXTERN ____sdcc_cpu_pop_ei_jp
177   0000              	EXTERN ____sdcc_cpu_push_di
178   0000              	EXTERN ____sdcc_outi
179   0000              	EXTERN ____sdcc_outi_128
180   0000              	EXTERN ____sdcc_outi_256
181   0000              	EXTERN ____sdcc_ldi
182   0000              	EXTERN ____sdcc_ldi_128
183   0000              	EXTERN ____sdcc_ldi_256
184   0000              
185   0000              ;--------------------------------------------------------
186   0000              ; Public variables in this module
187   0000              ;--------------------------------------------------------
188   0000              	GLOBAL _enemy_hit
189   0000              	GLOBAL _enemy_turn
190   0000              	GLOBAL _enemy_move
191   0000              	GLOBAL _enemy_static
192   0000              	GLOBAL _enemy_horizontal
193   0000              	GLOBAL _enemy_vertical
194   0000              	GLOBAL _enemy_walk
195   0000              	GLOBAL _enemy_avoid_fall
196   0000              	GLOBAL _enemy_avoid_fall_dead
197   0000              	GLOBAL _enemy_respawn
198   0000              	GLOBAL _enemy_init
199   0000              	GLOBAL _enemy_kill
200   0000              ;--------------------------------------------------------
201   0000              ; Externals used
202   0000              ;--------------------------------------------------------
203   0000              	GLOBAL _ulltoa_callee
204   0000              	GLOBAL _ulltoa
205   0000              	GLOBAL _strtoull_callee
206   0000              	GLOBAL _strtoull
207   0000              	GLOBAL _strtoll_callee
208   0000              	GLOBAL _strtoll
209   0000              	GLOBAL _lltoa_callee
210   0000              	GLOBAL _lltoa
211   0000              	GLOBAL _llabs_callee
212   0000              	GLOBAL _llabs
213   0000              	GLOBAL __lldivu__callee
214   0000              	GLOBAL __lldivu_
215   0000              	GLOBAL __lldiv__callee
216   0000              	GLOBAL __lldiv_
217   0000              	GLOBAL _atoll_callee
218   0000              	GLOBAL _atoll
219   0000              	GLOBAL _realloc_unlocked_callee
220   0000              	GLOBAL _realloc_unlocked
221   0000              	GLOBAL _malloc_unlocked_fastcall
222   0000              	GLOBAL _malloc_unlocked
223   0000              	GLOBAL _free_unlocked_fastcall
224   0000              	GLOBAL _free_unlocked
225   0000              	GLOBAL _calloc_unlocked_callee
226   0000              	GLOBAL _calloc_unlocked
227   0000              	GLOBAL _aligned_alloc_unlocked_callee
228   0000              	GLOBAL _aligned_alloc_unlocked
229   0000              	GLOBAL _realloc_callee
230   0000              	GLOBAL _realloc
231   0000              	GLOBAL _malloc_fastcall
232   0000              	GLOBAL _malloc
233   0000              	GLOBAL _free_fastcall
234   0000              	GLOBAL _free
235   0000              	GLOBAL _calloc_callee
236   0000              	GLOBAL _calloc
237   0000              	GLOBAL _aligned_alloc_callee
238   0000              	GLOBAL _aligned_alloc
239   0000              	GLOBAL _utoa_callee
240   0000              	GLOBAL _utoa
241   0000              	GLOBAL _ultoa_callee
242   0000              	GLOBAL _ultoa
243   0000              	GLOBAL _system_fastcall
244   0000              	GLOBAL _system
245   0000              	GLOBAL _strtoul_callee
246   0000              	GLOBAL _strtoul
247   0000              	GLOBAL _strtol_callee
248   0000              	GLOBAL _strtol
249   0000              	GLOBAL _strtof_callee
250   0000              	GLOBAL _strtof
251   0000              	GLOBAL _strtod_callee
252   0000              	GLOBAL _strtod
253   0000              	GLOBAL _srand_fastcall
254   0000              	GLOBAL _srand
255   0000              	GLOBAL _rand
256   0000              	GLOBAL _quick_exit_fastcall
257   0000              	GLOBAL _quick_exit
258   0000              	GLOBAL _qsort_callee
259   0000              	GLOBAL _qsort
260   0000              	GLOBAL _ltoa_callee
261   0000              	GLOBAL _ltoa
262   0000              	GLOBAL _labs_fastcall
263   0000              	GLOBAL _labs
264   0000              	GLOBAL _itoa_callee
265   0000              	GLOBAL _itoa
266   0000              	GLOBAL _ftoh_callee
267   0000              	GLOBAL _ftoh
268   0000              	GLOBAL _ftog_callee
269   0000              	GLOBAL _ftog
270   0000              	GLOBAL _ftoe_callee
271   0000              	GLOBAL _ftoe
272   0000              	GLOBAL _ftoa_callee
273   0000              	GLOBAL _ftoa
274   0000              	GLOBAL _exit_fastcall
275   0000              	GLOBAL _exit
276   0000              	GLOBAL _dtoh_callee
277   0000              	GLOBAL _dtoh
278   0000              	GLOBAL _dtog_callee
279   0000              	GLOBAL _dtog
280   0000              	GLOBAL _dtoe_callee
281   0000              	GLOBAL _dtoe
282   0000              	GLOBAL _dtoa_callee
283   0000              	GLOBAL _dtoa
284   0000              	GLOBAL _bsearch_callee
285   0000              	GLOBAL _bsearch
286   0000              	GLOBAL _atol_fastcall
287   0000              	GLOBAL _atol
288   0000              	GLOBAL _atoi_fastcall
289   0000              	GLOBAL _atoi
290   0000              	GLOBAL _atof_fastcall
291   0000              	GLOBAL _atof
292   0000              	GLOBAL _atexit_fastcall
293   0000              	GLOBAL _atexit
294   0000              	GLOBAL _at_quick_exit_fastcall
295   0000              	GLOBAL _at_quick_exit
296   0000              	GLOBAL _abs_fastcall
297   0000              	GLOBAL _abs
298   0000              	GLOBAL _abort
299   0000              	GLOBAL __strtou__callee
300   0000              	GLOBAL __strtou_
301   0000              	GLOBAL __strtoi__callee
302   0000              	GLOBAL __strtoi_
303   0000              	GLOBAL __random_uniform_xor_8__fastcall
304   0000              	GLOBAL __random_uniform_xor_8_
305   0000              	GLOBAL __random_uniform_xor_32__fastcall
306   0000              	GLOBAL __random_uniform_xor_32_
307   0000              	GLOBAL __random_uniform_cmwc_8__fastcall
308   0000              	GLOBAL __random_uniform_cmwc_8_
309   0000              	GLOBAL __shellsort__callee
310   0000              	GLOBAL __shellsort_
311   0000              	GLOBAL __quicksort__callee
312   0000              	GLOBAL __quicksort_
313   0000              	GLOBAL __insertion_sort__callee
314   0000              	GLOBAL __insertion_sort_
315   0000              	GLOBAL __ldivu__callee
316   0000              	GLOBAL __ldivu_
317   0000              	GLOBAL __ldiv__callee
318   0000              	GLOBAL __ldiv_
319   0000              	GLOBAL __divu__callee
320   0000              	GLOBAL __divu_
321   0000              	GLOBAL __div__callee
322   0000              	GLOBAL __div_
323   0000              	GLOBAL _NIRVANAP_drawTW_raw_callee
324   0000              	GLOBAL _NIRVANAP_drawTW_raw
325   0000              	GLOBAL _NIRVANAP_drawTW_callee
326   0000              	GLOBAL _NIRVANAP_drawTW
327   0000              	GLOBAL _NIRVANAP_drawW_raw_callee
328   0000              	GLOBAL _NIRVANAP_drawW_raw
329   0000              	GLOBAL _NIRVANAP_drawW_callee
330   0000              	GLOBAL _NIRVANAP_drawW
331   0000              	GLOBAL _NIRVANAP_spriteT_callee
332   0000              	GLOBAL _NIRVANAP_spriteT
333   0000              	GLOBAL _NIRVANAP_fillC_callee
334   0000              	GLOBAL _NIRVANAP_fillC
335   0000              	GLOBAL _NIRVANAP_readC_callee
336   0000              	GLOBAL _NIRVANAP_readC
337   0000              	GLOBAL _NIRVANAP_paintC_callee
338   0000              	GLOBAL _NIRVANAP_paintC
339   0000              	GLOBAL _NIRVANAP_printC_callee
340   0000              	GLOBAL _NIRVANAP_printC
341   0000              	GLOBAL _NIRVANAP_fillT_raw_callee
342   0000              	GLOBAL _NIRVANAP_fillT_raw
343   0000              	GLOBAL _NIRVANAP_fillT_callee
344   0000              	GLOBAL _NIRVANAP_fillT
345   0000              	GLOBAL _NIRVANAP_drawT_raw_callee
346   0000              	GLOBAL _NIRVANAP_drawT_raw
347   0000              	GLOBAL _NIRVANAP_drawT_callee
348   0000              	GLOBAL _NIRVANAP_drawT
349   0000              	GLOBAL _NIRVANAP_stop
350   0000              	GLOBAL _NIRVANAP_start
351   0000              	GLOBAL _debug3
352   0000              	GLOBAL _debug2
353   0000              	GLOBAL _debug
354   0000              	GLOBAL _zx_print_str
355   0000              	GLOBAL _zx_print_int
356   0000              	GLOBAL _zx_print_chr
357   0000              	GLOBAL _zx_print_bonus_time
358   0000              	GLOBAL _zx_isr
359   0000              	GLOBAL _z80_otdr_callee
360   0000              	GLOBAL _z80_otdr
361   0000              	GLOBAL _z80_otir_callee
362   0000              	GLOBAL _z80_otir
363   0000              	GLOBAL _z80_outp_callee
364   0000              	GLOBAL _z80_outp
365   0000              	GLOBAL _z80_indr_callee
366   0000              	GLOBAL _z80_indr
367   0000              	GLOBAL _z80_inir_callee
368   0000              	GLOBAL _z80_inir
369   0000              	GLOBAL _z80_inp_fastcall
370   0000              	GLOBAL _z80_inp
371   0000              	GLOBAL _z80_set_int_state_fastcall
372   0000              	GLOBAL _z80_set_int_state
373   0000              	GLOBAL _z80_get_int_state
374   0000              	GLOBAL _z80_delay_tstate_fastcall
375   0000              	GLOBAL _z80_delay_tstate
376   0000              	GLOBAL _z80_delay_ms_fastcall
377   0000              	GLOBAL _z80_delay_ms
378   0000              	GLOBAL _im2_remove_generic_callback_callee
379   0000              	GLOBAL _im2_remove_generic_callback
380   0000              	GLOBAL _im2_prepend_generic_callback_callee
381   0000              	GLOBAL _im2_prepend_generic_callback
382   0000              	GLOBAL _im2_append_generic_callback_callee
383   0000              	GLOBAL _im2_append_generic_callback
384   0000              	GLOBAL _im2_create_generic_isr_8080_callee
385   0000              	GLOBAL _im2_create_generic_isr_8080
386   0000              	GLOBAL _im2_create_generic_isr_callee
387   0000              	GLOBAL _im2_create_generic_isr
388   0000              	GLOBAL _im2_install_isr_callee
389   0000              	GLOBAL _im2_install_isr
390   0000              	GLOBAL _im2_init_fastcall
391   0000              	GLOBAL _im2_init
392   0000              	GLOBAL _intrinsic_swap_word_32_fastcall
393   0000              	GLOBAL _intrinsic_swap_word_32
394   0000              	GLOBAL _intrinsic_swap_endian_32_fastcall
395   0000              	GLOBAL _intrinsic_swap_endian_32
396   0000              	GLOBAL _intrinsic_swap_endian_16_fastcall
397   0000              	GLOBAL _intrinsic_swap_endian_16
398   0000              	GLOBAL _intrinsic_return_de
399   0000              	GLOBAL _intrinsic_return_bc
400   0000              	GLOBAL _intrinsic_exx
401   0000              	GLOBAL _intrinsic_ex_de_hl
402   0000              	GLOBAL _intrinsic_nop
403   0000              	GLOBAL _intrinsic_im_2
404   0000              	GLOBAL _intrinsic_im_1
405   0000              	GLOBAL _intrinsic_im_0
406   0000              	GLOBAL _intrinsic_retn
407   0000              	GLOBAL _intrinsic_reti
408   0000              	GLOBAL _intrinsic_halt
409   0000              	GLOBAL _intrinsic_ei
410   0000              	GLOBAL _intrinsic_di
411   0000              	GLOBAL _intrinsic_stub
412   0000              	GLOBAL _intrinsic_outi
413   0000              	GLOBAL _intrinsic_ldi
414   0000              	GLOBAL _zx_pattern_fill_callee
415   0000              	GLOBAL _zx_pattern_fill
416   0000              	GLOBAL _zx_saddrpup_fastcall
417   0000              	GLOBAL _zx_saddrpup
418   0000              	GLOBAL _zx_saddrpright_callee
419   0000              	GLOBAL _zx_saddrpright
420   0000              	GLOBAL _zx_saddrpleft_callee
421   0000              	GLOBAL _zx_saddrpleft
422   0000              	GLOBAL _zx_saddrpdown_fastcall
423   0000              	GLOBAL _zx_saddrpdown
424   0000              	GLOBAL _zx_saddrcup_fastcall
425   0000              	GLOBAL _zx_saddrcup
426   0000              	GLOBAL _zx_saddrcright_fastcall
427   0000              	GLOBAL _zx_saddrcright
428   0000              	GLOBAL _zx_saddrcleft_fastcall
429   0000              	GLOBAL _zx_saddrcleft
430   0000              	GLOBAL _zx_saddrcdown_fastcall
431   0000              	GLOBAL _zx_saddrcdown
432   0000              	GLOBAL _zx_saddr2py_fastcall
433   0000              	GLOBAL _zx_saddr2py
434   0000              	GLOBAL _zx_saddr2px_fastcall
435   0000              	GLOBAL _zx_saddr2px
436   0000              	GLOBAL _zx_saddr2cy_fastcall
437   0000              	GLOBAL _zx_saddr2cy
438   0000              	GLOBAL _zx_saddr2cx_fastcall
439   0000              	GLOBAL _zx_saddr2cx
440   0000              	GLOBAL _zx_saddr2aaddr_fastcall
441   0000              	GLOBAL _zx_saddr2aaddr
442   0000              	GLOBAL _zx_py2saddr_fastcall
443   0000              	GLOBAL _zx_py2saddr
444   0000              	GLOBAL _zx_py2aaddr_fastcall
445   0000              	GLOBAL _zx_py2aaddr
446   0000              	GLOBAL _zx_pxy2saddr_callee
447   0000              	GLOBAL _zx_pxy2saddr
448   0000              	GLOBAL _zx_pxy2aaddr_callee
449   0000              	GLOBAL _zx_pxy2aaddr
450   0000              	GLOBAL _zx_px2bitmask_fastcall
451   0000              	GLOBAL _zx_px2bitmask
452   0000              	GLOBAL _zx_cy2saddr_fastcall
453   0000              	GLOBAL _zx_cy2saddr
454   0000              	GLOBAL _zx_cy2aaddr_fastcall
455   0000              	GLOBAL _zx_cy2aaddr
456   0000              	GLOBAL _zx_cxy2saddr_callee
457   0000              	GLOBAL _zx_cxy2saddr
458   0000              	GLOBAL _zx_cxy2aaddr_callee
459   0000              	GLOBAL _zx_cxy2aaddr
460   0000              	GLOBAL _zx_bitmask2px_fastcall
461   0000              	GLOBAL _zx_bitmask2px
462   0000              	GLOBAL _zx_aaddrcup_fastcall
463   0000              	GLOBAL _zx_aaddrcup
464   0000              	GLOBAL _zx_aaddrcright_fastcall
465   0000              	GLOBAL _zx_aaddrcright
466   0000              	GLOBAL _zx_aaddrcleft_fastcall
467   0000              	GLOBAL _zx_aaddrcleft
468   0000              	GLOBAL _zx_aaddrcdown_fastcall
469   0000              	GLOBAL _zx_aaddrcdown
470   0000              	GLOBAL _zx_aaddr2saddr_fastcall
471   0000              	GLOBAL _zx_aaddr2saddr
472   0000              	GLOBAL _zx_aaddr2py_fastcall
473   0000              	GLOBAL _zx_aaddr2py
474   0000              	GLOBAL _zx_aaddr2px_fastcall
475   0000              	GLOBAL _zx_aaddr2px
476   0000              	GLOBAL _zx_aaddr2cy_fastcall
477   0000              	GLOBAL _zx_aaddr2cy
478   0000              	GLOBAL _zx_aaddr2cx_fastcall
479   0000              	GLOBAL _zx_aaddr2cx
480   0000              	GLOBAL _zx_visit_wc_pix_callee
481   0000              	GLOBAL _zx_visit_wc_pix
482   0000              	GLOBAL _zx_visit_wc_attr_callee
483   0000              	GLOBAL _zx_visit_wc_attr
484   0000              	GLOBAL _zx_scroll_wc_up_pix_callee
485   0000              	GLOBAL _zx_scroll_wc_up_pix
486   0000              	GLOBAL _zx_scroll_wc_up_attr_callee
487   0000              	GLOBAL _zx_scroll_wc_up_attr
488   0000              	GLOBAL _zx_scroll_wc_up_callee
489   0000              	GLOBAL _zx_scroll_wc_up
490   0000              	GLOBAL _zx_scroll_up_pix_callee
491   0000              	GLOBAL _zx_scroll_up_pix
492   0000              	GLOBAL _zx_scroll_up_attr_callee
493   0000              	GLOBAL _zx_scroll_up_attr
494   0000              	GLOBAL _zx_scroll_up_callee
495   0000              	GLOBAL _zx_scroll_up
496   0000              	GLOBAL _zx_cls_wc_pix_callee
497   0000              	GLOBAL _zx_cls_wc_pix
498   0000              	GLOBAL _zx_cls_wc_attr_callee
499   0000              	GLOBAL _zx_cls_wc_attr
500   0000              	GLOBAL _zx_cls_wc_callee
501   0000              	GLOBAL _zx_cls_wc
502   0000              	GLOBAL _zx_cls_pix_fastcall
503   0000              	GLOBAL _zx_cls_pix
504   0000              	GLOBAL _zx_cls_attr_fastcall
505   0000              	GLOBAL _zx_cls_attr
506   0000              	GLOBAL _zx_cls_fastcall
507   0000              	GLOBAL _zx_cls
508   0000              	GLOBAL _zx_border_fastcall
509   0000              	GLOBAL _zx_border
510   0000              	GLOBAL _spr_btile_paint_back
511   0000              	GLOBAL _spr_explode_bullet
512   0000              	GLOBAL _spr_init_anim_bullets
513   0000              	GLOBAL _spr_turn_horizontal
514   0000              	GLOBAL _spr_play_bullets
515   0000              	GLOBAL _spr_play_anim
516   0000              	GLOBAL _spr_add_anim
517   0000              	GLOBAL _spr_page_map
518   0000              	GLOBAL _spr_page_right
519   0000              	GLOBAL _spr_page_left
520   0000              	GLOBAL _spr_tile_paint
521   0000              	GLOBAL _spr_calc_hor
522   0000              	GLOBAL _spr_draw_row
523   0000              	GLOBAL _spr_draw_index
524   0000              	GLOBAL _spr_draw_clear
525   0000              	GLOBAL _spr_brick_anim
526   0000              	GLOBAL _spr_back_repaint
527   0000              	GLOBAL _spr_tile
528   0000              	GLOBAL _spr_destroy
529   0000              	GLOBAL _spr_tile_dir
530   0000              	GLOBAL _spr_redraw
531   0000              	GLOBAL _spr_move_left
532   0000              	GLOBAL _spr_move_right
533   0000              	GLOBAL _spr_move_horizontal
534   0000              	GLOBAL _spr_move_down
535   0000              	GLOBAL _spr_move_up
536   0000              	GLOBAL _spr_calc_index
537   0000              	GLOBAL _spr_chktime
538   0000              	GLOBAL _sound_hit_brick
539   0000              	GLOBAL _sound_hit_enemy
540   0000              	GLOBAL _sound_kill
541   0000              	GLOBAL _sound_enter_enemy
542   0000              	GLOBAL _sound_coin
543   0000              	GLOBAL _sound_jump
544   0000              	GLOBAL _sound_slide
545   0000              	GLOBAL _player_open_door
546   0000              	GLOBAL _player_move_jump
547   0000              	GLOBAL _player_fire
548   0000              	GLOBAL _player_check_stairs_down
549   0000              	GLOBAL _player_check_stairs
550   0000              	GLOBAL _player_tile
551   0000              	GLOBAL _player_pick_item
552   0000              	GLOBAL _player_check_floor
553   0000              	GLOBAL _player_hit_platform_clear
554   0000              	GLOBAL _player_lost_life
555   0000              	GLOBAL _player_score_add
556   0000              	GLOBAL _player_player_hit_pow
557   0000              	GLOBAL _player_hit_platform
558   0000              	GLOBAL _player_move_input
559   0000              	GLOBAL _player_turn
560   0000              	GLOBAL _player_move
561   0000              	GLOBAL _player_restart
562   0000              	GLOBAL _player_kill
563   0000              	GLOBAL _player_check_input
564   0000              	GLOBAL _player_collision
565   0000              	GLOBAL _player_init
566   0000              	GLOBAL _game_obj_chk
567   0000              	GLOBAL _game_obj_set
568   0000              	GLOBAL _game_shoot_fire
569   0000              	GLOBAL _game_add_enemy
570   0000              	GLOBAL _game_joystick_set_menu
571   0000              	GLOBAL _game_joystick_set
572   0000              	GLOBAL _game_joystick_change
573   0000              	GLOBAL _game_print_header
574   0000              	GLOBAL _game_end
575   0000              	GLOBAL _game_phase_print_score_back
576   0000              	GLOBAL _game_check_time
577   0000              	GLOBAL _game_rotate_attrib
578   0000              	GLOBAL _game_colour_message
579   0000              	GLOBAL _game_paint_attrib_lin_h
580   0000              	GLOBAL _game_paint_attrib_lin
581   0000              	GLOBAL _game_paint_attrib
582   0000              	GLOBAL _game_print_score
583   0000              	GLOBAL _game_unfreeze_all
584   0000              	GLOBAL _game_freeze_all
585   0000              	GLOBAL _game_freeze
586   0000              	GLOBAL _game_enemy_add_get_index
587   0000              	GLOBAL _game_check_cell
588   0000              	GLOBAL _game_check_map
589   0000              	GLOBAL _game_loop
590   0000              	GLOBAL _game_phase_init
591   0000              	GLOBAL _game_start_timer
592   0000              	GLOBAL _game_tick
593   0000              	GLOBAL _game_print_lives
594   0000              	GLOBAL _game_print_footer
595   0000              	GLOBAL _game_fill_row
596   0000              	GLOBAL _game_draw_screen
597   0000              	GLOBAL _enemy_coin1
598   0000              	GLOBAL _ay_fx_play
599   0000              	GLOBAL _ay_midi_play
600   0000              	GLOBAL _ay_is_playing
601   0000              	GLOBAL _ay_reset
602   0000              	GLOBAL _test_func
603   0000              	GLOBAL _test_proc
604   0000              	GLOBAL _in_mouse_kempston_wheel_delta
605   0000              	GLOBAL _in_mouse_kempston_wheel
606   0000              	GLOBAL _in_mouse_kempston_callee
607   0000              	GLOBAL _in_mouse_kempston
608   0000              	GLOBAL _in_mouse_kempston_setpos_callee
609   0000              	GLOBAL _in_mouse_kempston_setpos
610   0000              	GLOBAL _in_mouse_kempston_reset
611   0000              	GLOBAL _in_mouse_kempston_init
612   0000              	GLOBAL _in_mouse_amx_wheel_delta
613   0000              	GLOBAL _in_mouse_amx_wheel
614   0000              	GLOBAL _in_mouse_amx_callee
615   0000              	GLOBAL _in_mouse_amx
616   0000              	GLOBAL _in_mouse_amx_setpos_callee
617   0000              	GLOBAL _in_mouse_amx_setpos
618   0000              	GLOBAL _in_mouse_amx_reset
619   0000              	GLOBAL _in_mouse_amx_init_callee
620   0000              	GLOBAL _in_mouse_amx_init
621   0000              	GLOBAL _in_stick_sinclair2
622   0000              	GLOBAL _in_stick_sinclair1
623   0000              	GLOBAL _in_stick_kempston
624   0000              	GLOBAL _in_stick_fuller
625   0000              	GLOBAL _in_stick_cursor
626   0000              	GLOBAL _in_stick_keyboard_fastcall
627   0000              	GLOBAL _in_stick_keyboard
628   0000              	GLOBAL _in_wait_nokey
629   0000              	GLOBAL _in_wait_key
630   0000              	GLOBAL _in_test_key
631   0000              	GLOBAL _in_pause_fastcall
632   0000              	GLOBAL _in_pause
633   0000              	GLOBAL _in_key_scancode_fastcall
634   0000              	GLOBAL _in_key_scancode
635   0000              	GLOBAL _in_key_pressed_fastcall
636   0000              	GLOBAL _in_key_pressed
637   0000              	GLOBAL _in_inkey
638   0000              	GLOBAL _NIRVANAP_CHAR_TABLE
639   0000              	GLOBAL _NIRVANAP_WIDE_IMAGES
640   0000              	GLOBAL _NIRVANAP_TILE_IMAGES
641   0000              	GLOBAL _NIRVANAP_HOLE
642   0000              	GLOBAL _NIRVANAP_ISR_HOOK
643   0000              	GLOBAL _map_paper_last
644   0000              	GLOBAL _map_paper_clr
645   0000              	GLOBAL _map_paper
646   0000              	GLOBAL _draw_count
647   0000              	GLOBAL _g_player_hit_right
648   0000              	GLOBAL _g_player_hit_left
649   0000              	GLOBAL _joynames
650   0000              	GLOBAL _initials
651   0000              	GLOBAL _bullet_count
652   0000              	GLOBAL _bullet_frames
653   0000              	GLOBAL _bullet_colint
654   0000              	GLOBAL _bullet_dir
655   0000              	GLOBAL _bullet_tile
656   0000              	GLOBAL _bullet_col
657   0000              	GLOBAL _bullet_lin
658   0000              	GLOBAL _mush_class
659   0000              	GLOBAL _mush_index
660   0000              	GLOBAL _anim_count
661   0000              	GLOBAL _anim_respanwn
662   0000              	GLOBAL _anim_loop
663   0000              	GLOBAL _anim_end
664   0000              	GLOBAL _anim_int
665   0000              	GLOBAL _anim_tile
666   0000              	GLOBAL _anim_col
667   0000              	GLOBAL _anim_lin
668   0000              	GLOBAL _phase_curr
669   0000              	GLOBAL _map_heigth
670   0000              	GLOBAL _map_width
671   0000              	GLOBAL _scr_curr
672   0000              	GLOBAL _scr_obj1
673   0000              	GLOBAL _scr_obj0
674   0000              	GLOBAL _scr_map
675   0000              	GLOBAL _sprite_speed_alt
676   0000              	GLOBAL _sprite_frames
677   0000              	GLOBAL _sprite_speed
678   0000              	GLOBAL _screen_ink
679   0000              	GLOBAL _screen_paper
680   0000              	GLOBAL _player_over_stair
681   0000              	GLOBAL _game_respawning
682   0000              	GLOBAL _game_respawn_tile
683   0000              	GLOBAL _game_respawn_index
684   0000              	GLOBAL _game_menu_sel
685   0000              	GLOBAL _game_score_top
686   0000              	GLOBAL _player_lives
687   0000              	GLOBAL _game_over
688   0000              	GLOBAL _game_sound
689   0000              	GLOBAL _game_inmune
690   0000              	GLOBAL _game_god_mode
691   0000              	GLOBAL _game_two_player
692   0000              	GLOBAL _game_brick_tile
693   0000              	GLOBAL _sprite_curr_index
694   0000              	GLOBAL _spr_count
695   0000              	GLOBAL _bullet_time
696   0000              	GLOBAL _anim_time
697   0000              	GLOBAL _frame_time
698   0000              	GLOBAL _entry_time
699   0000              	GLOBAL _curr_time
700   0000              	GLOBAL _s_state
701   0000              	GLOBAL _attrib_hl
702   0000              	GLOBAL _attrib
703   0000              	GLOBAL _zx_val_asm
704   0000              	GLOBAL _enemies
705   0000              	GLOBAL _tmp_ui
706   0000              	GLOBAL _tmp_sc
707   0000              	GLOBAL _tmp_uc
708   0000              	GLOBAL _tmp1
709   0000              	GLOBAL _tmp0
710   0000              	GLOBAL _tmp
711   0000              	GLOBAL _index1
712   0000              	GLOBAL _index0
713   0000              	GLOBAL _loop_count
714   0000              	GLOBAL _s_col1
715   0000              	GLOBAL _s_col0
716   0000              	GLOBAL _s_lin1
717   0000              	GLOBAL _s_lin0
718   0000              	GLOBAL _s_tile1
719   0000              	GLOBAL _s_tile0
720   0000              	GLOBAL _player_hit_count
721   0000              	GLOBAL _sprite_horizontal_check
722   0000              	GLOBAL _sprite_on_air
723   0000              	GLOBAL _sprite
724   0000              	GLOBAL _game_gravity
725   0000              	GLOBAL _player_keys
726   0000              	GLOBAL _player_vel_inc
727   0000              	GLOBAL _player_vel_y1
728   0000              	GLOBAL _player_vel_y0
729   0000              	GLOBAL _player_vel_y
730   0000              	GLOBAL _player_vel_x
731   0000              	GLOBAL _player_joy
732   0000              	GLOBAL _player_score
733   0000              	GLOBAL _last_time
734   0000              	GLOBAL _player_slide
735   0000              	GLOBAL _spr_timer
736   0000              	GLOBAL _jump_lin
737   0000              	GLOBAL _player_hit_col
738   0000              	GLOBAL _player_hit_lin
739   0000              	GLOBAL _colint
740   0000              	GLOBAL _col
741   0000              	GLOBAL _lin
742   0000              	GLOBAL _tile
743   0000              	GLOBAL _state_a
744   0000              	GLOBAL _state
745   0000              	GLOBAL _class
746   0000              	GLOBAL _tbuffer
747   0000              	GLOBAL _dirs
748   0000              	GLOBAL _k1
749   0000              	GLOBAL _joyfunc1
750   0000              	GLOBAL _btiles
751   0000              	GLOBAL _spec128
752   0000              	GLOBAL _GLOBAL_ZX_PORT_7FFD
753   0000              	GLOBAL _GLOBAL_ZX_PORT_1FFD
754   0000              	GLOBAL _GLOBAL_ZX_PORT_FE
755   0000              	GLOBAL _ay_effect_20
756   0000              	GLOBAL _ay_effect_19
757   0000              	GLOBAL _ay_effect_18
758   0000              	GLOBAL _ay_effect_17
759   0000              	GLOBAL _ay_effect_16
760   0000              	GLOBAL _ay_effect_15
761   0000              	GLOBAL _ay_effect_14
762   0000              	GLOBAL _ay_effect_13
763   0000              	GLOBAL _ay_effect_12
764   0000              	GLOBAL _ay_effect_11
765   0000              	GLOBAL _ay_effect_10
766   0000              	GLOBAL _ay_effect_09
767   0000              	GLOBAL _ay_effect_08
768   0000              	GLOBAL _ay_effect_07
769   0000              	GLOBAL _ay_effect_06
770   0000              	GLOBAL _ay_effect_05
771   0000              	GLOBAL _ay_effect_04
772   0000              	GLOBAL _ay_effect_03
773   0000              	GLOBAL _ay_effect_02
774   0000              	GLOBAL _ay_effect_01
775   0000              	GLOBAL _pb_midi_phase_1
776   0000              	GLOBAL _pb_midi_title
777   0000              	GLOBAL _control_method
778   0000              	GLOBAL _world0
779   0000              	GLOBAL _lenght0
780   0000              ;--------------------------------------------------------
781   0000              ; special function registers
782   0000              ;--------------------------------------------------------
783   0000              defc _IO_FE	=	0x00fe
784   0000              defc _IO_1FFD	=	0x1ffd
785   0000              defc _IO_7FFD	=	0x7ffd
786   0000              ;--------------------------------------------------------
787   0000              ; ram data
788   0000              ;--------------------------------------------------------
789   0000              	SECTION bss_compiler
790   0000              ;--------------------------------------------------------
791   0000              ; ram data
792   0000              ;--------------------------------------------------------
793   0000              
794   0000              IF 0
795   0000              
796   0000              ; .area _INITIALIZED removed by z88dk
797   0000              
798   0000              
799   0000              ENDIF
800   0000              
801   0000              ;--------------------------------------------------------
802   0000              ; absolute external ram data
803   0000              ;--------------------------------------------------------
804   0000              	SECTION IGNORE
805   0000              ;--------------------------------------------------------
806   0000              ; global & static initialisations
807   0000              ;--------------------------------------------------------
808   0000              	SECTION code_crt_init
809   0000              ;--------------------------------------------------------
810   0000              ; Home
811   0000              ;--------------------------------------------------------
812   0000              	SECTION IGNORE
813   0000              ;--------------------------------------------------------
814   0000              ; code
815   0000              ;--------------------------------------------------------
816   0000              	SECTION code_compiler
817   0000              ;	---------------------------------
818   0000              ; Function enemy_hit
819   0000              ; ---------------------------------
820   0000              	defc _enemy_hit	=	_sound_coin
821   0000              	SECTION code_compiler
822   0000              ;	---------------------------------
823   0000              ; Function enemy_turn
824   0000              ; ---------------------------------
825   0000              _enemy_turn:
826   0000  21 00 00    	ld	hl,_sprite
827   0003  36 00       	ld	(hl),0x00
828   0005              l_enemy_turn_00107:
829   0005  21 00 00    	ld	hl,_sprite
830   0008  7E          	ld	a, (hl)
831   0009  D6 07       	sub	a,0x07
832   000B  D2 F7 00    	jp	NC, l_enemy_turn_00110
833   000E  4E          	ld	c,(hl)
834   000F  06 00       	ld	b,0x00
835   0011  21 00 00    	ld	hl,_class
836   0014  09          	add	hl,bc
837   0015  7E          	ld	a,(hl)
838   0016  B7          	or	a, a
839   0017  CA F0 00    	jp	Z, l_enemy_turn_00106
840   001A  21 00 00    	ld	hl,_sprite
841   001D  CD 00 00    	call	_spr_chktime
842   0020  7D          	ld	a, l
843   0021  B7          	or	a, a
844   0022  CA F0 00    	jp	Z, l_enemy_turn_00106
845   0025  2A 00 00    	ld	hl,(_sprite)
846   0028  26 00       	ld	h,0x00
847   002A  01 00 00    	ld	bc,_lin
848   002D  09          	add	hl,bc
849   002E  7E          	ld	a,(hl)
850   002F  32 00 00    	ld	(_s_lin0),a
851   0032  2A 00 00    	ld	hl,(_sprite)
852   0035  26 00       	ld	h,0x00
853   0037  01 00 00    	ld	bc,_col
854   003A  09          	add	hl,bc
855   003B  7E          	ld	a,(hl)
856   003C  32 00 00    	ld	(_s_col0),a
857   003F  2A 00 00    	ld	hl,(_sprite)
858   0042  26 00       	ld	h,0x00
859   0044  01 00 00    	ld	bc,_tile
860   0047  09          	add	hl,bc
861   0048  4E          	ld	c, (hl)
862   0049  3A 00 00    	ld	a,(_sprite)
863   004C  5F          	ld	e,a
864   004D  16 00       	ld	d,0x00
865   004F  21 00 00    	ld	hl,_colint
866   0052  19          	add	hl,de
867   0053  7E          	ld	a,(hl)
868   0054  81          	add	a,c
869   0055  32 00 00    	ld	(_s_tile0),a
870   0058  2A 00 00    	ld	hl,(_sprite)
871   005B  26 00       	ld	h,0x00
872   005D  01 00 00    	ld	bc,_state
873   0060  09          	add	hl,bc
874   0061  7E          	ld	a,(hl)
875   0062  32 00 00    	ld	(_s_state),a
876   0065  CD F8 00    	call	_enemy_move
877   0068  CD 00 00    	call	_spr_redraw
878   006B  2A 00 00    	ld	hl,(_sprite)
879   006E  26 00       	ld	h,0x00
880   0070  01 00 00    	ld	bc,_state
881   0073  09          	add	hl,bc
882   0074  3A 00 00    	ld	a,(_s_state)
883   0077  77          	ld	(hl),a
884   0078  2A 00 00    	ld	hl,(_sprite)
885   007B  26 00       	ld	h,0x00
886   007D  29          	add	hl,hl
887   007E  01 00 00    	ld	bc,_last_time
888   0081  09          	add	hl,bc
889   0082  ED 5B 00 00 	ld	de,(_curr_time)
890   0086  73          	ld	(hl),e
891   0087  23          	inc	hl
892   0088  72          	ld	(hl),d
893   0089  2A 00 00    	ld	hl,(_sprite)
894   008C  26 00       	ld	h,0x00
895   008E  5D          	ld	e,l
896   008F  01 00 00    	ld	bc,_col
897   0092  09          	add	hl,bc
898   0093  46          	ld	b,(hl)
899   0094  16 00       	ld	d,0x00
900   0096  21 00 00    	ld	hl,_lin
901   0099  19          	add	hl,de
902   009A  4E          	ld	c, (hl)
903   009B  C5          	push	bc
904   009C  CD 00 00    	call	_spr_calc_index
905   009F  F1          	pop	af
906   00A0  22 00 00    	ld	(_index1),hl
907   00A3  01 00 00    	ld	bc,_scr_map
908   00A6  09          	add	hl,bc
909   00A7  4E          	ld	c, (hl)
910   00A8  3E 27       	ld	a,0x27
911   00AA  91          	sub	a, c
912   00AB  3E 00       	ld	a,0x00
913   00AD  17          	rla
914   00AE  47          	ld	b, a
915   00AF  79          	ld	a, c
916   00B0  D6 30       	sub	a,0x30
917   00B2  3E 00       	ld	a,0x00
918   00B4  17          	rla
919   00B5  A0          	and	a,b
920   00B6  28 38       	jr	Z,l_enemy_turn_00106
921   00B8  2A 00 00    	ld	hl,(_sprite)
922   00BB  26 00       	ld	h,0x00
923   00BD  01 00 00    	ld	bc,_lin
924   00C0  09          	add	hl,bc
925   00C1  7E          	ld	a,(hl)
926   00C2  32 00 00    	ld	(_s_lin0),a
927   00C5  2A 00 00    	ld	hl,(_sprite)
928   00C8  26 00       	ld	h,0x00
929   00CA  01 00 00    	ld	bc,_col
930   00CD  09          	add	hl,bc
931   00CE  7E          	ld	a,(hl)
932   00CF  32 00 00    	ld	(_s_col0),a
933   00D2  2A 00 00    	ld	hl,(_sprite)
934   00D5  CD 00 00    	call	_spr_destroy
935   00D8  3A 00 00    	ld	a,(_s_col0)
936   00DB  21 00 00    	ld	hl,0x0000
937   00DE  E5          	push	hl
938   00DF  21 7B 03    	ld	hl,0x037b
939   00E2  E5          	push	hl
940   00E3  F5          	push	af
941   00E4  33          	inc	sp
942   00E5  3A 00 00    	ld	a,(_s_lin0)
943   00E8  F5          	push	af
944   00E9  33          	inc	sp
945   00EA  CD 00 00    	call	_spr_add_anim
946   00ED  F1          	pop	af
947   00EE  F1          	pop	af
948   00EF  F1          	pop	af
949   00F0              l_enemy_turn_00106:
950   00F0  21 00 00    	ld	hl,_sprite
951   00F3  34          	inc	(hl)
952   00F4  C3 05 00    	jp	l_enemy_turn_00107
953   00F7              l_enemy_turn_00110:
954   00F7  C9          	ret
955   00F8              	SECTION code_compiler
956   00F8              ;	---------------------------------
957   00F8              ; Function enemy_move
958   00F8              ; ---------------------------------
959   00F8              _enemy_move:
960   00F8  2A 00 00    	ld	hl,(_sprite)
961   00FB  26 00       	ld	h,0x00
962   00FD  01 00 00    	ld	bc,_class
963   0100  09          	add	hl,bc
964   0101  4E          	ld	c,(hl)
965   0102  3E 05       	ld	a,0x05
966   0104  91          	sub	a, c
967   0105  38 05       	jr	C,l_enemy_move_00108
968   0107  CD 86 01    	call	_enemy_vertical
969   010A  18 17       	jr	l_enemy_move_00110
970   010C              l_enemy_move_00108:
971   010C  79          	ld	a, c
972   010D  D6 10       	sub	a,0x10
973   010F  30 05       	jr	NC,l_enemy_move_00105
974   0111  CD E8 01    	call	_enemy_walk
975   0114  18 0D       	jr	l_enemy_move_00110
976   0116              l_enemy_move_00105:
977   0116  79          	ld	a, c
978   0117  D6 13       	sub	a,0x13
979   0119  30 05       	jr	NC,l_enemy_move_00102
980   011B  CD 24 01    	call	_enemy_static
981   011E  18 03       	jr	l_enemy_move_00110
982   0120              l_enemy_move_00102:
983   0120  CD 5D 01    	call	_enemy_horizontal
984   0123              l_enemy_move_00110:
985   0123  C9          	ret
986   0124              	SECTION code_compiler
987   0124              ;	---------------------------------
988   0124              ; Function enemy_static
989   0124              ; ---------------------------------
990   0124              _enemy_static:
991   0124  CD 00 00    	call	___sdcc_enter_ix
992   0127  3B          	dec	sp
993   0128  01 00 00    	ld	bc,_colint+0
994   012B  79          	ld	a, c
995   012C  21 00 00    	ld	hl,_sprite
996   012F  86          	add	a, (hl)
997   0130  5F          	ld	e, a
998   0131  78          	ld	a, b
999   0132  CE 00       	adc	a,0x00
1000  0134  57          	ld	d, a
1001  0135  1A          	ld	a, (de)
1002  0136  3C          	inc	a
1003  0137  12          	ld	(de), a
1004  0138  79          	ld	a, c
1005  0139  86          	add	a, (hl)
1006  013A  4F          	ld	c, a
1007  013B  78          	ld	a, b
1008  013C  CE 00       	adc	a,0x00
1009  013E  47          	ld	b, a
1010  013F  0A          	ld	a, (bc)
1011  0140  DD 77 FF    	ld	(ix-1),a
1012  0143  5E          	ld	e,(hl)
1013  0144  16 00       	ld	d,0x00
1014  0146  21 00 00    	ld	hl,_class
1015  0149  19          	add	hl,de
1016  014A  5E          	ld	e, (hl)
1017  014B  16 00       	ld	d,0x00
1018  014D  21 00 00    	ld	hl,_sprite_frames
1019  0150  19          	add	hl, de
1020  0151  DD 7E FF    	ld	a,(ix-1)
1021  0154  96          	sub	a,(hl)
1022  0155  20 02       	jr	NZ,l_enemy_static_00103
1023  0157  AF          	xor	a, a
1024  0158  02          	ld	(bc), a
1025  0159              l_enemy_static_00103:
1026  0159  33          	inc	sp
1027  015A  DD E1       	pop	ix
1028  015C  C9          	ret
1029  015D              	SECTION code_compiler
1030  015D              ;	---------------------------------
1031  015D              ; Function enemy_horizontal
1032  015D              ; ---------------------------------
1033  015D              _enemy_horizontal:
1034  015D  21 00 00    	ld	hl,_s_state
1035  0160  CB 56       	bit	2, (hl)
1036  0162  28 12       	jr	Z,l_enemy_horizontal_00106
1037  0164  CD 00 00    	call	_spr_move_right
1038  0167  7D          	ld	a, l
1039  0168  B7          	or	a, a
1040  0169  28 1A       	jr	Z,l_enemy_horizontal_00108
1041  016B  21 00 00    	ld	hl,_s_state
1042  016E  7E          	ld	a,(hl)
1043  016F  E6 FB       	and	a,0xfb
1044  0171  F6 08       	or	a,0x08
1045  0173  77          	ld	(hl),a
1046  0174  18 0F       	jr	l_enemy_horizontal_00108
1047  0176              l_enemy_horizontal_00106:
1048  0176  CD 00 00    	call	_spr_move_left
1049  0179  7D          	ld	a, l
1050  017A  B7          	or	a, a
1051  017B  C8          	ret	Z
1052  017C  21 00 00    	ld	hl,_s_state
1053  017F  7E          	ld	a,(hl)
1054  0180  E6 F7       	and	a,0xf7
1055  0182  F6 04       	or	a,0x04
1056  0184  77          	ld	(hl),a
1057  0185              l_enemy_horizontal_00108:
1058  0185  C9          	ret
1059  0186              	SECTION code_compiler
1060  0186              ;	---------------------------------
1061  0186              ; Function enemy_vertical
1062  0186              ; ---------------------------------
1063  0186              _enemy_vertical:
1064  0186  CD 00 00    	call	___sdcc_enter_ix
1065  0189  3B          	dec	sp
1066  018A  21 00 00    	ld	hl,_s_state
1067  018D  CB 46       	bit	0, (hl)
1068  018F  28 12       	jr	Z,l_enemy_vertical_00106
1069  0191  CD 00 00    	call	_spr_move_up
1070  0194  7D          	ld	a, l
1071  0195  B7          	or	a, a
1072  0196  28 1B       	jr	Z,l_enemy_vertical_00107
1073  0198  21 00 00    	ld	hl,_s_state
1074  019B  7E          	ld	a,(hl)
1075  019C  E6 FE       	and	a,0xfe
1076  019E  F6 02       	or	a,0x02
1077  01A0  77          	ld	(hl),a
1078  01A1  18 10       	jr	l_enemy_vertical_00107
1079  01A3              l_enemy_vertical_00106:
1080  01A3  CD 00 00    	call	_spr_move_down
1081  01A6  7D          	ld	a, l
1082  01A7  B7          	or	a, a
1083  01A8  28 09       	jr	Z,l_enemy_vertical_00107
1084  01AA  21 00 00    	ld	hl,_s_state
1085  01AD  7E          	ld	a,(hl)
1086  01AE  E6 FD       	and	a,0xfd
1087  01B0  F6 01       	or	a,0x01
1088  01B2  77          	ld	(hl),a
1089  01B3              l_enemy_vertical_00107:
1090  01B3  01 00 00    	ld	bc,_colint+0
1091  01B6  79          	ld	a, c
1092  01B7  21 00 00    	ld	hl,_sprite
1093  01BA  86          	add	a, (hl)
1094  01BB  5F          	ld	e, a
1095  01BC  78          	ld	a, b
1096  01BD  CE 00       	adc	a,0x00
1097  01BF  57          	ld	d, a
1098  01C0  1A          	ld	a, (de)
1099  01C1  3C          	inc	a
1100  01C2  12          	ld	(de), a
1101  01C3  79          	ld	a, c
1102  01C4  86          	add	a, (hl)
1103  01C5  4F          	ld	c, a
1104  01C6  78          	ld	a, b
1105  01C7  CE 00       	adc	a,0x00
1106  01C9  47          	ld	b, a
1107  01CA  0A          	ld	a, (bc)
1108  01CB  DD 77 FF    	ld	(ix-1),a
1109  01CE  5E          	ld	e,(hl)
1110  01CF  16 00       	ld	d,0x00
1111  01D1  21 00 00    	ld	hl,_class
1112  01D4  19          	add	hl,de
1113  01D5  5E          	ld	e, (hl)
1114  01D6  16 00       	ld	d,0x00
1115  01D8  21 00 00    	ld	hl,_sprite_frames
1116  01DB  19          	add	hl, de
1117  01DC  DD 7E FF    	ld	a,(ix-1)
1118  01DF  96          	sub	a,(hl)
1119  01E0  20 02       	jr	NZ,l_enemy_vertical_00110
1120  01E2  AF          	xor	a, a
1121  01E3  02          	ld	(bc), a
1122  01E4              l_enemy_vertical_00110:
1123  01E4  33          	inc	sp
1124  01E5  DD E1       	pop	ix
1125  01E7  C9          	ret
1126  01E8              	SECTION code_compiler
1127  01E8              ;	---------------------------------
1128  01E8              ; Function enemy_walk
1129  01E8              ; ---------------------------------
1130  01E8              _enemy_walk:
1131  01E8  21 00 00    	ld	hl,_s_state
1132  01EB  CB 4E       	bit	1, (hl)
1133  01ED  C2 DF 02    	jp	NZ,l_enemy_walk_00128
1134  01F0  CD 00 00    	call	_spr_move_horizontal
1135  01F3  7D          	ld	a, l
1136  01F4  B7          	or	a, a
1137  01F5  28 03       	jr	Z,l_enemy_walk_00102
1138  01F7  CD 00 00    	call	_spr_turn_horizontal
1139  01FA              l_enemy_walk_00102:
1140  01FA  2A 00 00    	ld	hl,(_sprite)
1141  01FD  26 00       	ld	h,0x00
1142  01FF  01 00 00    	ld	bc,_col
1143  0202  09          	add	hl,bc
1144  0203  7E          	ld	a,(hl)
1145  0204  CB 47       	bit	0,a
1146  0206  C2 EA 02    	jp	NZ,l_enemy_walk_00130
1147  0209  57          	ld	d,a
1148  020A  2A 00 00    	ld	hl,(_sprite)
1149  020D  26 00       	ld	h,0x00
1150  020F  01 00 00    	ld	bc,_lin
1151  0212  09          	add	hl,bc
1152  0213  7E          	ld	a,(hl)
1153  0214  C6 10       	add	a,0x10
1154  0216  5F          	ld	e, a
1155  0217  D5          	push	de
1156  0218  CD 00 00    	call	_spr_calc_index
1157  021B  F1          	pop	af
1158  021C  22 00 00    	ld	(_index1),hl
1159  021F  CD 00 00    	call	_game_check_cell
1160  0222  7D          	ld	a, l
1161  0223  B7          	or	a, a
1162  0224  20 05       	jr	NZ,l_enemy_walk_00104
1163  0226  21 00 00    	ld	hl,_s_state
1164  0229  CB CE       	set	1, (hl)
1165  022B              l_enemy_walk_00104:
1166  022B  2A 00 00    	ld	hl,(_sprite)
1167  022E  26 00       	ld	h,0x00
1168  0230  01 00 00    	ld	bc,_col
1169  0233  09          	add	hl,bc
1170  0234  7E          	ld	a,(hl)
1171  0235  B7          	or	a, a
1172  0236  28 04       	jr	Z,l_enemy_walk_00105
1173  0238  D6 1E       	sub	a,0x1e
1174  023A  20 03       	jr	NZ,l_enemy_walk_00106
1175  023C              l_enemy_walk_00105:
1176  023C  CD 00 00    	call	_spr_turn_horizontal
1177  023F              l_enemy_walk_00106:
1178  023F  2A 00 00    	ld	hl,(_sprite)
1179  0242  26 00       	ld	h,0x00
1180  0244  01 00 00    	ld	bc,_class
1181  0247  09          	add	hl,bc
1182  0248  7E          	ld	a,(hl)
1183  0249  D6 0B       	sub	a,0x0b
1184  024B  20 03       	jr	NZ,l_enemy_walk_00109
1185  024D  CD 47 03    	call	_enemy_avoid_fall_dead
1186  0250              l_enemy_walk_00109:
1187  0250  2A 00 00    	ld	hl,(_sprite)
1188  0253  26 00       	ld	h,0x00
1189  0255  01 00 00    	ld	bc,_class
1190  0258  09          	add	hl,bc
1191  0259  7E          	ld	a,(hl)
1192  025A  FE 0C       	cp	a,0x0c
1193  025C  28 04       	jr	Z,l_enemy_walk_00110
1194  025E  D6 0F       	sub	a,0x0f
1195  0260  20 03       	jr	NZ,l_enemy_walk_00111
1196  0262              l_enemy_walk_00110:
1197  0262  CD EB 02    	call	_enemy_avoid_fall
1198  0265              l_enemy_walk_00111:
1199  0265  2A 00 00    	ld	hl,(_sprite)
1200  0268  26 00       	ld	h,0x00
1201  026A  01 00 00    	ld	bc,_class
1202  026D  09          	add	hl,bc
1203  026E  7E          	ld	a,(hl)
1204  026F  D6 0F       	sub	a,0x0f
1205  0271  20 77       	jr	NZ,l_enemy_walk_00130
1206  0273  21 07 00    	ld	hl,_lin + 7
1207  0276  4E          	ld	c, (hl)
1208  0277  06 00       	ld	b,0x00
1209  0279  2A 00 00    	ld	hl,(_sprite)
1210  027C  60          	ld	h,b
1211  027D  11 00 00    	ld	de,_lin
1212  0280  19          	add	hl,de
1213  0281  5E          	ld	e, (hl)
1214  0282  16 00       	ld	d,0x00
1215  0284  79          	ld	a, c
1216  0285  93          	sub	a, e
1217  0286  6F          	ld	l, a
1218  0287  78          	ld	a, b
1219  0288  9A          	sbc	a, d
1220  0289  67          	ld	h, a
1221  028A  CD 00 00    	call	_abs_fastcall
1222  028D  7D          	ld	a,l
1223  028E  D6 20       	sub	a,0x20
1224  0290  7C          	ld	a,h
1225  0291  17          	rla
1226  0292  3F          	ccf
1227  0293  1F          	rra
1228  0294  DE 80       	sbc	a,0x80
1229  0296  30 52       	jr	NC,l_enemy_walk_00130
1230  0298  21 00 00    	ld	hl,_s_state
1231  029B  CB 56       	bit	2, (hl)
1232  029D  28 1B       	jr	Z,l_enemy_walk_00114
1233  029F  21 07 00    	ld	hl,+(_col + 0x0007)
1234  02A2  4E          	ld	c, (hl)
1235  02A3  2A 00 00    	ld	hl,(_sprite)
1236  02A6  26 00       	ld	h,0x00
1237  02A8  11 00 00    	ld	de,_col
1238  02AB  19          	add	hl,de
1239  02AC  7E          	ld	a,(hl)
1240  02AD  91          	sub	a,c
1241  02AE  30 0A       	jr	NC,l_enemy_walk_00114
1242  02B0  2A 00 00    	ld	hl,(_sprite)
1243  02B3  26 74       	ld	h,0x74
1244  02B5  E5          	push	hl
1245  02B6  CD 00 00    	call	_game_shoot_fire
1246  02B9  F1          	pop	af
1247  02BA              l_enemy_walk_00114:
1248  02BA  21 00 00    	ld	hl,_s_state
1249  02BD  CB 5E       	bit	3, (hl)
1250  02BF  28 29       	jr	Z,l_enemy_walk_00130
1251  02C1  21 07 00    	ld	hl,+(_col + 0x0007)
1252  02C4  4E          	ld	c, (hl)
1253  02C5  2A 00 00    	ld	hl,(_sprite)
1254  02C8  26 00       	ld	h,0x00
1255  02CA  11 00 00    	ld	de,_col
1256  02CD  19          	add	hl,de
1257  02CE  46          	ld	b, (hl)
1258  02CF  79          	ld	a,c
1259  02D0  90          	sub	a,b
1260  02D1  30 17       	jr	NC,l_enemy_walk_00130
1261  02D3  2A 00 00    	ld	hl,(_sprite)
1262  02D6  26 74       	ld	h,0x74
1263  02D8  E5          	push	hl
1264  02D9  CD 00 00    	call	_game_shoot_fire
1265  02DC  F1          	pop	af
1266  02DD  18 0B       	jr	l_enemy_walk_00130
1267  02DF              l_enemy_walk_00128:
1268  02DF  CD 00 00    	call	_spr_move_down
1269  02E2  7D          	ld	a, l
1270  02E3  B7          	or	a, a
1271  02E4  C8          	ret	Z
1272  02E5  21 00 00    	ld	hl,_s_state
1273  02E8  CB 8E       	res	1, (hl)
1274  02EA              l_enemy_walk_00130:
1275  02EA  C9          	ret
1276  02EB              	SECTION code_compiler
1277  02EB              ;	---------------------------------
1278  02EB              ; Function enemy_avoid_fall
1279  02EB              ; ---------------------------------
1280  02EB              _enemy_avoid_fall:
1281  02EB  21 00 00    	ld	hl,_s_state
1282  02EE  CB 56       	bit	2, (hl)
1283  02F0  28 25       	jr	Z,l_enemy_avoid_fall_00102
1284  02F2  2A 00 00    	ld	hl,(_sprite)
1285  02F5  26 00       	ld	h,0x00
1286  02F7  01 00 00    	ld	bc,_col
1287  02FA  09          	add	hl,bc
1288  02FB  7E          	ld	a,(hl)
1289  02FC  C6 02       	add	a,0x02
1290  02FE  47          	ld	b,a
1291  02FF  3A 00 00    	ld	a,(_sprite)
1292  0302  5F          	ld	e,a
1293  0303  16 00       	ld	d,0x00
1294  0305  21 00 00    	ld	hl,_lin
1295  0308  19          	add	hl,de
1296  0309  7E          	ld	a,(hl)
1297  030A  C6 10       	add	a,0x10
1298  030C  4F          	ld	c,a
1299  030D  C5          	push	bc
1300  030E  CD 00 00    	call	_spr_calc_index
1301  0311  F1          	pop	af
1302  0312  22 00 00    	ld	(_index1),hl
1303  0315  18 22       	jr	l_enemy_avoid_fall_00103
1304  0317              l_enemy_avoid_fall_00102:
1305  0317  2A 00 00    	ld	hl,(_sprite)
1306  031A  26 00       	ld	h,0x00
1307  031C  01 00 00    	ld	bc,_col
1308  031F  09          	add	hl,bc
1309  0320  7E          	ld	a,(hl)
1310  0321  C6 FE       	add	a,-0x02
1311  0323  57          	ld	d,a
1312  0324  2A 00 00    	ld	hl,(_sprite)
1313  0327  26 00       	ld	h,0x00
1314  0329  01 00 00    	ld	bc,_lin
1315  032C  09          	add	hl,bc
1316  032D  7E          	ld	a,(hl)
1317  032E  C6 10       	add	a,0x10
1318  0330  5F          	ld	e, a
1319  0331  D5          	push	de
1320  0332  CD 00 00    	call	_spr_calc_index
1321  0335  F1          	pop	af
1322  0336  22 00 00    	ld	(_index1),hl
1323  0339              l_enemy_avoid_fall_00103:
1324  0339  01 00 00    	ld	bc,_scr_map
1325  033C  2A 00 00    	ld	hl,(_index1)
1326  033F  09          	add	hl,bc
1327  0340  7E          	ld	a,(hl)
1328  0341  D6 30       	sub	a,0x30
1329  0343  D0          	ret	NC
1330  0344  C3 00 00    	jp  _spr_turn_horizontal
1331  0347              	SECTION code_compiler
1332  0347              ;	---------------------------------
1333  0347              ; Function enemy_avoid_fall_dead
1334  0347              ; ---------------------------------
1335  0347              _enemy_avoid_fall_dead:
1336  0347  21 00 00    	ld	hl,_s_state
1337  034A  CB 56       	bit	2, (hl)
1338  034C  28 25       	jr	Z,l_enemy_avoid_fall_dead_00102
1339  034E  2A 00 00    	ld	hl,(_sprite)
1340  0351  26 00       	ld	h,0x00
1341  0353  01 00 00    	ld	bc,_col
1342  0356  09          	add	hl,bc
1343  0357  7E          	ld	a,(hl)
1344  0358  C6 02       	add	a,0x02
1345  035A  47          	ld	b,a
1346  035B  3A 00 00    	ld	a,(_sprite)
1347  035E  5F          	ld	e,a
1348  035F  16 00       	ld	d,0x00
1349  0361  21 00 00    	ld	hl,_lin
1350  0364  19          	add	hl,de
1351  0365  7E          	ld	a,(hl)
1352  0366  C6 10       	add	a,0x10
1353  0368  4F          	ld	c,a
1354  0369  C5          	push	bc
1355  036A  CD 00 00    	call	_spr_calc_index
1356  036D  F1          	pop	af
1357  036E  22 00 00    	ld	(_index1),hl
1358  0371  18 22       	jr	l_enemy_avoid_fall_dead_00103
1359  0373              l_enemy_avoid_fall_dead_00102:
1360  0373  2A 00 00    	ld	hl,(_sprite)
1361  0376  26 00       	ld	h,0x00
1362  0378  01 00 00    	ld	bc,_col
1363  037B  09          	add	hl,bc
1364  037C  7E          	ld	a,(hl)
1365  037D  C6 FE       	add	a,-0x02
1366  037F  57          	ld	d,a
1367  0380  2A 00 00    	ld	hl,(_sprite)
1368  0383  26 00       	ld	h,0x00
1369  0385  01 00 00    	ld	bc,_lin
1370  0388  09          	add	hl,bc
1371  0389  7E          	ld	a,(hl)
1372  038A  C6 10       	add	a,0x10
1373  038C  5F          	ld	e, a
1374  038D  D5          	push	de
1375  038E  CD 00 00    	call	_spr_calc_index
1376  0391  F1          	pop	af
1377  0392  22 00 00    	ld	(_index1),hl
1378  0395              l_enemy_avoid_fall_dead_00103:
1379  0395  01 00 00    	ld	bc,_scr_map
1380  0398  2A 00 00    	ld	hl,(_index1)
1381  039B  09          	add	hl,bc
1382  039C  7E          	ld	a,(hl)
1383  039D  4F          	ld	c,a
1384  039E  D6 30       	sub	a,0x30
1385  03A0  D0          	ret	NC
1386  03A1  3E 27       	ld	a,0x27
1387  03A3  91          	sub	a, c
1388  03A4  D0          	ret	NC
1389  03A5  C3 00 00    	jp  _spr_turn_horizontal
1390  03A8              	SECTION code_compiler
1391  03A8              ;	---------------------------------
1392  03A8              ; Function enemy_respawn
1393  03A8              ; ---------------------------------
1394  03A8              _enemy_respawn:
1395  03A8  CD 00 00    	call	___sdcc_enter_ix
1396  03AB  3A 00 00    	ld	a,(_s_lin0)
1397  03AE  32 00 00    	ld	(_s_lin1),a
1398  03B1  3A 00 00    	ld	a,(_s_col0)
1399  03B4  32 00 00    	ld	(_s_col1),a
1400  03B7  2A FF FF    	ld	hl,(_s_col1 - 1)
1401  03BA  3A 00 00    	ld	a,(_s_lin1)
1402  03BD  6F          	ld	l,a
1403  03BE  E5          	push	hl
1404  03BF  CD 00 00    	call	_spr_calc_index
1405  03C2  F1          	pop	af
1406  03C3  22 00 00    	ld	(_index1),hl
1407  03C6  21 00 00    	ld	hl,_sprite
1408  03C9  36 00       	ld	(hl),0x00
1409  03CB              l_enemy_respawn_00103:
1410  03CB  21 00 00    	ld	hl,_sprite
1411  03CE  7E          	ld	a, (hl)
1412  03CF  D6 07       	sub	a,0x07
1413  03D1  30 31       	jr	NC,l_enemy_respawn_00106
1414  03D3  4E          	ld	c,(hl)
1415  03D4  06 00       	ld	b,0x00
1416  03D6  21 00 00    	ld	hl,_game_respawn_index
1417  03D9  09          	add	hl,bc
1418  03DA  4E          	ld	c, (hl)
1419  03DB  06 00       	ld	b,0x00
1420  03DD  2A 00 00    	ld	hl,(_index1)
1421  03E0  AF          	xor	a,a
1422  03E1  ED 42       	sbc	hl,bc
1423  03E3  20 19       	jr	NZ,l_enemy_respawn_00102
1424  03E5  3E 00       	ld	a, +((_anim_respanwn) & 0xFF)
1425  03E7  DD 86 04    	add	a,(ix+4)
1426  03EA  4F          	ld	c, a
1427  03EB  3E 00       	ld	a, +((_anim_respanwn) / 256)
1428  03ED  CE 00       	adc	a,0x00
1429  03EF  47          	ld	b, a
1430  03F0  0A          	ld	a, (bc)
1431  03F1  F5          	push	af
1432  03F2  33          	inc	sp
1433  03F3  CD 00 00    	call	_game_add_enemy
1434  03F6  33          	inc	sp
1435  03F7  21 00 00    	ld	hl,_game_respawning
1436  03FA  36 00       	ld	(hl),0x00
1437  03FC  18 06       	jr	l_enemy_respawn_00106
1438  03FE              l_enemy_respawn_00102:
1439  03FE  21 00 00    	ld	hl,_sprite
1440  0401  34          	inc	(hl)
1441  0402  18 C7       	jr	l_enemy_respawn_00103
1442  0404              l_enemy_respawn_00106:
1443  0404  DD E1       	pop	ix
1444  0406  C9          	ret
1445  0407              	SECTION code_compiler
1446  0407              ;	---------------------------------
1447  0407              ; Function enemy_init
1448  0407              ; ---------------------------------
1449  0407              _enemy_init:
1450  0407  CD 00 00    	call	___sdcc_enter_ix
1451  040A  F5          	push	af
1452  040B  F5          	push	af
1453  040C  3A 00 00    	ld	a,(_game_respawning)
1454  040F  B7          	or	a, a
1455  0410  28 06       	jr	Z,l_enemy_init_00121
1456  0412  21 00 00    	ld	hl,_sprite
1457  0415  5E          	ld	e, (hl)
1458  0416  18 15       	jr	l_enemy_init_00109
1459  0418              l_enemy_init_00121:
1460  0418  01 00 00    	ld	bc,_class+0
1461  041B  1E 00       	ld	e,0x00
1462  041D              l_enemy_init_00104:
1463  041D  7B          	ld	a, e
1464  041E  D6 07       	sub	a,0x07
1465  0420  30 0B       	jr	NC,l_enemy_init_00125
1466  0422  6B          	ld	l,e
1467  0423  26 00       	ld	h,0x00
1468  0425  09          	add	hl, bc
1469  0426  7E          	ld	a, (hl)
1470  0427  B7          	or	a, a
1471  0428  28 03       	jr	Z,l_enemy_init_00125
1472  042A  1C          	inc	e
1473  042B  18 F0       	jr	l_enemy_init_00104
1474  042D              l_enemy_init_00125:
1475  042D              l_enemy_init_00109:
1476  042D  7B          	ld	a, e
1477  042E  D6 07       	sub	a,0x07
1478  0430  D2 E1 04    	jp	NC, l_enemy_init_00116
1479  0433  3E 00       	ld	a, +((_class) & 0xFF)
1480  0435  83          	add	a, e
1481  0436  4F          	ld	c, a
1482  0437  3E 00       	ld	a, +((_class) / 256)
1483  0439  CE 00       	adc	a,0x00
1484  043B  47          	ld	b, a
1485  043C  DD 7E 06    	ld	a,(ix+6)
1486  043F  02          	ld	(bc), a
1487  0440  3E 00       	ld	a, +((_lin) & 0xFF)
1488  0442  83          	add	a, e
1489  0443  4F          	ld	c, a
1490  0444  3E 00       	ld	a, +((_lin) / 256)
1491  0446  CE 00       	adc	a,0x00
1492  0448  47          	ld	b, a
1493  0449  DD 7E 04    	ld	a,(ix+4)
1494  044C  02          	ld	(bc), a
1495  044D  3E 00       	ld	a, +((_col) & 0xFF)
1496  044F  83          	add	a, e
1497  0450  4F          	ld	c, a
1498  0451  3E 00       	ld	a, +((_col) / 256)
1499  0453  CE 00       	adc	a,0x00
1500  0455  47          	ld	b, a
1501  0456  DD 7E 05    	ld	a,(ix+5)
1502  0459  02          	ld	(bc), a
1503  045A  21 00 00    	ld	hl,_tmp
1504  045D  36 00       	ld	(hl),0x00
1505  045F  3E 00       	ld	a, +((_state) & 0xFF)
1506  0461  83          	add	a, e
1507  0462  4F          	ld	c, a
1508  0463  3E 00       	ld	a, +((_state) / 256)
1509  0465  CE 00       	adc	a,0x00
1510  0467  47          	ld	b, a
1511  0468  AF          	xor	a, a
1512  0469  02          	ld	(bc), a
1513  046A  16 00       	ld	d,0x00
1514  046C  21 00 00    	ld	hl,_state_a
1515  046F  19          	add	hl, de
1516  0470  16 00       	ld	d,0x00
1517  0472  72          	ld	(hl),d
1518  0473  21 00 00    	ld	hl,_jump_lin
1519  0476  19          	add	hl, de
1520  0477  36 00       	ld	(hl),0x00
1521  0479  DD 7E 07    	ld	a,(ix+7)
1522  047C  3D          	dec	a
1523  047D  20 04       	jr	NZ,l_enemy_init_00111
1524  047F  0A          	ld	a, (bc)
1525  0480  F6 04       	or	a,0x04
1526  0482  02          	ld	(bc), a
1527  0483              l_enemy_init_00111:
1528  0483  DD 7E 07    	ld	a,(ix+7)
1529  0486  3C          	inc	a
1530  0487  20 04       	jr	NZ,l_enemy_init_00113
1531  0489  0A          	ld	a, (bc)
1532  048A  F6 08       	or	a,0x08
1533  048C  02          	ld	(bc), a
1534  048D              l_enemy_init_00113:
1535  048D  16 00       	ld	d,0x00
1536  048F  21 00 00    	ld	hl,_colint
1537  0492  19          	add	hl, de
1538  0493  36 00       	ld	(hl),0x00
1539  0495  3E 00       	ld	a, +((_tile) & 0xFF)
1540  0497  83          	add	a, e
1541  0498  4F          	ld	c, a
1542  0499  3E 00       	ld	a, +((_tile) / 256)
1543  049B  CE 00       	adc	a,0x00
1544  049D  47          	ld	b, a
1545  049E  C5          	push	bc
1546  049F  D5          	push	de
1547  04A0  6B          	ld	l, e
1548  04A1  CD 00 00    	call	_spr_tile
1549  04A4  D1          	pop	de
1550  04A5  C1          	pop	bc
1551  04A6  7D          	ld	a,l
1552  04A7  02          	ld	(bc), a
1553  04A8  6B          	ld	l, e
1554  04A9  26 00       	ld	h,0x00
1555  04AB  29          	add	hl, hl
1556  04AC  E3          	ex	(sp), hl
1557  04AD  3E 00       	ld	a, +((_spr_timer) & 0xFF)
1558  04AF  DD 86 FC    	add	a,(ix-4)
1559  04B2  DD 77 FE    	ld	(ix-2),a
1560  04B5  3E 00       	ld	a, +((_spr_timer) / 256)
1561  04B7  DD 8E FD    	adc	a,(ix-3)
1562  04BA  DD 77 FF    	ld	(ix-1),a
1563  04BD  2A 00 00    	ld	hl,(_curr_time)
1564  04C0  4D          	ld	c,l
1565  04C1  DD 6E FE    	ld	l,(ix-2)
1566  04C4  44          	ld	b,h
1567  04C5  DD 66 FF    	ld	h,(ix-1)
1568  04C8  71          	ld	(hl), c
1569  04C9  23          	inc	hl
1570  04CA  70          	ld	(hl), b
1571  04CB  E1          	pop	hl
1572  04CC  01 00 00    	ld	bc,_last_time+0
1573  04CF  E5          	push	hl
1574  04D0  09          	add	hl, bc
1575  04D1  AF          	xor	a, a
1576  04D2  77          	ld	(hl), a
1577  04D3  23          	inc	hl
1578  04D4  77          	ld	(hl), a
1579  04D5  16 00       	ld	d,0x00
1580  04D7  21 00 00    	ld	hl,_sprite_speed_alt
1581  04DA  19          	add	hl, de
1582  04DB  36 00       	ld	(hl),0x00
1583  04DD  21 00 00    	ld	hl,_spr_count
1584  04E0  34          	inc	(hl)
1585  04E1              l_enemy_init_00116:
1586  04E1  DD F9       	ld	sp, ix
1587  04E3  DD E1       	pop	ix
1588  04E5  C9          	ret
1589  04E6              	SECTION code_compiler
1590  04E6              ;	---------------------------------
1591  04E6              ; Function enemy_kill
1592  04E6              ; ---------------------------------
1593  04E6              _enemy_kill:
1594  04E6  7D          	ld	a,l
1595  04E7  32 00 00    	ld	(_tmp),a
1596  04EA  C3 00 00    	jp  _sound_kill
1597  04ED              	SECTION IGNORE
1598  0000              
