1     0000              MODULE game_c
2     0000              
3     0000              ;--------------------------------------------------------
4     0000              ; File Created by SDCC : free open source ANSI-C Compiler
5     0000              ; Version 3.6.5 #9958 (Mac OS X i386)
6     0000              ;--------------------------------------------------------
7     0000              ; Processed by Z88DK
8     0000              ;--------------------------------------------------------
9     0000              
10    0000              	EXTERN __divschar
11    0000              	EXTERN __divschar_callee
12    0000              	EXTERN __divsint
13    0000              	EXTERN __divsint_callee
14    0000              	EXTERN __divslong
15    0000              	EXTERN __divslong_callee
16    0000              	EXTERN __divslonglong
17    0000              	EXTERN __divslonglong_callee
18    0000              	EXTERN __divsuchar
19    0000              	EXTERN __divsuchar_callee
20    0000              	EXTERN __divuchar
21    0000              	EXTERN __divuchar_callee
22    0000              	EXTERN __divuint
23    0000              	EXTERN __divuint_callee
24    0000              	EXTERN __divulong
25    0000              	EXTERN __divulong_callee
26    0000              	EXTERN __divulonglong
27    0000              	EXTERN __divulonglong_callee
28    0000              	EXTERN __divuschar
29    0000              	EXTERN __divuschar_callee
30    0000              	EXTERN __modschar
31    0000              	EXTERN __modschar_callee
32    0000              	EXTERN __modsint
33    0000              	EXTERN __modsint_callee
34    0000              	EXTERN __modslong
35    0000              	EXTERN __modslong_callee
36    0000              	EXTERN __modslonglong
37    0000              	EXTERN __modslonglong_callee
38    0000              	EXTERN __modsuchar
39    0000              	EXTERN __modsuchar_callee
40    0000              	EXTERN __moduchar
41    0000              	EXTERN __moduchar_callee
42    0000              	EXTERN __moduint
43    0000              	EXTERN __moduint_callee
44    0000              	EXTERN __modulong
45    0000              	EXTERN __modulong_callee
46    0000              	EXTERN __modulonglong
47    0000              	EXTERN __modulonglong_callee
48    0000              	EXTERN __moduschar
49    0000              	EXTERN __moduschar_callee
50    0000              	EXTERN __mulint
51    0000              	EXTERN __mulint_callee
52    0000              	EXTERN __mullong
53    0000              	EXTERN __mullong_callee
54    0000              	EXTERN __mullonglong
55    0000              	EXTERN __mullonglong_callee
56    0000              	EXTERN __mulschar
57    0000              	EXTERN __mulschar_callee
58    0000              	EXTERN __mulsuchar
59    0000              	EXTERN __mulsuchar_callee
60    0000              	EXTERN __muluschar
61    0000              	EXTERN __muluschar_callee
62    0000              	EXTERN __rlslonglong
63    0000              	EXTERN __rlslonglong_callee
64    0000              	EXTERN __rlulonglong
65    0000              	EXTERN __rlulonglong_callee
66    0000              	EXTERN __rrslonglong
67    0000              	EXTERN __rrslonglong_callee
68    0000              	EXTERN __rrulonglong
69    0000              	EXTERN __rrulonglong_callee
70    0000              	EXTERN ___sdcc_call_hl
71    0000              	EXTERN ___sdcc_call_iy
72    0000              	EXTERN ___sdcc_enter_ix
73    0000              	EXTERN _banked_call
74    0000              	EXTERN _banked_ret
75    0000              	EXTERN ___fs2schar
76    0000              	EXTERN ___fs2schar_callee
77    0000              	EXTERN ___fs2sint
78    0000              	EXTERN ___fs2sint_callee
79    0000              	EXTERN ___fs2slong
80    0000              	EXTERN ___fs2slong_callee
81    0000              	EXTERN ___fs2slonglong
82    0000              	EXTERN ___fs2slonglong_callee
83    0000              	EXTERN ___fs2uchar
84    0000              	EXTERN ___fs2uchar_callee
85    0000              	EXTERN ___fs2uint
86    0000              	EXTERN ___fs2uint_callee
87    0000              	EXTERN ___fs2ulong
88    0000              	EXTERN ___fs2ulong_callee
89    0000              	EXTERN ___fs2ulonglong
90    0000              	EXTERN ___fs2ulonglong_callee
91    0000              	EXTERN ___fsadd
92    0000              	EXTERN ___fsadd_callee
93    0000              	EXTERN ___fsdiv
94    0000              	EXTERN ___fsdiv_callee
95    0000              	EXTERN ___fseq
96    0000              	EXTERN ___fseq_callee
97    0000              	EXTERN ___fsgt
98    0000              	EXTERN ___fsgt_callee
99    0000              	EXTERN ___fslt
100   0000              	EXTERN ___fslt_callee
101   0000              	EXTERN ___fsmul
102   0000              	EXTERN ___fsmul_callee
103   0000              	EXTERN ___fsneq
104   0000              	EXTERN ___fsneq_callee
105   0000              	EXTERN ___fssub
106   0000              	EXTERN ___fssub_callee
107   0000              	EXTERN ___schar2fs
108   0000              	EXTERN ___schar2fs_callee
109   0000              	EXTERN ___sint2fs
110   0000              	EXTERN ___sint2fs_callee
111   0000              	EXTERN ___slong2fs
112   0000              	EXTERN ___slong2fs_callee
113   0000              	EXTERN ___slonglong2fs
114   0000              	EXTERN ___slonglong2fs_callee
115   0000              	EXTERN ___uchar2fs
116   0000              	EXTERN ___uchar2fs_callee
117   0000              	EXTERN ___uint2fs
118   0000              	EXTERN ___uint2fs_callee
119   0000              	EXTERN ___ulong2fs
120   0000              	EXTERN ___ulong2fs_callee
121   0000              	EXTERN ___ulonglong2fs
122   0000              	EXTERN ___ulonglong2fs_callee
123   0000              	EXTERN ____sdcc_2_copy_src_mhl_dst_deix
124   0000              	EXTERN ____sdcc_2_copy_src_mhl_dst_bcix
125   0000              	EXTERN ____sdcc_4_copy_src_mhl_dst_deix
126   0000              	EXTERN ____sdcc_4_copy_src_mhl_dst_bcix
127   0000              	EXTERN ____sdcc_4_copy_src_mhl_dst_mbc
128   0000              	EXTERN ____sdcc_4_ldi_nosave_bc
129   0000              	EXTERN ____sdcc_4_ldi_save_bc
130   0000              	EXTERN ____sdcc_4_push_hlix
131   0000              	EXTERN ____sdcc_4_push_mhl
132   0000              	EXTERN ____sdcc_lib_setmem_hl
133   0000              	EXTERN ____sdcc_ll_add_de_bc_hl
134   0000              	EXTERN ____sdcc_ll_add_de_bc_hlix
135   0000              	EXTERN ____sdcc_ll_add_de_hlix_bc
136   0000              	EXTERN ____sdcc_ll_add_de_hlix_bcix
137   0000              	EXTERN ____sdcc_ll_add_deix_bc_hl
138   0000              	EXTERN ____sdcc_ll_add_deix_hlix
139   0000              	EXTERN ____sdcc_ll_add_hlix_bc_deix
140   0000              	EXTERN ____sdcc_ll_add_hlix_deix_bc
141   0000              	EXTERN ____sdcc_ll_add_hlix_deix_bcix
142   0000              	EXTERN ____sdcc_ll_asr_hlix_a
143   0000              	EXTERN ____sdcc_ll_asr_mbc_a
144   0000              	EXTERN ____sdcc_ll_copy_src_de_dst_hlix
145   0000              	EXTERN ____sdcc_ll_copy_src_de_dst_hlsp
146   0000              	EXTERN ____sdcc_ll_copy_src_deix_dst_hl
147   0000              	EXTERN ____sdcc_ll_copy_src_deix_dst_hlix
148   0000              	EXTERN ____sdcc_ll_copy_src_deixm_dst_hlsp
149   0000              	EXTERN ____sdcc_ll_copy_src_desp_dst_hlsp
150   0000              	EXTERN ____sdcc_ll_copy_src_hl_dst_de
151   0000              	EXTERN ____sdcc_ll_copy_src_hlsp_dst_de
152   0000              	EXTERN ____sdcc_ll_copy_src_hlsp_dst_deixm
153   0000              	EXTERN ____sdcc_ll_lsl_hlix_a
154   0000              	EXTERN ____sdcc_ll_lsl_mbc_a
155   0000              	EXTERN ____sdcc_ll_lsr_hlix_a
156   0000              	EXTERN ____sdcc_ll_lsr_mbc_a
157   0000              	EXTERN ____sdcc_ll_push_hlix
158   0000              	EXTERN ____sdcc_ll_push_mhl
159   0000              	EXTERN ____sdcc_ll_sub_de_bc_hl
160   0000              	EXTERN ____sdcc_ll_sub_de_bc_hlix
161   0000              	EXTERN ____sdcc_ll_sub_de_hlix_bc
162   0000              	EXTERN ____sdcc_ll_sub_de_hlix_bcix
163   0000              	EXTERN ____sdcc_ll_sub_deix_bc_hl
164   0000              	EXTERN ____sdcc_ll_sub_deix_hlix
165   0000              	EXTERN ____sdcc_ll_sub_hlix_bc_deix
166   0000              	EXTERN ____sdcc_ll_sub_hlix_deix_bc
167   0000              	EXTERN ____sdcc_ll_sub_hlix_deix_bcix
168   0000              	EXTERN ____sdcc_load_debc_deix
169   0000              	EXTERN ____sdcc_load_dehl_deix
170   0000              	EXTERN ____sdcc_load_debc_mhl
171   0000              	EXTERN ____sdcc_load_hlde_mhl
172   0000              	EXTERN ____sdcc_store_dehl_bcix
173   0000              	EXTERN ____sdcc_store_debc_hlix
174   0000              	EXTERN ____sdcc_store_debc_mhl
175   0000              	EXTERN ____sdcc_cpu_pop_ei
176   0000              	EXTERN ____sdcc_cpu_pop_ei_jp
177   0000              	EXTERN ____sdcc_cpu_push_di
178   0000              	EXTERN ____sdcc_outi
179   0000              	EXTERN ____sdcc_outi_128
180   0000              	EXTERN ____sdcc_outi_256
181   0000              	EXTERN ____sdcc_ldi
182   0000              	EXTERN ____sdcc_ldi_128
183   0000              	EXTERN ____sdcc_ldi_256
184   0000              
185   0000              ;--------------------------------------------------------
186   0000              ; Public variables in this module
187   0000              ;--------------------------------------------------------
188   0000              	GLOBAL _main
189   0000              	GLOBAL _test_func
190   0000              ;--------------------------------------------------------
191   0000              ; Externals used
192   0000              ;--------------------------------------------------------
193   0000              	GLOBAL _debug3
194   0000              	GLOBAL _debug2
195   0000              	GLOBAL _debug
196   0000              	GLOBAL _zx_print_str
197   0000              	GLOBAL _zx_print_int
198   0000              	GLOBAL _zx_print_chr
199   0000              	GLOBAL _zx_print_bonus_time
200   0000              	GLOBAL _zx_isr
201   0000              	GLOBAL _z80_otdr_callee
202   0000              	GLOBAL _z80_otdr
203   0000              	GLOBAL _z80_otir_callee
204   0000              	GLOBAL _z80_otir
205   0000              	GLOBAL _z80_outp_callee
206   0000              	GLOBAL _z80_outp
207   0000              	GLOBAL _z80_indr_callee
208   0000              	GLOBAL _z80_indr
209   0000              	GLOBAL _z80_inir_callee
210   0000              	GLOBAL _z80_inir
211   0000              	GLOBAL _z80_inp_fastcall
212   0000              	GLOBAL _z80_inp
213   0000              	GLOBAL _z80_set_int_state_fastcall
214   0000              	GLOBAL _z80_set_int_state
215   0000              	GLOBAL _z80_get_int_state
216   0000              	GLOBAL _z80_delay_tstate_fastcall
217   0000              	GLOBAL _z80_delay_tstate
218   0000              	GLOBAL _z80_delay_ms_fastcall
219   0000              	GLOBAL _z80_delay_ms
220   0000              	GLOBAL _im2_remove_generic_callback_callee
221   0000              	GLOBAL _im2_remove_generic_callback
222   0000              	GLOBAL _im2_prepend_generic_callback_callee
223   0000              	GLOBAL _im2_prepend_generic_callback
224   0000              	GLOBAL _im2_append_generic_callback_callee
225   0000              	GLOBAL _im2_append_generic_callback
226   0000              	GLOBAL _im2_create_generic_isr_8080_callee
227   0000              	GLOBAL _im2_create_generic_isr_8080
228   0000              	GLOBAL _im2_create_generic_isr_callee
229   0000              	GLOBAL _im2_create_generic_isr
230   0000              	GLOBAL _im2_install_isr_callee
231   0000              	GLOBAL _im2_install_isr
232   0000              	GLOBAL _im2_init_fastcall
233   0000              	GLOBAL _im2_init
234   0000              	GLOBAL _sound_hit_brick
235   0000              	GLOBAL _sound_hit_enemy
236   0000              	GLOBAL _sound_kill
237   0000              	GLOBAL _sound_enter_enemy
238   0000              	GLOBAL _sound_coin
239   0000              	GLOBAL _sound_jump
240   0000              	GLOBAL _sound_slide
241   0000              	GLOBAL _enemy_ugly_fix
242   0000              	GLOBAL _enemy_kill
243   0000              	GLOBAL _enemy_init
244   0000              	GLOBAL _enemy_walk
245   0000              	GLOBAL _enemy_upgrade
246   0000              	GLOBAL _enemy_evolve
247   0000              	GLOBAL _enemy_standard_hit
248   0000              	GLOBAL _enemy_fighterfly
249   0000              	GLOBAL _enemy_fireball_green
250   0000              	GLOBAL _enemy_fireball_red
251   0000              	GLOBAL _enemy_slipice
252   0000              	GLOBAL _enemy_standard
253   0000              	GLOBAL _enemy_turn
254   0000              	GLOBAL _enemy_flip_sidestepper
255   0000              	GLOBAL _enemy_flip
256   0000              	GLOBAL _enemy_flip_change_dir
257   0000              	GLOBAL _enemy_hit
258   0000              	GLOBAL _enemy_collision_turn_dir
259   0000              	GLOBAL _enemy_collision
260   0000              	GLOBAL _enemy_coin1
261   0000              	GLOBAL _player_pick_item
262   0000              	GLOBAL _player_check_floor
263   0000              	GLOBAL _player_player_hit_brick_clear
264   0000              	GLOBAL _player_lost_life
265   0000              	GLOBAL _player_score_add
266   0000              	GLOBAL _player_player_hit_pow
267   0000              	GLOBAL _player_player_hit_brick
268   0000              	GLOBAL _player_move_input
269   0000              	GLOBAL _player_turn
270   0000              	GLOBAL _player_move
271   0000              	GLOBAL _player_restart
272   0000              	GLOBAL _player_kill
273   0000              	GLOBAL _player_check_input
274   0000              	GLOBAL _player_collision
275   0000              	GLOBAL _player_calc_slide
276   0000              	GLOBAL _player_init
277   0000              	GLOBAL _spr_page_map
278   0000              	GLOBAL _spr_page_right
279   0000              	GLOBAL _spr_page_left
280   0000              	GLOBAL _spr_tile_paint
281   0000              	GLOBAL _spr_kill_all
282   0000              	GLOBAL _spr_collision_check
283   0000              	GLOBAL _spr_calc_hor
284   0000              	GLOBAL _spr_draw_row
285   0000              	GLOBAL _spr_draw_index
286   0000              	GLOBAL _spr_draw_clear
287   0000              	GLOBAL _spr_draw_background
288   0000              	GLOBAL _spr_brick_anim
289   0000              	GLOBAL _spr_back_paint
290   0000              	GLOBAL _spr_back_clr
291   0000              	GLOBAL _spr_tile
292   0000              	GLOBAL _spr_set_fall
293   0000              	GLOBAL _spr_destroy
294   0000              	GLOBAL _spr_tile_dir
295   0000              	GLOBAL _spr_anim_kill
296   0000              	GLOBAL _spr_killed
297   0000              	GLOBAL _spr_redraw
298   0000              	GLOBAL _spr_move_left
299   0000              	GLOBAL _spr_move_right
300   0000              	GLOBAL _spr_move_horizontal
301   0000              	GLOBAL _spr_move_down
302   0000              	GLOBAL _spr_move_up
303   0000              	GLOBAL _spr_check_map
304   0000              	GLOBAL _spr_calc_index
305   0000              	GLOBAL _spr_chktime
306   0000              	GLOBAL _game_joystick_set_menu
307   0000              	GLOBAL _game_joystick_set
308   0000              	GLOBAL _game_joystick_change
309   0000              	GLOBAL _game_print_header
310   0000              	GLOBAL _game_end
311   0000              	GLOBAL _game_score_osd
312   0000              	GLOBAL _game_phase_print_score_back
313   0000              	GLOBAL _game_check_time
314   0000              	GLOBAL _game_menu
315   0000              	GLOBAL _game_rotate_attrib
316   0000              	GLOBAL _game_colour_message
317   0000              	GLOBAL _game_paint_attrib_lin_h
318   0000              	GLOBAL _game_paint_attrib_lin
319   0000              	GLOBAL _game_paint_attrib
320   0000              	GLOBAL _game_menu_top_paint
321   0000              	GLOBAL _game_menu_handle
322   0000              	GLOBAL _game_menu_e
323   0000              	GLOBAL _game_menu_back
324   0000              	GLOBAL _game_print_score
325   0000              	GLOBAL _game_unfreeze_all
326   0000              	GLOBAL _game_freeze_all
327   0000              	GLOBAL _game_freeze
328   0000              	GLOBAL _game_enemy_add_get_index
329   0000              	GLOBAL _game_check_maze_floor
330   0000              	GLOBAL _game_check_maze
331   0000              	GLOBAL _game_loop
332   0000              	GLOBAL _game_phase_init
333   0000              	GLOBAL _game_start_timer
334   0000              	GLOBAL _game_tick
335   0000              	GLOBAL _game_print_lives
336   0000              	GLOBAL _game_print_footer
337   0000              	GLOBAL _game_fill_row
338   0000              	GLOBAL _ay_fx_play
339   0000              	GLOBAL _ay_midi_play
340   0000              	GLOBAL _ay_is_playing
341   0000              	GLOBAL _ay_reset
342   0000              	GLOBAL _NIRVANAP_drawTW_raw_callee
343   0000              	GLOBAL _NIRVANAP_drawTW_raw
344   0000              	GLOBAL _NIRVANAP_drawTW_callee
345   0000              	GLOBAL _NIRVANAP_drawTW
346   0000              	GLOBAL _NIRVANAP_drawW_raw_callee
347   0000              	GLOBAL _NIRVANAP_drawW_raw
348   0000              	GLOBAL _NIRVANAP_drawW_callee
349   0000              	GLOBAL _NIRVANAP_drawW
350   0000              	GLOBAL _NIRVANAP_spriteT_callee
351   0000              	GLOBAL _NIRVANAP_spriteT
352   0000              	GLOBAL _NIRVANAP_fillC_callee
353   0000              	GLOBAL _NIRVANAP_fillC
354   0000              	GLOBAL _NIRVANAP_readC_callee
355   0000              	GLOBAL _NIRVANAP_readC
356   0000              	GLOBAL _NIRVANAP_paintC_callee
357   0000              	GLOBAL _NIRVANAP_paintC
358   0000              	GLOBAL _NIRVANAP_printC_callee
359   0000              	GLOBAL _NIRVANAP_printC
360   0000              	GLOBAL _NIRVANAP_fillT_raw_callee
361   0000              	GLOBAL _NIRVANAP_fillT_raw
362   0000              	GLOBAL _NIRVANAP_fillT_callee
363   0000              	GLOBAL _NIRVANAP_fillT
364   0000              	GLOBAL _NIRVANAP_drawT_raw_callee
365   0000              	GLOBAL _NIRVANAP_drawT_raw
366   0000              	GLOBAL _NIRVANAP_drawT_callee
367   0000              	GLOBAL _NIRVANAP_drawT
368   0000              	GLOBAL _NIRVANAP_stop
369   0000              	GLOBAL _NIRVANAP_start
370   0000              	GLOBAL _intrinsic_swap_word_32_fastcall
371   0000              	GLOBAL _intrinsic_swap_word_32
372   0000              	GLOBAL _intrinsic_swap_endian_32_fastcall
373   0000              	GLOBAL _intrinsic_swap_endian_32
374   0000              	GLOBAL _intrinsic_swap_endian_16_fastcall
375   0000              	GLOBAL _intrinsic_swap_endian_16
376   0000              	GLOBAL _intrinsic_return_de
377   0000              	GLOBAL _intrinsic_return_bc
378   0000              	GLOBAL _intrinsic_exx
379   0000              	GLOBAL _intrinsic_ex_de_hl
380   0000              	GLOBAL _intrinsic_nop
381   0000              	GLOBAL _intrinsic_im_2
382   0000              	GLOBAL _intrinsic_im_1
383   0000              	GLOBAL _intrinsic_im_0
384   0000              	GLOBAL _intrinsic_retn
385   0000              	GLOBAL _intrinsic_reti
386   0000              	GLOBAL _intrinsic_halt
387   0000              	GLOBAL _intrinsic_ei
388   0000              	GLOBAL _intrinsic_di
389   0000              	GLOBAL _intrinsic_stub
390   0000              	GLOBAL _intrinsic_outi
391   0000              	GLOBAL _intrinsic_ldi
392   0000              	GLOBAL _ulltoa_callee
393   0000              	GLOBAL _ulltoa
394   0000              	GLOBAL _strtoull_callee
395   0000              	GLOBAL _strtoull
396   0000              	GLOBAL _strtoll_callee
397   0000              	GLOBAL _strtoll
398   0000              	GLOBAL _lltoa_callee
399   0000              	GLOBAL _lltoa
400   0000              	GLOBAL _llabs_callee
401   0000              	GLOBAL _llabs
402   0000              	GLOBAL __lldivu__callee
403   0000              	GLOBAL __lldivu_
404   0000              	GLOBAL __lldiv__callee
405   0000              	GLOBAL __lldiv_
406   0000              	GLOBAL _atoll_callee
407   0000              	GLOBAL _atoll
408   0000              	GLOBAL _realloc_unlocked_callee
409   0000              	GLOBAL _realloc_unlocked
410   0000              	GLOBAL _malloc_unlocked_fastcall
411   0000              	GLOBAL _malloc_unlocked
412   0000              	GLOBAL _free_unlocked_fastcall
413   0000              	GLOBAL _free_unlocked
414   0000              	GLOBAL _calloc_unlocked_callee
415   0000              	GLOBAL _calloc_unlocked
416   0000              	GLOBAL _aligned_alloc_unlocked_callee
417   0000              	GLOBAL _aligned_alloc_unlocked
418   0000              	GLOBAL _realloc_callee
419   0000              	GLOBAL _realloc
420   0000              	GLOBAL _malloc_fastcall
421   0000              	GLOBAL _malloc
422   0000              	GLOBAL _free_fastcall
423   0000              	GLOBAL _free
424   0000              	GLOBAL _calloc_callee
425   0000              	GLOBAL _calloc
426   0000              	GLOBAL _aligned_alloc_callee
427   0000              	GLOBAL _aligned_alloc
428   0000              	GLOBAL _utoa_callee
429   0000              	GLOBAL _utoa
430   0000              	GLOBAL _ultoa_callee
431   0000              	GLOBAL _ultoa
432   0000              	GLOBAL _system_fastcall
433   0000              	GLOBAL _system
434   0000              	GLOBAL _strtoul_callee
435   0000              	GLOBAL _strtoul
436   0000              	GLOBAL _strtol_callee
437   0000              	GLOBAL _strtol
438   0000              	GLOBAL _strtof_callee
439   0000              	GLOBAL _strtof
440   0000              	GLOBAL _strtod_callee
441   0000              	GLOBAL _strtod
442   0000              	GLOBAL _srand_fastcall
443   0000              	GLOBAL _srand
444   0000              	GLOBAL _rand
445   0000              	GLOBAL _quick_exit_fastcall
446   0000              	GLOBAL _quick_exit
447   0000              	GLOBAL _qsort_callee
448   0000              	GLOBAL _qsort
449   0000              	GLOBAL _ltoa_callee
450   0000              	GLOBAL _ltoa
451   0000              	GLOBAL _labs_fastcall
452   0000              	GLOBAL _labs
453   0000              	GLOBAL _itoa_callee
454   0000              	GLOBAL _itoa
455   0000              	GLOBAL _ftoh_callee
456   0000              	GLOBAL _ftoh
457   0000              	GLOBAL _ftog_callee
458   0000              	GLOBAL _ftog
459   0000              	GLOBAL _ftoe_callee
460   0000              	GLOBAL _ftoe
461   0000              	GLOBAL _ftoa_callee
462   0000              	GLOBAL _ftoa
463   0000              	GLOBAL _exit_fastcall
464   0000              	GLOBAL _exit
465   0000              	GLOBAL _dtoh_callee
466   0000              	GLOBAL _dtoh
467   0000              	GLOBAL _dtog_callee
468   0000              	GLOBAL _dtog
469   0000              	GLOBAL _dtoe_callee
470   0000              	GLOBAL _dtoe
471   0000              	GLOBAL _dtoa_callee
472   0000              	GLOBAL _dtoa
473   0000              	GLOBAL _bsearch_callee
474   0000              	GLOBAL _bsearch
475   0000              	GLOBAL _atol_fastcall
476   0000              	GLOBAL _atol
477   0000              	GLOBAL _atoi_fastcall
478   0000              	GLOBAL _atoi
479   0000              	GLOBAL _atof_fastcall
480   0000              	GLOBAL _atof
481   0000              	GLOBAL _atexit_fastcall
482   0000              	GLOBAL _atexit
483   0000              	GLOBAL _at_quick_exit_fastcall
484   0000              	GLOBAL _at_quick_exit
485   0000              	GLOBAL _abs_fastcall
486   0000              	GLOBAL _abs
487   0000              	GLOBAL _abort
488   0000              	GLOBAL __strtou__callee
489   0000              	GLOBAL __strtou_
490   0000              	GLOBAL __strtoi__callee
491   0000              	GLOBAL __strtoi_
492   0000              	GLOBAL __random_uniform_xor_8__fastcall
493   0000              	GLOBAL __random_uniform_xor_8_
494   0000              	GLOBAL __random_uniform_xor_32__fastcall
495   0000              	GLOBAL __random_uniform_xor_32_
496   0000              	GLOBAL __random_uniform_cmwc_8__fastcall
497   0000              	GLOBAL __random_uniform_cmwc_8_
498   0000              	GLOBAL __shellsort__callee
499   0000              	GLOBAL __shellsort_
500   0000              	GLOBAL __quicksort__callee
501   0000              	GLOBAL __quicksort_
502   0000              	GLOBAL __insertion_sort__callee
503   0000              	GLOBAL __insertion_sort_
504   0000              	GLOBAL __ldivu__callee
505   0000              	GLOBAL __ldivu_
506   0000              	GLOBAL __ldiv__callee
507   0000              	GLOBAL __ldiv_
508   0000              	GLOBAL __divu__callee
509   0000              	GLOBAL __divu_
510   0000              	GLOBAL __div__callee
511   0000              	GLOBAL __div_
512   0000              	GLOBAL _in_mouse_kempston_wheel_delta
513   0000              	GLOBAL _in_mouse_kempston_wheel
514   0000              	GLOBAL _in_mouse_kempston_callee
515   0000              	GLOBAL _in_mouse_kempston
516   0000              	GLOBAL _in_mouse_kempston_setpos_callee
517   0000              	GLOBAL _in_mouse_kempston_setpos
518   0000              	GLOBAL _in_mouse_kempston_reset
519   0000              	GLOBAL _in_mouse_kempston_init
520   0000              	GLOBAL _in_mouse_amx_wheel_delta
521   0000              	GLOBAL _in_mouse_amx_wheel
522   0000              	GLOBAL _in_mouse_amx_callee
523   0000              	GLOBAL _in_mouse_amx
524   0000              	GLOBAL _in_mouse_amx_setpos_callee
525   0000              	GLOBAL _in_mouse_amx_setpos
526   0000              	GLOBAL _in_mouse_amx_reset
527   0000              	GLOBAL _in_mouse_amx_init_callee
528   0000              	GLOBAL _in_mouse_amx_init
529   0000              	GLOBAL _in_stick_sinclair2
530   0000              	GLOBAL _in_stick_sinclair1
531   0000              	GLOBAL _in_stick_kempston
532   0000              	GLOBAL _in_stick_fuller
533   0000              	GLOBAL _in_stick_cursor
534   0000              	GLOBAL _in_stick_keyboard_fastcall
535   0000              	GLOBAL _in_stick_keyboard
536   0000              	GLOBAL _in_wait_nokey
537   0000              	GLOBAL _in_wait_key
538   0000              	GLOBAL _in_test_key
539   0000              	GLOBAL _in_pause_fastcall
540   0000              	GLOBAL _in_pause
541   0000              	GLOBAL _in_key_scancode_fastcall
542   0000              	GLOBAL _in_key_scancode
543   0000              	GLOBAL _in_key_pressed_fastcall
544   0000              	GLOBAL _in_key_pressed
545   0000              	GLOBAL _in_inkey
546   0000              	GLOBAL _zx_pattern_fill_callee
547   0000              	GLOBAL _zx_pattern_fill
548   0000              	GLOBAL _zx_saddrpup_fastcall
549   0000              	GLOBAL _zx_saddrpup
550   0000              	GLOBAL _zx_saddrpright_callee
551   0000              	GLOBAL _zx_saddrpright
552   0000              	GLOBAL _zx_saddrpleft_callee
553   0000              	GLOBAL _zx_saddrpleft
554   0000              	GLOBAL _zx_saddrpdown_fastcall
555   0000              	GLOBAL _zx_saddrpdown
556   0000              	GLOBAL _zx_saddrcup_fastcall
557   0000              	GLOBAL _zx_saddrcup
558   0000              	GLOBAL _zx_saddrcright_fastcall
559   0000              	GLOBAL _zx_saddrcright
560   0000              	GLOBAL _zx_saddrcleft_fastcall
561   0000              	GLOBAL _zx_saddrcleft
562   0000              	GLOBAL _zx_saddrcdown_fastcall
563   0000              	GLOBAL _zx_saddrcdown
564   0000              	GLOBAL _zx_saddr2py_fastcall
565   0000              	GLOBAL _zx_saddr2py
566   0000              	GLOBAL _zx_saddr2px_fastcall
567   0000              	GLOBAL _zx_saddr2px
568   0000              	GLOBAL _zx_saddr2cy_fastcall
569   0000              	GLOBAL _zx_saddr2cy
570   0000              	GLOBAL _zx_saddr2cx_fastcall
571   0000              	GLOBAL _zx_saddr2cx
572   0000              	GLOBAL _zx_saddr2aaddr_fastcall
573   0000              	GLOBAL _zx_saddr2aaddr
574   0000              	GLOBAL _zx_py2saddr_fastcall
575   0000              	GLOBAL _zx_py2saddr
576   0000              	GLOBAL _zx_py2aaddr_fastcall
577   0000              	GLOBAL _zx_py2aaddr
578   0000              	GLOBAL _zx_pxy2saddr_callee
579   0000              	GLOBAL _zx_pxy2saddr
580   0000              	GLOBAL _zx_pxy2aaddr_callee
581   0000              	GLOBAL _zx_pxy2aaddr
582   0000              	GLOBAL _zx_px2bitmask_fastcall
583   0000              	GLOBAL _zx_px2bitmask
584   0000              	GLOBAL _zx_cy2saddr_fastcall
585   0000              	GLOBAL _zx_cy2saddr
586   0000              	GLOBAL _zx_cy2aaddr_fastcall
587   0000              	GLOBAL _zx_cy2aaddr
588   0000              	GLOBAL _zx_cxy2saddr_callee
589   0000              	GLOBAL _zx_cxy2saddr
590   0000              	GLOBAL _zx_cxy2aaddr_callee
591   0000              	GLOBAL _zx_cxy2aaddr
592   0000              	GLOBAL _zx_bitmask2px_fastcall
593   0000              	GLOBAL _zx_bitmask2px
594   0000              	GLOBAL _zx_aaddrcup_fastcall
595   0000              	GLOBAL _zx_aaddrcup
596   0000              	GLOBAL _zx_aaddrcright_fastcall
597   0000              	GLOBAL _zx_aaddrcright
598   0000              	GLOBAL _zx_aaddrcleft_fastcall
599   0000              	GLOBAL _zx_aaddrcleft
600   0000              	GLOBAL _zx_aaddrcdown_fastcall
601   0000              	GLOBAL _zx_aaddrcdown
602   0000              	GLOBAL _zx_aaddr2saddr_fastcall
603   0000              	GLOBAL _zx_aaddr2saddr
604   0000              	GLOBAL _zx_aaddr2py_fastcall
605   0000              	GLOBAL _zx_aaddr2py
606   0000              	GLOBAL _zx_aaddr2px_fastcall
607   0000              	GLOBAL _zx_aaddr2px
608   0000              	GLOBAL _zx_aaddr2cy_fastcall
609   0000              	GLOBAL _zx_aaddr2cy
610   0000              	GLOBAL _zx_aaddr2cx_fastcall
611   0000              	GLOBAL _zx_aaddr2cx
612   0000              	GLOBAL _zx_visit_wc_pix_callee
613   0000              	GLOBAL _zx_visit_wc_pix
614   0000              	GLOBAL _zx_visit_wc_attr_callee
615   0000              	GLOBAL _zx_visit_wc_attr
616   0000              	GLOBAL _zx_scroll_wc_up_pix_callee
617   0000              	GLOBAL _zx_scroll_wc_up_pix
618   0000              	GLOBAL _zx_scroll_wc_up_attr_callee
619   0000              	GLOBAL _zx_scroll_wc_up_attr
620   0000              	GLOBAL _zx_scroll_wc_up_callee
621   0000              	GLOBAL _zx_scroll_wc_up
622   0000              	GLOBAL _zx_scroll_up_pix_callee
623   0000              	GLOBAL _zx_scroll_up_pix
624   0000              	GLOBAL _zx_scroll_up_attr_callee
625   0000              	GLOBAL _zx_scroll_up_attr
626   0000              	GLOBAL _zx_scroll_up_callee
627   0000              	GLOBAL _zx_scroll_up
628   0000              	GLOBAL _zx_cls_wc_pix_callee
629   0000              	GLOBAL _zx_cls_wc_pix
630   0000              	GLOBAL _zx_cls_wc_attr_callee
631   0000              	GLOBAL _zx_cls_wc_attr
632   0000              	GLOBAL _zx_cls_wc_callee
633   0000              	GLOBAL _zx_cls_wc
634   0000              	GLOBAL _zx_cls_pix_fastcall
635   0000              	GLOBAL _zx_cls_pix
636   0000              	GLOBAL _zx_cls_attr_fastcall
637   0000              	GLOBAL _zx_cls_attr
638   0000              	GLOBAL _zx_cls_fastcall
639   0000              	GLOBAL _zx_cls
640   0000              	GLOBAL _zx_border_fastcall
641   0000              	GLOBAL _zx_border
642   0000              	GLOBAL _g_player_hit_right
643   0000              	GLOBAL _g_player_hit_left
644   0000              	GLOBAL _joynames
645   0000              	GLOBAL _initials
646   0000              	GLOBAL _score_osd_tile
647   0000              	GLOBAL _score_osd_update_time
648   0000              	GLOBAL _score_osd_col
649   0000              	GLOBAL _score_osd_lin
650   0000              	GLOBAL _phase_angry
651   0000              	GLOBAL _phase_curr
652   0000              	GLOBAL _phase_end
653   0000              	GLOBAL _phase_coins
654   0000              	GLOBAL _phase_pop
655   0000              	GLOBAL _phase_tot
656   0000              	GLOBAL _map_heigth
657   0000              	GLOBAL _map_width
658   0000              	GLOBAL _scr_curr
659   0000              	GLOBAL _scr_7
660   0000              	GLOBAL _scr_6
661   0000              	GLOBAL _scr_5
662   0000              	GLOBAL _scr_4
663   0000              	GLOBAL _scr_3
664   0000              	GLOBAL _scr_2
665   0000              	GLOBAL _scr_1
666   0000              	GLOBAL _scr_0
667   0000              	GLOBAL _scr_map
668   0000              	GLOBAL _sprite_speed_alt
669   0000              	GLOBAL _sprite_speed
670   0000              	GLOBAL _screen_ink
671   0000              	GLOBAL _screen_paper
672   0000              	GLOBAL _game_menu_sel
673   0000              	GLOBAL _game_type
674   0000              	GLOBAL _game_osd
675   0000              	GLOBAL _game_score_top
676   0000              	GLOBAL _player_lives
677   0000              	GLOBAL _game_over
678   0000              	GLOBAL _game_sound
679   0000              	GLOBAL _game_inmune
680   0000              	GLOBAL _game_god_mode
681   0000              	GLOBAL _game_start_phase
682   0000              	GLOBAL _game_two_player
683   0000              	GLOBAL _game_brick_tile
684   0000              	GLOBAL _sprite_curr_index
685   0000              	GLOBAL _spr_count
686   0000              	GLOBAL _osd_show_time
687   0000              	GLOBAL _osd_update_time
688   0000              	GLOBAL _frame_time
689   0000              	GLOBAL _entry_time
690   0000              	GLOBAL _curr_time
691   0000              	GLOBAL _s_state
692   0000              	GLOBAL _attrib_hl
693   0000              	GLOBAL _attrib
694   0000              	GLOBAL _zx_val_asm
695   0000              	GLOBAL _enemies
696   0000              	GLOBAL _tmp_ui
697   0000              	GLOBAL _tmp_sc
698   0000              	GLOBAL _tmp_uc
699   0000              	GLOBAL _tmp1
700   0000              	GLOBAL _tmp0
701   0000              	GLOBAL _tmp
702   0000              	GLOBAL _index1
703   0000              	GLOBAL _loop_count
704   0000              	GLOBAL _sprite_lin_inc_mul
705   0000              	GLOBAL _s_col1
706   0000              	GLOBAL _s_col0
707   0000              	GLOBAL _s_lin1
708   0000              	GLOBAL _s_lin0
709   0000              	GLOBAL _s_tile1
710   0000              	GLOBAL _s_tile0
711   0000              	GLOBAL _player_hit_count
712   0000              	GLOBAL _sprite
713   0000              	GLOBAL _player_joy
714   0000              	GLOBAL _player_score
715   0000              	GLOBAL _last_time
716   0000              	GLOBAL _player_slide
717   0000              	GLOBAL _spr_timer
718   0000              	GLOBAL _jump_lin
719   0000              	GLOBAL _player_jump_c
720   0000              	GLOBAL _player_hit_col
721   0000              	GLOBAL _player_hit_lin
722   0000              	GLOBAL _colint
723   0000              	GLOBAL _col
724   0000              	GLOBAL _lin
725   0000              	GLOBAL _tile
726   0000              	GLOBAL _state_a
727   0000              	GLOBAL _state
728   0000              	GLOBAL _class
729   0000              	GLOBAL _tbuffer
730   0000              	GLOBAL _dirs
731   0000              	GLOBAL _k1
732   0000              	GLOBAL _joyfunc1
733   0000              	GLOBAL _btiles
734   0000              	GLOBAL _spec128
735   0000              	GLOBAL _ay_effect_20
736   0000              	GLOBAL _ay_effect_19
737   0000              	GLOBAL _ay_effect_18
738   0000              	GLOBAL _ay_effect_17
739   0000              	GLOBAL _ay_effect_16
740   0000              	GLOBAL _ay_effect_15
741   0000              	GLOBAL _ay_effect_14
742   0000              	GLOBAL _ay_effect_13
743   0000              	GLOBAL _ay_effect_12
744   0000              	GLOBAL _ay_effect_11
745   0000              	GLOBAL _ay_effect_10
746   0000              	GLOBAL _ay_effect_09
747   0000              	GLOBAL _ay_effect_08
748   0000              	GLOBAL _ay_effect_07
749   0000              	GLOBAL _ay_effect_06
750   0000              	GLOBAL _ay_effect_05
751   0000              	GLOBAL _ay_effect_04
752   0000              	GLOBAL _ay_effect_03
753   0000              	GLOBAL _ay_effect_02
754   0000              	GLOBAL _ay_effect_01
755   0000              	GLOBAL _pb_midi_phase_1
756   0000              	GLOBAL _pb_midi_title
757   0000              	GLOBAL _NIRVANAP_CHAR_TABLE
758   0000              	GLOBAL _NIRVANAP_WIDE_IMAGES
759   0000              	GLOBAL _NIRVANAP_TILE_IMAGES
760   0000              	GLOBAL _NIRVANAP_HOLE
761   0000              	GLOBAL _NIRVANAP_ISR_HOOK
762   0000              	GLOBAL _GLOBAL_ZX_PORT_7FFD
763   0000              	GLOBAL _GLOBAL_ZX_PORT_1FFD
764   0000              	GLOBAL _GLOBAL_ZX_PORT_FE
765   0000              	GLOBAL _control_method
766   0000              ;--------------------------------------------------------
767   0000              ; special function registers
768   0000              ;--------------------------------------------------------
769   0000              defc _IO_FE	=	0x00fe
770   0000              defc _IO_1FFD	=	0x1ffd
771   0000              defc _IO_7FFD	=	0x7ffd
772   0000              ;--------------------------------------------------------
773   0000              ; ram data
774   0000              ;--------------------------------------------------------
775   0000              	SECTION bss_compiler
776   0000              ;--------------------------------------------------------
777   0000              ; ram data
778   0000              ;--------------------------------------------------------
779   0000              
780   0000              IF 0
781   0000              
782   0000              ; .area _INITIALIZED removed by z88dk
783   0000              
784   0000              
785   0000              ENDIF
786   0000              
787   0000              ;--------------------------------------------------------
788   0000              ; absolute external ram data
789   0000              ;--------------------------------------------------------
790   0000              	SECTION IGNORE
791   0000              ;--------------------------------------------------------
792   0000              ; global & static initialisations
793   0000              ;--------------------------------------------------------
794   0000              	SECTION code_crt_init
795   0000              ;--------------------------------------------------------
796   0000              ; Home
797   0000              ;--------------------------------------------------------
798   0000              	SECTION IGNORE
799   0000              ;--------------------------------------------------------
800   0000              ; code
801   0000              ;--------------------------------------------------------
802   0000              	SECTION code_compiler
803   0000              ;	---------------------------------
804   0000              ; Function main
805   0000              ; ---------------------------------
806   0000              _main:
807   0000  21 00 00    	ld	hl,_game_start_phase
808   0003  36 00       	ld	(hl),0x00
809   0005  21 00 00    	ld	hl,_game_god_mode
810   0008  36 00       	ld	(hl),0x00
811   000A  21 00 00    	ld	hl,_game_inmune
812   000D  36 00       	ld	(hl),0x00
813   000F  CD 00 00    	call	_ay_reset
814   0012  21 47 46    	ld	hl,0x4647
815   0015  22 00 00    	ld	(_attrib),hl
816   0018  21 06 07    	ld	hl,0x0706
817   001B  22 02 00    	ld	(_attrib + 2),hl
818   001E  21 02 06    	ld	hl,0x0602
819   0021  22 00 00    	ld	(_attrib_hl),hl
820   0024  21 04 05    	ld	hl,0x0504
821   0027  22 02 00    	ld	(_attrib_hl + 2),hl
822   002A  3A 00 00    	ld	a,(_spec128)
823   002D  B7          	or	a,a
824   002E  28 04       	jr	Z,l_main_00110
825   0030  0E 0C       	ld	c,0x0c
826   0032  18 02       	jr	l_main_00111
827   0034              l_main_00110:
828   0034  0E 03       	ld	c,0x03
829   0036              l_main_00111:
830   0036  21 00 00    	ld	hl,_game_sound
831   0039  71          	ld	(hl), c
832   003A  21 00 00    	ld	hl,_game_type
833   003D  36 00       	ld	(hl),0x00
834   003F  21 00 00    	ld	hl,0x0000
835   0042  22 00 00    	ld	(_player_joy),hl
836   0045  21 7F 04    	ld	hl,0x047f
837   0048  22 00 00    	ld	(_k1), hl
838   004B  21 DF 02    	ld	hl,0x02df
839   004E  22 04 00    	ld	(_k1 + 0x0004),hl
840   0051  26 01       	ld	h,0x01
841   0053  22 02 00    	ld	(_k1 + 0x0002),hl
842   0056  21 FF FF    	ld	hl,0xffff
843   0059  22 08 00    	ld	(_k1 + 0x0008),hl
844   005C  2E FF       	ld	l,0xff
845   005E  22 06 00    	ld	(_k1 + 0x0006),hl
846   0061  CD 00 00    	call	_game_joystick_set_menu
847   0064  2E 00       	ld	l,0x00
848   0066  CD 00 00    	call	_zx_border_fastcall
849   0069  CD 00 00    	call	_in_wait_nokey
850   006C  01 B8 7A    	ld	bc,0x7ab8
851   006F              l_main_00104:
852   006F  CD 00 00    	call	_in_test_key
853   0072  7C          	ld	a, h
854   0073  B5          	or	a,l
855   0074  20 08       	jr	NZ,l_main_00101
856   0076  21 4D 27    	ld	hl,0x274d
857   0079  09          	add	hl,bc
858   007A  4D          	ld	c, l
859   007B  44          	ld	b, h
860   007C  18 F1       	jr	l_main_00104
861   007E              l_main_00101:
862   007E  69          	ld	l, c
863   007F  60          	ld	h, b
864   0080  CD 00 00    	call	_srand_fastcall
865   0083  2E 00       	ld	l,0x00
866   0085  CD 00 00    	call	_zx_cls_fastcall
867   0088  21 00 00    	ld	hl,_screen_paper
868   008B  36 00       	ld	(hl),0x00
869   008D  2E 00       	ld	l,0x00
870   008F  CD 00 00    	call	_zx_border_fastcall
871   0092  CD 00 00    	call	_game_start_timer
872   0095  21 00 00    	ld	hl,_btiles
873   0098  22 00 00    	ld	(_NIRVANAP_TILE_IMAGES),hl
874   009B  CD 00 00    	call	_NIRVANAP_start
875   009E  2E 00       	ld	l,0x00
876   00A0  CD 00 00    	call	_zx_cls_fastcall
877   00A3  21 00 00    	ld	hl,_screen_paper
878   00A6  36 00       	ld	(hl),0x00
879   00A8  2E 00       	ld	l,0x00
880   00AA  CD 00 00    	call	_zx_border_fastcall
881   00AD  2A 00 00    	ld	hl,(_curr_time)
882   00B0  22 00 00    	ld	(_frame_time),hl
883   00B3  21 00 00    	ld	hl,_tmp
884   00B6  36 00       	ld	(hl),0x00
885   00B8              l_main_00106:
886   00B8  2A 00 00    	ld	hl,(_tmp)
887   00BB  26 00       	ld	h,0x00
888   00BD  01 00 00    	ld	bc,_scr_map
889   00C0  09          	add	hl,bc
890   00C1  4D          	ld	c,l
891   00C2  44          	ld	b,h
892   00C3  2A 00 00    	ld	hl,(_tmp)
893   00C6  26 00       	ld	h,0x00
894   00C8  11 00 00    	ld	de,_scr_1
895   00CB  19          	add	hl,de
896   00CC  7E          	ld	a,(hl)
897   00CD  02          	ld	(bc),a
898   00CE  21 00 00    	ld	hl,_tmp
899   00D1  7E          	ld	a,(hl)
900   00D2  3C          	inc	a
901   00D3  77          	ld	(hl),a
902   00D4  D6 A0       	sub	a,0xa0
903   00D6  38 E0       	jr	C,l_main_00106
904   00D8  21 00 00    	ld	hl,_scr_curr
905   00DB  36 00       	ld	(hl),0x00
906   00DD  21 00 00    	ld	hl,_map_width
907   00E0  36 07       	ld	(hl),0x07
908   00E2  21 00 00    	ld	hl,_map_heigth
909   00E5  36 01       	ld	(hl),0x01
910   00E7  CD 00 00    	call	_spr_page_map
911   00EA  C3 00 00    	jp  _game_loop
912   00ED              	SECTION code_compiler
913   00ED              ;	---------------------------------
914   00ED              ; Function test_func is a stub
915   00ED              ; ---------------------------------
916   00ED              EXTERN l_ret
917   00ED              defc _test_func = l_ret
918   00ED              	SECTION IGNORE
919   0000              
