1     0000              MODULE game_audio_c
2     0000              LINE -1, "game_audio.c"
-1    0000              
0     0000              
1     0000              ;--------------------------------------------------------
2     0000              ; File Created by SDCC : free open source ANSI-C Compiler
3     0000              ; Version 3.6.5 #9958 (Mac OS X i386)
4     0000              ;--------------------------------------------------------
5     0000              ; Processed by Z88DK
6     0000              ;--------------------------------------------------------
7     0000              
8     0000              	EXTERN __divschar
9     0000              	EXTERN __divschar_callee
10    0000              	EXTERN __divsint
11    0000              	EXTERN __divsint_callee
12    0000              	EXTERN __divslong
13    0000              	EXTERN __divslong_callee
14    0000              	EXTERN __divslonglong
15    0000              	EXTERN __divslonglong_callee
16    0000              	EXTERN __divsuchar
17    0000              	EXTERN __divsuchar_callee
18    0000              	EXTERN __divuchar
19    0000              	EXTERN __divuchar_callee
20    0000              	EXTERN __divuint
21    0000              	EXTERN __divuint_callee
22    0000              	EXTERN __divulong
23    0000              	EXTERN __divulong_callee
24    0000              	EXTERN __divulonglong
25    0000              	EXTERN __divulonglong_callee
26    0000              	EXTERN __divuschar
27    0000              	EXTERN __divuschar_callee
28    0000              	EXTERN __modschar
29    0000              	EXTERN __modschar_callee
30    0000              	EXTERN __modsint
31    0000              	EXTERN __modsint_callee
32    0000              	EXTERN __modslong
33    0000              	EXTERN __modslong_callee
34    0000              	EXTERN __modslonglong
35    0000              	EXTERN __modslonglong_callee
36    0000              	EXTERN __modsuchar
37    0000              	EXTERN __modsuchar_callee
38    0000              	EXTERN __moduchar
39    0000              	EXTERN __moduchar_callee
40    0000              	EXTERN __moduint
41    0000              	EXTERN __moduint_callee
42    0000              	EXTERN __modulong
43    0000              	EXTERN __modulong_callee
44    0000              	EXTERN __modulonglong
45    0000              	EXTERN __modulonglong_callee
46    0000              	EXTERN __moduschar
47    0000              	EXTERN __moduschar_callee
48    0000              	EXTERN __mulint
49    0000              	EXTERN __mulint_callee
50    0000              	EXTERN __mullong
51    0000              	EXTERN __mullong_callee
52    0000              	EXTERN __mullonglong
53    0000              	EXTERN __mullonglong_callee
54    0000              	EXTERN __mulschar
55    0000              	EXTERN __mulschar_callee
56    0000              	EXTERN __mulsuchar
57    0000              	EXTERN __mulsuchar_callee
58    0000              	EXTERN __muluschar
59    0000              	EXTERN __muluschar_callee
60    0000              	EXTERN __rlslonglong
61    0000              	EXTERN __rlslonglong_callee
62    0000              	EXTERN __rlulonglong
63    0000              	EXTERN __rlulonglong_callee
64    0000              	EXTERN __rrslonglong
65    0000              	EXTERN __rrslonglong_callee
66    0000              	EXTERN __rrulonglong
67    0000              	EXTERN __rrulonglong_callee
68    0000              	EXTERN ___sdcc_call_hl
69    0000              	EXTERN ___sdcc_call_iy
70    0000              	EXTERN ___sdcc_enter_ix
71    0000              	EXTERN _banked_call
72    0000              	EXTERN _banked_ret
73    0000              	EXTERN ___fs2schar
74    0000              	EXTERN ___fs2schar_callee
75    0000              	EXTERN ___fs2sint
76    0000              	EXTERN ___fs2sint_callee
77    0000              	EXTERN ___fs2slong
78    0000              	EXTERN ___fs2slong_callee
79    0000              	EXTERN ___fs2slonglong
80    0000              	EXTERN ___fs2slonglong_callee
81    0000              	EXTERN ___fs2uchar
82    0000              	EXTERN ___fs2uchar_callee
83    0000              	EXTERN ___fs2uint
84    0000              	EXTERN ___fs2uint_callee
85    0000              	EXTERN ___fs2ulong
86    0000              	EXTERN ___fs2ulong_callee
87    0000              	EXTERN ___fs2ulonglong
88    0000              	EXTERN ___fs2ulonglong_callee
89    0000              	EXTERN ___fsadd
90    0000              	EXTERN ___fsadd_callee
91    0000              	EXTERN ___fsdiv
92    0000              	EXTERN ___fsdiv_callee
93    0000              	EXTERN ___fseq
94    0000              	EXTERN ___fseq_callee
95    0000              	EXTERN ___fsgt
96    0000              	EXTERN ___fsgt_callee
97    0000              	EXTERN ___fslt
98    0000              	EXTERN ___fslt_callee
99    0000              	EXTERN ___fsmul
100   0000              	EXTERN ___fsmul_callee
101   0000              	EXTERN ___fsneq
102   0000              	EXTERN ___fsneq_callee
103   0000              	EXTERN ___fssub
104   0000              	EXTERN ___fssub_callee
105   0000              	EXTERN ___schar2fs
106   0000              	EXTERN ___schar2fs_callee
107   0000              	EXTERN ___sint2fs
108   0000              	EXTERN ___sint2fs_callee
109   0000              	EXTERN ___slong2fs
110   0000              	EXTERN ___slong2fs_callee
111   0000              	EXTERN ___slonglong2fs
112   0000              	EXTERN ___slonglong2fs_callee
113   0000              	EXTERN ___uchar2fs
114   0000              	EXTERN ___uchar2fs_callee
115   0000              	EXTERN ___uint2fs
116   0000              	EXTERN ___uint2fs_callee
117   0000              	EXTERN ___ulong2fs
118   0000              	EXTERN ___ulong2fs_callee
119   0000              	EXTERN ___ulonglong2fs
120   0000              	EXTERN ___ulonglong2fs_callee
121   0000              	EXTERN ____sdcc_2_copy_src_mhl_dst_deix
122   0000              	EXTERN ____sdcc_2_copy_src_mhl_dst_bcix
123   0000              	EXTERN ____sdcc_4_copy_src_mhl_dst_deix
124   0000              	EXTERN ____sdcc_4_copy_src_mhl_dst_bcix
125   0000              	EXTERN ____sdcc_4_copy_src_mhl_dst_mbc
126   0000              	EXTERN ____sdcc_4_ldi_nosave_bc
127   0000              	EXTERN ____sdcc_4_ldi_save_bc
128   0000              	EXTERN ____sdcc_4_push_hlix
129   0000              	EXTERN ____sdcc_4_push_mhl
130   0000              	EXTERN ____sdcc_lib_setmem_hl
131   0000              	EXTERN ____sdcc_ll_add_de_bc_hl
132   0000              	EXTERN ____sdcc_ll_add_de_bc_hlix
133   0000              	EXTERN ____sdcc_ll_add_de_hlix_bc
134   0000              	EXTERN ____sdcc_ll_add_de_hlix_bcix
135   0000              	EXTERN ____sdcc_ll_add_deix_bc_hl
136   0000              	EXTERN ____sdcc_ll_add_deix_hlix
137   0000              	EXTERN ____sdcc_ll_add_hlix_bc_deix
138   0000              	EXTERN ____sdcc_ll_add_hlix_deix_bc
139   0000              	EXTERN ____sdcc_ll_add_hlix_deix_bcix
140   0000              	EXTERN ____sdcc_ll_asr_hlix_a
141   0000              	EXTERN ____sdcc_ll_asr_mbc_a
142   0000              	EXTERN ____sdcc_ll_copy_src_de_dst_hlix
143   0000              	EXTERN ____sdcc_ll_copy_src_de_dst_hlsp
144   0000              	EXTERN ____sdcc_ll_copy_src_deix_dst_hl
145   0000              	EXTERN ____sdcc_ll_copy_src_deix_dst_hlix
146   0000              	EXTERN ____sdcc_ll_copy_src_deixm_dst_hlsp
147   0000              	EXTERN ____sdcc_ll_copy_src_desp_dst_hlsp
148   0000              	EXTERN ____sdcc_ll_copy_src_hl_dst_de
149   0000              	EXTERN ____sdcc_ll_copy_src_hlsp_dst_de
150   0000              	EXTERN ____sdcc_ll_copy_src_hlsp_dst_deixm
151   0000              	EXTERN ____sdcc_ll_lsl_hlix_a
152   0000              	EXTERN ____sdcc_ll_lsl_mbc_a
153   0000              	EXTERN ____sdcc_ll_lsr_hlix_a
154   0000              	EXTERN ____sdcc_ll_lsr_mbc_a
155   0000              	EXTERN ____sdcc_ll_push_hlix
156   0000              	EXTERN ____sdcc_ll_push_mhl
157   0000              	EXTERN ____sdcc_ll_sub_de_bc_hl
158   0000              	EXTERN ____sdcc_ll_sub_de_bc_hlix
159   0000              	EXTERN ____sdcc_ll_sub_de_hlix_bc
160   0000              	EXTERN ____sdcc_ll_sub_de_hlix_bcix
161   0000              	EXTERN ____sdcc_ll_sub_deix_bc_hl
162   0000              	EXTERN ____sdcc_ll_sub_deix_hlix
163   0000              	EXTERN ____sdcc_ll_sub_hlix_bc_deix
164   0000              	EXTERN ____sdcc_ll_sub_hlix_deix_bc
165   0000              	EXTERN ____sdcc_ll_sub_hlix_deix_bcix
166   0000              	EXTERN ____sdcc_load_debc_deix
167   0000              	EXTERN ____sdcc_load_dehl_deix
168   0000              	EXTERN ____sdcc_load_debc_mhl
169   0000              	EXTERN ____sdcc_load_hlde_mhl
170   0000              	EXTERN ____sdcc_store_dehl_bcix
171   0000              	EXTERN ____sdcc_store_debc_hlix
172   0000              	EXTERN ____sdcc_store_debc_mhl
173   0000              	EXTERN ____sdcc_cpu_pop_ei
174   0000              	EXTERN ____sdcc_cpu_pop_ei_jp
175   0000              	EXTERN ____sdcc_cpu_push_di
176   0000              	EXTERN ____sdcc_outi
177   0000              	EXTERN ____sdcc_outi_128
178   0000              	EXTERN ____sdcc_outi_256
179   0000              	EXTERN ____sdcc_ldi
180   0000              	EXTERN ____sdcc_ldi_128
181   0000              	EXTERN ____sdcc_ldi_256
182   0000              	EXTERN ____sdcc_4_copy_srcd_hlix_dst_deix
183   0000              	EXTERN ____sdcc_4_and_src_mbc_mhl_dst_deix
184   0000              	EXTERN ____sdcc_4_or_src_mbc_mhl_dst_deix
185   0000              	EXTERN ____sdcc_4_xor_src_mbc_mhl_dst_deix
186   0000              	EXTERN ____sdcc_4_or_src_dehl_dst_bcix
187   0000              	EXTERN ____sdcc_4_xor_src_dehl_dst_bcix
188   0000              	EXTERN ____sdcc_4_and_src_dehl_dst_bcix
189   0000              	EXTERN ____sdcc_4_xor_src_mbc_mhl_dst_debc
190   0000              	EXTERN ____sdcc_4_or_src_mbc_mhl_dst_debc
191   0000              	EXTERN ____sdcc_4_and_src_mbc_mhl_dst_debc
192   0000              	EXTERN ____sdcc_4_cpl_src_mhl_dst_debc
193   0000              	EXTERN ____sdcc_4_xor_src_debc_mhl_dst_debc
194   0000              	EXTERN ____sdcc_4_or_src_debc_mhl_dst_debc
195   0000              	EXTERN ____sdcc_4_and_src_debc_mhl_dst_debc
196   0000              	EXTERN ____sdcc_4_and_src_debc_hlix_dst_debc
197   0000              	EXTERN ____sdcc_4_or_src_debc_hlix_dst_debc
198   0000              	EXTERN ____sdcc_4_xor_src_debc_hlix_dst_debc
199   0000              
200   0000              ;--------------------------------------------------------
201   0000              ; Public variables in this module
202   0000              ;--------------------------------------------------------
203   0000              	GLOBAL _audio_levelup
204   0000              	GLOBAL _audio_checkpoint
205   0000              	GLOBAL _audio_menu
206   0000              	GLOBAL _audio_game_end
207   0000              	GLOBAL _audio_level_complete
208   0000              	GLOBAL _audio_level_start
209   0000              	GLOBAL _audio_lotr_lose_a_life
210   0000              	GLOBAL _audio_respawn
211   0000              	GLOBAL _audio_mushroom
212   0000              	GLOBAL _audio_puerta
213   0000              	GLOBAL _audio_sin_mana
214   0000              	GLOBAL _audio_magic1
215   0000              	GLOBAL _audio_coin
216   0000              	GLOBAL _audio_golpe
217   0000              	GLOBAL _audio_salto
218   0000              	GLOBAL _audio_efecto
219   0000              	GLOBAL _audio_disparo_fire
220   0000              	GLOBAL _audio_disparo_axe
221   0000              	GLOBAL _audio_disparo2
222   0000              	GLOBAL _audio_disparo1
223   0000              	GLOBAL _audio_explosion1
224   0000              	GLOBAL _audio_explosion
225   0000              	GLOBAL _audio_ingame
226   0000              ;--------------------------------------------------------
227   0000              ; Externals used
228   0000              ;--------------------------------------------------------
229   0000              	GLOBAL _ffsll_callee
230   0000              	GLOBAL _ffsll
231   0000              	GLOBAL _strxfrm_callee
232   0000              	GLOBAL _strxfrm
233   0000              	GLOBAL _strupr_fastcall
234   0000              	GLOBAL _strupr
235   0000              	GLOBAL _strtok_r_callee
236   0000              	GLOBAL _strtok_r
237   0000              	GLOBAL _strtok_callee
238   0000              	GLOBAL _strtok
239   0000              	GLOBAL _strstrip_fastcall
240   0000              	GLOBAL _strstrip
241   0000              	GLOBAL _strstr_callee
242   0000              	GLOBAL _strstr
243   0000              	GLOBAL _strspn_callee
244   0000              	GLOBAL _strspn
245   0000              	GLOBAL _strsep_callee
246   0000              	GLOBAL _strsep
247   0000              	GLOBAL _strrstrip_fastcall
248   0000              	GLOBAL _strrstrip
249   0000              	GLOBAL _strrstr_callee
250   0000              	GLOBAL _strrstr
251   0000              	GLOBAL _strrspn_callee
252   0000              	GLOBAL _strrspn
253   0000              	GLOBAL _strrev_fastcall
254   0000              	GLOBAL _strrev
255   0000              	GLOBAL _strrcspn_callee
256   0000              	GLOBAL _strrcspn
257   0000              	GLOBAL _strrchr_callee
258   0000              	GLOBAL _strrchr
259   0000              	GLOBAL _strpbrk_callee
260   0000              	GLOBAL _strpbrk
261   0000              	GLOBAL _strnlen_callee
262   0000              	GLOBAL _strnlen
263   0000              	GLOBAL _strnicmp_callee
264   0000              	GLOBAL _strnicmp
265   0000              	GLOBAL _strndup_callee
266   0000              	GLOBAL _strndup
267   0000              	GLOBAL _strncpy_callee
268   0000              	GLOBAL _strncpy
269   0000              	GLOBAL _strncmp_callee
270   0000              	GLOBAL _strncmp
271   0000              	GLOBAL _strnchr_callee
272   0000              	GLOBAL _strnchr
273   0000              	GLOBAL _strncat_callee
274   0000              	GLOBAL _strncat
275   0000              	GLOBAL _strncasecmp_callee
276   0000              	GLOBAL _strncasecmp
277   0000              	GLOBAL _strlwr_fastcall
278   0000              	GLOBAL _strlwr
279   0000              	GLOBAL _strlen_fastcall
280   0000              	GLOBAL _strlen
281   0000              	GLOBAL _strlcpy_callee
282   0000              	GLOBAL _strlcpy
283   0000              	GLOBAL _strlcat_callee
284   0000              	GLOBAL _strlcat
285   0000              	GLOBAL _stricmp_callee
286   0000              	GLOBAL _stricmp
287   0000              	GLOBAL _strerror_fastcall
288   0000              	GLOBAL _strerror
289   0000              	GLOBAL _strdup_fastcall
290   0000              	GLOBAL _strdup
291   0000              	GLOBAL _strcspn_callee
292   0000              	GLOBAL _strcspn
293   0000              	GLOBAL _strcpy_callee
294   0000              	GLOBAL _strcpy
295   0000              	GLOBAL _strcoll_callee
296   0000              	GLOBAL _strcoll
297   0000              	GLOBAL _strcmp_callee
298   0000              	GLOBAL _strcmp
299   0000              	GLOBAL _strchrnul_callee
300   0000              	GLOBAL _strchrnul
301   0000              	GLOBAL _strchr_callee
302   0000              	GLOBAL _strchr
303   0000              	GLOBAL _strcat_callee
304   0000              	GLOBAL _strcat
305   0000              	GLOBAL _strcasecmp_callee
306   0000              	GLOBAL _strcasecmp
307   0000              	GLOBAL _stpncpy_callee
308   0000              	GLOBAL _stpncpy
309   0000              	GLOBAL _stpcpy_callee
310   0000              	GLOBAL _stpcpy
311   0000              	GLOBAL _memswap_callee
312   0000              	GLOBAL _memswap
313   0000              	GLOBAL _memset_callee
314   0000              	GLOBAL _memset
315   0000              	GLOBAL _memrchr_callee
316   0000              	GLOBAL _memrchr
317   0000              	GLOBAL _memmove_callee
318   0000              	GLOBAL _memmove
319   0000              	GLOBAL _memmem_callee
320   0000              	GLOBAL _memmem
321   0000              	GLOBAL _memcpy_callee
322   0000              	GLOBAL _memcpy
323   0000              	GLOBAL _memcmp_callee
324   0000              	GLOBAL _memcmp
325   0000              	GLOBAL _memchr_callee
326   0000              	GLOBAL _memchr
327   0000              	GLOBAL _memccpy_callee
328   0000              	GLOBAL _memccpy
329   0000              	GLOBAL _ffsl_fastcall
330   0000              	GLOBAL _ffsl
331   0000              	GLOBAL _ffs_fastcall
332   0000              	GLOBAL _ffs
333   0000              	GLOBAL __strrstrip__fastcall
334   0000              	GLOBAL __strrstrip_
335   0000              	GLOBAL __memupr__callee
336   0000              	GLOBAL __memupr_
337   0000              	GLOBAL __memstrcpy__callee
338   0000              	GLOBAL __memstrcpy_
339   0000              	GLOBAL __memlwr__callee
340   0000              	GLOBAL __memlwr_
341   0000              	GLOBAL _rawmemchr_callee
342   0000              	GLOBAL _rawmemchr
343   0000              	GLOBAL _strnset_callee
344   0000              	GLOBAL _strnset
345   0000              	GLOBAL _strset_callee
346   0000              	GLOBAL _strset
347   0000              	GLOBAL _rindex_callee
348   0000              	GLOBAL _rindex
349   0000              	GLOBAL _index_callee
350   0000              	GLOBAL _index
351   0000              	GLOBAL _bzero_callee
352   0000              	GLOBAL _bzero
353   0000              	GLOBAL _bcopy_callee
354   0000              	GLOBAL _bcopy
355   0000              	GLOBAL _bcmp_callee
356   0000              	GLOBAL _bcmp
357   0000              	GLOBAL _ulltoa_callee
358   0000              	GLOBAL _ulltoa
359   0000              	GLOBAL _strtoull_callee
360   0000              	GLOBAL _strtoull
361   0000              	GLOBAL _strtoll_callee
362   0000              	GLOBAL _strtoll
363   0000              	GLOBAL _lltoa_callee
364   0000              	GLOBAL _lltoa
365   0000              	GLOBAL _llabs_callee
366   0000              	GLOBAL _llabs
367   0000              	GLOBAL __lldivu__callee
368   0000              	GLOBAL __lldivu_
369   0000              	GLOBAL __lldiv__callee
370   0000              	GLOBAL __lldiv_
371   0000              	GLOBAL _atoll_callee
372   0000              	GLOBAL _atoll
373   0000              	GLOBAL _realloc_unlocked_callee
374   0000              	GLOBAL _realloc_unlocked
375   0000              	GLOBAL _malloc_unlocked_fastcall
376   0000              	GLOBAL _malloc_unlocked
377   0000              	GLOBAL _free_unlocked_fastcall
378   0000              	GLOBAL _free_unlocked
379   0000              	GLOBAL _calloc_unlocked_callee
380   0000              	GLOBAL _calloc_unlocked
381   0000              	GLOBAL _aligned_alloc_unlocked_callee
382   0000              	GLOBAL _aligned_alloc_unlocked
383   0000              	GLOBAL _realloc_callee
384   0000              	GLOBAL _realloc
385   0000              	GLOBAL _malloc_fastcall
386   0000              	GLOBAL _malloc
387   0000              	GLOBAL _free_fastcall
388   0000              	GLOBAL _free
389   0000              	GLOBAL _calloc_callee
390   0000              	GLOBAL _calloc
391   0000              	GLOBAL _aligned_alloc_callee
392   0000              	GLOBAL _aligned_alloc
393   0000              	GLOBAL _utoa_callee
394   0000              	GLOBAL _utoa
395   0000              	GLOBAL _ultoa_callee
396   0000              	GLOBAL _ultoa
397   0000              	GLOBAL _system_fastcall
398   0000              	GLOBAL _system
399   0000              	GLOBAL _strtoul_callee
400   0000              	GLOBAL _strtoul
401   0000              	GLOBAL _strtol_callee
402   0000              	GLOBAL _strtol
403   0000              	GLOBAL _strtof_callee
404   0000              	GLOBAL _strtof
405   0000              	GLOBAL _strtod_callee
406   0000              	GLOBAL _strtod
407   0000              	GLOBAL _srand_fastcall
408   0000              	GLOBAL _srand
409   0000              	GLOBAL _rand
410   0000              	GLOBAL _quick_exit_fastcall
411   0000              	GLOBAL _quick_exit
412   0000              	GLOBAL _qsort_callee
413   0000              	GLOBAL _qsort
414   0000              	GLOBAL _ltoa_callee
415   0000              	GLOBAL _ltoa
416   0000              	GLOBAL _labs_fastcall
417   0000              	GLOBAL _labs
418   0000              	GLOBAL _itoa_callee
419   0000              	GLOBAL _itoa
420   0000              	GLOBAL _ftoh_callee
421   0000              	GLOBAL _ftoh
422   0000              	GLOBAL _ftog_callee
423   0000              	GLOBAL _ftog
424   0000              	GLOBAL _ftoe_callee
425   0000              	GLOBAL _ftoe
426   0000              	GLOBAL _ftoa_callee
427   0000              	GLOBAL _ftoa
428   0000              	GLOBAL _exit_fastcall
429   0000              	GLOBAL _exit
430   0000              	GLOBAL _dtoh_callee
431   0000              	GLOBAL _dtoh
432   0000              	GLOBAL _dtog_callee
433   0000              	GLOBAL _dtog
434   0000              	GLOBAL _dtoe_callee
435   0000              	GLOBAL _dtoe
436   0000              	GLOBAL _dtoa_callee
437   0000              	GLOBAL _dtoa
438   0000              	GLOBAL _bsearch_callee
439   0000              	GLOBAL _bsearch
440   0000              	GLOBAL _atol_fastcall
441   0000              	GLOBAL _atol
442   0000              	GLOBAL _atoi_fastcall
443   0000              	GLOBAL _atoi
444   0000              	GLOBAL _atof_fastcall
445   0000              	GLOBAL _atof
446   0000              	GLOBAL _atexit_fastcall
447   0000              	GLOBAL _atexit
448   0000              	GLOBAL _at_quick_exit_fastcall
449   0000              	GLOBAL _at_quick_exit
450   0000              	GLOBAL _abs_fastcall
451   0000              	GLOBAL _abs
452   0000              	GLOBAL _abort
453   0000              	GLOBAL __strtou__callee
454   0000              	GLOBAL __strtou_
455   0000              	GLOBAL __strtoi__callee
456   0000              	GLOBAL __strtoi_
457   0000              	GLOBAL __random_uniform_xor_8__fastcall
458   0000              	GLOBAL __random_uniform_xor_8_
459   0000              	GLOBAL __random_uniform_xor_32__fastcall
460   0000              	GLOBAL __random_uniform_xor_32_
461   0000              	GLOBAL __random_uniform_cmwc_8__fastcall
462   0000              	GLOBAL __random_uniform_cmwc_8_
463   0000              	GLOBAL __shellsort__callee
464   0000              	GLOBAL __shellsort_
465   0000              	GLOBAL __quicksort__callee
466   0000              	GLOBAL __quicksort_
467   0000              	GLOBAL __insertion_sort__callee
468   0000              	GLOBAL __insertion_sort_
469   0000              	GLOBAL __ldivu__callee
470   0000              	GLOBAL __ldivu_
471   0000              	GLOBAL __ldiv__callee
472   0000              	GLOBAL __ldiv_
473   0000              	GLOBAL __divu__callee
474   0000              	GLOBAL __divu_
475   0000              	GLOBAL __div__callee
476   0000              	GLOBAL __div_
477   0000              	GLOBAL _NIRVANAP_drawTW_raw_callee
478   0000              	GLOBAL _NIRVANAP_drawTW_raw
479   0000              	GLOBAL _NIRVANAP_drawTW_callee
480   0000              	GLOBAL _NIRVANAP_drawTW
481   0000              	GLOBAL _NIRVANAP_drawW_raw_callee
482   0000              	GLOBAL _NIRVANAP_drawW_raw
483   0000              	GLOBAL _NIRVANAP_drawW_callee
484   0000              	GLOBAL _NIRVANAP_drawW
485   0000              	GLOBAL _NIRVANAP_spriteT_callee
486   0000              	GLOBAL _NIRVANAP_spriteT
487   0000              	GLOBAL _NIRVANAP_fillC_callee
488   0000              	GLOBAL _NIRVANAP_fillC
489   0000              	GLOBAL _NIRVANAP_readC_callee
490   0000              	GLOBAL _NIRVANAP_readC
491   0000              	GLOBAL _NIRVANAP_paintC_callee
492   0000              	GLOBAL _NIRVANAP_paintC
493   0000              	GLOBAL _NIRVANAP_printC_callee
494   0000              	GLOBAL _NIRVANAP_printC
495   0000              	GLOBAL _NIRVANAP_fillT_raw_callee
496   0000              	GLOBAL _NIRVANAP_fillT_raw
497   0000              	GLOBAL _NIRVANAP_fillT_callee
498   0000              	GLOBAL _NIRVANAP_fillT
499   0000              	GLOBAL _NIRVANAP_drawT_raw_callee
500   0000              	GLOBAL _NIRVANAP_drawT_raw
501   0000              	GLOBAL _NIRVANAP_drawT_callee
502   0000              	GLOBAL _NIRVANAP_drawT
503   0000              	GLOBAL _NIRVANAP_stop
504   0000              	GLOBAL _NIRVANAP_start
505   0000              	GLOBAL _debug3
506   0000              	GLOBAL _debug2
507   0000              	GLOBAL _debug
508   0000              	GLOBAL _zx_print_str
509   0000              	GLOBAL _zx_print_int
510   0000              	GLOBAL _zx_print_chr
511   0000              	GLOBAL _zx_print_bonus_time
512   0000              	GLOBAL _zx_isr
513   0000              	GLOBAL _z80_otdr_callee
514   0000              	GLOBAL _z80_otdr
515   0000              	GLOBAL _z80_otir_callee
516   0000              	GLOBAL _z80_otir
517   0000              	GLOBAL _z80_outp_callee
518   0000              	GLOBAL _z80_outp
519   0000              	GLOBAL _z80_indr_callee
520   0000              	GLOBAL _z80_indr
521   0000              	GLOBAL _z80_inir_callee
522   0000              	GLOBAL _z80_inir
523   0000              	GLOBAL _z80_inp_fastcall
524   0000              	GLOBAL _z80_inp
525   0000              	GLOBAL _z80_set_int_state_fastcall
526   0000              	GLOBAL _z80_set_int_state
527   0000              	GLOBAL _z80_get_int_state
528   0000              	GLOBAL _z80_delay_tstate_fastcall
529   0000              	GLOBAL _z80_delay_tstate
530   0000              	GLOBAL _z80_delay_ms_fastcall
531   0000              	GLOBAL _z80_delay_ms
532   0000              	GLOBAL _im2_remove_generic_callback_callee
533   0000              	GLOBAL _im2_remove_generic_callback
534   0000              	GLOBAL _im2_prepend_generic_callback_callee
535   0000              	GLOBAL _im2_prepend_generic_callback
536   0000              	GLOBAL _im2_append_generic_callback_callee
537   0000              	GLOBAL _im2_append_generic_callback
538   0000              	GLOBAL _im2_create_generic_isr_8080_callee
539   0000              	GLOBAL _im2_create_generic_isr_8080
540   0000              	GLOBAL _im2_create_generic_isr_callee
541   0000              	GLOBAL _im2_create_generic_isr
542   0000              	GLOBAL _im2_install_isr_callee
543   0000              	GLOBAL _im2_install_isr
544   0000              	GLOBAL _im2_init_fastcall
545   0000              	GLOBAL _im2_init
546   0000              	GLOBAL _intrinsic_swap_word_32_fastcall
547   0000              	GLOBAL _intrinsic_swap_word_32
548   0000              	GLOBAL _intrinsic_swap_endian_32_fastcall
549   0000              	GLOBAL _intrinsic_swap_endian_32
550   0000              	GLOBAL _intrinsic_swap_endian_16_fastcall
551   0000              	GLOBAL _intrinsic_swap_endian_16
552   0000              	GLOBAL _intrinsic_return_de
553   0000              	GLOBAL _intrinsic_return_bc
554   0000              	GLOBAL _intrinsic_exx
555   0000              	GLOBAL _intrinsic_ex_de_hl
556   0000              	GLOBAL _intrinsic_nop
557   0000              	GLOBAL _intrinsic_im_2
558   0000              	GLOBAL _intrinsic_im_1
559   0000              	GLOBAL _intrinsic_im_0
560   0000              	GLOBAL _intrinsic_retn
561   0000              	GLOBAL _intrinsic_reti
562   0000              	GLOBAL _intrinsic_halt
563   0000              	GLOBAL _intrinsic_ei
564   0000              	GLOBAL _intrinsic_di
565   0000              	GLOBAL _intrinsic_stub
566   0000              	GLOBAL _intrinsic_outi
567   0000              	GLOBAL _intrinsic_ldi
568   0000              	GLOBAL _zx_pattern_fill_callee
569   0000              	GLOBAL _zx_pattern_fill
570   0000              	GLOBAL _zx_saddrpup_fastcall
571   0000              	GLOBAL _zx_saddrpup
572   0000              	GLOBAL _zx_saddrpright_callee
573   0000              	GLOBAL _zx_saddrpright
574   0000              	GLOBAL _zx_saddrpleft_callee
575   0000              	GLOBAL _zx_saddrpleft
576   0000              	GLOBAL _zx_saddrpdown_fastcall
577   0000              	GLOBAL _zx_saddrpdown
578   0000              	GLOBAL _zx_saddrcup_fastcall
579   0000              	GLOBAL _zx_saddrcup
580   0000              	GLOBAL _zx_saddrcright_fastcall
581   0000              	GLOBAL _zx_saddrcright
582   0000              	GLOBAL _zx_saddrcleft_fastcall
583   0000              	GLOBAL _zx_saddrcleft
584   0000              	GLOBAL _zx_saddrcdown_fastcall
585   0000              	GLOBAL _zx_saddrcdown
586   0000              	GLOBAL _zx_saddr2py_fastcall
587   0000              	GLOBAL _zx_saddr2py
588   0000              	GLOBAL _zx_saddr2px_fastcall
589   0000              	GLOBAL _zx_saddr2px
590   0000              	GLOBAL _zx_saddr2cy_fastcall
591   0000              	GLOBAL _zx_saddr2cy
592   0000              	GLOBAL _zx_saddr2cx_fastcall
593   0000              	GLOBAL _zx_saddr2cx
594   0000              	GLOBAL _zx_saddr2aaddr_fastcall
595   0000              	GLOBAL _zx_saddr2aaddr
596   0000              	GLOBAL _zx_py2saddr_fastcall
597   0000              	GLOBAL _zx_py2saddr
598   0000              	GLOBAL _zx_py2aaddr_fastcall
599   0000              	GLOBAL _zx_py2aaddr
600   0000              	GLOBAL _zx_pxy2saddr_callee
601   0000              	GLOBAL _zx_pxy2saddr
602   0000              	GLOBAL _zx_pxy2aaddr_callee
603   0000              	GLOBAL _zx_pxy2aaddr
604   0000              	GLOBAL _zx_px2bitmask_fastcall
605   0000              	GLOBAL _zx_px2bitmask
606   0000              	GLOBAL _zx_cy2saddr_fastcall
607   0000              	GLOBAL _zx_cy2saddr
608   0000              	GLOBAL _zx_cy2aaddr_fastcall
609   0000              	GLOBAL _zx_cy2aaddr
610   0000              	GLOBAL _zx_cxy2saddr_callee
611   0000              	GLOBAL _zx_cxy2saddr
612   0000              	GLOBAL _zx_cxy2aaddr_callee
613   0000              	GLOBAL _zx_cxy2aaddr
614   0000              	GLOBAL _zx_bitmask2px_fastcall
615   0000              	GLOBAL _zx_bitmask2px
616   0000              	GLOBAL _zx_aaddrcup_fastcall
617   0000              	GLOBAL _zx_aaddrcup
618   0000              	GLOBAL _zx_aaddrcright_fastcall
619   0000              	GLOBAL _zx_aaddrcright
620   0000              	GLOBAL _zx_aaddrcleft_fastcall
621   0000              	GLOBAL _zx_aaddrcleft
622   0000              	GLOBAL _zx_aaddrcdown_fastcall
623   0000              	GLOBAL _zx_aaddrcdown
624   0000              	GLOBAL _zx_aaddr2saddr_fastcall
625   0000              	GLOBAL _zx_aaddr2saddr
626   0000              	GLOBAL _zx_aaddr2py_fastcall
627   0000              	GLOBAL _zx_aaddr2py
628   0000              	GLOBAL _zx_aaddr2px_fastcall
629   0000              	GLOBAL _zx_aaddr2px
630   0000              	GLOBAL _zx_aaddr2cy_fastcall
631   0000              	GLOBAL _zx_aaddr2cy
632   0000              	GLOBAL _zx_aaddr2cx_fastcall
633   0000              	GLOBAL _zx_aaddr2cx
634   0000              	GLOBAL _zx_visit_wc_pix_callee
635   0000              	GLOBAL _zx_visit_wc_pix
636   0000              	GLOBAL _zx_visit_wc_attr_callee
637   0000              	GLOBAL _zx_visit_wc_attr
638   0000              	GLOBAL _zx_scroll_wc_up_pix_callee
639   0000              	GLOBAL _zx_scroll_wc_up_pix
640   0000              	GLOBAL _zx_scroll_wc_up_attr_callee
641   0000              	GLOBAL _zx_scroll_wc_up_attr
642   0000              	GLOBAL _zx_scroll_wc_up_callee
643   0000              	GLOBAL _zx_scroll_wc_up
644   0000              	GLOBAL _zx_scroll_up_pix_callee
645   0000              	GLOBAL _zx_scroll_up_pix
646   0000              	GLOBAL _zx_scroll_up_attr_callee
647   0000              	GLOBAL _zx_scroll_up_attr
648   0000              	GLOBAL _zx_scroll_up_callee
649   0000              	GLOBAL _zx_scroll_up
650   0000              	GLOBAL _zx_cls_wc_pix_callee
651   0000              	GLOBAL _zx_cls_wc_pix
652   0000              	GLOBAL _zx_cls_wc_attr_callee
653   0000              	GLOBAL _zx_cls_wc_attr
654   0000              	GLOBAL _zx_cls_wc_callee
655   0000              	GLOBAL _zx_cls_wc
656   0000              	GLOBAL _zx_cls_pix_fastcall
657   0000              	GLOBAL _zx_cls_pix
658   0000              	GLOBAL _zx_cls_attr_fastcall
659   0000              	GLOBAL _zx_cls_attr
660   0000              	GLOBAL _zx_cls_fastcall
661   0000              	GLOBAL _zx_cls
662   0000              	GLOBAL _zx_border_fastcall
663   0000              	GLOBAL _zx_border
664   0000              	GLOBAL _zx_tape_verify_block_callee
665   0000              	GLOBAL _zx_tape_verify_block
666   0000              	GLOBAL _zx_tape_save_block_callee
667   0000              	GLOBAL _zx_tape_save_block
668   0000              	GLOBAL _zx_tape_load_block_callee
669   0000              	GLOBAL _zx_tape_load_block
670   0000              	GLOBAL _spr_destroy
671   0000              	GLOBAL _spr_colision_boss
672   0000              	GLOBAL _spr_colision_b
673   0000              	GLOBAL _spr_unflattenP1
674   0000              	GLOBAL _spr_flatten
675   0000              	GLOBAL _spr_btile_paint_back
676   0000              	GLOBAL _spr_bullet_explode
677   0000              	GLOBAL _spr_init_effects
678   0000              	GLOBAL _spr_turn_horizontal
679   0000              	GLOBAL _spr_bullets_play
680   0000              	GLOBAL _spr_play_anim
681   0000              	GLOBAL _spr_add_anim
682   0000              	GLOBAL _spr_clear_scr
683   0000              	GLOBAL _spr_page_map
684   0000              	GLOBAL _spr_page_down
685   0000              	GLOBAL _spr_page_up
686   0000              	GLOBAL _spr_page_right
687   0000              	GLOBAL _spr_page_left
688   0000              	GLOBAL _spr_tile_paint
689   0000              	GLOBAL _spr_draw_index
690   0000              	GLOBAL _spr_brick_anim
691   0000              	GLOBAL _spr_back_repaint
692   0000              	GLOBAL _spr_tile_dir
693   0000              	GLOBAL _spr_tile
694   0000              	GLOBAL _spr_paint_player
695   0000              	GLOBAL _spr_paint
696   0000              	GLOBAL _spr_move_left
697   0000              	GLOBAL _spr_move_right
698   0000              	GLOBAL _spr_move_horizontal
699   0000              	GLOBAL _spr_move_down
700   0000              	GLOBAL _spr_move_up
701   0000              	GLOBAL _spr_set_right
702   0000              	GLOBAL _spr_set_left
703   0000              	GLOBAL _spr_set_down
704   0000              	GLOBAL _spr_set_up
705   0000              	GLOBAL _spr_calc_index
706   0000              	GLOBAL _spr_chktime
707   0000              	GLOBAL _player_fix_walk_lin
708   0000              	GLOBAL _player_gasta_brick
709   0000              	GLOBAL _player_lost_life
710   0000              	GLOBAL _player_damage
711   0000              	GLOBAL _player_open_door
712   0000              	GLOBAL _player_move_jump
713   0000              	GLOBAL _player_fire
714   0000              	GLOBAL _player_check_stairs_vertical
715   0000              	GLOBAL _player_check_stairs
716   0000              	GLOBAL _player_tile
717   0000              	GLOBAL _player_anim_stairs
718   0000              	GLOBAL _player_pick_item
719   0000              	GLOBAL _player_check_floor
720   0000              	GLOBAL _player_hit_platform_clear
721   0000              	GLOBAL _player_score_add
722   0000              	GLOBAL _player_hit_platform
723   0000              	GLOBAL _player_move_input
724   0000              	GLOBAL _player_turn
725   0000              	GLOBAL _player_move
726   0000              	GLOBAL _player_action_jump
727   0000              	GLOBAL _player_action_fire
728   0000              	GLOBAL _player_check_input
729   0000              	GLOBAL _player_pick_mushroom
730   0000              	GLOBAL _player_collision
731   0000              	GLOBAL _player_init
732   0000              	GLOBAL _game_match_back_strict
733   0000              	GLOBAL _game_match_back
734   0000              	GLOBAL _game_attribs
735   0000              	GLOBAL _game_boss_clear
736   0000              	GLOBAL _game_boss_kill
737   0000              	GLOBAL _game_obj_clear
738   0000              	GLOBAL _game_obj_chk
739   0000              	GLOBAL _game_obj_set
740   0000              	GLOBAL _game_shoot_fire_boss
741   0000              	GLOBAL _game_shoot_fire
742   0000              	GLOBAL _game_add_enemy
743   0000              	GLOBAL _game_print_header
744   0000              	GLOBAL _game_check_time
745   0000              	GLOBAL _game_rotate_attrib_osd
746   0000              	GLOBAL _game_rotate_attrib
747   0000              	GLOBAL _game_colour_message
748   0000              	GLOBAL _game_paint_attrib
749   0000              	GLOBAL _game_print_score
750   0000              	GLOBAL _game_check_cell
751   0000              	GLOBAL _game_check_map
752   0000              	GLOBAL _game_loop
753   0000              	GLOBAL _game_round_init
754   0000              	GLOBAL _game_set_checkpoint
755   0000              	GLOBAL _game_start_timer
756   0000              	GLOBAL _game_update_stats
757   0000              	GLOBAL _game_print_footer
758   0000              	GLOBAL _game_fill_row
759   0000              	GLOBAL _game_cls
760   0000              	GLOBAL _game_fps
761   0000              	GLOBAL _game_respawn
762   0000              	GLOBAL _game_draw_screen
763   0000              	GLOBAL _boss_draw_frame
764   0000              	GLOBAL _boss_draw
765   0000              	GLOBAL _boss_turn
766   0000              	GLOBAL _enemy_avoid_dead
767   0000              	GLOBAL _enemy_avoid_fall
768   0000              	GLOBAL _enemy_kill
769   0000              	GLOBAL _enemy_respawn
770   0000              	GLOBAL _enemy_init
771   0000              	GLOBAL _enemy_move
772   0000              	GLOBAL _enemy_turn
773   0000              	GLOBAL _enemy_static
774   0000              	GLOBAL _enemy_walk
775   0000              	GLOBAL _enemy_horizontal
776   0000              	GLOBAL _enemy_vertical
777   0000              	GLOBAL _ay_reset
778   0000              	GLOBAL _ay_song_stop
779   0000              	GLOBAL _ay_song_play
780   0000              	GLOBAL _ay_fx_stop
781   0000              	GLOBAL _ay_fx_play
782   0000              	GLOBAL _ay_is_playing
783   0000              	GLOBAL _test_func
784   0000              	GLOBAL _test_proc
785   0000              	GLOBAL _in_mouse_kempston_wheel_delta
786   0000              	GLOBAL _in_mouse_kempston_wheel
787   0000              	GLOBAL _in_mouse_kempston_callee
788   0000              	GLOBAL _in_mouse_kempston
789   0000              	GLOBAL _in_mouse_kempston_setpos_callee
790   0000              	GLOBAL _in_mouse_kempston_setpos
791   0000              	GLOBAL _in_mouse_kempston_reset
792   0000              	GLOBAL _in_mouse_kempston_init
793   0000              	GLOBAL _in_mouse_amx_wheel_delta
794   0000              	GLOBAL _in_mouse_amx_wheel
795   0000              	GLOBAL _in_mouse_amx_callee
796   0000              	GLOBAL _in_mouse_amx
797   0000              	GLOBAL _in_mouse_amx_setpos_callee
798   0000              	GLOBAL _in_mouse_amx_setpos
799   0000              	GLOBAL _in_mouse_amx_reset
800   0000              	GLOBAL _in_mouse_amx_init_callee
801   0000              	GLOBAL _in_mouse_amx_init
802   0000              	GLOBAL _in_stick_sinclair2
803   0000              	GLOBAL _in_stick_sinclair1
804   0000              	GLOBAL _in_stick_kempston
805   0000              	GLOBAL _in_stick_fuller
806   0000              	GLOBAL _in_stick_cursor
807   0000              	GLOBAL _in_stick_keyboard_fastcall
808   0000              	GLOBAL _in_stick_keyboard
809   0000              	GLOBAL _in_wait_nokey
810   0000              	GLOBAL _in_wait_key
811   0000              	GLOBAL _in_test_key
812   0000              	GLOBAL _in_pause_fastcall
813   0000              	GLOBAL _in_pause
814   0000              	GLOBAL _in_key_scancode_fastcall
815   0000              	GLOBAL _in_key_scancode
816   0000              	GLOBAL _in_key_pressed_fastcall
817   0000              	GLOBAL _in_key_pressed
818   0000              	GLOBAL _in_inkey
819   0000              	GLOBAL _NIRVANAP_CHAR_TABLE
820   0000              	GLOBAL _NIRVANAP_WIDE_IMAGES
821   0000              	GLOBAL _NIRVANAP_TILE_IMAGES
822   0000              	GLOBAL _NIRVANAP_HOLE
823   0000              	GLOBAL _NIRVANAP_ISR_HOOK
824   0000              	GLOBAL _scan_map
825   0000              	GLOBAL _key_map
826   0000              	GLOBAL _player_lvl_table
827   0000              	GLOBAL _stp_row
828   0000              	GLOBAL _stp_col
829   0000              	GLOBAL _stp_tile
830   0000              	GLOBAL _map_paper_last_a
831   0000              	GLOBAL _map_paper_last
832   0000              	GLOBAL _map_paper_clr
833   0000              	GLOBAL _map_paper
834   0000              	GLOBAL _draw_count
835   0000              	GLOBAL _g_player_hit_right
836   0000              	GLOBAL _g_player_hit_left
837   0000              	GLOBAL _bullet_count
838   0000              	GLOBAL _boss_stat
839   0000              	GLOBAL _boss_time_fire
840   0000              	GLOBAL _boss_time
841   0000              	GLOBAL _boss_tile
842   0000              	GLOBAL _boss_inc
843   0000              	GLOBAL _boss_col
844   0000              	GLOBAL _boss_lin
845   0000              	GLOBAL _bullet
846   0000              	GLOBAL _bullet_vel
847   0000              	GLOBAL _bullet_frames
848   0000              	GLOBAL _bullet_colint
849   0000              	GLOBAL _bullet_dir
850   0000              	GLOBAL _bullet_tile
851   0000              	GLOBAL _bullet_col
852   0000              	GLOBAL _bullet_lin
853   0000              	GLOBAL _bullet_col0
854   0000              	GLOBAL _bullet_lin0
855   0000              	GLOBAL _bullet_max
856   0000              	GLOBAL _bullet_class
857   0000              	GLOBAL _mush_class
858   0000              	GLOBAL _mush_index
859   0000              	GLOBAL _anim_count
860   0000              	GLOBAL _anim_respanwn
861   0000              	GLOBAL _anim_loop
862   0000              	GLOBAL _anim_end
863   0000              	GLOBAL _anim_int
864   0000              	GLOBAL _anim_tile
865   0000              	GLOBAL _anim_col
866   0000              	GLOBAL _anim_lin
867   0000              	GLOBAL _map_heigth
868   0000              	GLOBAL _map_width
869   0000              	GLOBAL _scr_curr
870   0000              	GLOBAL _sprite_kind
871   0000              	GLOBAL _scr_obj1
872   0000              	GLOBAL _scr_obj0
873   0000              	GLOBAL _scr_map
874   0000              	GLOBAL _spr_init
875   0000              	GLOBAL _spr_map_tile
876   0000              	GLOBAL _sprite_frames
877   0000              	GLOBAL _sprite_base_speed
878   0000              	GLOBAL _sprite_speed
879   0000              	GLOBAL _screen_ink
880   0000              	GLOBAL _screen_paper
881   0000              	GLOBAL _player_onstair
882   0000              	GLOBAL _game_start_scr
883   0000              	GLOBAL _game_respawn_tile
884   0000              	GLOBAL _game_respawn_index
885   0000              	GLOBAL _game_respawn_time
886   0000              	GLOBAL _game_score_top
887   0000              	GLOBAL _player_coins
888   0000              	GLOBAL _player_lives
889   0000              	GLOBAL _game_over
890   0000              	GLOBAL _game_sound
891   0000              	GLOBAL _game_inf_lives
892   0000              	GLOBAL _game_inmune
893   0000              	GLOBAL _sprite_curr_index
894   0000              	GLOBAL _spr_count
895   0000              	GLOBAL _bullet_time
896   0000              	GLOBAL _anim_time
897   0000              	GLOBAL _frame_time
898   0000              	GLOBAL _curr_time
899   0000              	GLOBAL _s_state
900   0000              	GLOBAL _attrib_osd
901   0000              	GLOBAL _attrib_hl
902   0000              	GLOBAL _attrib
903   0000              	GLOBAL _zx_val_asm
904   0000              	GLOBAL _enemies
905   0000              	GLOBAL _tmp_ui
906   0000              	GLOBAL _tmp_sc
907   0000              	GLOBAL _tmp_uc
908   0000              	GLOBAL _tmp1
909   0000              	GLOBAL _tmp0
910   0000              	GLOBAL _tmp
911   0000              	GLOBAL _index1
912   0000              	GLOBAL _index0
913   0000              	GLOBAL _loop_count
914   0000              	GLOBAL _s_class
915   0000              	GLOBAL _s_col1
916   0000              	GLOBAL _s_col0
917   0000              	GLOBAL _s_lin1
918   0000              	GLOBAL _s_lin0
919   0000              	GLOBAL _s_tile1
920   0000              	GLOBAL _s_tile0
921   0000              	GLOBAL _player_brick_time
922   0000              	GLOBAL _player_hit_count
923   0000              	GLOBAL _game_debug
924   0000              	GLOBAL _sprite_horizontal_check
925   0000              	GLOBAL _sprite_on_air
926   0000              	GLOBAL _sprite
927   0000              	GLOBAL _fps
928   0000              	GLOBAL _menu_curr_sel
929   0000              	GLOBAL _game_control_jump_lock
930   0000              	GLOBAL _game_control_fire_lock
931   0000              	GLOBAL _game_control_mode
932   0000              	GLOBAL _game_respawn_curr_time
933   0000              	GLOBAL _game_round_up
934   0000              	GLOBAL _game_mush_count
935   0000              	GLOBAL _game_song_play_start
936   0000              	GLOBAL _game_song_play
937   0000              	GLOBAL _game_boss_fix
938   0000              	GLOBAL _game_boss_hit
939   0000              	GLOBAL _game_boss_alive
940   0000              	GLOBAL _game_boss
941   0000              	GLOBAL _game_world
942   0000              	GLOBAL _game_gravity
943   0000              	GLOBAL _player_onfire
944   0000              	GLOBAL _player_anim_stair
945   0000              	GLOBAL _player_hit
946   0000              	GLOBAL _player_hit_time
947   0000              	GLOBAL _game_checkpoint_scr
948   0000              	GLOBAL _game_checkpoint_lin
949   0000              	GLOBAL _game_checkpoint_col
950   0000              	GLOBAL _player_jump_check
951   0000              	GLOBAL _player_lin_scr
952   0000              	GLOBAL _player_col_scr
953   0000              	GLOBAL _player_lvl
954   0000              	GLOBAL _player_int
955   0000              	GLOBAL _player_str
956   0000              	GLOBAL _player_max_vita
957   0000              	GLOBAL _player_max_mana
958   0000              	GLOBAL _player_vita
959   0000              	GLOBAL _player_mana
960   0000              	GLOBAL _player_keys
961   0000              	GLOBAL _player_vel_inc
962   0000              	GLOBAL _player_vel_y1
963   0000              	GLOBAL _player_vel_y0
964   0000              	GLOBAL _player_vel_y
965   0000              	GLOBAL _player_vel_x
966   0000              	GLOBAL _player_score
967   0000              	GLOBAL _last_time
968   0000              	GLOBAL _spr_timer
969   0000              	GLOBAL _jump_lin
970   0000              	GLOBAL _player_hit_col
971   0000              	GLOBAL _player_hit_lin
972   0000              	GLOBAL _colint
973   0000              	GLOBAL _col
974   0000              	GLOBAL _tbuffer
975   0000              	GLOBAL _lin
976   0000              	GLOBAL _tile
977   0000              	GLOBAL _state_a
978   0000              	GLOBAL _state
979   0000              	GLOBAL _class
980   0000              	GLOBAL _dirs_alt
981   0000              	GLOBAL _dirs
982   0000              	GLOBAL _k2
983   0000              	GLOBAL _k1
984   0000              	GLOBAL _joyfunc2
985   0000              	GLOBAL _joyfunc1
986   0000              	GLOBAL _btiles
987   0000              	GLOBAL _spec128
988   0000              	GLOBAL _GLOBAL_ZX_PORT_7FFD
989   0000              	GLOBAL _GLOBAL_ZX_PORT_1FFD
990   0000              	GLOBAL _GLOBAL_ZX_PORT_FE
991   0000              	GLOBAL _ay_fx_06_disparo_fire
992   0000              	GLOBAL _ay_fx_06_disparo_axe
993   0000              	GLOBAL _ay_fx_06_respawn
994   0000              	GLOBAL _ay_fx_06_explosion1
995   0000              	GLOBAL _ay_fx_06_efecto
996   0000              	GLOBAL _ay_fx_06_disparo2
997   0000              	GLOBAL _ay_fx_06_disparo1
998   0000              	GLOBAL _ay_fx_06_checkpoint
999   0000              	GLOBAL _ay_fx_06_levelup
1000  0000              	GLOBAL _ay_fx_06_mushroom
1001  0000              	GLOBAL _ay_fx_06_magic
1002  0000              	GLOBAL _ay_fx_06_sin_mana
1003  0000              	GLOBAL _ay_fx_06_salto
1004  0000              	GLOBAL _ay_fx_06_puerta
1005  0000              	GLOBAL _ay_fx_06_magic1
1006  0000              	GLOBAL _ay_fx_06_golpe
1007  0000              	GLOBAL _ay_fx_06_explosion
1008  0000              	GLOBAL _ay_fx_06_dano_por_toque
1009  0000              	GLOBAL _ay_fx_06_coin
1010  0000              	GLOBAL _ay_song_06_lotr_level_start
1011  0000              	GLOBAL _ay_song_06_lotr_level_complete
1012  0000              	GLOBAL _ay_song_06_lotr_lose_a_life
1013  0000              	GLOBAL _ay_song_04_doom
1014  0000              	GLOBAL _ay_song_04_luna
1015  0000              	GLOBAL _ay_song_04_ciel
1016  0000              	GLOBAL _ay_song_04_hope
1017  0000              	GLOBAL _ay_song_03_regis
1018  0000              	GLOBAL _ay_song_03_sunflower
1019  0000              	GLOBAL _ay_song_03_lotr
1020  0000              	GLOBAL _world0_h
1021  0000              	GLOBAL _world0_w
1022  0000              	GLOBAL _world0
1023  0000              	GLOBAL _paper0
1024  0000              	GLOBAL _lenght0
1025  0000              	GLOBAL _start_scr0
1026  0000              ;--------------------------------------------------------
1027  0000              ; special function registers
1028  0000              ;--------------------------------------------------------
1029  0000              defc _IO_FE	=	0x00fe
1030  0000              defc _IO_1FFD	=	0x1ffd
1031  0000              defc _IO_7FFD	=	0x7ffd
1032  0000              ;--------------------------------------------------------
1033  0000              ; ram data
1034  0000              ;--------------------------------------------------------
1035  0000              	SECTION bss_compiler
1036  0000              ;--------------------------------------------------------
1037  0000              ; ram data
1038  0000              ;--------------------------------------------------------
1039  0000              
1040  0000              IF 0
1041  0000              
1042  0000              ; .area _INITIALIZED removed by z88dk
1043  0000              
1044  0000              
1045  0000              ENDIF
1046  0000              
1047  0000              ;--------------------------------------------------------
1048  0000              ; absolute external ram data
1049  0000              ;--------------------------------------------------------
1050  0000              	SECTION IGNORE
1051  0000              ;--------------------------------------------------------
1052  0000              ; global & static initialisations
1053  0000              ;--------------------------------------------------------
1054  0000              	SECTION code_crt_init
1055  0000              ;--------------------------------------------------------
1056  0000              ; Home
1057  0000              ;--------------------------------------------------------
1058  0000              	SECTION IGNORE
1059  0000              ;--------------------------------------------------------
1060  0000              ; code
1061  0000              ;--------------------------------------------------------
1062  0000              	SECTION code_compiler
1063  0000              ;	---------------------------------
1064  0000              ; Function audio_ingame
1065  0000              ; ---------------------------------
1066  0000              _audio_ingame:
1067  0000  3A 00 00    	ld	a,(_game_song_play)
1068  0003  B7          	or	a, a
1069  0004  28 64       	jr	Z,l_audio_ingame_00112
1070  0006  21 00 00    	ld	hl,_game_song_play_start
1071  0009  7E          	ld	a, (hl)
1072  000A  B7          	or	a, a
1073  000B  20 5D       	jr	NZ,l_audio_ingame_00112
1074  000D  36 01       	ld	(hl),0x01
1075  000F  3A 00 00    	ld	a,(_game_boss)
1076  0012  B7          	or	a, a
1077  0013  20 4A       	jr	NZ,l_audio_ingame_00107
1078  0015  3A 00 00    	ld	a,(_game_world)
1079  0018  B7          	or	a, a
1080  0019  28 10       	jr	Z,l_audio_ingame_00101
1081  001B  3D          	dec	a
1082  001C  28 1A       	jr	Z,l_audio_ingame_00102
1083  001E  3A 00 00    	ld	a,(_game_world)
1084  0021  FE 02       	cp	a,0x02
1085  0023  28 20       	jr	Z,l_audio_ingame_00103
1086  0025  D6 03       	sub	a,0x03
1087  0027  28 29       	jr	Z,l_audio_ingame_00104
1088  0029  18 3F       	jr	l_audio_ingame_00112
1089  002B              l_audio_ingame_00101:
1090  002B  21 00 00    	ld	hl,_ay_song_04_luna
1091  002E  E5          	push	hl
1092  002F  21 00 04    	ld	hl,0x0400
1093  0032  E5          	push	hl
1094  0033  CD 00 00    	call	_ay_song_play
1095  0036  18 32       	jr	l_audio_ingame_00112
1096  0038              l_audio_ingame_00102:
1097  0038  21 00 00    	ld	hl,_ay_song_04_hope
1098  003B  E5          	push	hl
1099  003C  21 00 04    	ld	hl,0x0400
1100  003F  E5          	push	hl
1101  0040  CD 00 00    	call	_ay_song_play
1102  0043  18 25       	jr	l_audio_ingame_00112
1103  0045              l_audio_ingame_00103:
1104  0045  21 00 00    	ld	hl,_ay_song_04_ciel
1105  0048  E5          	push	hl
1106  0049  21 00 04    	ld	hl,0x0400
1107  004C  E5          	push	hl
1108  004D  CD 00 00    	call	_ay_song_play
1109  0050  18 18       	jr	l_audio_ingame_00112
1110  0052              l_audio_ingame_00104:
1111  0052  21 00 00    	ld	hl,_ay_song_04_doom
1112  0055  E5          	push	hl
1113  0056  21 00 04    	ld	hl,0x0400
1114  0059  E5          	push	hl
1115  005A  CD 00 00    	call	_ay_song_play
1116  005D  18 0B       	jr	l_audio_ingame_00112
1117  005F              l_audio_ingame_00107:
1118  005F  21 00 00    	ld	hl,_ay_song_03_regis
1119  0062  E5          	push	hl
1120  0063  21 00 03    	ld	hl,0x0300
1121  0066  E5          	push	hl
1122  0067  CD 00 00    	call	_ay_song_play
1123  006A              l_audio_ingame_00112:
1124  006A  C9          	ret
1125  006B              	SECTION code_compiler
1126  006B              ;	---------------------------------
1127  006B              ; Function audio_explosion
1128  006B              ; ---------------------------------
1129  006B              _audio_explosion:
1130  006B  CD 00 00    	call	_ay_fx_stop
1131  006E  21 00 00    	ld	hl,_ay_fx_06_explosion
1132  0071  E5          	push	hl
1133  0072  3E 06       	ld	a,0x06
1134  0074  F5          	push	af
1135  0075  33          	inc	sp
1136  0076  CD 00 00    	call	_ay_fx_play
1137  0079  C9          	ret
1138  007A              	SECTION code_compiler
1139  007A              ;	---------------------------------
1140  007A              ; Function audio_explosion1
1141  007A              ; ---------------------------------
1142  007A              _audio_explosion1:
1143  007A  21 00 00    	ld	hl,_ay_fx_06_explosion
1144  007D  E5          	push	hl
1145  007E  3E 06       	ld	a,0x06
1146  0080  F5          	push	af
1147  0081  33          	inc	sp
1148  0082  CD 00 00    	call	_ay_fx_play
1149  0085  C9          	ret
1150  0086              	SECTION code_compiler
1151  0086              ;	---------------------------------
1152  0086              ; Function audio_disparo1
1153  0086              ; ---------------------------------
1154  0086              _audio_disparo1:
1155  0086  21 00 00    	ld	hl,_ay_fx_06_disparo1
1156  0089  E5          	push	hl
1157  008A  3E 06       	ld	a,0x06
1158  008C  F5          	push	af
1159  008D  33          	inc	sp
1160  008E  CD 00 00    	call	_ay_fx_play
1161  0091  C9          	ret
1162  0092              	SECTION code_compiler
1163  0092              ;	---------------------------------
1164  0092              ; Function audio_disparo2
1165  0092              ; ---------------------------------
1166  0092              _audio_disparo2:
1167  0092  21 00 00    	ld	hl,_ay_fx_06_disparo2
1168  0095  E5          	push	hl
1169  0096  3E 06       	ld	a,0x06
1170  0098  F5          	push	af
1171  0099  33          	inc	sp
1172  009A  CD 00 00    	call	_ay_fx_play
1173  009D  C9          	ret
1174  009E              	SECTION code_compiler
1175  009E              ;	---------------------------------
1176  009E              ; Function audio_disparo_axe
1177  009E              ; ---------------------------------
1178  009E              _audio_disparo_axe:
1179  009E  21 00 00    	ld	hl,_ay_fx_06_disparo_axe
1180  00A1  E5          	push	hl
1181  00A2  3E 06       	ld	a,0x06
1182  00A4  F5          	push	af
1183  00A5  33          	inc	sp
1184  00A6  CD 00 00    	call	_ay_fx_play
1185  00A9  C9          	ret
1186  00AA              	SECTION code_compiler
1187  00AA              ;	---------------------------------
1188  00AA              ; Function audio_disparo_fire
1189  00AA              ; ---------------------------------
1190  00AA              _audio_disparo_fire:
1191  00AA  21 00 00    	ld	hl,_ay_fx_06_disparo_fire
1192  00AD  E5          	push	hl
1193  00AE  3E 06       	ld	a,0x06
1194  00B0  F5          	push	af
1195  00B1  33          	inc	sp
1196  00B2  CD 00 00    	call	_ay_fx_play
1197  00B5  C9          	ret
1198  00B6              	SECTION code_compiler
1199  00B6              ;	---------------------------------
1200  00B6              ; Function audio_efecto
1201  00B6              ; ---------------------------------
1202  00B6              _audio_efecto:
1203  00B6  21 00 00    	ld	hl,_ay_fx_06_efecto
1204  00B9  E5          	push	hl
1205  00BA  3E 06       	ld	a,0x06
1206  00BC  F5          	push	af
1207  00BD  33          	inc	sp
1208  00BE  CD 00 00    	call	_ay_fx_play
1209  00C1  C9          	ret
1210  00C2              	SECTION code_compiler
1211  00C2              ;	---------------------------------
1212  00C2              ; Function audio_salto
1213  00C2              ; ---------------------------------
1214  00C2              _audio_salto:
1215  00C2  21 00 00    	ld	hl,_ay_fx_06_salto
1216  00C5  E5          	push	hl
1217  00C6  3E 06       	ld	a,0x06
1218  00C8  F5          	push	af
1219  00C9  33          	inc	sp
1220  00CA  CD 00 00    	call	_ay_fx_play
1221  00CD  C9          	ret
1222  00CE              	SECTION code_compiler
1223  00CE              ;	---------------------------------
1224  00CE              ; Function audio_golpe
1225  00CE              ; ---------------------------------
1226  00CE              _audio_golpe:
1227  00CE  21 00 00    	ld	hl,_ay_fx_06_golpe
1228  00D1  E5          	push	hl
1229  00D2  3E 06       	ld	a,0x06
1230  00D4  F5          	push	af
1231  00D5  33          	inc	sp
1232  00D6  CD 00 00    	call	_ay_fx_play
1233  00D9  C9          	ret
1234  00DA              	SECTION code_compiler
1235  00DA              ;	---------------------------------
1236  00DA              ; Function audio_coin
1237  00DA              ; ---------------------------------
1238  00DA              _audio_coin:
1239  00DA  21 00 00    	ld	hl,_ay_fx_06_coin
1240  00DD  E5          	push	hl
1241  00DE  3E 06       	ld	a,0x06
1242  00E0  F5          	push	af
1243  00E1  33          	inc	sp
1244  00E2  CD 00 00    	call	_ay_fx_play
1245  00E5  C9          	ret
1246  00E6              	SECTION code_compiler
1247  00E6              ;	---------------------------------
1248  00E6              ; Function audio_magic1
1249  00E6              ; ---------------------------------
1250  00E6              _audio_magic1:
1251  00E6  21 00 00    	ld	hl,_ay_fx_06_magic1
1252  00E9  E5          	push	hl
1253  00EA  3E 06       	ld	a,0x06
1254  00EC  F5          	push	af
1255  00ED  33          	inc	sp
1256  00EE  CD 00 00    	call	_ay_fx_play
1257  00F1  C9          	ret
1258  00F2              	SECTION code_compiler
1259  00F2              ;	---------------------------------
1260  00F2              ; Function audio_sin_mana
1261  00F2              ; ---------------------------------
1262  00F2              _audio_sin_mana:
1263  00F2  21 00 00    	ld	hl,_ay_fx_06_sin_mana
1264  00F5  E5          	push	hl
1265  00F6  3E 06       	ld	a,0x06
1266  00F8  F5          	push	af
1267  00F9  33          	inc	sp
1268  00FA  CD 00 00    	call	_ay_fx_play
1269  00FD  C9          	ret
1270  00FE              	SECTION code_compiler
1271  00FE              ;	---------------------------------
1272  00FE              ; Function audio_puerta
1273  00FE              ; ---------------------------------
1274  00FE              _audio_puerta:
1275  00FE  21 00 00    	ld	hl,_ay_fx_06_puerta
1276  0101  E5          	push	hl
1277  0102  3E 06       	ld	a,0x06
1278  0104  F5          	push	af
1279  0105  33          	inc	sp
1280  0106  CD 00 00    	call	_ay_fx_play
1281  0109  C9          	ret
1282  010A              	SECTION code_compiler
1283  010A              ;	---------------------------------
1284  010A              ; Function audio_mushroom
1285  010A              ; ---------------------------------
1286  010A              _audio_mushroom:
1287  010A  21 00 00    	ld	hl,_ay_fx_06_mushroom
1288  010D  E5          	push	hl
1289  010E  3E 06       	ld	a,0x06
1290  0110  F5          	push	af
1291  0111  33          	inc	sp
1292  0112  CD 00 00    	call	_ay_fx_play
1293  0115  C9          	ret
1294  0116              	SECTION code_compiler
1295  0116              ;	---------------------------------
1296  0116              ; Function audio_respawn
1297  0116              ; ---------------------------------
1298  0116              _audio_respawn:
1299  0116  21 00 00    	ld	hl,_ay_fx_06_respawn
1300  0119  E5          	push	hl
1301  011A  3E 06       	ld	a,0x06
1302  011C  F5          	push	af
1303  011D  33          	inc	sp
1304  011E  CD 00 00    	call	_ay_fx_play
1305  0121  C9          	ret
1306  0122              	SECTION code_compiler
1307  0122              ;	---------------------------------
1308  0122              ; Function audio_lotr_lose_a_life
1309  0122              ; ---------------------------------
1310  0122              _audio_lotr_lose_a_life:
1311  0122  CD 00 00    	call	_ay_reset
1312  0125  21 00 00    	ld	hl,_ay_song_06_lotr_lose_a_life
1313  0128  E5          	push	hl
1314  0129  21 01 06    	ld	hl,0x0601
1315  012C  E5          	push	hl
1316  012D  CD 00 00    	call	_ay_song_play
1317  0130  C9          	ret
1318  0131              	SECTION code_compiler
1319  0131              ;	---------------------------------
1320  0131              ; Function audio_level_start
1321  0131              ; ---------------------------------
1322  0131              _audio_level_start:
1323  0131  CD 00 00    	call	_ay_reset
1324  0134  21 00 00    	ld	hl,_ay_song_06_lotr_level_start
1325  0137  E5          	push	hl
1326  0138  21 01 06    	ld	hl,0x0601
1327  013B  E5          	push	hl
1328  013C  CD 00 00    	call	_ay_song_play
1329  013F  C9          	ret
1330  0140              	SECTION code_compiler
1331  0140              ;	---------------------------------
1332  0140              ; Function audio_level_complete
1333  0140              ; ---------------------------------
1334  0140              _audio_level_complete:
1335  0140  CD 00 00    	call	_ay_reset
1336  0143  21 00 00    	ld	hl,_ay_song_06_lotr_level_complete
1337  0146  E5          	push	hl
1338  0147  21 01 06    	ld	hl,0x0601
1339  014A  E5          	push	hl
1340  014B  CD 00 00    	call	_ay_song_play
1341  014E  C9          	ret
1342  014F              	SECTION code_compiler
1343  014F              ;	---------------------------------
1344  014F              ; Function audio_game_end
1345  014F              ; ---------------------------------
1346  014F              _audio_game_end:
1347  014F  CD 00 00    	call	_ay_reset
1348  0152  21 00 00    	ld	hl,_ay_song_03_sunflower
1349  0155  E5          	push	hl
1350  0156  21 01 03    	ld	hl,0x0301
1351  0159  E5          	push	hl
1352  015A  CD 00 00    	call	_ay_song_play
1353  015D  C9          	ret
1354  015E              	SECTION code_compiler
1355  015E              ;	---------------------------------
1356  015E              ; Function audio_menu
1357  015E              ; ---------------------------------
1358  015E              _audio_menu:
1359  015E  CD 00 00    	call	_ay_reset
1360  0161  21 00 00    	ld	hl,_ay_song_03_lotr
1361  0164  E5          	push	hl
1362  0165  21 00 03    	ld	hl,0x0300
1363  0168  E5          	push	hl
1364  0169  CD 00 00    	call	_ay_song_play
1365  016C  C9          	ret
1366  016D              	SECTION code_compiler
1367  016D              ;	---------------------------------
1368  016D              ; Function audio_checkpoint
1369  016D              ; ---------------------------------
1370  016D              _audio_checkpoint:
1371  016D  CD 00 00    	call	_ay_fx_stop
1372  0170  21 00 00    	ld	hl,_ay_fx_06_checkpoint
1373  0173  E5          	push	hl
1374  0174  3E 06       	ld	a,0x06
1375  0176  F5          	push	af
1376  0177  33          	inc	sp
1377  0178  CD 00 00    	call	_ay_fx_play
1378  017B  C9          	ret
1379  017C              	SECTION code_compiler
1380  017C              ;	---------------------------------
1381  017C              ; Function audio_levelup
1382  017C              ; ---------------------------------
1383  017C              _audio_levelup:
1384  017C  CD 00 00    	call	_ay_fx_stop
1385  017F  21 00 00    	ld	hl,_ay_fx_06_levelup
1386  0182  E5          	push	hl
1387  0183  3E 06       	ld	a,0x06
1388  0185  F5          	push	af
1389  0186  33          	inc	sp
1390  0187  CD 00 00    	call	_ay_fx_play
1391  018A  C9          	ret
1392  018B              	SECTION IGNORE
1393  0000              
