1     0000              MODULE globals_06_c
2     0000              
3     0000              ;--------------------------------------------------------
4     0000              ; File Created by SDCC : free open source ANSI-C Compiler
5     0000              ; Version 3.6.5 #9958 (Mac OS X i386)
6     0000              ;--------------------------------------------------------
7     0000              ; Processed by Z88DK
8     0000              ;--------------------------------------------------------
9     0000              
10    0000              	EXTERN __divschar
11    0000              	EXTERN __divschar_callee
12    0000              	EXTERN __divsint
13    0000              	EXTERN __divsint_callee
14    0000              	EXTERN __divslong
15    0000              	EXTERN __divslong_callee
16    0000              	EXTERN __divslonglong
17    0000              	EXTERN __divslonglong_callee
18    0000              	EXTERN __divsuchar
19    0000              	EXTERN __divsuchar_callee
20    0000              	EXTERN __divuchar
21    0000              	EXTERN __divuchar_callee
22    0000              	EXTERN __divuint
23    0000              	EXTERN __divuint_callee
24    0000              	EXTERN __divulong
25    0000              	EXTERN __divulong_callee
26    0000              	EXTERN __divulonglong
27    0000              	EXTERN __divulonglong_callee
28    0000              	EXTERN __divuschar
29    0000              	EXTERN __divuschar_callee
30    0000              	EXTERN __modschar
31    0000              	EXTERN __modschar_callee
32    0000              	EXTERN __modsint
33    0000              	EXTERN __modsint_callee
34    0000              	EXTERN __modslong
35    0000              	EXTERN __modslong_callee
36    0000              	EXTERN __modslonglong
37    0000              	EXTERN __modslonglong_callee
38    0000              	EXTERN __modsuchar
39    0000              	EXTERN __modsuchar_callee
40    0000              	EXTERN __moduchar
41    0000              	EXTERN __moduchar_callee
42    0000              	EXTERN __moduint
43    0000              	EXTERN __moduint_callee
44    0000              	EXTERN __modulong
45    0000              	EXTERN __modulong_callee
46    0000              	EXTERN __modulonglong
47    0000              	EXTERN __modulonglong_callee
48    0000              	EXTERN __moduschar
49    0000              	EXTERN __moduschar_callee
50    0000              	EXTERN __mulint
51    0000              	EXTERN __mulint_callee
52    0000              	EXTERN __mullong
53    0000              	EXTERN __mullong_callee
54    0000              	EXTERN __mullonglong
55    0000              	EXTERN __mullonglong_callee
56    0000              	EXTERN __mulschar
57    0000              	EXTERN __mulschar_callee
58    0000              	EXTERN __mulsuchar
59    0000              	EXTERN __mulsuchar_callee
60    0000              	EXTERN __muluschar
61    0000              	EXTERN __muluschar_callee
62    0000              	EXTERN __rlslonglong
63    0000              	EXTERN __rlslonglong_callee
64    0000              	EXTERN __rlulonglong
65    0000              	EXTERN __rlulonglong_callee
66    0000              	EXTERN __rrslonglong
67    0000              	EXTERN __rrslonglong_callee
68    0000              	EXTERN __rrulonglong
69    0000              	EXTERN __rrulonglong_callee
70    0000              	EXTERN ___sdcc_call_hl
71    0000              	EXTERN ___sdcc_call_iy
72    0000              	EXTERN ___sdcc_enter_ix
73    0000              	EXTERN _banked_call
74    0000              	EXTERN _banked_ret
75    0000              	EXTERN ___fs2schar
76    0000              	EXTERN ___fs2schar_callee
77    0000              	EXTERN ___fs2sint
78    0000              	EXTERN ___fs2sint_callee
79    0000              	EXTERN ___fs2slong
80    0000              	EXTERN ___fs2slong_callee
81    0000              	EXTERN ___fs2slonglong
82    0000              	EXTERN ___fs2slonglong_callee
83    0000              	EXTERN ___fs2uchar
84    0000              	EXTERN ___fs2uchar_callee
85    0000              	EXTERN ___fs2uint
86    0000              	EXTERN ___fs2uint_callee
87    0000              	EXTERN ___fs2ulong
88    0000              	EXTERN ___fs2ulong_callee
89    0000              	EXTERN ___fs2ulonglong
90    0000              	EXTERN ___fs2ulonglong_callee
91    0000              	EXTERN ___fsadd
92    0000              	EXTERN ___fsadd_callee
93    0000              	EXTERN ___fsdiv
94    0000              	EXTERN ___fsdiv_callee
95    0000              	EXTERN ___fseq
96    0000              	EXTERN ___fseq_callee
97    0000              	EXTERN ___fsgt
98    0000              	EXTERN ___fsgt_callee
99    0000              	EXTERN ___fslt
100   0000              	EXTERN ___fslt_callee
101   0000              	EXTERN ___fsmul
102   0000              	EXTERN ___fsmul_callee
103   0000              	EXTERN ___fsneq
104   0000              	EXTERN ___fsneq_callee
105   0000              	EXTERN ___fssub
106   0000              	EXTERN ___fssub_callee
107   0000              	EXTERN ___schar2fs
108   0000              	EXTERN ___schar2fs_callee
109   0000              	EXTERN ___sint2fs
110   0000              	EXTERN ___sint2fs_callee
111   0000              	EXTERN ___slong2fs
112   0000              	EXTERN ___slong2fs_callee
113   0000              	EXTERN ___slonglong2fs
114   0000              	EXTERN ___slonglong2fs_callee
115   0000              	EXTERN ___uchar2fs
116   0000              	EXTERN ___uchar2fs_callee
117   0000              	EXTERN ___uint2fs
118   0000              	EXTERN ___uint2fs_callee
119   0000              	EXTERN ___ulong2fs
120   0000              	EXTERN ___ulong2fs_callee
121   0000              	EXTERN ___ulonglong2fs
122   0000              	EXTERN ___ulonglong2fs_callee
123   0000              	EXTERN ____sdcc_2_copy_src_mhl_dst_deix
124   0000              	EXTERN ____sdcc_2_copy_src_mhl_dst_bcix
125   0000              	EXTERN ____sdcc_4_copy_src_mhl_dst_deix
126   0000              	EXTERN ____sdcc_4_copy_src_mhl_dst_bcix
127   0000              	EXTERN ____sdcc_4_copy_src_mhl_dst_mbc
128   0000              	EXTERN ____sdcc_4_ldi_nosave_bc
129   0000              	EXTERN ____sdcc_4_ldi_save_bc
130   0000              	EXTERN ____sdcc_4_push_hlix
131   0000              	EXTERN ____sdcc_4_push_mhl
132   0000              	EXTERN ____sdcc_lib_setmem_hl
133   0000              	EXTERN ____sdcc_ll_add_de_bc_hl
134   0000              	EXTERN ____sdcc_ll_add_de_bc_hlix
135   0000              	EXTERN ____sdcc_ll_add_de_hlix_bc
136   0000              	EXTERN ____sdcc_ll_add_de_hlix_bcix
137   0000              	EXTERN ____sdcc_ll_add_deix_bc_hl
138   0000              	EXTERN ____sdcc_ll_add_deix_hlix
139   0000              	EXTERN ____sdcc_ll_add_hlix_bc_deix
140   0000              	EXTERN ____sdcc_ll_add_hlix_deix_bc
141   0000              	EXTERN ____sdcc_ll_add_hlix_deix_bcix
142   0000              	EXTERN ____sdcc_ll_asr_hlix_a
143   0000              	EXTERN ____sdcc_ll_asr_mbc_a
144   0000              	EXTERN ____sdcc_ll_copy_src_de_dst_hlix
145   0000              	EXTERN ____sdcc_ll_copy_src_de_dst_hlsp
146   0000              	EXTERN ____sdcc_ll_copy_src_deix_dst_hl
147   0000              	EXTERN ____sdcc_ll_copy_src_deix_dst_hlix
148   0000              	EXTERN ____sdcc_ll_copy_src_deixm_dst_hlsp
149   0000              	EXTERN ____sdcc_ll_copy_src_desp_dst_hlsp
150   0000              	EXTERN ____sdcc_ll_copy_src_hl_dst_de
151   0000              	EXTERN ____sdcc_ll_copy_src_hlsp_dst_de
152   0000              	EXTERN ____sdcc_ll_copy_src_hlsp_dst_deixm
153   0000              	EXTERN ____sdcc_ll_lsl_hlix_a
154   0000              	EXTERN ____sdcc_ll_lsl_mbc_a
155   0000              	EXTERN ____sdcc_ll_lsr_hlix_a
156   0000              	EXTERN ____sdcc_ll_lsr_mbc_a
157   0000              	EXTERN ____sdcc_ll_push_hlix
158   0000              	EXTERN ____sdcc_ll_push_mhl
159   0000              	EXTERN ____sdcc_ll_sub_de_bc_hl
160   0000              	EXTERN ____sdcc_ll_sub_de_bc_hlix
161   0000              	EXTERN ____sdcc_ll_sub_de_hlix_bc
162   0000              	EXTERN ____sdcc_ll_sub_de_hlix_bcix
163   0000              	EXTERN ____sdcc_ll_sub_deix_bc_hl
164   0000              	EXTERN ____sdcc_ll_sub_deix_hlix
165   0000              	EXTERN ____sdcc_ll_sub_hlix_bc_deix
166   0000              	EXTERN ____sdcc_ll_sub_hlix_deix_bc
167   0000              	EXTERN ____sdcc_ll_sub_hlix_deix_bcix
168   0000              	EXTERN ____sdcc_load_debc_deix
169   0000              	EXTERN ____sdcc_load_dehl_deix
170   0000              	EXTERN ____sdcc_load_debc_mhl
171   0000              	EXTERN ____sdcc_load_hlde_mhl
172   0000              	EXTERN ____sdcc_store_dehl_bcix
173   0000              	EXTERN ____sdcc_store_debc_hlix
174   0000              	EXTERN ____sdcc_store_debc_mhl
175   0000              	EXTERN ____sdcc_cpu_pop_ei
176   0000              	EXTERN ____sdcc_cpu_pop_ei_jp
177   0000              	EXTERN ____sdcc_cpu_push_di
178   0000              	EXTERN ____sdcc_outi
179   0000              	EXTERN ____sdcc_outi_128
180   0000              	EXTERN ____sdcc_outi_256
181   0000              	EXTERN ____sdcc_ldi
182   0000              	EXTERN ____sdcc_ldi_128
183   0000              	EXTERN ____sdcc_ldi_256
184   0000              
185   0000              ;--------------------------------------------------------
186   0000              ; Public variables in this module
187   0000              ;--------------------------------------------------------
188   0000              	GLOBAL _world0
189   0000              	GLOBAL _lenght0
190   0000              	GLOBAL _start_scr0
191   0000              ;--------------------------------------------------------
192   0000              ; Externals used
193   0000              ;--------------------------------------------------------
194   0000              	GLOBAL _control_method
195   0000              	GLOBAL _in_mouse_kempston_wheel_delta
196   0000              	GLOBAL _in_mouse_kempston_wheel
197   0000              	GLOBAL _in_mouse_kempston_callee
198   0000              	GLOBAL _in_mouse_kempston
199   0000              	GLOBAL _in_mouse_kempston_setpos_callee
200   0000              	GLOBAL _in_mouse_kempston_setpos
201   0000              	GLOBAL _in_mouse_kempston_reset
202   0000              	GLOBAL _in_mouse_kempston_init
203   0000              	GLOBAL _in_mouse_amx_wheel_delta
204   0000              	GLOBAL _in_mouse_amx_wheel
205   0000              	GLOBAL _in_mouse_amx_callee
206   0000              	GLOBAL _in_mouse_amx
207   0000              	GLOBAL _in_mouse_amx_setpos_callee
208   0000              	GLOBAL _in_mouse_amx_setpos
209   0000              	GLOBAL _in_mouse_amx_reset
210   0000              	GLOBAL _in_mouse_amx_init_callee
211   0000              	GLOBAL _in_mouse_amx_init
212   0000              	GLOBAL _in_stick_sinclair2
213   0000              	GLOBAL _in_stick_sinclair1
214   0000              	GLOBAL _in_stick_kempston
215   0000              	GLOBAL _in_stick_fuller
216   0000              	GLOBAL _in_stick_cursor
217   0000              	GLOBAL _in_stick_keyboard_fastcall
218   0000              	GLOBAL _in_stick_keyboard
219   0000              	GLOBAL _in_wait_nokey
220   0000              	GLOBAL _in_wait_key
221   0000              	GLOBAL _in_test_key
222   0000              	GLOBAL _in_pause_fastcall
223   0000              	GLOBAL _in_pause
224   0000              	GLOBAL _in_key_scancode_fastcall
225   0000              	GLOBAL _in_key_scancode
226   0000              	GLOBAL _in_key_pressed_fastcall
227   0000              	GLOBAL _in_key_pressed
228   0000              	GLOBAL _in_inkey
229   0000              	GLOBAL _map_paper_last
230   0000              	GLOBAL _map_paper_clr
231   0000              	GLOBAL _map_paper
232   0000              	GLOBAL _draw_count
233   0000              	GLOBAL _g_player_hit_right
234   0000              	GLOBAL _g_player_hit_left
235   0000              	GLOBAL _joynames
236   0000              	GLOBAL _initials
237   0000              	GLOBAL _bullet_count
238   0000              	GLOBAL _bullet_frames
239   0000              	GLOBAL _bullet_colint
240   0000              	GLOBAL _bullet_dir
241   0000              	GLOBAL _bullet_tile
242   0000              	GLOBAL _bullet_col
243   0000              	GLOBAL _bullet_lin
244   0000              	GLOBAL _mush_class
245   0000              	GLOBAL _mush_index
246   0000              	GLOBAL _anim_count
247   0000              	GLOBAL _anim_respanwn
248   0000              	GLOBAL _anim_loop
249   0000              	GLOBAL _anim_end
250   0000              	GLOBAL _anim_int
251   0000              	GLOBAL _anim_tile
252   0000              	GLOBAL _anim_col
253   0000              	GLOBAL _anim_lin
254   0000              	GLOBAL _phase_curr
255   0000              	GLOBAL _map_heigth
256   0000              	GLOBAL _map_width
257   0000              	GLOBAL _scr_curr
258   0000              	GLOBAL _scr_obj1
259   0000              	GLOBAL _scr_obj0
260   0000              	GLOBAL _scr_map
261   0000              	GLOBAL _sprite_speed_alt
262   0000              	GLOBAL _sprite_frames
263   0000              	GLOBAL _sprite_speed
264   0000              	GLOBAL _screen_ink
265   0000              	GLOBAL _screen_paper
266   0000              	GLOBAL _player_over_stair
267   0000              	GLOBAL _game_start_scr
268   0000              	GLOBAL _game_respawning
269   0000              	GLOBAL _game_respawn_tile
270   0000              	GLOBAL _game_respawn_index
271   0000              	GLOBAL _game_menu_sel
272   0000              	GLOBAL _game_score_top
273   0000              	GLOBAL _player_lives
274   0000              	GLOBAL _game_over
275   0000              	GLOBAL _game_sound
276   0000              	GLOBAL _game_inmune
277   0000              	GLOBAL _game_god_mode
278   0000              	GLOBAL _game_two_player
279   0000              	GLOBAL _game_brick_tile
280   0000              	GLOBAL _sprite_curr_index
281   0000              	GLOBAL _spr_count
282   0000              	GLOBAL _bullet_time
283   0000              	GLOBAL _anim_time
284   0000              	GLOBAL _frame_time
285   0000              	GLOBAL _entry_time
286   0000              	GLOBAL _curr_time
287   0000              	GLOBAL _s_state
288   0000              	GLOBAL _attrib_hl
289   0000              	GLOBAL _attrib
290   0000              	GLOBAL _zx_val_asm
291   0000              	GLOBAL _enemies
292   0000              	GLOBAL _tmp_ui
293   0000              	GLOBAL _tmp_sc
294   0000              	GLOBAL _tmp_uc
295   0000              	GLOBAL _tmp1
296   0000              	GLOBAL _tmp0
297   0000              	GLOBAL _tmp
298   0000              	GLOBAL _index1
299   0000              	GLOBAL _index0
300   0000              	GLOBAL _loop_count
301   0000              	GLOBAL _s_col1
302   0000              	GLOBAL _s_col0
303   0000              	GLOBAL _s_lin1
304   0000              	GLOBAL _s_lin0
305   0000              	GLOBAL _s_tile1
306   0000              	GLOBAL _s_tile0
307   0000              	GLOBAL _player_hit_count
308   0000              	GLOBAL _sprite_horizontal_check
309   0000              	GLOBAL _sprite_on_air
310   0000              	GLOBAL _sprite
311   0000              	GLOBAL _game_gravity
312   0000              	GLOBAL _player_hit_time
313   0000              	GLOBAL _player_int
314   0000              	GLOBAL _player_dex
315   0000              	GLOBAL _player_str
316   0000              	GLOBAL _player_vita
317   0000              	GLOBAL _player_mana
318   0000              	GLOBAL _player_keys
319   0000              	GLOBAL _player_vel_inc
320   0000              	GLOBAL _player_vel_y1
321   0000              	GLOBAL _player_vel_y0
322   0000              	GLOBAL _player_vel_y
323   0000              	GLOBAL _player_vel_x
324   0000              	GLOBAL _player_joy
325   0000              	GLOBAL _player_score
326   0000              	GLOBAL _last_time
327   0000              	GLOBAL _player_slide
328   0000              	GLOBAL _spr_timer
329   0000              	GLOBAL _jump_lin
330   0000              	GLOBAL _player_hit_col
331   0000              	GLOBAL _player_hit_lin
332   0000              	GLOBAL _colint
333   0000              	GLOBAL _col
334   0000              	GLOBAL _lin
335   0000              	GLOBAL _tile
336   0000              	GLOBAL _state_a
337   0000              	GLOBAL _state
338   0000              	GLOBAL _class
339   0000              	GLOBAL _tbuffer
340   0000              	GLOBAL _dirs
341   0000              	GLOBAL _k1
342   0000              	GLOBAL _joyfunc1
343   0000              	GLOBAL _btiles
344   0000              	GLOBAL _spec128
345   0000              ;--------------------------------------------------------
346   0000              ; special function registers
347   0000              ;--------------------------------------------------------
348   0000              ;--------------------------------------------------------
349   0000              ; ram data
350   0000              ;--------------------------------------------------------
351   0000              	SECTION bss_compiler
352   0000              ;--------------------------------------------------------
353   0000              ; ram data
354   0000              ;--------------------------------------------------------
355   0000              
356   0000              IF 0
357   0000              
358   0000              ; .area _INITIALIZED removed by z88dk
359   0000              
360   0000              
361   0000              ENDIF
362   0000              
363   0000              ;--------------------------------------------------------
364   0000              ; absolute external ram data
365   0000              ;--------------------------------------------------------
366   0000              	SECTION IGNORE
367   0000              ;--------------------------------------------------------
368   0000              ; global & static initialisations
369   0000              ;--------------------------------------------------------
370   0000              	SECTION code_crt_init
371   0000              ;--------------------------------------------------------
372   0000              ; Home
373   0000              ;--------------------------------------------------------
374   0000              	SECTION IGNORE
375   0000              ;--------------------------------------------------------
376   0000              ; code
377   0000              ;--------------------------------------------------------
378   0000              	SECTION BANK_06
379   0000              _start_scr0:
380   0000  00          	DEFB +0x00	; 0
381   0001              _lenght0:
382   0001  2A          	DEFB +0x2a	; 42
383   0002  4B          	DEFB +0x4b	; 75	'K'
384   0003  50          	DEFB +0x50	; 80	'P'
385   0004  36          	DEFB +0x36	; 54	'6'
386   0005  48          	DEFB +0x48	; 72	'H'
387   0006  52          	DEFB +0x52	; 82	'R'
388   0007  47          	DEFB +0x47	; 71	'G'
389   0008  33          	DEFB +0x33	; 51	'3'
390   0009  16          	DEFB +0x16	; 22
391   000A  16          	DEFB +0x16	; 22
392   000B  16          	DEFB +0x16	; 22
393   000C  16          	DEFB +0x16	; 22
394   000D  16          	DEFB +0x16	; 22
395   000E  15          	DEFB +0x15	; 21
396   000F  14          	DEFB +0x14	; 20
397   0010  50          	DEFB +0x50	; 80	'P'
398   0011              _world0:
399   0011  C1          	DEFB +0xc1	; 193
400   0012  00          	DEFB +0x00	; 0
401   0013  83          	DEFB +0x83	; 131
402   0014  78          	DEFB +0x78	; 120	'x'
403   0015  82          	DEFB +0x82	; 130
404   0016  00          	DEFB +0x00	; 0
405   0017  46          	DEFB +0x46	; 70	'F'
406   0018  00          	DEFB +0x00	; 0
407   0019  66          	DEFB +0x66	; 102	'f'
408   001A  82          	DEFB +0x82	; 130
409   001B  00          	DEFB +0x00	; 0
410   001C  46          	DEFB +0x46	; 70	'F'
411   001D  85          	DEFB +0x85	; 133
412   001E  00          	DEFB +0x00	; 0
413   001F  83          	DEFB +0x83	; 131
414   0020  5C          	DEFB +0x5c	; 92
415   0021  82          	DEFB +0x82	; 130
416   0022  00          	DEFB +0x00	; 0
417   0023  46          	DEFB +0x46	; 70	'F'
418   0024  84          	DEFB +0x84	; 132
419   0025  3D          	DEFB +0x3d	; 61
420   0026  46          	DEFB +0x46	; 70	'F'
421   0027  8A          	DEFB +0x8a	; 138
422   0028  00          	DEFB +0x00	; 0
423   0029  46          	DEFB +0x46	; 70	'F'
424   002A  84          	DEFB +0x84	; 132
425   002B  00          	DEFB +0x00	; 0
426   002C  46          	DEFB +0x46	; 70	'F'
427   002D  8A          	DEFB +0x8a	; 138
428   002E  00          	DEFB +0x00	; 0
429   002F  46          	DEFB +0x46	; 70	'F'
430   0030  84          	DEFB +0x84	; 132
431   0031  00          	DEFB +0x00	; 0
432   0032  46          	DEFB +0x46	; 70	'F'
433   0033  84          	DEFB +0x84	; 132
434   0034  00          	DEFB +0x00	; 0
435   0035  87          	DEFB +0x87	; 135
436   0036  54          	DEFB +0x54	; 84	'T'
437   0037  84          	DEFB +0x84	; 132
438   0038  30          	DEFB +0x30	; 48	'0'
439   0039  85          	DEFB +0x85	; 133
440   003A  54          	DEFB +0x54	; 84	'T'
441   003B  8A          	DEFB +0x8a	; 138
442   003C  00          	DEFB +0x00	; 0
443   003D  78          	DEFB +0x78	; 120	'x'
444   003E  82          	DEFB +0x82	; 130
445   003F  00          	DEFB +0x00	; 0
446   0040  07          	DEFB +0x07	; 7
447   0041  08          	DEFB +0x08	; 8
448   0042  88          	DEFB +0x88	; 136
449   0043  00          	DEFB +0x00	; 0
450   0044  28          	DEFB +0x28	; 40
451   0045  82          	DEFB +0x82	; 130
452   0046  00          	DEFB +0x00	; 0
453   0047  5C          	DEFB +0x5c	; 92
454   0048  82          	DEFB +0x82	; 130
455   0049  00          	DEFB +0x00	; 0
456   004A  09          	DEFB +0x09	; 9
457   004B  0A          	DEFB +0x0a	; 10
458   004C  98          	DEFB +0x98	; 152
459   004D  00          	DEFB +0x00	; 0
460   004E  6F          	DEFB +0x6f	; 111	'o'
461   004F  82          	DEFB +0x82	; 130
462   0050  00          	DEFB +0x00	; 0
463   0051  68          	DEFB +0x68	; 104	'h'
464   0052  82          	DEFB +0x82	; 130
465   0053  00          	DEFB +0x00	; 0
466   0054  24          	DEFB +0x24	; 36
467   0055  6F          	DEFB +0x6f	; 111	'o'
468   0056  82          	DEFB +0x82	; 130
469   0057  00          	DEFB +0x00	; 0
470   0058  78          	DEFB +0x78	; 120	'x'
471   0059  82          	DEFB +0x82	; 130
472   005A  00          	DEFB +0x00	; 0
473   005B  46          	DEFB +0x46	; 70	'F'
474   005C  8B          	DEFB +0x8b	; 139
475   005D  54          	DEFB +0x54	; 84	'T'
476   005E  28          	DEFB +0x28	; 40
477   005F  5C          	DEFB +0x5c	; 92
478   0060  28          	DEFB +0x28	; 40
479   0061  00          	DEFB +0x00	; 0
480   0062  46          	DEFB +0x46	; 70	'F'
481   0063  84          	DEFB +0x84	; 132
482   0064  00          	DEFB +0x00	; 0
483   0065  6E          	DEFB +0x6e	; 110	'n'
484   0066  82          	DEFB +0x82	; 130
485   0067  00          	DEFB +0x00	; 0
486   0068  6E          	DEFB +0x6e	; 110	'n'
487   0069  87          	DEFB +0x87	; 135
488   006A  00          	DEFB +0x00	; 0
489   006B  46          	DEFB +0x46	; 70	'F'
490   006C  84          	DEFB +0x84	; 132
491   006D  00          	DEFB +0x00	; 0
492   006E  28          	DEFB +0x28	; 40
493   006F  82          	DEFB +0x82	; 130
494   0070  00          	DEFB +0x00	; 0
495   0071  28          	DEFB +0x28	; 40
496   0072  05          	DEFB +0x05	; 5
497   0073  06          	DEFB +0x06	; 6
498   0074  28          	DEFB +0x28	; 40
499   0075  8C          	DEFB +0x8c	; 140
500   0076  00          	DEFB +0x00	; 0
501   0077  01          	DEFB +0x01	; 1
502   0078  02          	DEFB +0x02	; 2
503   0079  03          	DEFB +0x03	; 3
504   007A  04          	DEFB +0x04	; 4
505   007B  87          	DEFB +0x87	; 135
506   007C  54          	DEFB +0x54	; 84	'T'
507   007D  82          	DEFB +0x82	; 130
508   007E  30          	DEFB +0x30	; 48	'0'
509   007F  54          	DEFB +0x54	; 84	'T'
510   0080  82          	DEFB +0x82	; 130
511   0081  30          	DEFB +0x30	; 48	'0'
512   0082  54          	DEFB +0x54	; 84	'T'
513   0083  82          	DEFB +0x82	; 130
514   0084  30          	DEFB +0x30	; 48	'0'
515   0085  54          	DEFB +0x54	; 84	'T'
516   0086  83          	DEFB +0x83	; 131
517   0087  00          	DEFB +0x00	; 0
518   0088  78          	DEFB +0x78	; 120	'x'
519   0089  88          	DEFB +0x88	; 136
520   008A  00          	DEFB +0x00	; 0
521   008B  07          	DEFB +0x07	; 7
522   008C  08          	DEFB +0x08	; 8
523   008D  85          	DEFB +0x85	; 133
524   008E  00          	DEFB +0x00	; 0
525   008F  5C          	DEFB +0x5c	; 92
526   0090  82          	DEFB +0x82	; 130
527   0091  00          	DEFB +0x00	; 0
528   0092  28          	DEFB +0x28	; 40
529   0093  85          	DEFB +0x85	; 133
530   0094  00          	DEFB +0x00	; 0
531   0095  09          	DEFB +0x09	; 9
532   0096  0A          	DEFB +0x0a	; 10
533   0097  93          	DEFB +0x93	; 147
534   0098  00          	DEFB +0x00	; 0
535   0099  6F          	DEFB +0x6f	; 111	'o'
536   009A  00          	DEFB +0x00	; 0
537   009B  69          	DEFB +0x69	; 105	'i'
538   009C  82          	DEFB +0x82	; 130
539   009D  00          	DEFB +0x00	; 0
540   009E  6F          	DEFB +0x6f	; 111	'o'
541   009F  89          	DEFB +0x89	; 137
542   00A0  00          	DEFB +0x00	; 0
543   00A1  89          	DEFB +0x89	; 137
544   00A2  54          	DEFB +0x54	; 84	'T'
545   00A3  46          	DEFB +0x46	; 70	'F'
546   00A4  82          	DEFB +0x82	; 130
547   00A5  00          	DEFB +0x00	; 0
548   00A6  78          	DEFB +0x78	; 120	'x'
549   00A7  86          	DEFB +0x86	; 134
550   00A8  00          	DEFB +0x00	; 0
551   00A9  6E          	DEFB +0x6e	; 110	'n'
552   00AA  82          	DEFB +0x82	; 130
553   00AB  00          	DEFB +0x00	; 0
554   00AC  6E          	DEFB +0x6e	; 110	'n'
555   00AD  82          	DEFB +0x82	; 130
556   00AE  00          	DEFB +0x00	; 0
557   00AF  46          	DEFB +0x46	; 70	'F'
558   00B0  00          	DEFB +0x00	; 0
559   00B1  28          	DEFB +0x28	; 40
560   00B2  5C          	DEFB +0x5c	; 92
561   00B3  28          	DEFB +0x28	; 40
562   00B4  82          	DEFB +0x82	; 130
563   00B5  00          	DEFB +0x00	; 0
564   00B6  28          	DEFB +0x28	; 40
565   00B7  82          	DEFB +0x82	; 130
566   00B8  00          	DEFB +0x00	; 0
567   00B9  28          	DEFB +0x28	; 40
568   00BA  82          	DEFB +0x82	; 130
569   00BB  00          	DEFB +0x00	; 0
570   00BC  28          	DEFB +0x28	; 40
571   00BD  82          	DEFB +0x82	; 130
572   00BE  00          	DEFB +0x00	; 0
573   00BF  46          	DEFB +0x46	; 70	'F'
574   00C0  82          	DEFB +0x82	; 130
575   00C1  00          	DEFB +0x00	; 0
576   00C2  05          	DEFB +0x05	; 5
577   00C3  06          	DEFB +0x06	; 6
578   00C4  8D          	DEFB +0x8d	; 141
579   00C5  00          	DEFB +0x00	; 0
580   00C6  01          	DEFB +0x01	; 1
581   00C7  02          	DEFB +0x02	; 2
582   00C8  03          	DEFB +0x03	; 3
583   00C9  04          	DEFB +0x04	; 4
584   00CA  00          	DEFB +0x00	; 0
585   00CB  54          	DEFB +0x54	; 84	'T'
586   00CC  82          	DEFB +0x82	; 130
587   00CD  30          	DEFB +0x30	; 48	'0'
588   00CE  54          	DEFB +0x54	; 84	'T'
589   00CF  82          	DEFB +0x82	; 130
590   00D0  30          	DEFB +0x30	; 48	'0'
591   00D1  54          	DEFB +0x54	; 84	'T'
592   00D2  82          	DEFB +0x82	; 130
593   00D3  30          	DEFB +0x30	; 48	'0'
594   00D4  87          	DEFB +0x87	; 135
595   00D5  54          	DEFB +0x54	; 84	'T'
596   00D6  86          	DEFB +0x86	; 134
597   00D7  00          	DEFB +0x00	; 0
598   00D8  89          	DEFB +0x89	; 137
599   00D9  54          	DEFB +0x54	; 84	'T'
600   00DA  87          	DEFB +0x87	; 135
601   00DB  00          	DEFB +0x00	; 0
602   00DC  54          	DEFB +0x54	; 84	'T'
603   00DD  87          	DEFB +0x87	; 135
604   00DE  18          	DEFB +0x18	; 24
605   00DF  54          	DEFB +0x54	; 84	'T'
606   00E0  85          	DEFB +0x85	; 133
607   00E1  00          	DEFB +0x00	; 0
608   00E2  82          	DEFB +0x82	; 130
609   00E3  28          	DEFB +0x28	; 40
610   00E4  54          	DEFB +0x54	; 84	'T'
611   00E5  87          	DEFB +0x87	; 135
612   00E6  18          	DEFB +0x18	; 24
613   00E7  54          	DEFB +0x54	; 84	'T'
614   00E8  28          	DEFB +0x28	; 40
615   00E9  86          	DEFB +0x86	; 134
616   00EA  00          	DEFB +0x00	; 0
617   00EB  54          	DEFB +0x54	; 84	'T'
618   00EC  87          	DEFB +0x87	; 135
619   00ED  18          	DEFB +0x18	; 24
620   00EE  54          	DEFB +0x54	; 84	'T'
621   00EF  88          	DEFB +0x88	; 136
622   00F0  00          	DEFB +0x00	; 0
623   00F1  87          	DEFB +0x87	; 135
624   00F2  18          	DEFB +0x18	; 24
625   00F3  54          	DEFB +0x54	; 84	'T'
626   00F4  84          	DEFB +0x84	; 132
627   00F5  00          	DEFB +0x00	; 0
628   00F6  46          	DEFB +0x46	; 70	'F'
629   00F7  88          	DEFB +0x88	; 136
630   00F8  54          	DEFB +0x54	; 84	'T'
631   00F9  46          	DEFB +0x46	; 70	'F'
632   00FA  83          	DEFB +0x83	; 131
633   00FB  54          	DEFB +0x54	; 84	'T'
634   00FC  83          	DEFB +0x83	; 131
635   00FD  00          	DEFB +0x00	; 0
636   00FE  46          	DEFB +0x46	; 70	'F'
637   00FF  54          	DEFB +0x54	; 84	'T'
638   0100  87          	DEFB +0x87	; 135
639   0101  18          	DEFB +0x18	; 24
640   0102  46          	DEFB +0x46	; 70	'F'
641   0103  83          	DEFB +0x83	; 131
642   0104  18          	DEFB +0x18	; 24
643   0105  84          	DEFB +0x84	; 132
644   0106  00          	DEFB +0x00	; 0
645   0107  54          	DEFB +0x54	; 84	'T'
646   0108  8B          	DEFB +0x8b	; 139
647   0109  18          	DEFB +0x18	; 24
648   010A  90          	DEFB +0x90	; 144
649   010B  54          	DEFB +0x54	; 84	'T'
650   010C  8A          	DEFB +0x8a	; 138
651   010D  00          	DEFB +0x00	; 0
652   010E  07          	DEFB +0x07	; 7
653   010F  08          	DEFB +0x08	; 8
654   0110  8B          	DEFB +0x8b	; 139
655   0111  00          	DEFB +0x00	; 0
656   0112  6C          	DEFB +0x6c	; 108	'l'
657   0113  82          	DEFB +0x82	; 130
658   0114  00          	DEFB +0x00	; 0
659   0115  09          	DEFB +0x09	; 9
660   0116  0A          	DEFB +0x0a	; 10
661   0117  00          	DEFB +0x00	; 0
662   0118  6C          	DEFB +0x6c	; 108	'l'
663   0119  82          	DEFB +0x82	; 130
664   011A  00          	DEFB +0x00	; 0
665   011B  28          	DEFB +0x28	; 40
666   011C  86          	DEFB +0x86	; 134
667   011D  00          	DEFB +0x00	; 0
668   011E  28          	DEFB +0x28	; 40
669   011F  82          	DEFB +0x82	; 130
670   0120  00          	DEFB +0x00	; 0
671   0121  28          	DEFB +0x28	; 40
672   0122  82          	DEFB +0x82	; 130
673   0123  00          	DEFB +0x00	; 0
674   0124  28          	DEFB +0x28	; 40
675   0125  00          	DEFB +0x00	; 0
676   0126  25          	DEFB +0x25	; 37
677   0127  8A          	DEFB +0x8a	; 138
678   0128  00          	DEFB +0x00	; 0
679   0129  6C          	DEFB +0x6c	; 108	'l'
680   012A  8A          	DEFB +0x8a	; 138
681   012B  00          	DEFB +0x00	; 0
682   012C  28          	DEFB +0x28	; 40
683   012D  00          	DEFB +0x00	; 0
684   012E  54          	DEFB +0x54	; 84	'T'
685   012F  82          	DEFB +0x82	; 130
686   0130  00          	DEFB +0x00	; 0
687   0131  54          	DEFB +0x54	; 84	'T'
688   0132  82          	DEFB +0x82	; 130
689   0133  00          	DEFB +0x00	; 0
690   0134  54          	DEFB +0x54	; 84	'T'
691   0135  82          	DEFB +0x82	; 130
692   0136  00          	DEFB +0x00	; 0
693   0137  54          	DEFB +0x54	; 84	'T'
694   0138  8F          	DEFB +0x8f	; 143
695   0139  00          	DEFB +0x00	; 0
696   013A  18          	DEFB +0x18	; 24
697   013B  84          	DEFB +0x84	; 132
698   013C  00          	DEFB +0x00	; 0
699   013D  54          	DEFB +0x54	; 84	'T'
700   013E  85          	DEFB +0x85	; 133
701   013F  00          	DEFB +0x00	; 0
702   0140  05          	DEFB +0x05	; 5
703   0141  06          	DEFB +0x06	; 6
704   0142  83          	DEFB +0x83	; 131
705   0143  00          	DEFB +0x00	; 0
706   0144  18          	DEFB +0x18	; 24
707   0145  88          	DEFB +0x88	; 136
708   0146  00          	DEFB +0x00	; 0
709   0147  6F          	DEFB +0x6f	; 111	'o'
710   0148  01          	DEFB +0x01	; 1
711   0149  02          	DEFB +0x02	; 2
712   014A  03          	DEFB +0x03	; 3
713   014B  04          	DEFB +0x04	; 4
714   014C  6F          	DEFB +0x6f	; 111	'o'
715   014D  00          	DEFB +0x00	; 0
716   014E  84          	DEFB +0x84	; 132
717   014F  54          	DEFB +0x54	; 84	'T'
718   0150  84          	DEFB +0x84	; 132
719   0151  30          	DEFB +0x30	; 48	'0'
720   0152  88          	DEFB +0x88	; 136
721   0153  54          	DEFB +0x54	; 84	'T'
722   0154  89          	DEFB +0x89	; 137
723   0155  00          	DEFB +0x00	; 0
724   0156  07          	DEFB +0x07	; 7
725   0157  08          	DEFB +0x08	; 8
726   0158  84          	DEFB +0x84	; 132
727   0159  00          	DEFB +0x00	; 0
728   015A  54          	DEFB +0x54	; 84	'T'
729   015B  89          	DEFB +0x89	; 137
730   015C  00          	DEFB +0x00	; 0
731   015D  09          	DEFB +0x09	; 9
732   015E  0A          	DEFB +0x0a	; 10
733   015F  28          	DEFB +0x28	; 40
734   0160  82          	DEFB +0x82	; 130
735   0161  00          	DEFB +0x00	; 0
736   0162  28          	DEFB +0x28	; 40
737   0163  54          	DEFB +0x54	; 84	'T'
738   0164  86          	DEFB +0x86	; 134
739   0165  00          	DEFB +0x00	; 0
740   0166  28          	DEFB +0x28	; 40
741   0167  82          	DEFB +0x82	; 130
742   0168  00          	DEFB +0x00	; 0
743   0169  28          	DEFB +0x28	; 40
744   016A  85          	DEFB +0x85	; 133
745   016B  00          	DEFB +0x00	; 0
746   016C  3D          	DEFB +0x3d	; 61
747   016D  83          	DEFB +0x83	; 131
748   016E  00          	DEFB +0x00	; 0
749   016F  28          	DEFB +0x28	; 40
750   0170  8A          	DEFB +0x8a	; 138
751   0171  00          	DEFB +0x00	; 0
752   0172  82          	DEFB +0x82	; 130
753   0173  54          	DEFB +0x54	; 84	'T'
754   0174  87          	DEFB +0x87	; 135
755   0175  00          	DEFB +0x00	; 0
756   0176  7C          	DEFB +0x7c	; 124
757   0177  5C          	DEFB +0x5c	; 92
758   0178  2D          	DEFB +0x2d	; 45
759   0179  86          	DEFB +0x86	; 134
760   017A  54          	DEFB +0x54	; 84	'T'
761   017B  82          	DEFB +0x82	; 130
762   017C  00          	DEFB +0x00	; 0
763   017D  78          	DEFB +0x78	; 120	'x'
764   017E  00          	DEFB +0x00	; 0
765   017F  5C          	DEFB +0x5c	; 92
766   0180  00          	DEFB +0x00	; 0
767   0181  54          	DEFB +0x54	; 84	'T'
768   0182  4C          	DEFB +0x4c	; 76	'L'
769   0183  82          	DEFB +0x82	; 130
770   0184  54          	DEFB +0x54	; 84	'T'
771   0185  34          	DEFB +0x34	; 52	'4'
772   0186  27          	DEFB +0x27	; 39
773   0187  84          	DEFB +0x84	; 132
774   0188  34          	DEFB +0x34	; 52	'4'
775   0189  82          	DEFB +0x82	; 130
776   018A  00          	DEFB +0x00	; 0
777   018B  4B          	DEFB +0x4b	; 75	'K'
778   018C  83          	DEFB +0x83	; 131
779   018D  54          	DEFB +0x54	; 84	'T'
780   018E  28          	DEFB +0x28	; 40
781   018F  82          	DEFB +0x82	; 130
782   0190  00          	DEFB +0x00	; 0
783   0191  62          	DEFB +0x62	; 98	'b'
784   0192  00          	DEFB +0x00	; 0
785   0193  05          	DEFB +0x05	; 5
786   0194  06          	DEFB +0x06	; 6
787   0195  86          	DEFB +0x86	; 134
788   0196  00          	DEFB +0x00	; 0
789   0197  63          	DEFB +0x63	; 99	'c'
790   0198  00          	DEFB +0x00	; 0
791   0199  63          	DEFB +0x63	; 99	'c'
792   019A  84          	DEFB +0x84	; 132
793   019B  00          	DEFB +0x00	; 0
794   019C  01          	DEFB +0x01	; 1
795   019D  02          	DEFB +0x02	; 2
796   019E  03          	DEFB +0x03	; 3
797   019F  04          	DEFB +0x04	; 4
798   01A0  82          	DEFB +0x82	; 130
799   01A1  00          	DEFB +0x00	; 0
800   01A2  8D          	DEFB +0x8d	; 141
801   01A3  54          	DEFB +0x54	; 84	'T'
802   01A4  83          	DEFB +0x83	; 131
803   01A5  2A          	DEFB +0x2a	; 42
804   01A6  82          	DEFB +0x82	; 130
805   01A7  54          	DEFB +0x54	; 84	'T'
806   01A8  86          	DEFB +0x86	; 134
807   01A9  00          	DEFB +0x00	; 0
808   01AA  07          	DEFB +0x07	; 7
809   01AB  08          	DEFB +0x08	; 8
810   01AC  86          	DEFB +0x86	; 134
811   01AD  00          	DEFB +0x00	; 0
812   01AE  82          	DEFB +0x82	; 130
813   01AF  54          	DEFB +0x54	; 84	'T'
814   01B0  28          	DEFB +0x28	; 40
815   01B1  00          	DEFB +0x00	; 0
816   01B2  28          	DEFB +0x28	; 40
817   01B3  82          	DEFB +0x82	; 130
818   01B4  00          	DEFB +0x00	; 0
819   01B5  28          	DEFB +0x28	; 40
820   01B6  09          	DEFB +0x09	; 9
821   01B7  0A          	DEFB +0x0a	; 10
822   01B8  87          	DEFB +0x87	; 135
823   01B9  00          	DEFB +0x00	; 0
824   01BA  27          	DEFB +0x27	; 39
825   01BB  87          	DEFB +0x87	; 135
826   01BC  00          	DEFB +0x00	; 0
827   01BD  28          	DEFB +0x28	; 40
828   01BE  82          	DEFB +0x82	; 130
829   01BF  00          	DEFB +0x00	; 0
830   01C0  28          	DEFB +0x28	; 40
831   01C1  83          	DEFB +0x83	; 131
832   01C2  00          	DEFB +0x00	; 0
833   01C3  85          	DEFB +0x85	; 133
834   01C4  54          	DEFB +0x54	; 84	'T'
835   01C5  8A          	DEFB +0x8a	; 138
836   01C6  00          	DEFB +0x00	; 0
837   01C7  28          	DEFB +0x28	; 40
838   01C8  89          	DEFB +0x89	; 137
839   01C9  54          	DEFB +0x54	; 84	'T'
840   01CA  2D          	DEFB +0x2d	; 45
841   01CB  00          	DEFB +0x00	; 0
842   01CC  5C          	DEFB +0x5c	; 92
843   01CD  84          	DEFB +0x84	; 132
844   01CE  00          	DEFB +0x00	; 0
845   01CF  87          	DEFB +0x87	; 135
846   01D0  34          	DEFB +0x34	; 52	'4'
847   01D1  27          	DEFB +0x27	; 39
848   01D2  34          	DEFB +0x34	; 52	'4'
849   01D3  84          	DEFB +0x84	; 132
850   01D4  54          	DEFB +0x54	; 84	'T'
851   01D5  82          	DEFB +0x82	; 130
852   01D6  00          	DEFB +0x00	; 0
853   01D7  5C          	DEFB +0x5c	; 92
854   01D8  89          	DEFB +0x89	; 137
855   01D9  00          	DEFB +0x00	; 0
856   01DA  62          	DEFB +0x62	; 98	'b'
857   01DB  05          	DEFB +0x05	; 5
858   01DC  06          	DEFB +0x06	; 6
859   01DD  28          	DEFB +0x28	; 40
860   01DE  83          	DEFB +0x83	; 131
861   01DF  54          	DEFB +0x54	; 84	'T'
862   01E0  89          	DEFB +0x89	; 137
863   01E1  00          	DEFB +0x00	; 0
864   01E2  01          	DEFB +0x01	; 1
865   01E3  02          	DEFB +0x02	; 2
866   01E4  03          	DEFB +0x03	; 3
867   01E5  04          	DEFB +0x04	; 4
868   01E6  63          	DEFB +0x63	; 99	'c'
869   01E7  00          	DEFB +0x00	; 0
870   01E8  63          	DEFB +0x63	; 99	'c'
871   01E9  85          	DEFB +0x85	; 133
872   01EA  2A          	DEFB +0x2a	; 42
873   01EB  8B          	DEFB +0x8b	; 139
874   01EC  54          	DEFB +0x54	; 84	'T'
875   01ED  87          	DEFB +0x87	; 135
876   01EE  00          	DEFB +0x00	; 0
877   01EF  07          	DEFB +0x07	; 7
878   01F0  08          	DEFB +0x08	; 8
879   01F1  85          	DEFB +0x85	; 133
880   01F2  00          	DEFB +0x00	; 0
881   01F3  34          	DEFB +0x34	; 52	'4'
882   01F4  88          	DEFB +0x88	; 136
883   01F5  00          	DEFB +0x00	; 0
884   01F6  09          	DEFB +0x09	; 9
885   01F7  0A          	DEFB +0x0a	; 10
886   01F8  85          	DEFB +0x85	; 133
887   01F9  00          	DEFB +0x00	; 0
888   01FA  62          	DEFB +0x62	; 98	'b'
889   01FB  8F          	DEFB +0x8f	; 143
890   01FC  00          	DEFB +0x00	; 0
891   01FD  28          	DEFB +0x28	; 40
892   01FE  9F          	DEFB +0x9f	; 159
893   01FF  00          	DEFB +0x00	; 0
894   0200  30          	DEFB +0x30	; 48	'0'
895   0201  00          	DEFB +0x00	; 0
896   0202  7A          	DEFB +0x7a	; 122	'z'
897   0203  8F          	DEFB +0x8f	; 143
898   0204  00          	DEFB +0x00	; 0
899   0205  4B          	DEFB +0x4b	; 75	'K'
900   0206  82          	DEFB +0x82	; 130
901   0207  00          	DEFB +0x00	; 0
902   0208  63          	DEFB +0x63	; 99	'c'
903   0209  00          	DEFB +0x00	; 0
904   020A  63          	DEFB +0x63	; 99	'c'
905   020B  00          	DEFB +0x00	; 0
906   020C  63          	DEFB +0x63	; 99	'c'
907   020D  82          	DEFB +0x82	; 130
908   020E  00          	DEFB +0x00	; 0
909   020F  05          	DEFB +0x05	; 5
910   0210  06          	DEFB +0x06	; 6
911   0211  82          	DEFB +0x82	; 130
912   0212  00          	DEFB +0x00	; 0
913   0213  62          	DEFB +0x62	; 98	'b'
914   0214  8A          	DEFB +0x8a	; 138
915   0215  00          	DEFB +0x00	; 0
916   0216  01          	DEFB +0x01	; 1
917   0217  02          	DEFB +0x02	; 2
918   0218  03          	DEFB +0x03	; 3
919   0219  04          	DEFB +0x04	; 4
920   021A  83          	DEFB +0x83	; 131
921   021B  00          	DEFB +0x00	; 0
922   021C  8E          	DEFB +0x8e	; 142
923   021D  54          	DEFB +0x54	; 84	'T'
924   021E  2A          	DEFB +0x2a	; 42
925   021F  54          	DEFB +0x54	; 84	'T'
926   0220  86          	DEFB +0x86	; 134
927   0221  00          	DEFB +0x00	; 0
928   0222  07          	DEFB +0x07	; 7
929   0223  08          	DEFB +0x08	; 8
930   0224  8E          	DEFB +0x8e	; 142
931   0225  00          	DEFB +0x00	; 0
932   0226  09          	DEFB +0x09	; 9
933   0227  0A          	DEFB +0x0a	; 10
934   0228  D1          	DEFB +0xd1	; 209
935   0229  00          	DEFB +0x00	; 0
936   022A  05          	DEFB +0x05	; 5
937   022B  06          	DEFB +0x06	; 6
938   022C  8D          	DEFB +0x8d	; 141
939   022D  00          	DEFB +0x00	; 0
940   022E  01          	DEFB +0x01	; 1
941   022F  02          	DEFB +0x02	; 2
942   0230  03          	DEFB +0x03	; 3
943   0231  04          	DEFB +0x04	; 4
944   0232  84          	DEFB +0x84	; 132
945   0233  00          	DEFB +0x00	; 0
946   0234  90          	DEFB +0x90	; 144
947   0235  54          	DEFB +0x54	; 84	'T'
948   0236  85          	DEFB +0x85	; 133
949   0237  00          	DEFB +0x00	; 0
950   0238  07          	DEFB +0x07	; 7
951   0239  08          	DEFB +0x08	; 8
952   023A  8E          	DEFB +0x8e	; 142
953   023B  00          	DEFB +0x00	; 0
954   023C  09          	DEFB +0x09	; 9
955   023D  0A          	DEFB +0x0a	; 10
956   023E  D2          	DEFB +0xd2	; 210
957   023F  00          	DEFB +0x00	; 0
958   0240  05          	DEFB +0x05	; 5
959   0241  06          	DEFB +0x06	; 6
960   0242  8D          	DEFB +0x8d	; 141
961   0243  00          	DEFB +0x00	; 0
962   0244  01          	DEFB +0x01	; 1
963   0245  02          	DEFB +0x02	; 2
964   0246  03          	DEFB +0x03	; 3
965   0247  04          	DEFB +0x04	; 4
966   0248  84          	DEFB +0x84	; 132
967   0249  00          	DEFB +0x00	; 0
968   024A  90          	DEFB +0x90	; 144
969   024B  54          	DEFB +0x54	; 84	'T'
970   024C  84          	DEFB +0x84	; 132
971   024D  00          	DEFB +0x00	; 0
972   024E  07          	DEFB +0x07	; 7
973   024F  08          	DEFB +0x08	; 8
974   0250  8E          	DEFB +0x8e	; 142
975   0251  00          	DEFB +0x00	; 0
976   0252  09          	DEFB +0x09	; 9
977   0253  0A          	DEFB +0x0a	; 10
978   0254  D2          	DEFB +0xd2	; 210
979   0255  00          	DEFB +0x00	; 0
980   0256  05          	DEFB +0x05	; 5
981   0257  06          	DEFB +0x06	; 6
982   0258  8D          	DEFB +0x8d	; 141
983   0259  00          	DEFB +0x00	; 0
984   025A  01          	DEFB +0x01	; 1
985   025B  02          	DEFB +0x02	; 2
986   025C  03          	DEFB +0x03	; 3
987   025D  04          	DEFB +0x04	; 4
988   025E  85          	DEFB +0x85	; 133
989   025F  00          	DEFB +0x00	; 0
990   0260  90          	DEFB +0x90	; 144
991   0261  54          	DEFB +0x54	; 84	'T'
992   0262  83          	DEFB +0x83	; 131
993   0263  00          	DEFB +0x00	; 0
994   0264  07          	DEFB +0x07	; 7
995   0265  08          	DEFB +0x08	; 8
996   0266  8E          	DEFB +0x8e	; 142
997   0267  00          	DEFB +0x00	; 0
998   0268  09          	DEFB +0x09	; 9
999   0269  0A          	DEFB +0x0a	; 10
1000  026A  D3          	DEFB +0xd3	; 211
1001  026B  00          	DEFB +0x00	; 0
1002  026C  05          	DEFB +0x05	; 5
1003  026D  06          	DEFB +0x06	; 6
1004  026E  8D          	DEFB +0x8d	; 141
1005  026F  00          	DEFB +0x00	; 0
1006  0270  01          	DEFB +0x01	; 1
1007  0271  02          	DEFB +0x02	; 2
1008  0272  03          	DEFB +0x03	; 3
1009  0273  04          	DEFB +0x04	; 4
1010  0274  85          	DEFB +0x85	; 133
1011  0275  00          	DEFB +0x00	; 0
1012  0276  90          	DEFB +0x90	; 144
1013  0277  54          	DEFB +0x54	; 84	'T'
1014  0278  82          	DEFB +0x82	; 130
1015  0279  00          	DEFB +0x00	; 0
1016  027A  07          	DEFB +0x07	; 7
1017  027B  08          	DEFB +0x08	; 8
1018  027C  8E          	DEFB +0x8e	; 142
1019  027D  00          	DEFB +0x00	; 0
1020  027E  09          	DEFB +0x09	; 9
1021  027F  0A          	DEFB +0x0a	; 10
1022  0280  D3          	DEFB +0xd3	; 211
1023  0281  00          	DEFB +0x00	; 0
1024  0282  05          	DEFB +0x05	; 5
1025  0283  06          	DEFB +0x06	; 6
1026  0284  8D          	DEFB +0x8d	; 141
1027  0285  00          	DEFB +0x00	; 0
1028  0286  01          	DEFB +0x01	; 1
1029  0287  02          	DEFB +0x02	; 2
1030  0288  03          	DEFB +0x03	; 3
1031  0289  04          	DEFB +0x04	; 4
1032  028A  86          	DEFB +0x86	; 134
1033  028B  00          	DEFB +0x00	; 0
1034  028C  90          	DEFB +0x90	; 144
1035  028D  54          	DEFB +0x54	; 84	'T'
1036  028E  00          	DEFB +0x00	; 0
1037  028F  07          	DEFB +0x07	; 7
1038  0290  08          	DEFB +0x08	; 8
1039  0291  8E          	DEFB +0x8e	; 142
1040  0292  00          	DEFB +0x00	; 0
1041  0293  09          	DEFB +0x09	; 9
1042  0294  0A          	DEFB +0x0a	; 10
1043  0295  D4          	DEFB +0xd4	; 212
1044  0296  00          	DEFB +0x00	; 0
1045  0297  05          	DEFB +0x05	; 5
1046  0298  06          	DEFB +0x06	; 6
1047  0299  8D          	DEFB +0x8d	; 141
1048  029A  00          	DEFB +0x00	; 0
1049  029B  01          	DEFB +0x01	; 1
1050  029C  02          	DEFB +0x02	; 2
1051  029D  03          	DEFB +0x03	; 3
1052  029E  04          	DEFB +0x04	; 4
1053  029F  86          	DEFB +0x86	; 134
1054  02A0  00          	DEFB +0x00	; 0
1055  02A1  90          	DEFB +0x90	; 144
1056  02A2  54          	DEFB +0x54	; 84	'T'
1057  02A3  07          	DEFB +0x07	; 7
1058  02A4  08          	DEFB +0x08	; 8
1059  02A5  8E          	DEFB +0x8e	; 142
1060  02A6  00          	DEFB +0x00	; 0
1061  02A7  09          	DEFB +0x09	; 9
1062  02A8  0A          	DEFB +0x0a	; 10
1063  02A9  D4          	DEFB +0xd4	; 212
1064  02AA  00          	DEFB +0x00	; 0
1065  02AB  05          	DEFB +0x05	; 5
1066  02AC  06          	DEFB +0x06	; 6
1067  02AD  8D          	DEFB +0x8d	; 141
1068  02AE  00          	DEFB +0x00	; 0
1069  02AF  01          	DEFB +0x01	; 1
1070  02B0  02          	DEFB +0x02	; 2
1071  02B1  03          	DEFB +0x03	; 3
1072  02B2  04          	DEFB +0x04	; 4
1073  02B3  87          	DEFB +0x87	; 135
1074  02B4  00          	DEFB +0x00	; 0
1075  02B5  90          	DEFB +0x90	; 144
1076  02B6  54          	DEFB +0x54	; 84	'T'
1077  02B7  88          	DEFB +0x88	; 136
1078  02B8  00          	DEFB +0x00	; 0
1079  02B9  15          	DEFB +0x15	; 21
1080  02BA  8F          	DEFB +0x8f	; 143
1081  02BB  00          	DEFB +0x00	; 0
1082  02BC  14          	DEFB +0x14	; 20
1083  02BD  83          	DEFB +0x83	; 131
1084  02BE  00          	DEFB +0x00	; 0
1085  02BF  15          	DEFB +0x15	; 21
1086  02C0  8B          	DEFB +0x8b	; 139
1087  02C1  00          	DEFB +0x00	; 0
1088  02C2  14          	DEFB +0x14	; 20
1089  02C3  83          	DEFB +0x83	; 131
1090  02C4  00          	DEFB +0x00	; 0
1091  02C5  14          	DEFB +0x14	; 20
1092  02C6  88          	DEFB +0x88	; 136
1093  02C7  00          	DEFB +0x00	; 0
1094  02C8  43          	DEFB +0x43	; 67	'C'
1095  02C9  3A          	DEFB +0x3a	; 58
1096  02CA  00          	DEFB +0x00	; 0
1097  02CB  14          	DEFB +0x14	; 20
1098  02CC  82          	DEFB +0x82	; 130
1099  02CD  00          	DEFB +0x00	; 0
1100  02CE  83          	DEFB +0x83	; 131
1101  02CF  13          	DEFB +0x13	; 19
1102  02D0  86          	DEFB +0x86	; 134
1103  02D1  00          	DEFB +0x00	; 0
1104  02D2  82          	DEFB +0x82	; 130
1105  02D3  43          	DEFB +0x43	; 67	'C'
1106  02D4  3A          	DEFB +0x3a	; 58
1107  02D5  00          	DEFB +0x00	; 0
1108  02D6  14          	DEFB +0x14	; 20
1109  02D7  82          	DEFB +0x82	; 130
1110  02D8  00          	DEFB +0x00	; 0
1111  02D9  11          	DEFB +0x11	; 17
1112  02DA  0D          	DEFB +0x0d	; 13
1113  02DB  12          	DEFB +0x12	; 18
1114  02DC  85          	DEFB +0x85	; 133
1115  02DD  00          	DEFB +0x00	; 0
1116  02DE  83          	DEFB +0x83	; 131
1117  02DF  43          	DEFB +0x43	; 67	'C'
1118  02E0  3A          	DEFB +0x3a	; 58
1119  02E1  00          	DEFB +0x00	; 0
1120  02E2  14          	DEFB +0x14	; 20
1121  02E3  00          	DEFB +0x00	; 0
1122  02E4  13          	DEFB +0x13	; 19
1123  02E5  83          	DEFB +0x83	; 131
1124  02E6  10          	DEFB +0x10	; 16
1125  02E7  13          	DEFB +0x13	; 19
1126  02E8  83          	DEFB +0x83	; 131
1127  02E9  00          	DEFB +0x00	; 0
1128  02EA  84          	DEFB +0x84	; 132
1129  02EB  43          	DEFB +0x43	; 67	'C'
1130  02EC  3A          	DEFB +0x3a	; 58
1131  02ED  00          	DEFB +0x00	; 0
1132  02EE  14          	DEFB +0x14	; 20
1133  02EF  00          	DEFB +0x00	; 0
1134  02F0  11          	DEFB +0x11	; 17
1135  02F1  0D          	DEFB +0x0d	; 13
1136  02F2  0E          	DEFB +0x0e	; 14
1137  02F3  0D          	DEFB +0x0d	; 13
1138  02F4  12          	DEFB +0x12	; 18
1139  02F5  82          	DEFB +0x82	; 130
1140  02F6  00          	DEFB +0x00	; 0
1141  02F7  85          	DEFB +0x85	; 133
1142  02F8  43          	DEFB +0x43	; 67	'C'
1143  02F9  3A          	DEFB +0x3a	; 58
1144  02FA  00          	DEFB +0x00	; 0
1145  02FB  14          	DEFB +0x14	; 20
1146  02FC  00          	DEFB +0x00	; 0
1147  02FD  11          	DEFB +0x11	; 17
1148  02FE  0D          	DEFB +0x0d	; 13
1149  02FF  0F          	DEFB +0x0f	; 15
1150  0300  0D          	DEFB +0x0d	; 13
1151  0301  12          	DEFB +0x12	; 18
1152  0302  00          	DEFB +0x00	; 0
1153  0303  48          	DEFB +0x48	; 72	'H'
1154  0304  8E          	DEFB +0x8e	; 142
1155  0305  49          	DEFB +0x49	; 73	'I'
1156  0306  4A          	DEFB +0x4a	; 74	'J'
1157  0307              	SECTION IGNORE
1158  0000              
