1     0000              MODULE globals_c
2     0000              
3     0000              ;--------------------------------------------------------
4     0000              ; File Created by SDCC : free open source ANSI-C Compiler
5     0000              ; Version 3.6.5 #9958 (Mac OS X i386)
6     0000              ;--------------------------------------------------------
7     0000              ; Processed by Z88DK
8     0000              ;--------------------------------------------------------
9     0000              
10    0000              	EXTERN __divschar
11    0000              	EXTERN __divschar_callee
12    0000              	EXTERN __divsint
13    0000              	EXTERN __divsint_callee
14    0000              	EXTERN __divslong
15    0000              	EXTERN __divslong_callee
16    0000              	EXTERN __divslonglong
17    0000              	EXTERN __divslonglong_callee
18    0000              	EXTERN __divsuchar
19    0000              	EXTERN __divsuchar_callee
20    0000              	EXTERN __divuchar
21    0000              	EXTERN __divuchar_callee
22    0000              	EXTERN __divuint
23    0000              	EXTERN __divuint_callee
24    0000              	EXTERN __divulong
25    0000              	EXTERN __divulong_callee
26    0000              	EXTERN __divulonglong
27    0000              	EXTERN __divulonglong_callee
28    0000              	EXTERN __divuschar
29    0000              	EXTERN __divuschar_callee
30    0000              	EXTERN __modschar
31    0000              	EXTERN __modschar_callee
32    0000              	EXTERN __modsint
33    0000              	EXTERN __modsint_callee
34    0000              	EXTERN __modslong
35    0000              	EXTERN __modslong_callee
36    0000              	EXTERN __modslonglong
37    0000              	EXTERN __modslonglong_callee
38    0000              	EXTERN __modsuchar
39    0000              	EXTERN __modsuchar_callee
40    0000              	EXTERN __moduchar
41    0000              	EXTERN __moduchar_callee
42    0000              	EXTERN __moduint
43    0000              	EXTERN __moduint_callee
44    0000              	EXTERN __modulong
45    0000              	EXTERN __modulong_callee
46    0000              	EXTERN __modulonglong
47    0000              	EXTERN __modulonglong_callee
48    0000              	EXTERN __moduschar
49    0000              	EXTERN __moduschar_callee
50    0000              	EXTERN __mulint
51    0000              	EXTERN __mulint_callee
52    0000              	EXTERN __mullong
53    0000              	EXTERN __mullong_callee
54    0000              	EXTERN __mullonglong
55    0000              	EXTERN __mullonglong_callee
56    0000              	EXTERN __mulschar
57    0000              	EXTERN __mulschar_callee
58    0000              	EXTERN __mulsuchar
59    0000              	EXTERN __mulsuchar_callee
60    0000              	EXTERN __muluschar
61    0000              	EXTERN __muluschar_callee
62    0000              	EXTERN __rlslonglong
63    0000              	EXTERN __rlslonglong_callee
64    0000              	EXTERN __rlulonglong
65    0000              	EXTERN __rlulonglong_callee
66    0000              	EXTERN __rrslonglong
67    0000              	EXTERN __rrslonglong_callee
68    0000              	EXTERN __rrulonglong
69    0000              	EXTERN __rrulonglong_callee
70    0000              	EXTERN ___sdcc_call_hl
71    0000              	EXTERN ___sdcc_call_iy
72    0000              	EXTERN ___sdcc_enter_ix
73    0000              	EXTERN _banked_call
74    0000              	EXTERN _banked_ret
75    0000              	EXTERN ___fs2schar
76    0000              	EXTERN ___fs2schar_callee
77    0000              	EXTERN ___fs2sint
78    0000              	EXTERN ___fs2sint_callee
79    0000              	EXTERN ___fs2slong
80    0000              	EXTERN ___fs2slong_callee
81    0000              	EXTERN ___fs2slonglong
82    0000              	EXTERN ___fs2slonglong_callee
83    0000              	EXTERN ___fs2uchar
84    0000              	EXTERN ___fs2uchar_callee
85    0000              	EXTERN ___fs2uint
86    0000              	EXTERN ___fs2uint_callee
87    0000              	EXTERN ___fs2ulong
88    0000              	EXTERN ___fs2ulong_callee
89    0000              	EXTERN ___fs2ulonglong
90    0000              	EXTERN ___fs2ulonglong_callee
91    0000              	EXTERN ___fsadd
92    0000              	EXTERN ___fsadd_callee
93    0000              	EXTERN ___fsdiv
94    0000              	EXTERN ___fsdiv_callee
95    0000              	EXTERN ___fseq
96    0000              	EXTERN ___fseq_callee
97    0000              	EXTERN ___fsgt
98    0000              	EXTERN ___fsgt_callee
99    0000              	EXTERN ___fslt
100   0000              	EXTERN ___fslt_callee
101   0000              	EXTERN ___fsmul
102   0000              	EXTERN ___fsmul_callee
103   0000              	EXTERN ___fsneq
104   0000              	EXTERN ___fsneq_callee
105   0000              	EXTERN ___fssub
106   0000              	EXTERN ___fssub_callee
107   0000              	EXTERN ___schar2fs
108   0000              	EXTERN ___schar2fs_callee
109   0000              	EXTERN ___sint2fs
110   0000              	EXTERN ___sint2fs_callee
111   0000              	EXTERN ___slong2fs
112   0000              	EXTERN ___slong2fs_callee
113   0000              	EXTERN ___slonglong2fs
114   0000              	EXTERN ___slonglong2fs_callee
115   0000              	EXTERN ___uchar2fs
116   0000              	EXTERN ___uchar2fs_callee
117   0000              	EXTERN ___uint2fs
118   0000              	EXTERN ___uint2fs_callee
119   0000              	EXTERN ___ulong2fs
120   0000              	EXTERN ___ulong2fs_callee
121   0000              	EXTERN ___ulonglong2fs
122   0000              	EXTERN ___ulonglong2fs_callee
123   0000              	EXTERN ____sdcc_2_copy_src_mhl_dst_deix
124   0000              	EXTERN ____sdcc_2_copy_src_mhl_dst_bcix
125   0000              	EXTERN ____sdcc_4_copy_src_mhl_dst_deix
126   0000              	EXTERN ____sdcc_4_copy_src_mhl_dst_bcix
127   0000              	EXTERN ____sdcc_4_copy_src_mhl_dst_mbc
128   0000              	EXTERN ____sdcc_4_ldi_nosave_bc
129   0000              	EXTERN ____sdcc_4_ldi_save_bc
130   0000              	EXTERN ____sdcc_4_push_hlix
131   0000              	EXTERN ____sdcc_4_push_mhl
132   0000              	EXTERN ____sdcc_lib_setmem_hl
133   0000              	EXTERN ____sdcc_ll_add_de_bc_hl
134   0000              	EXTERN ____sdcc_ll_add_de_bc_hlix
135   0000              	EXTERN ____sdcc_ll_add_de_hlix_bc
136   0000              	EXTERN ____sdcc_ll_add_de_hlix_bcix
137   0000              	EXTERN ____sdcc_ll_add_deix_bc_hl
138   0000              	EXTERN ____sdcc_ll_add_deix_hlix
139   0000              	EXTERN ____sdcc_ll_add_hlix_bc_deix
140   0000              	EXTERN ____sdcc_ll_add_hlix_deix_bc
141   0000              	EXTERN ____sdcc_ll_add_hlix_deix_bcix
142   0000              	EXTERN ____sdcc_ll_asr_hlix_a
143   0000              	EXTERN ____sdcc_ll_asr_mbc_a
144   0000              	EXTERN ____sdcc_ll_copy_src_de_dst_hlix
145   0000              	EXTERN ____sdcc_ll_copy_src_de_dst_hlsp
146   0000              	EXTERN ____sdcc_ll_copy_src_deix_dst_hl
147   0000              	EXTERN ____sdcc_ll_copy_src_deix_dst_hlix
148   0000              	EXTERN ____sdcc_ll_copy_src_deixm_dst_hlsp
149   0000              	EXTERN ____sdcc_ll_copy_src_desp_dst_hlsp
150   0000              	EXTERN ____sdcc_ll_copy_src_hl_dst_de
151   0000              	EXTERN ____sdcc_ll_copy_src_hlsp_dst_de
152   0000              	EXTERN ____sdcc_ll_copy_src_hlsp_dst_deixm
153   0000              	EXTERN ____sdcc_ll_lsl_hlix_a
154   0000              	EXTERN ____sdcc_ll_lsl_mbc_a
155   0000              	EXTERN ____sdcc_ll_lsr_hlix_a
156   0000              	EXTERN ____sdcc_ll_lsr_mbc_a
157   0000              	EXTERN ____sdcc_ll_push_hlix
158   0000              	EXTERN ____sdcc_ll_push_mhl
159   0000              	EXTERN ____sdcc_ll_sub_de_bc_hl
160   0000              	EXTERN ____sdcc_ll_sub_de_bc_hlix
161   0000              	EXTERN ____sdcc_ll_sub_de_hlix_bc
162   0000              	EXTERN ____sdcc_ll_sub_de_hlix_bcix
163   0000              	EXTERN ____sdcc_ll_sub_deix_bc_hl
164   0000              	EXTERN ____sdcc_ll_sub_deix_hlix
165   0000              	EXTERN ____sdcc_ll_sub_hlix_bc_deix
166   0000              	EXTERN ____sdcc_ll_sub_hlix_deix_bc
167   0000              	EXTERN ____sdcc_ll_sub_hlix_deix_bcix
168   0000              	EXTERN ____sdcc_load_debc_deix
169   0000              	EXTERN ____sdcc_load_dehl_deix
170   0000              	EXTERN ____sdcc_load_debc_mhl
171   0000              	EXTERN ____sdcc_load_hlde_mhl
172   0000              	EXTERN ____sdcc_store_dehl_bcix
173   0000              	EXTERN ____sdcc_store_debc_hlix
174   0000              	EXTERN ____sdcc_store_debc_mhl
175   0000              	EXTERN ____sdcc_cpu_pop_ei
176   0000              	EXTERN ____sdcc_cpu_pop_ei_jp
177   0000              	EXTERN ____sdcc_cpu_push_di
178   0000              	EXTERN ____sdcc_outi
179   0000              	EXTERN ____sdcc_outi_128
180   0000              	EXTERN ____sdcc_outi_256
181   0000              	EXTERN ____sdcc_ldi
182   0000              	EXTERN ____sdcc_ldi_128
183   0000              	EXTERN ____sdcc_ldi_256
184   0000              
185   0000              ;--------------------------------------------------------
186   0000              ; Public variables in this module
187   0000              ;--------------------------------------------------------
188   0000              	GLOBAL _control_method
189   0000              	GLOBAL _sprite_frames
190   0000              	GLOBAL _sprite_speed
191   0000              	GLOBAL _scr_7
192   0000              	GLOBAL _scr_6
193   0000              	GLOBAL _scr_5
194   0000              	GLOBAL _scr_4
195   0000              	GLOBAL _scr_3
196   0000              	GLOBAL _scr_2
197   0000              	GLOBAL _scr_1
198   0000              	GLOBAL _scr_0
199   0000              	GLOBAL _joynames
200   0000              	GLOBAL _sprite_speed_alt
201   0000              	GLOBAL _map_heigth
202   0000              	GLOBAL _map_width
203   0000              	GLOBAL _scr_curr
204   0000              	GLOBAL _scr_map
205   0000              	GLOBAL _screen_ink
206   0000              	GLOBAL _screen_paper
207   0000              	GLOBAL _phase_angry
208   0000              	GLOBAL _phase_curr
209   0000              	GLOBAL _phase_end
210   0000              	GLOBAL _phase_coins
211   0000              	GLOBAL _phase_pop
212   0000              	GLOBAL _phase_tot
213   0000              	GLOBAL _game_score_top
214   0000              	GLOBAL _game_menu_sel
215   0000              	GLOBAL _game_type
216   0000              	GLOBAL _game_over
217   0000              	GLOBAL _game_sound
218   0000              	GLOBAL _game_inmune
219   0000              	GLOBAL _game_god_mode
220   0000              	GLOBAL _game_start_phase
221   0000              	GLOBAL _game_two_player
222   0000              	GLOBAL _game_brick_tile
223   0000              	GLOBAL _anim_end
224   0000              	GLOBAL _anim_int
225   0000              	GLOBAL _anim_tile
226   0000              	GLOBAL _anim_col
227   0000              	GLOBAL _anim_lin
228   0000              	GLOBAL _sprite_curr_index
229   0000              	GLOBAL _spr_count
230   0000              	GLOBAL _anim_time
231   0000              	GLOBAL _frame_time
232   0000              	GLOBAL _entry_time
233   0000              	GLOBAL _curr_time
234   0000              	GLOBAL _g_player_hit_right
235   0000              	GLOBAL _g_player_hit_left
236   0000              	GLOBAL _s_state
237   0000              	GLOBAL _attrib_hl
238   0000              	GLOBAL _attrib
239   0000              	GLOBAL _zx_val_asm
240   0000              	GLOBAL _enemies
241   0000              	GLOBAL _tmp_ui
242   0000              	GLOBAL _tmp_sc
243   0000              	GLOBAL _tmp_uc
244   0000              	GLOBAL _tmp1
245   0000              	GLOBAL _tmp0
246   0000              	GLOBAL _tmp
247   0000              	GLOBAL _index1
248   0000              	GLOBAL _loop_count
249   0000              	GLOBAL _sprite_lin_inc_mul
250   0000              	GLOBAL _s_col1
251   0000              	GLOBAL _s_col0
252   0000              	GLOBAL _s_lin1
253   0000              	GLOBAL _s_lin0
254   0000              	GLOBAL _s_tile1
255   0000              	GLOBAL _s_tile0
256   0000              	GLOBAL _player_hit_count
257   0000              	GLOBAL _sprite
258   0000              	GLOBAL _game_gravity
259   0000              	GLOBAL _player_vel_y0
260   0000              	GLOBAL _player_vel_y
261   0000              	GLOBAL _player_vel_x
262   0000              	GLOBAL _player_over_stair
263   0000              	GLOBAL _player_lives
264   0000              	GLOBAL _player_joy
265   0000              	GLOBAL _player_score
266   0000              	GLOBAL _player_slide
267   0000              	GLOBAL _player_hit_col
268   0000              	GLOBAL _player_hit_lin
269   0000              	GLOBAL _jump_lin
270   0000              	GLOBAL _last_time
271   0000              	GLOBAL _spr_timer
272   0000              	GLOBAL _colint
273   0000              	GLOBAL _col
274   0000              	GLOBAL _lin
275   0000              	GLOBAL _tile
276   0000              	GLOBAL _state_a
277   0000              	GLOBAL _state
278   0000              	GLOBAL _class
279   0000              	GLOBAL _tbuffer
280   0000              	GLOBAL _dirs
281   0000              	GLOBAL _k1
282   0000              	GLOBAL _joyfunc1
283   0000              	GLOBAL _spec128
284   0000              ;--------------------------------------------------------
285   0000              ; Externals used
286   0000              ;--------------------------------------------------------
287   0000              	GLOBAL _test_func
288   0000              	GLOBAL _test_proc
289   0000              	GLOBAL _in_mouse_kempston_wheel_delta
290   0000              	GLOBAL _in_mouse_kempston_wheel
291   0000              	GLOBAL _in_mouse_kempston_callee
292   0000              	GLOBAL _in_mouse_kempston
293   0000              	GLOBAL _in_mouse_kempston_setpos_callee
294   0000              	GLOBAL _in_mouse_kempston_setpos
295   0000              	GLOBAL _in_mouse_kempston_reset
296   0000              	GLOBAL _in_mouse_kempston_init
297   0000              	GLOBAL _in_mouse_amx_wheel_delta
298   0000              	GLOBAL _in_mouse_amx_wheel
299   0000              	GLOBAL _in_mouse_amx_callee
300   0000              	GLOBAL _in_mouse_amx
301   0000              	GLOBAL _in_mouse_amx_setpos_callee
302   0000              	GLOBAL _in_mouse_amx_setpos
303   0000              	GLOBAL _in_mouse_amx_reset
304   0000              	GLOBAL _in_mouse_amx_init_callee
305   0000              	GLOBAL _in_mouse_amx_init
306   0000              	GLOBAL _in_stick_sinclair2
307   0000              	GLOBAL _in_stick_sinclair1
308   0000              	GLOBAL _in_stick_kempston
309   0000              	GLOBAL _in_stick_fuller
310   0000              	GLOBAL _in_stick_cursor
311   0000              	GLOBAL _in_stick_keyboard_fastcall
312   0000              	GLOBAL _in_stick_keyboard
313   0000              	GLOBAL _in_wait_nokey
314   0000              	GLOBAL _in_wait_key
315   0000              	GLOBAL _in_test_key
316   0000              	GLOBAL _in_pause_fastcall
317   0000              	GLOBAL _in_pause
318   0000              	GLOBAL _in_key_scancode_fastcall
319   0000              	GLOBAL _in_key_scancode
320   0000              	GLOBAL _in_key_pressed_fastcall
321   0000              	GLOBAL _in_key_pressed
322   0000              	GLOBAL _in_inkey
323   0000              	GLOBAL _initials
324   0000              	GLOBAL _btiles
325   0000              ;--------------------------------------------------------
326   0000              ; special function registers
327   0000              ;--------------------------------------------------------
328   0000              ;--------------------------------------------------------
329   0000              ; ram data
330   0000              ;--------------------------------------------------------
331   0000              	SECTION bss_compiler
332   0000              _spec128:
333   0000  00          	DEFS 1
334   0001              _joyfunc1:
335   0001  00 00       	DEFS 2
336   0003              _k1:
337   0003  00 00 00 00 00 00 00 00 00 00 
                        	DEFS 10
338   000D              _dirs:
339   000D  00          	DEFS 1
340   000E              _tbuffer:
341   000E  00 00 00 00 00 00 00 
                        	DEFS 7
342   0015              _class:
343   0015  00 00 00 00 00 00 00 00 
                        	DEFS 8
344   001D              _state:
345   001D  00 00 00 00 00 00 00 00 
                        	DEFS 8
346   0025              _state_a:
347   0025  00 00 00 00 00 00 00 00 
                        	DEFS 8
348   002D              _tile:
349   002D  00 00 00 00 00 00 00 00 
                        	DEFS 8
350   0035              _lin:
351   0035  00 00 00 00 00 00 00 00 
                        	DEFS 8
352   003D              _col:
353   003D  00 00 00 00 00 00 00 00 
                        	DEFS 8
354   0045              _colint:
355   0045  00 00 00 00 00 00 00 00 
                        	DEFS 8
356   004D              _spr_timer:
357   004D  00 00 00 00 00 00 00 00 00 00 00 00 00 00 00 00 
                        	DEFS 16
358   005D              _last_time:
359   005D  00 00 00 00 00 00 00 00 00 00 00 00 00 00 00 00 
                        	DEFS 16
360   006D              _jump_lin:
361   006D  00 00 00 00 00 00 00 00 
                        	DEFS 8
362   0075              _player_hit_lin:
363   0075  00          	DEFS 1
364   0076              _player_hit_col:
365   0076  00          	DEFS 1
366   0077              _player_slide:
367   0077  00          	DEFS 1
368   0078              _player_score:
369   0078  00 00       	DEFS 2
370   007A              _player_joy:
371   007A  00 00       	DEFS 2
372   007C              _player_lives:
373   007C  00          	DEFS 1
374   007D              _player_over_stair:
375   007D  00          	DEFS 1
376   007E              _player_vel_x:
377   007E  00          	DEFS 1
378   007F              _player_vel_y:
379   007F  00 00       	DEFS 2
380   0081              _player_vel_y0:
381   0081  00 00       	DEFS 2
382   0083              _game_gravity:
383   0083  00 00       	DEFS 2
384   0085              _sprite:
385   0085  00          	DEFS 1
386   0086              _player_hit_count:
387   0086  00          	DEFS 1
388   0087              _s_tile0:
389   0087  00          	DEFS 1
390   0088              _s_tile1:
391   0088  00          	DEFS 1
392   0089              _s_lin0:
393   0089  00          	DEFS 1
394   008A              _s_lin1:
395   008A  00          	DEFS 1
396   008B              _s_col0:
397   008B  00          	DEFS 1
398   008C              _s_col1:
399   008C  00          	DEFS 1
400   008D              _sprite_lin_inc_mul:
401   008D  00          	DEFS 1
402   008E              _loop_count:
403   008E  00 00       	DEFS 2
404   0090              _index1:
405   0090  00 00       	DEFS 2
406   0092              _tmp:
407   0092  00          	DEFS 1
408   0093              _tmp0:
409   0093  00          	DEFS 1
410   0094              _tmp1:
411   0094  00          	DEFS 1
412   0095              _tmp_uc:
413   0095  00          	DEFS 1
414   0096              _tmp_sc:
415   0096  00          	DEFS 1
416   0097              _tmp_ui:
417   0097  00 00       	DEFS 2
418   0099              _enemies:
419   0099  00          	DEFS 1
420   009A              _zx_val_asm:
421   009A  00          	DEFS 1
422   009B              _attrib:
423   009B  00 00 00 00 	DEFS 4
424   009F              _attrib_hl:
425   009F  00 00 00 00 	DEFS 4
426   00A3              _s_state:
427   00A3  00          	DEFS 1
428   00A4              _g_player_hit_left:
429   00A4  00          	DEFS 1
430   00A5              _g_player_hit_right:
431   00A5  00          	DEFS 1
432   00A6              _curr_time:
433   00A6  00 00       	DEFS 2
434   00A8              _entry_time:
435   00A8  00 00       	DEFS 2
436   00AA              _frame_time:
437   00AA  00 00       	DEFS 2
438   00AC              _anim_time:
439   00AC  00 00       	DEFS 2
440   00AE              _spr_count:
441   00AE  00          	DEFS 1
442   00AF              _sprite_curr_index:
443   00AF  00          	DEFS 1
444   00B0              _anim_lin:
445   00B0  00 00 00 00 00 00 00 00 
                        	DEFS 8
446   00B8              _anim_col:
447   00B8  00 00 00 00 00 00 00 00 
                        	DEFS 8
448   00C0              _anim_tile:
449   00C0  00 00 00 00 00 00 00 00 
                        	DEFS 8
450   00C8              _anim_int:
451   00C8  00 00 00 00 00 00 00 00 
                        	DEFS 8
452   00D0              _anim_end:
453   00D0  00 00 00 00 00 00 00 00 
                        	DEFS 8
454   00D8              _game_brick_tile:
455   00D8  00          	DEFS 1
456   00D9              _game_two_player:
457   00D9  00          	DEFS 1
458   00DA              _game_start_phase:
459   00DA  00          	DEFS 1
460   00DB              _game_god_mode:
461   00DB  00          	DEFS 1
462   00DC              _game_inmune:
463   00DC  00          	DEFS 1
464   00DD              _game_sound:
465   00DD  00          	DEFS 1
466   00DE              _game_over:
467   00DE  00          	DEFS 1
468   00DF              _game_type:
469   00DF  00          	DEFS 1
470   00E0              _game_menu_sel:
471   00E0  00          	DEFS 1
472   00E1              _game_score_top:
473   00E1  00 00       	DEFS 2
474   00E3              _phase_tot:
475   00E3  00          	DEFS 1
476   00E4              _phase_pop:
477   00E4  00          	DEFS 1
478   00E5              _phase_coins:
479   00E5  00          	DEFS 1
480   00E6              _phase_end:
481   00E6  00          	DEFS 1
482   00E7              _phase_curr:
483   00E7  00          	DEFS 1
484   00E8              _phase_angry:
485   00E8  00          	DEFS 1
486   00E9              _screen_paper:
487   00E9  00          	DEFS 1
488   00EA              _screen_ink:
489   00EA  00          	DEFS 1
490   00EB              _scr_map:
491   00EB  00 00 00 00 00 00 00 00 00 00 00 00 00 00 00 00 00 00 00 00 00 00 00 00 00 00 00 00 00 00 00 00 
      010B  00 00 00 00 00 00 00 00 00 00 00 00 00 00 00 00 00 00 00 00 00 00 00 00 00 00 00 00 00 00 00 00 
      012B  00 00 00 00 00 00 00 00 00 00 00 00 00 00 00 00 00 00 00 00 00 00 00 00 00 00 00 00 00 00 00 00 
      014B  00 00 00 00 00 00 00 00 00 00 00 00 00 00 00 00 00 00 00 00 00 00 00 00 00 00 00 00 00 00 00 00 
      016B  00 00 00 00 00 00 00 00 00 00 00 00 00 00 00 00 00 00 00 00 00 00 00 00 00 00 00 00 00 00 00 00 
                        	DEFS 160
492   018B              _scr_curr:
493   018B  00          	DEFS 1
494   018C              _map_width:
495   018C  00          	DEFS 1
496   018D              _map_heigth:
497   018D  00          	DEFS 1
498   018E              _sprite_speed_alt:
499   018E  00 00 00 00 00 00 00 00 
                        	DEFS 8
500   0196              ;--------------------------------------------------------
501   0196              ; ram data
502   0196              ;--------------------------------------------------------
503   0196              
504   0196              IF 0
505   0196              
506   0196              ; .area _INITIALIZED removed by z88dk
507   0196              
508   0196              _joynames:
509   0196              	DEFS 14
510   0196              _scr_0:
511   0196              	DEFS 93
512   0196              _scr_1:
513   0196              	DEFS 60
514   0196              _scr_2:
515   0196              	DEFS 65
516   0196              _scr_3:
517   0196              	DEFS 58
518   0196              _scr_4:
519   0196              	DEFS 89
520   0196              _scr_5:
521   0196              	DEFS 65
522   0196              _scr_6:
523   0196              	DEFS 42
524   0196              _scr_7:
525   0196              	DEFS 86
526   0196              _sprite_speed:
527   0196              	DEFS 17
528   0196              _sprite_frames:
529   0196              	DEFS 17
530   0196              
531   0196              ENDIF
532   0196              
533   0196              ;--------------------------------------------------------
534   0196              ; absolute external ram data
535   0196              ;--------------------------------------------------------
536   0196              	SECTION IGNORE
537   0000              ;--------------------------------------------------------
538   0000              ; global & static initialisations
539   0000              ;--------------------------------------------------------
540   0000              	SECTION code_crt_init
541   0000              ;--------------------------------------------------------
542   0000              ; Home
543   0000              ;--------------------------------------------------------
544   0000              	SECTION IGNORE
545   0000              ;--------------------------------------------------------
546   0000              ; code
547   0000              ;--------------------------------------------------------
548   0000              	SECTION rodata_compiler
549   0000              _control_method:
550   0000  00 00       	DEFW _in_stick_sinclair1
551   0002  00 00       	DEFW _in_stick_sinclair2
552   0004  00 00       	DEFW _in_stick_keyboard
553   0006  00 00       	DEFW _in_stick_keyboard
554   0008  00 00       	DEFW _in_stick_kempston
555   000A  00 00       	DEFW _in_stick_cursor
556   000C  00 00       	DEFW _in_stick_fuller
557   000E              	SECTION rodata_compiler
558   000E              ___str_0:
559   000E  53 4A 31    	DEFM "SJ1"
560   0011  00          	DEFB 0x00
561   0012              	SECTION rodata_compiler
562   0012              ___str_1:
563   0012  53 4A 32    	DEFM "SJ2"
564   0015  00          	DEFB 0x00
565   0016              	SECTION rodata_compiler
566   0016              ___str_2:
567   0016  4B 42 31    	DEFM "KB1"
568   0019  00          	DEFB 0x00
569   001A              	SECTION rodata_compiler
570   001A              ___str_3:
571   001A  4B 42 32    	DEFM "KB2"
572   001D  00          	DEFB 0x00
573   001E              	SECTION rodata_compiler
574   001E              ___str_4:
575   001E  4B 45 4D    	DEFM "KEM"
576   0021  00          	DEFB 0x00
577   0022              	SECTION rodata_compiler
578   0022              ___str_5:
579   0022  43 55 52    	DEFM "CUR"
580   0025  00          	DEFB 0x00
581   0026              	SECTION rodata_compiler
582   0026              ___str_6:
583   0026  46 55 4C    	DEFM "FUL"
584   0029  00          	DEFB 0x00
585   002A              	SECTION data_compiler
586   0000              _joynames:
587   0000  0E 00       	DEFW ___str_0
588   0002  12 00       	DEFW ___str_1
589   0004  16 00       	DEFW ___str_2
590   0006  1A 00       	DEFW ___str_3
591   0008  1E 00       	DEFW ___str_4
592   000A  22 00       	DEFW ___str_5
593   000C  26 00       	DEFW ___str_6
594   000E              _scr_0:
595   000E  87          	DEFB +0x87	; 135
596   000F  00          	DEFB +0x00	; 0
597   0010  5A          	DEFB +0x5a	; 90	'Z'
598   0011  46          	DEFB +0x46	; 70	'F'
599   0012  84          	DEFB +0x84	; 132
600   0013  00          	DEFB +0x00	; 0
601   0014  07          	DEFB +0x07	; 7
602   0015  08          	DEFB +0x08	; 8
603   0016  84          	DEFB +0x84	; 132
604   0017  00          	DEFB +0x00	; 0
605   0018  82          	DEFB +0x82	; 130
606   0019  3A          	DEFB +0x3a	; 58
607   001A  84          	DEFB +0x84	; 132
608   001B  46          	DEFB +0x46	; 70	'F'
609   001C  84          	DEFB +0x84	; 132
610   001D  00          	DEFB +0x00	; 0
611   001E  09          	DEFB +0x09	; 9
612   001F  0A          	DEFB +0x0a	; 10
613   0020  84          	DEFB +0x84	; 132
614   0021  00          	DEFB +0x00	; 0
615   0022  82          	DEFB +0x82	; 130
616   0023  3A          	DEFB +0x3a	; 58
617   0024  84          	DEFB +0x84	; 132
618   0025  00          	DEFB +0x00	; 0
619   0026  83          	DEFB +0x83	; 131
620   0027  46          	DEFB +0x46	; 70	'F'
621   0028  87          	DEFB +0x87	; 135
622   0029  00          	DEFB +0x00	; 0
623   002A  82          	DEFB +0x82	; 130
624   002B  3A          	DEFB +0x3a	; 58
625   002C  00          	DEFB +0x00	; 0
626   002D  20          	DEFB +0x20	; 32
627   002E  85          	DEFB +0x85	; 133
628   002F  00          	DEFB +0x00	; 0
629   0030  20          	DEFB +0x20	; 32
630   0031  83          	DEFB +0x83	; 131
631   0032  00          	DEFB +0x00	; 0
632   0033  82          	DEFB +0x82	; 130
633   0034  46          	DEFB +0x46	; 70	'F'
634   0035  00          	DEFB +0x00	; 0
635   0036  82          	DEFB +0x82	; 130
636   0037  3A          	DEFB +0x3a	; 58
637   0038  00          	DEFB +0x00	; 0
638   0039  46          	DEFB +0x46	; 70	'F'
639   003A  5C          	DEFB +0x5c	; 92
640   003B  84          	DEFB +0x84	; 132
641   003C  00          	DEFB +0x00	; 0
642   003D  46          	DEFB +0x46	; 70	'F'
643   003E  00          	DEFB +0x00	; 0
644   003F  0B          	DEFB +0x0b	; 11
645   0040  0C          	DEFB +0x0c	; 12
646   0041  83          	DEFB +0x83	; 131
647   0042  00          	DEFB +0x00	; 0
648   0043  82          	DEFB +0x82	; 130
649   0044  3A          	DEFB +0x3a	; 58
650   0045  00          	DEFB +0x00	; 0
651   0046  88          	DEFB +0x88	; 136
652   0047  46          	DEFB +0x46	; 70	'F'
653   0048  38          	DEFB +0x38	; 56	'8'
654   0049  46          	DEFB +0x46	; 70	'F'
655   004A  83          	DEFB +0x83	; 131
656   004B  00          	DEFB +0x00	; 0
657   004C  82          	DEFB +0x82	; 130
658   004D  3A          	DEFB +0x3a	; 58
659   004E  85          	DEFB +0x85	; 133
660   004F  00          	DEFB +0x00	; 0
661   0050  05          	DEFB +0x05	; 5
662   0051  06          	DEFB +0x06	; 6
663   0052  82          	DEFB +0x82	; 130
664   0053  00          	DEFB +0x00	; 0
665   0054  38          	DEFB +0x38	; 56	'8'
666   0055  84          	DEFB +0x84	; 132
667   0056  00          	DEFB +0x00	; 0
668   0057  82          	DEFB +0x82	; 130
669   0058  3A          	DEFB +0x3a	; 58
670   0059  84          	DEFB +0x84	; 132
671   005A  00          	DEFB +0x00	; 0
672   005B  01          	DEFB +0x01	; 1
673   005C  02          	DEFB +0x02	; 2
674   005D  03          	DEFB +0x03	; 3
675   005E  04          	DEFB +0x04	; 4
676   005F  00          	DEFB +0x00	; 0
677   0060  38          	DEFB +0x38	; 56	'8'
678   0061  00          	DEFB +0x00	; 0
679   0062  48          	DEFB +0x48	; 72	'H'
680   0063  85          	DEFB +0x85	; 133
681   0064  49          	DEFB +0x49	; 73	'I'
682   0065  4A          	DEFB +0x4a	; 74	'J'
683   0066  2A          	DEFB +0x2a	; 42
684   0067  48          	DEFB +0x48	; 72	'H'
685   0068  86          	DEFB +0x86	; 134
686   0069  49          	DEFB +0x49	; 73	'I'
687   006A  4A          	DEFB +0x4a	; 74	'J'
688   006B              _scr_1:
689   006B  8D          	DEFB +0x8d	; 141
690   006C  00          	DEFB +0x00	; 0
691   006D  07          	DEFB +0x07	; 7
692   006E  08          	DEFB +0x08	; 8
693   006F  8E          	DEFB +0x8e	; 142
694   0070  00          	DEFB +0x00	; 0
695   0071  09          	DEFB +0x09	; 9
696   0072  0A          	DEFB +0x0a	; 10
697   0073  9E          	DEFB +0x9e	; 158
698   0074  00          	DEFB +0x00	; 0
699   0075  54          	DEFB +0x54	; 84	'T'
700   0076  86          	DEFB +0x86	; 134
701   0077  00          	DEFB +0x00	; 0
702   0078  57          	DEFB +0x57	; 87	'W'
703   0079  00          	DEFB +0x00	; 0
704   007A  0B          	DEFB +0x0b	; 11
705   007B  0C          	DEFB +0x0c	; 12
706   007C  84          	DEFB +0x84	; 132
707   007D  00          	DEFB +0x00	; 0
708   007E  82          	DEFB +0x82	; 130
709   007F  46          	DEFB +0x46	; 70	'F'
710   0080  3A          	DEFB +0x3a	; 58
711   0081  8B          	DEFB +0x8b	; 139
712   0082  46          	DEFB +0x46	; 70	'F'
713   0083  84          	DEFB +0x84	; 132
714   0084  00          	DEFB +0x00	; 0
715   0085  3A          	DEFB +0x3a	; 58
716   0086  83          	DEFB +0x83	; 131
717   0087  00          	DEFB +0x00	; 0
718   0088  44          	DEFB +0x44	; 68	'D'
719   0089  00          	DEFB +0x00	; 0
720   008A  20          	DEFB +0x20	; 32
721   008B  2C          	DEFB +0x2c	; 44
722   008C  82          	DEFB +0x82	; 130
723   008D  00          	DEFB +0x00	; 0
724   008E  2C          	DEFB +0x2c	; 44
725   008F  00          	DEFB +0x00	; 0
726   0090  05          	DEFB +0x05	; 5
727   0091  06          	DEFB +0x06	; 6
728   0092  82          	DEFB +0x82	; 130
729   0093  00          	DEFB +0x00	; 0
730   0094  3A          	DEFB +0x3a	; 58
731   0095  85          	DEFB +0x85	; 133
732   0096  00          	DEFB +0x00	; 0
733   0097  44          	DEFB +0x44	; 68	'D'
734   0098  84          	DEFB +0x84	; 132
735   0099  00          	DEFB +0x00	; 0
736   009A  01          	DEFB +0x01	; 1
737   009B  02          	DEFB +0x02	; 2
738   009C  03          	DEFB +0x03	; 3
739   009D  04          	DEFB +0x04	; 4
740   009E  00          	DEFB +0x00	; 0
741   009F  3A          	DEFB +0x3a	; 58
742   00A0  00          	DEFB +0x00	; 0
743   00A1  86          	DEFB +0x86	; 134
744   00A2  46          	DEFB +0x46	; 70	'F'
745   00A3  82          	DEFB +0x82	; 130
746   00A4  2A          	DEFB +0x2a	; 42
747   00A5  88          	DEFB +0x88	; 136
748   00A6  46          	DEFB +0x46	; 70	'F'
749   00A7              _scr_2:
750   00A7  84          	DEFB +0x84	; 132
751   00A8  00          	DEFB +0x00	; 0
752   00A9  83          	DEFB +0x83	; 131
753   00AA  20          	DEFB +0x20	; 32
754   00AB  86          	DEFB +0x86	; 134
755   00AC  00          	DEFB +0x00	; 0
756   00AD  07          	DEFB +0x07	; 7
757   00AE  08          	DEFB +0x08	; 8
758   00AF  85          	DEFB +0x85	; 133
759   00B0  00          	DEFB +0x00	; 0
760   00B1  83          	DEFB +0x83	; 131
761   00B2  20          	DEFB +0x20	; 32
762   00B3  84          	DEFB +0x84	; 132
763   00B4  00          	DEFB +0x00	; 0
764   00B5  20          	DEFB +0x20	; 32
765   00B6  00          	DEFB +0x00	; 0
766   00B7  09          	DEFB +0x09	; 9
767   00B8  0A          	DEFB +0x0a	; 10
768   00B9  85          	DEFB +0x85	; 133
769   00BA  00          	DEFB +0x00	; 0
770   00BB  83          	DEFB +0x83	; 131
771   00BC  20          	DEFB +0x20	; 32
772   00BD  84          	DEFB +0x84	; 132
773   00BE  00          	DEFB +0x00	; 0
774   00BF  46          	DEFB +0x46	; 70	'F'
775   00C0  8E          	DEFB +0x8e	; 142
776   00C1  00          	DEFB +0x00	; 0
777   00C2  83          	DEFB +0x83	; 131
778   00C3  20          	DEFB +0x20	; 32
779   00C4  8D          	DEFB +0x8d	; 141
780   00C5  00          	DEFB +0x00	; 0
781   00C6  83          	DEFB +0x83	; 131
782   00C7  46          	DEFB +0x46	; 70	'F'
783   00C8  83          	DEFB +0x83	; 131
784   00C9  00          	DEFB +0x00	; 0
785   00CA  83          	DEFB +0x83	; 131
786   00CB  46          	DEFB +0x46	; 70	'F'
787   00CC  38          	DEFB +0x38	; 56	'8'
788   00CD  82          	DEFB +0x82	; 130
789   00CE  46          	DEFB +0x46	; 70	'F'
790   00CF  8D          	DEFB +0x8d	; 141
791   00D0  00          	DEFB +0x00	; 0
792   00D1  38          	DEFB +0x38	; 56	'8'
793   00D2  86          	DEFB +0x86	; 134
794   00D3  00          	DEFB +0x00	; 0
795   00D4  05          	DEFB +0x05	; 5
796   00D5  06          	DEFB +0x06	; 6
797   00D6  85          	DEFB +0x85	; 133
798   00D7  00          	DEFB +0x00	; 0
799   00D8  0B          	DEFB +0x0b	; 11
800   00D9  0C          	DEFB +0x0c	; 12
801   00DA  38          	DEFB +0x38	; 56	'8'
802   00DB  85          	DEFB +0x85	; 133
803   00DC  00          	DEFB +0x00	; 0
804   00DD  01          	DEFB +0x01	; 1
805   00DE  02          	DEFB +0x02	; 2
806   00DF  03          	DEFB +0x03	; 3
807   00E0  04          	DEFB +0x04	; 4
808   00E1  00          	DEFB +0x00	; 0
809   00E2  58          	DEFB +0x58	; 88	'X'
810   00E3  00          	DEFB +0x00	; 0
811   00E4  48          	DEFB +0x48	; 72	'H'
812   00E5  8E          	DEFB +0x8e	; 142
813   00E6  49          	DEFB +0x49	; 73	'I'
814   00E7  4A          	DEFB +0x4a	; 74	'J'
815   00E8              _scr_3:
816   00E8  82          	DEFB +0x82	; 130
817   00E9  00          	DEFB +0x00	; 0
818   00EA  07          	DEFB +0x07	; 7
819   00EB  08          	DEFB +0x08	; 8
820   00EC  83          	DEFB +0x83	; 131
821   00ED  00          	DEFB +0x00	; 0
822   00EE  89          	DEFB +0x89	; 137
823   00EF  47          	DEFB +0x47	; 71	'G'
824   00F0  82          	DEFB +0x82	; 130
825   00F1  00          	DEFB +0x00	; 0
826   00F2  09          	DEFB +0x09	; 9
827   00F3  0A          	DEFB +0x0a	; 10
828   00F4  83          	DEFB +0x83	; 131
829   00F5  00          	DEFB +0x00	; 0
830   00F6  85          	DEFB +0x85	; 133
831   00F7  47          	DEFB +0x47	; 71	'G'
832   00F8  00          	DEFB +0x00	; 0
833   00F9  82          	DEFB +0x82	; 130
834   00FA  20          	DEFB +0x20	; 32
835   00FB  88          	DEFB +0x88	; 136
836   00FC  00          	DEFB +0x00	; 0
837   00FD  85          	DEFB +0x85	; 133
838   00FE  47          	DEFB +0x47	; 71	'G'
839   00FF  9A          	DEFB +0x9a	; 154
840   0100  00          	DEFB +0x00	; 0
841   0101  39          	DEFB +0x39	; 57	'9'
842   0102  86          	DEFB +0x86	; 134
843   0103  47          	DEFB +0x47	; 71	'G'
844   0104  82          	DEFB +0x82	; 130
845   0105  2A          	DEFB +0x2a	; 42
846   0106  47          	DEFB +0x47	; 71	'G'
847   0107  86          	DEFB +0x86	; 134
848   0108  00          	DEFB +0x00	; 0
849   0109  39          	DEFB +0x39	; 57	'9'
850   010A  89          	DEFB +0x89	; 137
851   010B  47          	DEFB +0x47	; 71	'G'
852   010C  86          	DEFB +0x86	; 134
853   010D  00          	DEFB +0x00	; 0
854   010E  39          	DEFB +0x39	; 57	'9'
855   010F  89          	DEFB +0x89	; 137
856   0110  47          	DEFB +0x47	; 71	'G'
857   0111  00          	DEFB +0x00	; 0
858   0112  82          	DEFB +0x82	; 130
859   0113  20          	DEFB +0x20	; 32
860   0114  84          	DEFB +0x84	; 132
861   0115  00          	DEFB +0x00	; 0
862   0116  89          	DEFB +0x89	; 137
863   0117  47          	DEFB +0x47	; 71	'G'
864   0118  48          	DEFB +0x48	; 72	'H'
865   0119  83          	DEFB +0x83	; 131
866   011A  49          	DEFB +0x49	; 73	'I'
867   011B  4A          	DEFB +0x4a	; 74	'J'
868   011C  82          	DEFB +0x82	; 130
869   011D  2A          	DEFB +0x2a	; 42
870   011E  48          	DEFB +0x48	; 72	'H'
871   011F  87          	DEFB +0x87	; 135
872   0120  49          	DEFB +0x49	; 73	'I'
873   0121  4A          	DEFB +0x4a	; 74	'J'
874   0122              _scr_4:
875   0122  8A          	DEFB +0x8a	; 138
876   0123  47          	DEFB +0x47	; 71	'G'
877   0124  83          	DEFB +0x83	; 131
878   0125  00          	DEFB +0x00	; 0
879   0126  07          	DEFB +0x07	; 7
880   0127  08          	DEFB +0x08	; 8
881   0128  83          	DEFB +0x83	; 131
882   0129  00          	DEFB +0x00	; 0
883   012A  20          	DEFB +0x20	; 32
884   012B  00          	DEFB +0x00	; 0
885   012C  47          	DEFB +0x47	; 71	'G'
886   012D  82          	DEFB +0x82	; 130
887   012E  00          	DEFB +0x00	; 0
888   012F  20          	DEFB +0x20	; 32
889   0130  00          	DEFB +0x00	; 0
890   0131  47          	DEFB +0x47	; 71	'G'
891   0132  83          	DEFB +0x83	; 131
892   0133  00          	DEFB +0x00	; 0
893   0134  09          	DEFB +0x09	; 9
894   0135  0A          	DEFB +0x0a	; 10
895   0136  85          	DEFB +0x85	; 133
896   0137  00          	DEFB +0x00	; 0
897   0138  3B          	DEFB +0x3b	; 59
898   0139  84          	DEFB +0x84	; 132
899   013A  00          	DEFB +0x00	; 0
900   013B  47          	DEFB +0x47	; 71	'G'
901   013C  8A          	DEFB +0x8a	; 138
902   013D  00          	DEFB +0x00	; 0
903   013E  3B          	DEFB +0x3b	; 59
904   013F  8B          	DEFB +0x8b	; 139
905   0140  00          	DEFB +0x00	; 0
906   0141  47          	DEFB +0x47	; 71	'G'
907   0142  82          	DEFB +0x82	; 130
908   0143  2A          	DEFB +0x2a	; 42
909   0144  47          	DEFB +0x47	; 71	'G'
910   0145  3B          	DEFB +0x3b	; 59
911   0146  47          	DEFB +0x47	; 71	'G'
912   0147  82          	DEFB +0x82	; 130
913   0148  2A          	DEFB +0x2a	; 42
914   0149  86          	DEFB +0x86	; 134
915   014A  47          	DEFB +0x47	; 71	'G'
916   014B  39          	DEFB +0x39	; 57	'9'
917   014C  00          	DEFB +0x00	; 0
918   014D  84          	DEFB +0x84	; 132
919   014E  47          	DEFB +0x47	; 71	'G'
920   014F  3B          	DEFB +0x3b	; 59
921   0150  85          	DEFB +0x85	; 133
922   0151  47          	DEFB +0x47	; 71	'G'
923   0152  83          	DEFB +0x83	; 131
924   0153  00          	DEFB +0x00	; 0
925   0154  47          	DEFB +0x47	; 71	'G'
926   0155  39          	DEFB +0x39	; 57	'9'
927   0156  00          	DEFB +0x00	; 0
928   0157  47          	DEFB +0x47	; 71	'G'
929   0158  00          	DEFB +0x00	; 0
930   0159  82          	DEFB +0x82	; 130
931   015A  20          	DEFB +0x20	; 32
932   015B  3B          	DEFB +0x3b	; 59
933   015C  82          	DEFB +0x82	; 130
934   015D  20          	DEFB +0x20	; 32
935   015E  82          	DEFB +0x82	; 130
936   015F  00          	DEFB +0x00	; 0
937   0160  47          	DEFB +0x47	; 71	'G'
938   0161  05          	DEFB +0x05	; 5
939   0162  06          	DEFB +0x06	; 6
940   0163  00          	DEFB +0x00	; 0
941   0164  47          	DEFB +0x47	; 71	'G'
942   0165  39          	DEFB +0x39	; 57	'9'
943   0166  00          	DEFB +0x00	; 0
944   0167  47          	DEFB +0x47	; 71	'G'
945   0168  00          	DEFB +0x00	; 0
946   0169  82          	DEFB +0x82	; 130
947   016A  20          	DEFB +0x20	; 32
948   016B  3B          	DEFB +0x3b	; 59
949   016C  82          	DEFB +0x82	; 130
950   016D  20          	DEFB +0x20	; 32
951   016E  82          	DEFB +0x82	; 130
952   016F  00          	DEFB +0x00	; 0
953   0170  01          	DEFB +0x01	; 1
954   0171  02          	DEFB +0x02	; 2
955   0172  03          	DEFB +0x03	; 3
956   0173  04          	DEFB +0x04	; 4
957   0174  00          	DEFB +0x00	; 0
958   0175  39          	DEFB +0x39	; 57	'9'
959   0176  00          	DEFB +0x00	; 0
960   0177  48          	DEFB +0x48	; 72	'H'
961   0178  8E          	DEFB +0x8e	; 142
962   0179  49          	DEFB +0x49	; 73	'I'
963   017A  4A          	DEFB +0x4a	; 74	'J'
964   017B              _scr_5:
965   017B  00          	DEFB +0x00	; 0
966   017C  07          	DEFB +0x07	; 7
967   017D  08          	DEFB +0x08	; 8
968   017E  8E          	DEFB +0x8e	; 142
969   017F  00          	DEFB +0x00	; 0
970   0180  09          	DEFB +0x09	; 9
971   0181  0A          	DEFB +0x0a	; 10
972   0182  A7          	DEFB +0xa7	; 167
973   0183  00          	DEFB +0x00	; 0
974   0184  20          	DEFB +0x20	; 32
975   0185  00          	DEFB +0x00	; 0
976   0186  20          	DEFB +0x20	; 32
977   0187  58          	DEFB +0x58	; 88	'X'
978   0188  20          	DEFB +0x20	; 32
979   0189  85          	DEFB +0x85	; 133
980   018A  00          	DEFB +0x00	; 0
981   018B  20          	DEFB +0x20	; 32
982   018C  00          	DEFB +0x00	; 0
983   018D  20          	DEFB +0x20	; 32
984   018E  58          	DEFB +0x58	; 88	'X'
985   018F  20          	DEFB +0x20	; 32
986   0190  00          	DEFB +0x00	; 0
987   0191  35          	DEFB +0x35	; 53	'5'
988   0192  83          	DEFB +0x83	; 131
989   0193  36          	DEFB +0x36	; 54	'6'
990   0194  37          	DEFB +0x37	; 55	'7'
991   0195  00          	DEFB +0x00	; 0
992   0196  20          	DEFB +0x20	; 32
993   0197  00          	DEFB +0x00	; 0
994   0198  20          	DEFB +0x20	; 32
995   0199  00          	DEFB +0x00	; 0
996   019A  35          	DEFB +0x35	; 53	'5'
997   019B  83          	DEFB +0x83	; 131
998   019C  36          	DEFB +0x36	; 54	'6'
999   019D  37          	DEFB +0x37	; 55	'7'
1000  019E  83          	DEFB +0x83	; 131
1001  019F  00          	DEFB +0x00	; 0
1002  01A0  17          	DEFB +0x17	; 23
1003  01A1  83          	DEFB +0x83	; 131
1004  01A2  00          	DEFB +0x00	; 0
1005  01A3  35          	DEFB +0x35	; 53	'5'
1006  01A4  36          	DEFB +0x36	; 54	'6'
1007  01A5  37          	DEFB +0x37	; 55	'7'
1008  01A6  83          	DEFB +0x83	; 131
1009  01A7  00          	DEFB +0x00	; 0
1010  01A8  17          	DEFB +0x17	; 23
1011  01A9  85          	DEFB +0x85	; 133
1012  01AA  00          	DEFB +0x00	; 0
1013  01AB  16          	DEFB +0x16	; 22
1014  01AC  84          	DEFB +0x84	; 132
1015  01AD  00          	DEFB +0x00	; 0
1016  01AE  17          	DEFB +0x17	; 23
1017  01AF  84          	DEFB +0x84	; 132
1018  01B0  00          	DEFB +0x00	; 0
1019  01B1  16          	DEFB +0x16	; 22
1020  01B2  85          	DEFB +0x85	; 133
1021  01B3  00          	DEFB +0x00	; 0
1022  01B4  16          	DEFB +0x16	; 22
1023  01B5  82          	DEFB +0x82	; 130
1024  01B6  00          	DEFB +0x00	; 0
1025  01B7  58          	DEFB +0x58	; 88	'X'
1026  01B8  48          	DEFB +0x48	; 72	'H'
1027  01B9  8E          	DEFB +0x8e	; 142
1028  01BA  49          	DEFB +0x49	; 73	'I'
1029  01BB  4A          	DEFB +0x4a	; 74	'J'
1030  01BC              _scr_6:
1031  01BC  86          	DEFB +0x86	; 134
1032  01BD  00          	DEFB +0x00	; 0
1033  01BE  20          	DEFB +0x20	; 32
1034  01BF  2A          	DEFB +0x2a	; 42
1035  01C0  82          	DEFB +0x82	; 130
1036  01C1  00          	DEFB +0x00	; 0
1037  01C2  20          	DEFB +0x20	; 32
1038  01C3  2A          	DEFB +0x2a	; 42
1039  01C4  82          	DEFB +0x82	; 130
1040  01C5  00          	DEFB +0x00	; 0
1041  01C6  20          	DEFB +0x20	; 32
1042  01C7  92          	DEFB +0x92	; 146
1043  01C8  00          	DEFB +0x00	; 0
1044  01C9  8E          	DEFB +0x8e	; 142
1045  01CA  30          	DEFB +0x30	; 48	'0'
1046  01CB  86          	DEFB +0x86	; 134
1047  01CC  00          	DEFB +0x00	; 0
1048  01CD  57          	DEFB +0x57	; 87	'W'
1049  01CE  88          	DEFB +0x88	; 136
1050  01CF  00          	DEFB +0x00	; 0
1051  01D0  20          	DEFB +0x20	; 32
1052  01D1  82          	DEFB +0x82	; 130
1053  01D2  00          	DEFB +0x00	; 0
1054  01D3  82          	DEFB +0x82	; 130
1055  01D4  30          	DEFB +0x30	; 48	'0'
1056  01D5  00          	DEFB +0x00	; 0
1057  01D6  89          	DEFB +0x89	; 137
1058  01D7  30          	DEFB +0x30	; 48	'0'
1059  01D8  00          	DEFB +0x00	; 0
1060  01D9  30          	DEFB +0x30	; 48	'0'
1061  01DA  92          	DEFB +0x92	; 146
1062  01DB  00          	DEFB +0x00	; 0
1063  01DC  8A          	DEFB +0x8a	; 138
1064  01DD  30          	DEFB +0x30	; 48	'0'
1065  01DE  82          	DEFB +0x82	; 130
1066  01DF  00          	DEFB +0x00	; 0
1067  01E0  82          	DEFB +0x82	; 130
1068  01E1  30          	DEFB +0x30	; 48	'0'
1069  01E2  91          	DEFB +0x91	; 145
1070  01E3  00          	DEFB +0x00	; 0
1071  01E4  90          	DEFB +0x90	; 144
1072  01E5  46          	DEFB +0x46	; 70	'F'
1073  01E6              _scr_7:
1074  01E6  88          	DEFB +0x88	; 136
1075  01E7  00          	DEFB +0x00	; 0
1076  01E8  15          	DEFB +0x15	; 21
1077  01E9  84          	DEFB +0x84	; 132
1078  01EA  00          	DEFB +0x00	; 0
1079  01EB  07          	DEFB +0x07	; 7
1080  01EC  08          	DEFB +0x08	; 8
1081  01ED  89          	DEFB +0x89	; 137
1082  01EE  00          	DEFB +0x00	; 0
1083  01EF  14          	DEFB +0x14	; 20
1084  01F0  83          	DEFB +0x83	; 131
1085  01F1  00          	DEFB +0x00	; 0
1086  01F2  15          	DEFB +0x15	; 21
1087  01F3  09          	DEFB +0x09	; 9
1088  01F4  0A          	DEFB +0x0a	; 10
1089  01F5  89          	DEFB +0x89	; 137
1090  01F6  00          	DEFB +0x00	; 0
1091  01F7  14          	DEFB +0x14	; 20
1092  01F8  83          	DEFB +0x83	; 131
1093  01F9  00          	DEFB +0x00	; 0
1094  01FA  14          	DEFB +0x14	; 20
1095  01FB  88          	DEFB +0x88	; 136
1096  01FC  00          	DEFB +0x00	; 0
1097  01FD  43          	DEFB +0x43	; 67	'C'
1098  01FE  3A          	DEFB +0x3a	; 58
1099  01FF  00          	DEFB +0x00	; 0
1100  0200  14          	DEFB +0x14	; 20
1101  0201  82          	DEFB +0x82	; 130
1102  0202  00          	DEFB +0x00	; 0
1103  0203  83          	DEFB +0x83	; 131
1104  0204  13          	DEFB +0x13	; 19
1105  0205  86          	DEFB +0x86	; 134
1106  0206  00          	DEFB +0x00	; 0
1107  0207  82          	DEFB +0x82	; 130
1108  0208  43          	DEFB +0x43	; 67	'C'
1109  0209  3A          	DEFB +0x3a	; 58
1110  020A  00          	DEFB +0x00	; 0
1111  020B  14          	DEFB +0x14	; 20
1112  020C  82          	DEFB +0x82	; 130
1113  020D  00          	DEFB +0x00	; 0
1114  020E  11          	DEFB +0x11	; 17
1115  020F  0D          	DEFB +0x0d	; 13
1116  0210  12          	DEFB +0x12	; 18
1117  0211  85          	DEFB +0x85	; 133
1118  0212  00          	DEFB +0x00	; 0
1119  0213  83          	DEFB +0x83	; 131
1120  0214  43          	DEFB +0x43	; 67	'C'
1121  0215  3A          	DEFB +0x3a	; 58
1122  0216  00          	DEFB +0x00	; 0
1123  0217  14          	DEFB +0x14	; 20
1124  0218  00          	DEFB +0x00	; 0
1125  0219  13          	DEFB +0x13	; 19
1126  021A  83          	DEFB +0x83	; 131
1127  021B  10          	DEFB +0x10	; 16
1128  021C  13          	DEFB +0x13	; 19
1129  021D  83          	DEFB +0x83	; 131
1130  021E  00          	DEFB +0x00	; 0
1131  021F  84          	DEFB +0x84	; 132
1132  0220  43          	DEFB +0x43	; 67	'C'
1133  0221  3A          	DEFB +0x3a	; 58
1134  0222  00          	DEFB +0x00	; 0
1135  0223  14          	DEFB +0x14	; 20
1136  0224  00          	DEFB +0x00	; 0
1137  0225  11          	DEFB +0x11	; 17
1138  0226  0D          	DEFB +0x0d	; 13
1139  0227  0E          	DEFB +0x0e	; 14
1140  0228  0D          	DEFB +0x0d	; 13
1141  0229  12          	DEFB +0x12	; 18
1142  022A  82          	DEFB +0x82	; 130
1143  022B  00          	DEFB +0x00	; 0
1144  022C  85          	DEFB +0x85	; 133
1145  022D  43          	DEFB +0x43	; 67	'C'
1146  022E  3A          	DEFB +0x3a	; 58
1147  022F  00          	DEFB +0x00	; 0
1148  0230  14          	DEFB +0x14	; 20
1149  0231  00          	DEFB +0x00	; 0
1150  0232  11          	DEFB +0x11	; 17
1151  0233  0D          	DEFB +0x0d	; 13
1152  0234  0F          	DEFB +0x0f	; 15
1153  0235  0D          	DEFB +0x0d	; 13
1154  0236  12          	DEFB +0x12	; 18
1155  0237  00          	DEFB +0x00	; 0
1156  0238  48          	DEFB +0x48	; 72	'H'
1157  0239  8E          	DEFB +0x8e	; 142
1158  023A  49          	DEFB +0x49	; 73	'I'
1159  023B  4A          	DEFB +0x4a	; 74	'J'
1160  023C              _sprite_speed:
1161  023C  00          	DEFB +0x00	; 0
1162  023D  04          	DEFB +0x04	; 4
1163  023E  03          	DEFB +0x03	; 3
1164  023F  01          	DEFB +0x01	; 1
1165  0240  04          	DEFB +0x04	; 4
1166  0241  06          	DEFB +0x06	; 6
1167  0242  01          	DEFB +0x01	; 1
1168  0243  04          	DEFB +0x04	; 4
1169  0244  03          	DEFB +0x03	; 3
1170  0245  03          	DEFB +0x03	; 3
1171  0246  02          	DEFB +0x02	; 2
1172  0247  01          	DEFB +0x01	; 1
1173  0248  03          	DEFB +0x03	; 3
1174  0249  00          	DEFB +0x00	; 0
1175  024A  00          	DEFB +0x00	; 0
1176  024B  00          	DEFB +0x00	; 0
1177  024C  02          	DEFB +0x02	; 2
1178  024D              _sprite_frames:
1179  024D  00          	DEFB +0x00	; 0
1180  024E  04          	DEFB +0x04	; 4
1181  024F  04          	DEFB +0x04	; 4
1182  0250  02          	DEFB +0x02	; 2
1183  0251  04          	DEFB +0x04	; 4
1184  0252  04          	DEFB +0x04	; 4
1185  0253  00          	DEFB +0x00	; 0
1186  0254  00          	DEFB +0x00	; 0
1187  0255  00          	DEFB +0x00	; 0
1188  0256  00          	DEFB +0x00	; 0
1189  0257  00          	DEFB +0x00	; 0
1190  0258  00          	DEFB +0x00	; 0
1191  0259  00          	DEFB +0x00	; 0
1192  025A  00          	DEFB +0x00	; 0
1193  025B  00          	DEFB +0x00	; 0
1194  025C  00          	DEFB +0x00	; 0
1195  025D  04          	DEFB +0x04	; 4
1196  025E              	SECTION IGNORE
1197  0000              
